
            /|      /|                        \   
           / |     / | ________________________\  
          /  |    /  |  _   _             _   _   
         /   |   /   | / \ / \ |\     /| / \ / \  
        /    |  /    | \_/ \_  | \   / | \_/ |_/  
       /     | /     | /     \ |  \ /  | /   | \  
    \_/      |/      | \_/ \_/ |   V   | \_/ |  \ 

     Mesmer: Master Equation Solver for Multi-Energy well Reactions
     Mesmer v2.0 compiled: -- Feb  7 2013 -- 17:59:04

     Copyright (C) 2009-2013 by
     Struan H. Robertson, David R. Glowacki, Chi-Hsiu Liang,
     Chris Morley, Michael J. Pilling and contributors

     Mesmer is free software: you can redistribute it and/or modify
     it under the terms of the GNU Public License as published by
     the Free Software Foundation, either version 2 of the License,
     or (at your option) any later version.

     But WITHOUT ANY WARRANTY; without even the implied warranty of
     MERCHANTABILITY or FITNESS FOR A PARTICULAR PURPOSE.  See the
     GNU Public License for more details.

    You should have received a copy of the GNU Public License
    along with Mesmer.  If not, see <http://www.gnu.org/licenses/>.


Parsing input xml file...
OH_acetylene_association_test.xml

The default value of me:calcMethod was used.
In R1: Parsing reaction...
In OH: The default value of me:frequenciesScaleFactor was used.
In acetylene: The default value of me:frequenciesScaleFactor was used.
In OH_acetylene_adduct: The default value of me:frequenciesScaleFactor was used.
In OH_acetylene_adduct: The default value of me:DistributionCalcMethod was used.
In OH_acetylene_adduct: The default value of me:energyTransferModel was used.
In OH_acetylene_adduct: The default value of me:deltaEDownTExponent was used.
In R1: The default value of me:TInfinity was used.
In R1: No tunneling method requested for R1
In R1: No crossing method requested for R1
In R1: Not a unimolecular reaction: look for excess reactant concentration.
In R2: Parsing reaction...
In TS_1a: The default value of me:frequenciesScaleFactor was used.
In R2: No imaginary vibrational frequency. Check if there is tunneling.
No tunneling method requested for R2
In R2: No crossing method requested for R2
All molecules are on the same energy basis: arbitary
The default value of me:precision was used.
1000Torr, 298K at double precision
Write metadata 20130208_171634

File: "OH_acetylene_association_test.xml" successfully parsed.
Main Calculation begins
In FastLaplaceConvolution: 20 values in the FFT convolution routine were replaced by standard convolution
Association ILT calculation completed
In timeEvolution: No population was assigned. Initialize the first source term to 1.0.
Finish Calculation of P-T case
 -- Total time elapsed: 1 seconds.

System saved to out.xml
