
            /|      /|                        \   
           / |     / | ________________________\  
          /  |    /  |  _   _             _   _   
         /   |   /   | / \ / \ |\     /| / \ / \  
        /    |  /    | \_/ \_  | \   / | \_/ |_/  
       /     | /     | /     \ |  \ /  | /   | \  
    \_/      |/      | \_/ \_/ |   V   | \_/ |  \ 

     Mesmer: Master Equation Solver for Multi-Energy well Reactions
     Mesmer v7.2 compiled: -- Aug  7 2025 -- 21:02:56

     Copyright (C) 2009-2025 by
     Struan H. Robertson, Chris Morley, Chi-Hsiu Liang,
     David R. Glowacki, Michael J. Pilling and contributors

     Mesmer is free software: you can redistribute it and/or modify
     it under the terms of the GNU Public License as published by
     the Free Software Foundation, either version 2 of the License,
     or (at your option) any later version.

     But WITHOUT ANY WARRANTY; without even the implied warranty of
     MERCHANTABILITY or FITNESS FOR A PARTICULAR PURPOSE.  See the
     GNU Public License for more details.

    You should have received a copy of the GNU Public License
    along with Mesmer.  If not, see <http://www.gnu.org/licenses/>.

                     Platform:        Linux
                     Execution Date:  Thu Aug  7 22:55:56 2025
                     Number of ranks: 12

defaults.xml, librarymols.xml are in ../..

Parsing input xml file...
Chebyshev.xml

--Parse data for analyticalRepresentation
Energy convention "" written to <moleculeList>
In R1: Parsing reaction...Association reaction
In CH3OCH2: WARNING: When calculating frequencies from a Hessian it is critical
     that the Hessian and species coordinates are expressed relative to
     the same Cartesian coordinate system.
In CH3OCH2: Vibrational frequencies (cm-1) were calculated from Hessian:
  169.672 287.888 439.421 568.322 1021.55 1155.2 1192.08 1282.47 1343.7 1471.44 
  1500.2 1508.72 1523.12 3088.04 3165.17 3197.22 3233.15 3356.85 
In CH3OCH2: The default value of me:DOSCMethod was used.
In CH3OCH2: Hindered rotor b5
In CH3OCH2: Hindered rotor b4
In CH3OCH2: WARNING: The Fourier expansion for the internal rotor potential for bond b4 of 
In CH3OCH2: species CH3OCH2, differs at the minimum from the value entered by more than 20 cm-1.
In CH3OCH2: More terms in the Fourier expansion may be needed.
In IM1: WARNING: When calculating frequencies from a Hessian it is critical
     that the Hessian and species coordinates are expressed relative to
     the same Cartesian coordinate system.
In IM1: Vibrational frequencies (cm-1) were calculated from Hessian:
  91.8598 128.883 187.165 391.187 483.297 594.928 938.428 1012.93 1151.6 1194.73 
  1218.54 1282.75 1305.74 1357.96 1435.01 1483.25 1499.22 1510.87 1516.91 3096.22 
  3126.84 3182.05 3236.78 3239.2 
In IM1: Hindered rotor b5
In IM1: Hindered rotor b4
In IM1: Hindered rotor b8
In IM1: The default value of me:DistributionCalcMethod was used.
In IM1: --Parse data for Boltzmann
In IM1: --Parse data for ExponentialDown
In R1: --Parse data for MesmerILT
In R1: No units specified for pre-exponetial factor.
In R1: No units specified for pre-exponetial factor.
In R1: No tunneling method used for R1
In R2: Parsing reaction...Isomerization reaction
In IM2: WARNING: When calculating frequencies from a Hessian it is critical
     that the Hessian and species coordinates are expressed relative to
     the same Cartesian coordinate system.
In IM2: Vibrational frequencies (cm-1) were calculated from Hessian:
  108.18 163.087 250.225 340.045 406.842 467.08 628.242 646.487 972.437 1023.15 
  1130.32 1157.25 1251.69 1298.98 1363.23 1436 1468.44 1480.03 1513.69 3124.8 
  3200.84 3231.89 3360.58 3889.55 
In IM2: Hindered rotor b1
In IM2: Hindered rotor b2
In IM2: Hindered rotor b3
In IM2: Hindered rotor b4
In IM2: The default value of me:DistributionCalcMethod was used.
In IM2: --Parse data for Boltzmann
In IM2: --Parse data for ExponentialDown
In R2: --Parse data for RRKM
In R2: --Parse data for Eckart
In R3: Parsing reaction...Irreversible unimolecular reaction
In CH2O: Could not find CH2O in ../../librarymols.xml
In TS5: WARNING: When calculating frequencies from a Hessian it is critical
     that the Hessian and species coordinates are expressed relative to
     the same Cartesian coordinate system.
In TS5: Vibrational frequencies (cm-1) were calculated from Hessian:
  78.8008 155.797 210.383 316.503 401.876 532.348 560.927 656.949 928.231 952.154 
  977.833 1200.77 1243.63 1249.83 1361.65 1485.15 1520.63 1587.51 3088.36 3195.55 
  3209.98 3361.1 3759.25 
In TS5: The default value of me:DOSCMethod was used.
In TS5: Hindered rotor b1
In TS5: Hindered rotor b2
In TS5: Hindered rotor b3
In R3: --Parse data for RRKM
In R3: No tunneling method used for R3
In R4: Parsing reaction...Irreversible unimolecular reaction
In R4: --Parse data for RRKM
In R4: No tunneling method used for R4
In R5: Parsing reaction...Irreversible unimolecular reaction
In cycCH2OCH2O: Could not find cycCH2OCH2O in ../../librarymols.xml
In R5: --Parse data for RRKM
In R5: No tunneling method used for R5
No pressure and temperature specified.
Write metadata 20250807_225556

File: "Chebyshev.xml" successfully parsed.
Main Calculation begins
Now calculating...

--Execute calcMethod analyticalRepresentation
In CH2O: Neither chemical structure nor Molecular Weight as an XML property were provided.
In CH2O: Cannot find me:vibFreqs or me:hessian. Assuming an atom or a sink molecule.
In CH2O: No rotational constants from <me:rotConsts> or structure. Assuming an atom or a sink molecule.
In CH2O: The default value of me:DOSCMethod was used.
In CH2O: The default value of the attribute spinMultiplicity was used.
gDensityOfStates initialization failed.
Restricted thermo output for CH2O because it has arbitrary energy data.
In CH3OCH2: energy cannot be converted from arbitrary to thermodynamic298K
enthalpy of formation at 298K:Restricted thermo output for CH3OCH2 because it has arbitrary energy data.
In IM1: energy cannot be converted from arbitrary to thermodynamic298K
enthalpy of formation at 298K:Restricted thermo output for IM1 because it has arbitrary energy data.
In IM2: energy cannot be converted from arbitrary to thermodynamic298K
enthalpy of formation at 298K:Restricted thermo output for IM2 because it has arbitrary energy data.
In O2: To mix thermodynamic and computational energies the molecule needs chemical structure (an atomList at least)
In O2: Missing thermo data for atoms
In OH-1: To mix thermodynamic and computational energies the molecule needs chemical structure (an atomList at least)
In OH-1: Missing thermo data for atoms
In OH-2: enthalpy of formation at 298K:enthalpy of formation at 298K:Cannot find me:vibFreqs or me:hessian. Assuming an atom or a sink molecule.
In OH-2: No rotational constants from <me:rotConsts> or structure. Assuming an atom or a sink molecule.
In OH-2: The default value of me:DOSCMethod was used.
In OH-2: The default value of the attribute spinMultiplicity was used.
In OH-2: enthalpy of formation at 298K:Number of grains produced is not equal to that requested for: OH-2
In OH-2: Number of grains requested: 500
In OH-2: Number of grains produced : 1
In OH-2: To mix thermodynamic and computational energies the molecule needs chemical structure (an atomList at least)
In OH-2: Missing thermo data for atoms
Number of grains produced is not equal to that requested for: OH-2
Number of grains requested: 500
Number of grains produced : 1
In OH-3: Cannot find me:vibFreqs or me:hessian. Assuming an atom or a sink molecule.
In OH-3: No rotational constants from <me:rotConsts> or structure. Assuming an atom or a sink molecule.
In OH-3: The default value of me:DOSCMethod was used.
In OH-3: The default value of the attribute spinMultiplicity was used.
In OH-3: enthalpy of formation at 298K:Number of grains produced is not equal to that requested for: OH-3
In OH-3: Number of grains requested: 500
In OH-3: Number of grains produced : 1
In OH-3: To mix thermodynamic and computational energies the molecule needs chemical structure (an atomList at least)
In OH-3: Missing thermo data for atoms
Number of grains produced is not equal to that requested for: OH-3
In cycCH2OCH2O: Neither chemical structure nor Molecular Weight as an XML property were provided.
In cycCH2OCH2O: Cannot find me:vibFreqs or me:hessian. Assuming an atom or a sink molecule.
In cycCH2OCH2O: No rotational constants from <me:rotConsts> or structure. Assuming an atom or a sink molecule.
In cycCH2OCH2O: The default value of me:DOSCMethod was used.
In cycCH2OCH2O: The default value of the attribute spinMultiplicity was used.
gDensityOfStates initialization failed.
Restricted thermo output for cycCH2OCH2O because it has arbitrary energy data.

Bath gas is He
In FastLaplaceConvolution: 4660 values in the FFT convolution routine were replaced by standard convolution
In FastLaplaceConvolution: 3900 values in the FFT convolution routine were replaced by standard convolution
In FastLaplaceConvolution: 10000 values in the FFT convolution routine were replaced by standard convolution

WARNING: Chemically significant eigenvalues (CSE) not well separated from internal energy relaxation eigenvals (IEREs).

The last CSE = -1.89368e+08 and the first IERE = -3.05957e+08
(last CSE)/(first IERE) ratio = 0.618938, which is less than an order of magnitude

Results obtained from Bartis Widom eigenvalue-vector analysis may be unreliable

species(name = "CH2O",
        atoms = "",
        thermo = (
            NASA( [   200.000, 1000.000], [  2.5000000e+00,  -9.7864122e-29, 
                       2.7100394e-31,  -3.1306308e-34,   1.2858695e-37, 
                      -1.1322536e-24,             nan] ),
            NASA( [  1000.000, 1000.000], [  2.5000000e+00,  -9.7864122e-29, 
                       2.7100394e-31,  -3.1306308e-34,   1.2858695e-37, 
                      -1.1322536e-24,             nan] ) ) )

species(name = "CH3OCH2",
        atoms = " C:2   H:5   O:1  ",
        thermo = (
            NASA( [   200.000, 1000.000], [  5.4806843e+00,  -1.3980872e-03, 
                       4.4122782e-05,  -5.3270147e-08,   2.0248982e-11, 
                      -8.6124064e+01,   2.1024890e+00] ),
            NASA( [  1000.000, 1000.000], [  5.4806843e+00,  -1.3980872e-03, 
                       4.4122782e-05,  -5.3270147e-08,   2.0248982e-11, 
                      -8.6124064e+01,   2.1024890e+00] ) ) )

species(name = "IM1",
        atoms = " C:2   H:5   O:3  ",
        thermo = (
            NASA( [   200.000, 1000.000], [  7.7033986e+00,  -7.4542830e-03, 
                       8.4155752e-05,  -1.0681794e-07,   4.2671305e-11, 
                      -1.2385283e+02,  -2.9724642e+00] ),
            NASA( [  1000.000, 1000.000], [  7.7033986e+00,  -7.4542830e-03, 
                       8.4155752e-05,  -1.0681794e-07,   4.2671305e-11, 
                      -1.2385283e+02,  -2.9724642e+00] ) ) )

species(name = "IM2",
        atoms = " C:2   H:5   O:3  ",
        thermo = (
            NASA( [   200.000, 1000.000], [  6.4962237e+00,   1.7498448e-02, 
                       2.0566637e-05,  -4.3850717e-08,   2.0206426e-11, 
                      -1.8468782e+02,  -4.4014510e-02] ),
            NASA( [  1000.000, 1000.000], [  6.4962237e+00,   1.7498448e-02, 
                       2.0566637e-05,  -4.3850717e-08,   2.0206426e-11, 
                      -1.8468782e+02,  -4.4014510e-02] ) ) )

species(name = "O2",
        atoms = "",
        thermo = (
            NASA( [   200.000, 1000.000], [  3.8068565e+00,  -2.7938190e-03, 
                       7.9013121e-06,  -6.8879156e-09,   2.0599979e-12, 
                      -1.0679849e+03,   3.4638726e+00] ),
            NASA( [  1000.000, 1000.000], [  3.8068565e+00,  -2.7938190e-03, 
                       7.9013121e-06,  -6.8879156e-09,   2.0599979e-12, 
                      -1.0679849e+03,   3.4638726e+00] ) ) )

species(name = "OH-1",
        atoms = "",
        thermo = (
            NASA( [   200.000, 1000.000], [  3.4593186e+00,   3.7692766e-04, 
                      -1.1899343e-06,   1.4446299e-09,  -4.6875646e-13, 
                      -1.0402815e+03,   1.6434898e+00] ),
            NASA( [  1000.000, 1000.000], [  3.4593186e+00,   3.7692766e-04, 
                      -1.1899343e-06,   1.4446299e-09,  -4.6875646e-13, 
                      -1.0402815e+03,   1.6434898e+00] ) ) )

species(name = "OH-2",
        atoms = "",
        thermo = (
            NASA( [   200.000, 1000.000], [  2.5000000e+00,   4.4999257e-12, 
                      -1.2488820e-14,   1.4455790e-17,  -5.9479575e-21, 
                      -7.4537500e+02,   5.3644694e+00] ),
            NASA( [  1000.000, 1000.000], [  2.5000000e+00,   4.4999257e-12, 
                      -1.2488820e-14,   1.4455790e-17,  -5.9479575e-21, 
                      -7.4537500e+02,   5.3644694e+00] ) ) )

species(name = "OH-3",
        atoms = "",
        thermo = (
            NASA( [   200.000, 1000.000], [  2.5000000e+00,   4.4999257e-12, 
                      -1.2488820e-14,   1.4455790e-17,  -5.9479575e-21, 
                      -7.4537500e+02,   5.3644694e+00] ),
            NASA( [  1000.000, 1000.000], [  2.5000000e+00,   4.4999257e-12, 
                      -1.2488820e-14,   1.4455790e-17,  -5.9479575e-21, 
                      -7.4537500e+02,   5.3644694e+00] ) ) )

species(name = "cycCH2OCH2O",
        atoms = "",
        thermo = (
            NASA( [   200.000, 1000.000], [  2.5000000e+00,  -9.7864122e-29, 
                       2.7100394e-31,  -3.1306308e-34,   1.2858695e-37, 
                      -1.1322536e-24,             nan] ),
            NASA( [  1000.000, 1000.000], [  2.5000000e+00,  -9.7864122e-29, 
                       2.7100394e-31,  -3.1306308e-34,   1.2858695e-37, 
                      -1.1322536e-24,             nan] ) ) )
units(length = 'cm', quantity = 'molecule')

chebyshev_reaction('CH3OCH2 + O2 => IM1',
                   Tmin=   200, Tmax=  1000,
                   Pmin=( 1e+17, 'PPCC'), Pmax=( 1e+20, 'PPCC'), 
                   coeffs=[[      -12.0813,       1.20294,     -0.398209,      0.087097],
                           [      -1.08466,         0.625,     0.0138216,    -0.0618874],
                           [     -0.391302,      0.104345,      0.103448,    -0.0423721],
                           [     -0.127532,    -0.0587714,     0.0831279,    -0.0249637],
                           [    -0.0255116,    -0.0796301,     0.0519366,    -0.0176381],
                           [    0.00663523,    -0.0599362,      0.031743,    -0.0149491]])

chebyshev_reaction('CH3OCH2 + O2 => IM2',
                   Tmin=   200, Tmax=  1000,
                   Pmin=( 1e+17, 'PPCC'), Pmax=( 1e+20, 'PPCC'), 
                   coeffs=[[      -13.3507,      0.858298,     -0.379778,     -0.055904],
                           [      -0.82283,      0.536458,     0.0216757,     0.0255915],
                           [     -0.430135,      0.273107,    -0.0164292,    -0.0171895],
                           [      -0.22414,      0.107508,     0.0308999,    -0.0374165],
                           [     -0.097227,     0.0109663,     0.0423923,    -0.0106276],
                           [    -0.0375492,    -0.0132901,     0.0170639,     0.0194521]])

chebyshev_reaction('CH3OCH2 + O2 => OH-1 + CH2O + CH2O',
                   Tmin=   200, Tmax=  1000,
                   Pmin=( 1e+17, 'PPCC'), Pmax=( 1e+20, 'PPCC'), 
                   coeffs=[[      -11.8932,     -0.857378,     -0.253091,   -0.00769243],
                           [     -0.024205,      0.694682,      0.147463,    -0.0181044],
                           [      -0.13406,       0.12503,     0.0567437,      0.002137],
                           [    -0.0910443,   -0.00178149,     0.0135216,    0.00555282],
                           [    -0.0406963,    -0.0141251,   0.000130326,    0.00345344],
                           [    -0.0145576,   -0.00812238,   -0.00208978,    0.00114566]])

chebyshev_reaction('CH3OCH2 + O2 => OH-2 + CH2O + CH2O',
                   Tmin=   200, Tmax=  1000,
                   Pmin=( 1e+17, 'PPCC'), Pmax=( 1e+20, 'PPCC'), 
                   coeffs=[[       -17.189,     -0.693963,     -0.196473,    -0.0131238],
                           [       1.20991,      0.647612,      0.143685,   -0.00640008],
                           [     0.0192824,     0.0665649,      0.044404,    0.00772276],
                           [    -0.0414469,    -0.0207687,    0.00441922,      0.006331],
                           [    -0.0190523,    -0.0161238,   -0.00439755,    0.00167203],
                           [   -0.00496042,   -0.00615303,   -0.00334661,  -0.000455149]])

chebyshev_reaction('CH3OCH2 + O2 => OH-3 + cycCH2OCH2O',
                   Tmin=   200, Tmax=  1000,
                   Pmin=( 1e+17, 'PPCC'), Pmax=( 1e+20, 'PPCC'), 
                   coeffs=[[      -17.8781,     -0.659618,     -0.194648,    -0.0142248],
                           [       1.36129,      0.615138,      0.144626,   -0.00533433],
                           [    0.00888284,     0.0651605,      0.043197,    0.00836291],
                           [    -0.0401327,    -0.0203575,    0.00362458,    0.00624859],
                           [    -0.0183868,    -0.0158104,   -0.00458971,    0.00143474],
                           [   -0.00480543,   -0.00591842,   -0.00328553,  -0.000546033]])

chebyshev_reaction('IM1 => CH3OCH2 + O2',
                   Tmin=   200, Tmax=  1000,
                   Pmin=( 1e+17, 'PPCC'), Pmax=( 1e+20, 'PPCC'), 
                   coeffs=[[      -8.57002,       1.20294,     -0.398209,      0.087097],
                           [       14.1581,         0.625,     0.0138216,    -0.0618874],
                           [     -0.447454,      0.104345,      0.103448,    -0.0423721],
                           [     -0.156761,    -0.0587714,     0.0831279,    -0.0249637],
                           [     -0.036653,    -0.0796301,     0.0519366,    -0.0176381],
                           [    0.00328454,    -0.0599362,      0.031743,    -0.0149491]])

chebyshev_reaction('IM1 => IM2',
                   Tmin=   200, Tmax=  1000,
                   Pmin=( 1e+17, 'PPCC'), Pmax=( 1e+20, 'PPCC'), 
                   coeffs=[[      0.200262,      0.393139,    -0.0875201,    0.00163114],
                           [       5.17584,      0.605173,     -0.111719,    -0.0100007],
                           [      0.114904,      0.271592,   -0.00815712,    -0.0262586],
                           [    -0.0914374,     0.0411853,     0.0443525,    -0.0241709],
                           [    -0.0555392,     -0.036188,     0.0386982,   -0.00412546],
                           [    -0.0127491,    -0.0311994,     0.0115569,     0.0167726]])

chebyshev_reaction('IM1 => OH-1 + CH2O + CH2O',
                   Tmin=   200, Tmax=  1000,
                   Pmin=( 1e+17, 'PPCC'), Pmax=( 1e+20, 'PPCC'), 
                   coeffs=[[      -4.96031,     -0.101548,     -0.224544,    -0.0168269],
                           [       11.3961,      0.753264,     0.0616798,   -0.00642012],
                           [     -0.370834,      0.207299,     0.0378676,    0.00473193],
                           [     -0.213291,    0.00948877,     0.0181952,   -0.00144995],
                           [    -0.0778169,    -0.0128924,   -0.00176732,    0.00240002],
                           [    -0.0256644,    0.00869735,    -0.0173666,    0.00802601]])

chebyshev_reaction('IM1 => OH-2 + CH2O + CH2O',
                   Tmin=   200, Tmax=  1000,
                   Pmin=( 1e+17, 'PPCC'), Pmax=( 1e+20, 'PPCC'), 
                   coeffs=[[       -13.714,       1.38687,     -0.390854,     0.0416568],
                           [       14.5008,      0.803614,     0.0220509,       -0.0573],
                           [     -0.484128,     -0.113363,      0.249505,    -0.0851802],
                           [     -0.167198,     0.0109523,     0.0451087,    -0.0333242],
                           [   -0.00500554,     -0.199163,      0.114702,    -0.0452087],
                           [   -0.00821507,   0.000727574,   -0.00337663,   0.000607838]])

chebyshev_reaction('IM1 => OH-3 + cycCH2OCH2O',
                   Tmin=   200, Tmax=  1000,
                   Pmin=( 1e+17, 'PPCC'), Pmax=( 1e+20, 'PPCC'), 
                   coeffs=[[      -14.5962,       1.56962,     -0.381267,    -0.0163499],
                           [       14.6574,      0.726618,    -0.0375345,     0.0589675],
                           [     -0.351581,     -0.151244,      0.346622,     -0.221772],
                           [     -0.258051,    -0.0388524,     0.0323527,     0.0638897],
                           [      0.100246,     -0.214254,      0.142822,     -0.133696],
                           [    -0.0573307,    -0.0371145,     0.0176634,     0.0468063]])

chebyshev_reaction('IM2 => CH3OCH2 + O2',
                   Tmin=   200, Tmax=  1000,
                   Pmin=( 1e+17, 'PPCC'), Pmax=( 1e+20, 'PPCC'), 
                   coeffs=[[        -3.732,      0.858298,     -0.379778,     -0.055904],
                           [         9.791,      0.536458,     0.0216757,     0.0255915],
                           [     -0.604011,      0.273107,    -0.0164292,    -0.0171895],
                           [     -0.278049,      0.107508,     0.0308999,    -0.0374165],
                           [     -0.112123,     0.0109663,     0.0423923,    -0.0106276],
                           [    -0.0412079,    -0.0132901,     0.0170639,     0.0194521]])

chebyshev_reaction('IM2 => IM1',
                   Tmin=   200, Tmax=  1000,
                   Pmin=( 1e+17, 'PPCC'), Pmax=( 1e+20, 'PPCC'), 
                   coeffs=[[        6.3077,      0.393139,    -0.0875201,    0.00163114],
                           [       0.54691,      0.605173,     -0.111719,    -0.0100007],
                           [   -0.00281984,      0.271592,   -0.00815712,    -0.0262586],
                           [     -0.116117,     0.0411853,     0.0443525,    -0.0241709],
                           [    -0.0592938,     -0.036188,     0.0386982,   -0.00412546],
                           [     -0.013057,    -0.0311994,     0.0115569,     0.0167726]])

chebyshev_reaction('IM2 => OH-1 + CH2O + CH2O',
                   Tmin=   200, Tmax=  1000,
                   Pmin=( 1e+17, 'PPCC'), Pmax=( 1e+20, 'PPCC'), 
                   coeffs=[[      0.808477,       1.00175,    -0.0376806,     -0.116024],
                           [       6.96694,     -0.175791,      0.155988,       0.12798],
                           [     -0.375875,      0.108814,     -0.141382,     0.0842495],
                           [     -0.275113,      0.178657,     -0.107311,    -0.0239903],
                           [     -0.114483,     0.0587464,     0.0203732,    -0.0549496],
                           [  -0.000648037,    -0.0547673,     0.0754733,    -0.0143429]])

chebyshev_reaction('IM2 => OH-2 + CH2O + CH2O',
                   Tmin=   200, Tmax=  1000,
                   Pmin=( 1e+17, 'PPCC'), Pmax=( 1e+20, 'PPCC'), 
                   coeffs=[[      -8.28089,       2.22112,      -0.18172,     0.0565685],
                           [       10.1652,    -0.0992708,     -0.147228,     0.0978825],
                           [      -0.54688,     0.0973463,     -0.199206,    -0.0131911],
                           [     -0.266246,      0.185053,    -0.0815198,    -0.0925411],
                           [    -0.0961847,     0.0730774,      0.047212,    -0.0861796],
                           [    0.00695677,    -0.0436907,     0.0861401,    -0.0219391]])

chebyshev_reaction('IM2 => OH-3 + cycCH2OCH2O',
                   Tmin=   200, Tmax=  1000,
                   Pmin=( 1e+17, 'PPCC'), Pmax=( 1e+20, 'PPCC'), 
                   coeffs=[[      -9.24388,       2.34352,     -0.203821,     0.0665021],
                           [       10.4181,    -0.0854131,     -0.181964,     0.0936703],
                           [     -0.549962,     0.0856435,     -0.185032,    -0.0341033],
                           [     -0.252707,      0.164531,    -0.0610682,     -0.109197],
                           [     -0.091833,     0.0688267,     0.0517502,      -0.08857],
                           [      0.004749,    -0.0386171,     0.0826363,    -0.0184935]])


 -- Total time elapsed: 130 seconds.

System saved to mesmer_out.xml
Total time elapsed: 130 seconds.
