
            /|      /|                        \   
           / |     / | ________________________\  
          /  |    /  |  _   _             _   _   
         /   |   /   | / \ / \ |\     /| / \ / \  
        /    |  /    | \_/ \_  | \   / | \_/ |_/  
       /     | /     | /     \ |  \ /  | /   | \  
    \_/      |/      | \_/ \_/ |   V   | \_/ |  \ 

     Mesmer: Master Equation Solver for Multi-Energy well Reactions
     Mesmer v7.0 compiled: -- Dec 21 2022 -- 22:27:46

     Copyright (C) 2009-2022 by
     Struan H. Robertson, Chris Morley, Chi-Hsiu Liang,
     David R. Glowacki, Michael J. Pilling and contributors

     Mesmer is free software: you can redistribute it and/or modify
     it under the terms of the GNU Public License as published by
     the Free Software Foundation, either version 2 of the License,
     or (at your option) any later version.

     But WITHOUT ANY WARRANTY; without even the implied warranty of
     MERCHANTABILITY or FITNESS FOR A PARTICULAR PURPOSE.  See the
     GNU Public License for more details.

    You should have received a copy of the GNU Public License
    along with Mesmer.  If not, see <http://www.gnu.org/licenses/>.

                     Platform:        Linux
                     Execution Date:  Wed Dec 21 22:59:44 2022
                     Number of ranks: 12

defaults.xml, librarymols.xml are in ../..

Parsing input xml file...
ChebyshevCK.xml

--Parse data for analyticalRepresentation
Energy convention "" written to <moleculeList>
In R1: Parsing reaction...Association reaction
In CH3OCH2: WARNING: When calculating frequencies from a Hessian it is critical
     that the Hessian and species coordinates are expressed relative to
     the same Cartesian coordinate system.
In CH3OCH2: Vibrational frequencies (cm-1) were calculated from Hessian:
  169.672 287.888 439.421 568.322 1021.55 1155.2 1192.08 1282.47 1343.7 1471.44 
  1500.2 1508.72 1523.12 3088.04 3165.17 3197.22 3233.15 3356.85 
In CH3OCH2: The default value of me:DOSCMethod was used.
In CH3OCH2: Hindered rotor b5
In CH3OCH2: Hindered rotor b4
In CH3OCH2: WARNING: The Fourier expansion for the internal rotor potential for bond b4 of 
In CH3OCH2: species CH3OCH2, differs at the minimum from the value entered by more than 20 cm-1.
In CH3OCH2: More terms in the Fourier expansion may be needed.
In IM1: WARNING: When calculating frequencies from a Hessian it is critical
     that the Hessian and species coordinates are expressed relative to
     the same Cartesian coordinate system.
In IM1: Vibrational frequencies (cm-1) were calculated from Hessian:
  91.8598 128.883 187.165 391.187 483.297 594.928 938.428 1012.93 1151.6 1194.73 
  1218.54 1282.75 1305.74 1357.96 1435.01 1483.25 1499.22 1510.87 1516.91 3096.22 
  3126.84 3182.05 3236.78 3239.2 
In IM1: Hindered rotor b5
In IM1: Hindered rotor b4
In IM1: Hindered rotor b8
In IM1: The default value of me:DistributionCalcMethod was used.
In IM1: --Parse data for Boltzmann
In IM1: --Parse data for ExponentialDown
In R1: --Parse data for MesmerILT
In R1: No tunneling method used for R1
In R2: Parsing reaction...Isomerization reaction
In IM2: WARNING: When calculating frequencies from a Hessian it is critical
     that the Hessian and species coordinates are expressed relative to
     the same Cartesian coordinate system.
In IM2: Vibrational frequencies (cm-1) were calculated from Hessian:
  108.18 163.087 250.225 340.045 406.842 467.08 628.242 646.487 972.437 1023.15 
  1130.32 1157.25 1251.69 1298.98 1363.23 1436 1468.44 1480.03 1513.69 3124.8 
  3200.84 3231.89 3360.58 3889.55 
In IM2: Hindered rotor b1
In IM2: Hindered rotor b2
In IM2: Hindered rotor b3
In IM2: Hindered rotor b4
In IM2: The default value of me:DistributionCalcMethod was used.
In IM2: --Parse data for Boltzmann
In IM2: --Parse data for ExponentialDown
In R2: --Parse data for RRKM
In R2: --Parse data for Eckart
In R3: Parsing reaction...Irreversible unimolecular reaction
In TS5: WARNING: When calculating frequencies from a Hessian it is critical
     that the Hessian and species coordinates are expressed relative to
     the same Cartesian coordinate system.
In TS5: Vibrational frequencies (cm-1) were calculated from Hessian:
  78.8008 155.797 210.383 316.503 401.876 532.348 560.927 656.949 928.231 952.154 
  977.833 1200.77 1243.63 1249.83 1361.65 1485.15 1520.63 1587.51 3088.36 3195.55 
  3209.98 3361.1 3759.25 
In TS5: The default value of me:DOSCMethod was used.
In TS5: Hindered rotor b1
In TS5: Hindered rotor b2
In TS5: Hindered rotor b3
In R3: --Parse data for RRKM
In R3: No tunneling method used for R3
In R4: Parsing reaction...Irreversible unimolecular reaction
In R4: --Parse data for RRKM
In R4: No tunneling method used for R4
In R5: Parsing reaction...Irreversible unimolecular reaction
In R5: --Parse data for RRKM
In R5: No tunneling method used for R5
No pressure and temperature specified.
Write metadata 20221221_225944

File: "ChebyshevCK.xml" successfully parsed.
Main Calculation begins
Now calculating...

--Execute calcMethod analyticalRepresentation
In CH3OCH2: energy cannot be converted from arbitrary to thermodynamic298K
enthalpy of formation at 298K:Restricted thermo output for CH3OCH2 because it has arbitrary energy data.
In He: The default value of me:DOSCMethod was used.
In He: The default value of the attribute spinMultiplicity was used.
gDensityOfStates initialization failed.
Restricted thermo output for He because it has arbitrary energy data.
In IM1: energy cannot be converted from arbitrary to thermodynamic298K
enthalpy of formation at 298K:Restricted thermo output for IM1 because it has arbitrary energy data.
In IM2: energy cannot be converted from arbitrary to thermodynamic298K
enthalpy of formation at 298K:Restricted thermo output for IM2 because it has arbitrary energy data.
In O2: To mix thermodynamic and computational energies the molecule needs chemical structure (an atomList at least)
In O2: Missing thermo data for atoms
In OH-1: To mix thermodynamic and computational energies the molecule needs chemical structure (an atomList at least)
In OH-1: Missing thermo data for atoms
In OH-2: enthalpy of formation at 298K:enthalpy of formation at 298K:Cannot find me:vibFreqs or me:hessian. Assuming an atom or a sink molecule.
In OH-2: No rotational constants from <me:rotConsts> or structure. Assuming an atom or a sink molecule.
In OH-2: The default value of me:DOSCMethod was used.
In OH-2: The default value of the attribute spinMultiplicity was used.
In OH-2: enthalpy of formation at 298K:Number of grains produced is not equal to that requested for: OH-2
In OH-2: Number of grains requested: 500
In OH-2: Number of grains produced : 1
In OH-2: To mix thermodynamic and computational energies the molecule needs chemical structure (an atomList at least)
In OH-2: Missing thermo data for atoms
Number of grains produced is not equal to that requested for: OH-2
Number of grains requested: 500
Number of grains produced : 1
In OH-3: Cannot find me:vibFreqs or me:hessian. Assuming an atom or a sink molecule.
In OH-3: No rotational constants from <me:rotConsts> or structure. Assuming an atom or a sink molecule.
In OH-3: The default value of me:DOSCMethod was used.
In OH-3: The default value of the attribute spinMultiplicity was used.
In OH-3: enthalpy of formation at 298K:Number of grains produced is not equal to that requested for: OH-3
In OH-3: Number of grains requested: 500
In OH-3: Number of grains produced : 1
In OH-3: To mix thermodynamic and computational energies the molecule needs chemical structure (an atomList at least)
In OH-3: Missing thermo data for atoms
Number of grains produced is not equal to that requested for: OH-3

Bath gas is He
In FastLaplaceConvolution: 4700 values in the FFT convolution routine were replaced by standard convolution
In FastLaplaceConvolution: 3880 values in the FFT convolution routine were replaced by standard convolution
In FastLaplaceConvolution: 10000 values in the FFT convolution routine were replaced by standard convolution

WARNING: Chemically significant eigenvalues (CSE) not well separated from internal energy relaxation eigenvals (IEREs).

The last CSE = -1.55891e+08 and the first IERE = -2.28315e+08
(last CSE)/(first IERE) ratio = 0.682787, which is less than an order of magnitude

Results obtained from Bartis Widom eigenvalue-vector analysis may be unreliable
WARNING: concentration of excess species is greater than bath gas concentration for reaction R1

CH3OCH2                 C   2H   5O   1     G   200.000  1000.000 1000.000    01
  5.4754527e+00 -1.0564395e-03  4.3216601e-05 -5.2341205e-08  1.9910469e-11    2
 -8.7665629e+01  2.0920531e+00  5.4754527e+00 -1.0564395e-03  4.3216601e-05    3
 -5.2341205e-08  1.9910469e-11 -8.7665629e+01  2.0920531e+00            nan    4

He                      He  1               G   200.000  1000.000 1000.000    01
  2.5000000e+00 -9.7864122e-29  2.7100394e-31 -3.1306308e-34  1.2858695e-37    2
 -1.1322536e-24  9.2773791e-01  2.5000000e+00 -9.7864122e-29  2.7100394e-31    3
 -3.1306308e-34  1.2858695e-37 -1.1322536e-24  9.2773791e-01            nan    4

IM1                     C   2H   5O   3     G   200.000  1000.000 1000.000    01
  7.5091535e+00 -6.0213330e-03  8.1359552e-05 -1.0445775e-07  4.1930212e-11    2
 -1.0733974e+02 -2.1822678e+00  7.5091535e+00 -6.0213330e-03  8.1359552e-05    3
 -1.0445775e-07  4.1930212e-11 -1.0733974e+02 -2.1822678e+00            nan    4

IM2                     C   2H   5O   3     G   200.000  1000.000 1000.000    01
  6.4742484e+00  1.8115854e-02  1.8972070e-05 -4.2209150e-08  1.9607575e-11    2
 -1.8628598e+02 -5.9521793e-03  6.4742484e+00  1.8115854e-02  1.8972070e-05    3
 -4.2209150e-08  1.9607575e-11 -1.8628598e+02 -5.9521793e-03            nan    4

O2                                          G   200.000  1000.000 1000.000    01
  3.8068565e+00 -2.7938190e-03  7.9013121e-06 -6.8879156e-09  2.0599979e-12    2
 -1.0679849e+03  3.4638726e+00  3.8068565e+00 -2.7938190e-03  7.9013121e-06    3
 -6.8879156e-09  2.0599979e-12 -1.0679849e+03  3.4638726e+00  0.0000000e+00    4

OH-1                                        G   200.000  1000.000 1000.000    01
  3.4593186e+00  3.7692766e-04 -1.1899343e-06  1.4446299e-09 -4.6875646e-13    2
 -1.0402815e+03  1.6434898e+00  3.4593186e+00  3.7692766e-04 -1.1899343e-06    3
  1.4446299e-09 -4.6875646e-13 -1.0402815e+03  1.6434898e+00  0.0000000e+00    4

OH-2                                        G   200.000  1000.000 1000.000    01
  2.5000000e+00  4.4999257e-12 -1.2488820e-14  1.4455790e-17 -5.9479575e-21    2
 -7.4537500e+02  5.3644694e+00  2.5000000e+00  4.4999257e-12 -1.2488820e-14    3
  1.4455790e-17 -5.9479575e-21 -7.4537500e+02  5.3644694e+00  0.0000000e+00    4

OH-3                                        G   200.000  1000.000 1000.000    01
  2.5000000e+00  4.4999257e-12 -1.2488820e-14  1.4455790e-17 -5.9479575e-21    2
 -7.4537500e+02  5.3644694e+00  2.5000000e+00  4.4999257e-12 -1.2488820e-14    3
  1.4455790e-17 -5.9479575e-21 -7.4537500e+02  5.3644694e+00  0.0000000e+00    4

REACTIONS MOLES

CH3OCH2 + O2 => IM1 (+M)  1.00  0.0  0.0
! Data generated by MESMER 7.0 on Wed Dec 21 23:03:44 2022
    TCHEB/            200          1000/
    PCHEB/          0.001            10/
    CHEB/     6     4/
    CHEB/        11.095       2.07946     -0.740736        0.1524/
    CHEB/      -1.46214      0.990068     0.0869173     -0.175728/
    CHEB/     -0.466389      0.112729      0.132713     0.0275719/
    CHEB/     -0.202848      0.059883     -0.105301      0.215849/
    CHEB/    -0.0274893    -0.0578365    -0.0714609      0.156027/
    CHEB/     0.0370242    -0.0915897    -0.0234087     0.0850839/

CH3OCH2 + O2 => IM2 (+M)  1.00  0.0  0.0
! Data generated by MESMER 7.0 on Wed Dec 21 23:03:44 2022
    TCHEB/            200          1000/
    PCHEB/          0.001            10/
    CHEB/     6     4/
    CHEB/       10.0133       1.19714     -0.508762     -0.140861/
    CHEB/      -1.07135      0.975329      0.171473    -0.0376082/
    CHEB/     -0.544144      0.308366     0.0764319    -0.0503822/
    CHEB/      -0.23871     0.0427811     0.0952735    -0.0435249/
    CHEB/     -0.106182   -0.00784988     0.0469726     0.0092916/
    CHEB/    -0.0559891    0.00678838   0.000492462     0.0202366/

CH3OCH2 + O2 => OH-1 (+M)  1.00  0.0  0.0
! Data generated by MESMER 7.0 on Wed Dec 21 23:03:44 2022
    TCHEB/            200          1000/
    PCHEB/          0.001            10/
    CHEB/     6     4/
    CHEB/       11.7554      -1.09852     -0.391176    -0.0256372/
    CHEB/      0.151492       1.00223      0.272156    -0.0303503/
    CHEB/     -0.161043      0.110699     0.0902253     0.0216753/
    CHEB/     -0.106255    -0.0250947     0.0094721     0.0128333/
    CHEB/    -0.0441911    -0.0220254   -0.00593914    0.00454787/
    CHEB/    -0.0148203   -0.00994365   -0.00520496   0.000643474/

CH3OCH2 + O2 => OH-2 (+M)  1.00  0.0  0.0
! Data generated by MESMER 7.0 on Wed Dec 21 23:03:44 2022
    TCHEB/            200          1000/
    PCHEB/          0.001            10/
    CHEB/     6     4/
    CHEB/       6.42111     -0.919438     -0.314448      -0.03103/
    CHEB/       1.33109      0.926372      0.258415   -0.00455355/
    CHEB/    -0.0205015      0.043856     0.0635321     0.0219665/
    CHEB/    -0.0565867    -0.0407285   -0.00280857     0.0101575/
    CHEB/    -0.0224759    -0.0215386   -0.00977268    0.00137114/
    CHEB/    -0.0055846   -0.00703465    -0.0055154   -0.00189693/

CH3OCH2 + O2 => OH-3 (+M)  1.00  0.0  0.0
! Data generated by MESMER 7.0 on Wed Dec 21 23:03:44 2022
    TCHEB/            200          1000/
    PCHEB/          0.001            10/
    CHEB/     6     4/
    CHEB/       5.73127     -0.878307     -0.310816    -0.0335406/
    CHEB/       1.48072      0.885561      0.258974   -0.00120087/
    CHEB/    -0.0298211     0.0429476     0.0606712     0.0221613/
    CHEB/    -0.0550929     -0.039651   -0.00360716    0.00985508/
    CHEB/    -0.0218269    -0.0211659   -0.00984704     0.0010139/
    CHEB/   -0.00541782   -0.00677536   -0.00537874   -0.00204554/

IM1 => CH3OCH2 + O2 (+M)  1.00  0.0  0.0
! Data generated by MESMER 7.0 on Wed Dec 21 23:03:44 2022
    TCHEB/            200          1000/
    PCHEB/          0.001            10/
    CHEB/     6     4/
    CHEB/      -9.16994       2.07946     -0.740736        0.1524/
    CHEB/       13.7813      0.990068     0.0869173     -0.175728/
    CHEB/     -0.524082      0.112729      0.132713     0.0275719/
    CHEB/     -0.232948      0.059883     -0.105301      0.215849/
    CHEB/    -0.0388892    -0.0578365    -0.0714609      0.156027/
    CHEB/     0.0336178    -0.0915897    -0.0234087     0.0850839/

IM1 => IM2 (+M)  1.00  0.0  0.0
! Data generated by MESMER 7.0 on Wed Dec 21 23:03:44 2022
    TCHEB/            200          1000/
    PCHEB/          0.001            10/
    CHEB/     6     4/
    CHEB/    -0.0359802       0.63955     -0.135749  -0.000344803/
    CHEB/       4.92998      0.927447     -0.137864    -0.0295469/
    CHEB/    0.00771251      0.327271     0.0472208    -0.0473899/
    CHEB/    -0.0957208   -0.00719237     0.0851897    -0.0140618/
    CHEB/    -0.0515823    -0.0525308     0.0251405     0.0247569/
    CHEB/    -0.0203632    -0.0174589    -0.0122648      0.023564/

IM1 => OH-1 (+M)  1.00  0.0  0.0
! Data generated by MESMER 7.0 on Wed Dec 21 23:03:44 2022
    TCHEB/            200          1000/
    PCHEB/          0.001            10/
    CHEB/     6     4/
    CHEB/      -5.19232     -0.033549     -0.356855    -0.0141462/
    CHEB/       11.3004       1.14426     0.0995913    -0.0271617/
    CHEB/     -0.435538      0.222198      0.113735    -0.0193518/
    CHEB/     -0.254132    0.00924222     0.0128884      0.017373/
    CHEB/     -0.125143     0.0451404    -0.0583602     0.0453065/
    CHEB/    -0.0314885    0.00695446    -0.0085137    -0.0066004/

IM1 => OH-2 (+M)  1.00  0.0  0.0
! Data generated by MESMER 7.0 on Wed Dec 21 23:03:44 2022
    TCHEB/            200          1000/
    PCHEB/          0.001            10/
    CHEB/     6     4/
    CHEB/      -14.3556       2.32332     -0.801381      0.140586/
    CHEB/       14.1148      0.888958      0.249133     -0.174987/
    CHEB/     -0.406021    -0.0436027      0.289034      0.139358/
    CHEB/     -0.230696     -0.255616    -0.0619983     0.0884944/
    CHEB/    -0.0205252      0.142817      -0.14015      0.366419/
    CHEB/    -0.0086687     -0.175469    -0.0621394     0.0222253/

IM1 => OH-3 (+M)  1.00  0.0  0.0
! Data generated by MESMER 7.0 on Wed Dec 21 23:03:44 2022
    TCHEB/            200          1000/
    PCHEB/          0.001            10/
    CHEB/     6     4/
    CHEB/      -15.1994       2.46505     -0.699827     0.0574006/
    CHEB/       14.2341      0.783156      0.239666     -0.206264/
    CHEB/     -0.246472     -0.150148       0.35404       0.12426/
    CHEB/     -0.369383    -0.0875299     -0.179549      0.258586/
    CHEB/     0.0943371    -0.0371107     -0.152755      0.333351/
    CHEB/     0.0213589     -0.183487      0.027327     0.0756081/

IM2 => CH3OCH2 + O2 (+M)  1.00  0.0  0.0
! Data generated by MESMER 7.0 on Wed Dec 21 23:03:44 2022
    TCHEB/            200          1000/
    PCHEB/          0.001            10/
    CHEB/     6     4/
    CHEB/       -4.1503       1.19714     -0.508762     -0.140861/
    CHEB/       9.53904      0.975329      0.171473    -0.0376082/
    CHEB/     -0.719306      0.308366     0.0764319    -0.0503822/
    CHEB/     -0.292966     0.0427811     0.0952735    -0.0435249/
    CHEB/     -0.121171   -0.00784988     0.0469726     0.0092916/
    CHEB/     -0.059677    0.00678838   0.000492462     0.0202366/

IM2 => IM1 (+M)  1.00  0.0  0.0
! Data generated by MESMER 7.0 on Wed Dec 21 23:03:44 2022
    TCHEB/            200          1000/
    PCHEB/          0.001            10/
    CHEB/     6     4/
    CHEB/       6.06538       0.63955     -0.135749  -0.000344803/
    CHEB/      0.296908      0.927447     -0.137864    -0.0295469/
    CHEB/     -0.109757      0.327271     0.0472208    -0.0473899/
    CHEB/     -0.119877   -0.00719237     0.0851897    -0.0140618/
    CHEB/    -0.0551719    -0.0525308     0.0251405     0.0247569/
    CHEB/    -0.0206447    -0.0174589    -0.0122648      0.023564/

IM2 => OH-1 (+M)  1.00  0.0  0.0
! Data generated by MESMER 7.0 on Wed Dec 21 23:03:44 2022
    TCHEB/            200          1000/
    PCHEB/          0.001            10/
    CHEB/     6     4/
    CHEB/      0.711982        1.0735     0.0509727     -0.193396/
    CHEB/       6.71477      0.081282     0.0752593      0.232784/
    CHEB/     -0.582523      0.378603     -0.312958      0.132332/
    CHEB/     -0.279255      0.119728    -0.0320575     -0.126494/
    CHEB/    -0.0570844    -0.0710378      0.124616     -0.114413/
    CHEB/    -0.0128354    -0.0286152     0.0392836     0.0403476/

IM2 => OH-2 (+M)  1.00  0.0  0.0
! Data generated by MESMER 7.0 on Wed Dec 21 23:03:44 2022
    TCHEB/            200          1000/
    PCHEB/          0.001            10/
    CHEB/     6     4/
    CHEB/      -8.72813       2.90732     -0.184307     -0.162325/
    CHEB/       9.71067     0.0772934     0.0568223    -0.0352817/
    CHEB/     -0.693209     0.0962197     -0.138953    -0.0902003/
    CHEB/     -0.267154      0.117615    -0.0172715     -0.143296/
    CHEB/    -0.0744984     0.0480536       0.03477    -0.0402989/
    CHEB/    -0.0146588     0.0214597   -0.00206781     0.0730212/

IM2 => OH-3 (+M)  1.00  0.0  0.0
! Data generated by MESMER 7.0 on Wed Dec 21 23:03:44 2022
    TCHEB/            200          1000/
    PCHEB/          0.001            10/
    CHEB/     6     4/
    CHEB/      -9.64834       2.96652     -0.113587      -0.22013/
    CHEB/       9.97406     0.0238824     0.0535492    -0.0299758/
    CHEB/     -0.671037     0.0394211     -0.111592    -0.0950077/
    CHEB/     -0.250536      0.109304    -0.0356911     -0.106635/
    CHEB/    -0.0891592     0.0834508   -0.00170502    -0.0019407/
    CHEB/    -0.0141106     0.0151159     0.0117235     0.0616666/


 -- Total time elapsed: 240 seconds.

System saved to mesmer_out.xml
Total time elapsed: 240 seconds.
