
            /|      /|                        \   
           / |     / | ________________________\  
          /  |    /  |  _   _             _   _   
         /   |   /   | / \ / \ |\     /| / \ / \  
        /    |  /    | \_/ \_  | \   / | \_/ |_/  
       /     | /     | /     \ |  \ /  | /   | \  
    \_/      |/      | \_/ \_/ |   V   | \_/ |  \ 

     Mesmer: Master Equation Solver for Multi-Energy well Reactions
     Mesmer v7.0 compiled: -- Apr 25 2022 -- 23:10:34

     Copyright (C) 2009-2022 by
     Struan H. Robertson, Chris Morley, Chi-Hsiu Liang,
     David R. Glowacki, Michael J. Pilling and contributors

     Mesmer is free software: you can redistribute it and/or modify
     it under the terms of the GNU Public License as published by
     the Free Software Foundation, either version 2 of the License,
     or (at your option) any later version.

     But WITHOUT ANY WARRANTY; without even the implied warranty of
     MERCHANTABILITY or FITNESS FOR A PARTICULAR PURPOSE.  See the
     GNU Public License for more details.

    You should have received a copy of the GNU Public License
    along with Mesmer.  If not, see <http://www.gnu.org/licenses/>.

                     Platform:        Windows
                     Execution Date:  Tue Apr 26 00:45:56 2022
                     Number of ranks: 4

defaults.xml, librarymols.xml are in ../..

Parsing input xml file...
C4H9O2_NO2_association.xml

--Parse data for marquardt
The default value of me:MarquardtLambda was used.
The default value of me:MarquardtLambdaScale was used.
Energy convention "" written to <moleculeList>
In R1: Parsing reaction...Association reaction
In C4H9OONO2: No lennard-Jones parameters found for C4H9OONO2.
In C4H9OONO2: An attempt to calculate parameters will be made. If this fails
In C4H9OONO2: default parameters will be used
In C4H9OONO2: WARNING: When calculating frequencies from a Hessian it is critical
     that the Hessian and species coordinates are expressed relative to
     the same Cartesian coordinate system.
In C4H9OONO2: Vibrational frequencies (cm-1) were calculated from Hessian:
  15.9701 39.3871 59.5748 96.2644 130.683 145.141 196.44 246.318 255.144 351.513 
  412.446 499.296 636.968 717.452 749.577 788.735 822.606 873.414 937.059 958.626 
  969.638 1030.42 1056 1107.94 1186.18 1243.13 1298.06 1307.04 1324.23 1329.18 
  1385.68 1409.41 1422.7 1459.23 1502.26 1504.81 1508.74 1522.64 1784.85 3015.2 
  3035.3 3036.56 3049.07 3052.63 3082.69 3100.33 3102.77 3110.21 
In C4H9OONO2: Hindered rotor b12
In C4H9OONO2: C4H9OONO2:ZPE was given a range with 501 steps 
In C4H9OONO2: The default value of me:DistributionCalcMethod was used.
In C4H9OONO2: --Parse data for Boltzmann
In C4H9OONO2: --Parse data for ExponentialDown
In C4H9OONO2: C4H9OONO2:deltaEDown:He was given a range with 28 steps 
In C4H9OONO2: C4H9OONO2:deltaEDownTExponent:He was given a range with 301 steps 
In R1: --Parse data for MesmerILT
In R1: R1:preExponential was given a range with 900 steps 
In R1: R1:nInfinity was given a range with 401 steps 
In R1: No tunneling method used for R1
In R1: Not a unimolecular reaction: look for excess reactant concentration.
100Torr, 241K at d precision with He
100Torr, 268K at d precision with He
100Torr, 293K at d precision with He
100Torr, 316K at d precision with He
100Torr, 341K at d precision with He
100Torr, 341K at d precision with He
100Torr, 316K at d precision with He
100Torr, 293K at d precision with He
800mbar, 253K at d precision with N2
800mbar, 253K at d precision with N2
The default value of me:ForceMacroDetailedBalance was used.
--Parse data for analyticalRepresentation
The default value of me:ForceMacroDetailedBalance was used.
Write metadata 20220426_004556

File: "C4H9O2_NO2_association.xml" successfully parsed.
Main Calculation begins
Now calculating...

--Execute calcMethod marquardt
In FastLaplaceConvolution: 22840 values in the FFT convolution routine were replaced by standard convolution
In FastLaplaceConvolution: 16340 values in the FFT convolution routine were replaced by standard convolution

Chi^2 = 38.148 Lambda = 1
C4H9OONO2:ZPE=-44.9  C4H9OONO2:deltaEDown:He=244  C4H9OONO2:deltaEDownTExponent:He=1  R1:preExponential=1.061e-11  R1:nInfinity=-0.6  
In FastLaplaceConvolution: 16320 values in the FFT convolution routine were replaced by standard convolution
In FastLaplaceConvolution: 16040 values in the FFT convolution routine were replaced by standard convolution

Chi^2 = 31.2484 Lambda = 0.1
C4H9OONO2:ZPE=-44.8298  C4H9OONO2:deltaEDown:He=249.941  C4H9OONO2:deltaEDownTExponent:He=1.03203  R1:preExponential=1.08152e-11  R1:nInfinity=-0.712904  
Iteration: 1 of Marquardt. ChiSquare = 31.2484, Lambda = 0.1
Failed bounds check.

Chi^2 = 31.2484 Lambda = 1
C4H9OONO2:ZPE=-44.8298  C4H9OONO2:deltaEDown:He=249.941  C4H9OONO2:deltaEDownTExponent:He=1.03203  R1:preExponential=1.08152e-11  R1:nInfinity=-0.712904  
Iteration: 2 of Marquardt. ChiSquare = 31.2484, Lambda = 1
In FastLaplaceConvolution: 15960 values in the FFT convolution routine were replaced by standard convolution
In FastLaplaceConvolution: 15900 values in the FFT convolution routine were replaced by standard convolution

Chi^2 = 30.5328 Lambda = 0.1
C4H9OONO2:ZPE=-44.8028  C4H9OONO2:deltaEDown:He=247.567  C4H9OONO2:deltaEDownTExponent:He=1.11193  R1:preExponential=1.08661e-11  R1:nInfinity=-0.760166  
Iteration: 3 of Marquardt. ChiSquare = 30.5328, Lambda = 0.1
Failed bounds check.

Chi^2 = 30.5328 Lambda = 1
C4H9OONO2:ZPE=-44.8028  C4H9OONO2:deltaEDown:He=247.567  C4H9OONO2:deltaEDownTExponent:He=1.11193  R1:preExponential=1.08661e-11  R1:nInfinity=-0.760166  
Iteration: 4 of Marquardt. ChiSquare = 30.5328, Lambda = 1
In FastLaplaceConvolution: 15840 values in the FFT convolution routine were replaced by standard convolution
In FastLaplaceConvolution: 15860 values in the FFT convolution routine were replaced by standard convolution

Chi^2 = 30.2127 Lambda = 0.1
C4H9OONO2:ZPE=-44.793  C4H9OONO2:deltaEDown:He=243.933  C4H9OONO2:deltaEDownTExponent:He=1.20199  R1:preExponential=1.08855e-11  R1:nInfinity=-0.792484  
Iteration: 5 of Marquardt. ChiSquare = 30.2127, Lambda = 0.1
Failed bounds check.

Chi^2 = 30.2127 Lambda = 1
C4H9OONO2:ZPE=-44.793  C4H9OONO2:deltaEDown:He=243.933  C4H9OONO2:deltaEDownTExponent:He=1.20199  R1:preExponential=1.08855e-11  R1:nInfinity=-0.792484  
Iteration: 6 of Marquardt. ChiSquare = 30.2127, Lambda = 1
In FastLaplaceConvolution: 15740 values in the FFT convolution routine were replaced by standard convolution

Chi^2 = 30.0032 Lambda = 0.1
C4H9OONO2:ZPE=-44.7914  C4H9OONO2:deltaEDown:He=239.922  C4H9OONO2:deltaEDownTExponent:He=1.29914  R1:preExponential=1.08892e-11  R1:nInfinity=-0.816465  
Iteration: 7 of Marquardt. ChiSquare = 30.0032, Lambda = 0.1
Failed bounds check.

Chi^2 = 30.0032 Lambda = 1
C4H9OONO2:ZPE=-44.7914  C4H9OONO2:deltaEDown:He=239.922  C4H9OONO2:deltaEDownTExponent:He=1.29914  R1:preExponential=1.08892e-11  R1:nInfinity=-0.816465  
Iteration: 8 of Marquardt. ChiSquare = 30.0032, Lambda = 1
In FastLaplaceConvolution: 15640 values in the FFT convolution routine were replaced by standard convolution

Chi^2 = 29.8113 Lambda = 0.1
C4H9OONO2:ZPE=-44.7933  C4H9OONO2:deltaEDown:He=236.429  C4H9OONO2:deltaEDownTExponent:He=1.39305  R1:preExponential=1.08946e-11  R1:nInfinity=-0.839528  
Iteration: 9 of Marquardt. ChiSquare = 29.8113, Lambda = 0.1
Failed bounds check.

Chi^2 = 29.8113 Lambda = 1
C4H9OONO2:ZPE=-44.7933  C4H9OONO2:deltaEDown:He=236.429  C4H9OONO2:deltaEDownTExponent:He=1.39305  R1:preExponential=1.08946e-11  R1:nInfinity=-0.839528  
Iteration: 10 of Marquardt. ChiSquare = 29.8113, Lambda = 1
In FastLaplaceConvolution: 15580 values in the FFT convolution routine were replaced by standard convolution
In FastLaplaceConvolution: 15560 values in the FFT convolution routine were replaced by standard convolution

Chi^2 = 29.6433 Lambda = 0.1
C4H9OONO2:ZPE=-44.7972  C4H9OONO2:deltaEDown:He=233.008  C4H9OONO2:deltaEDownTExponent:He=1.4863  R1:preExponential=1.08954e-11  R1:nInfinity=-0.859394  
Iteration: 11 of Marquardt. ChiSquare = 29.6433, Lambda = 0.1
Failed bounds check.

Chi^2 = 29.6433 Lambda = 1
C4H9OONO2:ZPE=-44.7972  C4H9OONO2:deltaEDown:He=233.008  C4H9OONO2:deltaEDownTExponent:He=1.4863  R1:preExponential=1.08954e-11  R1:nInfinity=-0.859394  
Iteration: 12 of Marquardt. ChiSquare = 29.6433, Lambda = 1
Failed bounds check.

Chi^2 = 29.6433 Lambda = 10
C4H9OONO2:ZPE=-44.7972  C4H9OONO2:deltaEDown:He=233.008  C4H9OONO2:deltaEDownTExponent:He=1.4863  R1:preExponential=1.08954e-11  R1:nInfinity=-0.859394  
Iteration: 13 of Marquardt. ChiSquare = 29.6433, Lambda = 10
In FastLaplaceConvolution: 15540 values in the FFT convolution routine were replaced by standard convolution

Chi^2 = 29.6259 Lambda = 1
C4H9OONO2:ZPE=-44.7976  C4H9OONO2:deltaEDown:He=232.596  C4H9OONO2:deltaEDownTExponent:He=1.49574  R1:preExponential=1.0894e-11  R1:nInfinity=-0.860765  
Iteration: 14 of Marquardt. ChiSquare = 29.6259, Lambda = 1
Failed bounds check.

Chi^2 = 29.6259 Lambda = 10
C4H9OONO2:ZPE=-44.7976  C4H9OONO2:deltaEDown:He=232.596  C4H9OONO2:deltaEDownTExponent:He=1.49574  R1:preExponential=1.0894e-11  R1:nInfinity=-0.860765  
Iteration: 15 of Marquardt. ChiSquare = 29.6259, Lambda = 10
Failed bounds check.

Chi^2 = 29.6259 Lambda = 100
C4H9OONO2:ZPE=-44.7976  C4H9OONO2:deltaEDown:He=232.596  C4H9OONO2:deltaEDownTExponent:He=1.49574  R1:preExponential=1.0894e-11  R1:nInfinity=-0.860765  
Iteration: 16 of Marquardt. ChiSquare = 29.6259, Lambda = 100
In FastLaplaceConvolution: 15600 values in the FFT convolution routine were replaced by standard convolution

Chi^2 = 29.6242 Lambda = 10
C4H9OONO2:ZPE=-44.7977  C4H9OONO2:deltaEDown:He=232.554  C4H9OONO2:deltaEDownTExponent:He=1.49669  R1:preExponential=1.08938e-11  R1:nInfinity=-0.860894  
Iteration: 17 of Marquardt. ChiSquare = 29.6242, Lambda = 10
Failed bounds check.

Chi^2 = 29.6242 Lambda = 100
C4H9OONO2:ZPE=-44.7977  C4H9OONO2:deltaEDown:He=232.554  C4H9OONO2:deltaEDownTExponent:He=1.49669  R1:preExponential=1.08938e-11  R1:nInfinity=-0.860894  
Iteration: 18 of Marquardt. ChiSquare = 29.6242, Lambda = 100

Chi^2 = 29.6225 Lambda = 10
C4H9OONO2:ZPE=-44.7977  C4H9OONO2:deltaEDown:He=232.512  C4H9OONO2:deltaEDownTExponent:He=1.49763  R1:preExponential=1.08937e-11  R1:nInfinity=-0.861024  
Iteration: 19 of Marquardt. ChiSquare = 29.6225, Lambda = 10
Failed bounds check.

Chi^2 = 29.6225 Lambda = 100
C4H9OONO2:ZPE=-44.7977  C4H9OONO2:deltaEDown:He=232.512  C4H9OONO2:deltaEDownTExponent:He=1.49763  R1:preExponential=1.08937e-11  R1:nInfinity=-0.861024  
Iteration: 20 of Marquardt. ChiSquare = 29.6225, Lambda = 100
Number of cells = 50000, Number of grains = 319
In mesmer::CollisionOperator::timeEvolution: No population was assigned. Initialize the first source term to 1.0.
Number of cells = 50000, Number of grains = 389
Number of cells = 50000, Number of grains = 328

    Temperature  Concentration    Exp. Coeff.    Cal. Coeff.

            241    4.00684e+18       1.16e-11    1.14712e-11
            268    3.60317e+18       1.07e-11    9.55059e-12
            293    3.29573e+18       6.49e-12    7.91674e-12
            316    3.05585e+18       7.68e-12    6.54737e-12
            341    2.83182e+18       5.48e-12    5.22113e-12
            341    2.83182e+18            342        371.072
            316    3.05585e+18           51.7        37.5367
            293    3.29573e+18            7.6        3.02315
            253    2.29027e+19         0.0133      0.0127342
            253    2.29027e+19         0.0133      0.0127342


Chi^2 = 29.6225

Best fit parameters:

C4H9OONO2:ZPE = -44.7977 +/- 0.290267
C4H9OONO2:deltaEDown:He = 232.512 +/- 121.88
C4H9OONO2:deltaEDownTExponent:He = 1.49763 +/- 2.33162
R1:preExponential = 1.08937e-11 +/- 2.90667e-12
R1:nInfinity = -0.861024 +/- 0.807165

Correlation coefficients:

C4H9OONO2:deltaEDown:He , C4H9OONO2:ZPE = 0.739156
C4H9OONO2:deltaEDownTExponent:He , C4H9OONO2:ZPE = -0.638142
C4H9OONO2:deltaEDownTExponent:He , C4H9OONO2:deltaEDown:He = -0.707201
R1:preExponential , C4H9OONO2:ZPE = -0.590084
R1:preExponential , C4H9OONO2:deltaEDown:He = -0.833543
R1:preExponential , C4H9OONO2:deltaEDownTExponent:He = 0.251081
R1:nInfinity , C4H9OONO2:ZPE = -0.20254
R1:nInfinity , C4H9OONO2:deltaEDown:He = -0.370324
R1:nInfinity , C4H9OONO2:deltaEDownTExponent:He = -0.329216
R1:nInfinity , R1:preExponential = 0.813546

Goodness of Fit:

Number of degrees of Freedom = 5
Chi^2 probability = 1.74992e-05


--Execute calcMethod analyticalRepresentation
In C4H9OO: To mix thermodynamic and computational energies the molecule needs chemical structure (an atomList at least)
In C4H9OO: Missing thermo data for atoms
In C4H9OONO2: energy cannot be converted from arbitrary to thermodynamic298K
enthalpy of formation at 298K:enthalpy of formation at 298K:Restricted thermo output for C4H9OONO2 because it has arbitrary energy data.
In He: The default value of me:DOSCMethod was used.
In He: The default value of the attribute spinMultiplicity was used.
gDensityOfStates initialization failed.
Restricted thermo output for He because it has arbitrary energy data.
In N2: Cannot find me:vibFreqs or me:hessian. Assuming an atom or a sink molecule.
In N2: No rotational constants from <me:rotConsts> or structure. Assuming an atom or a sink molecule.
In N2: The default value of me:DOSCMethod was used.
In N2: The default value of the attribute spinMultiplicity was used.
gDensityOfStates initialization failed.
Restricted thermo output for N2 because it has arbitrary energy data.
In NO2: To mix thermodynamic and computational energies the molecule needs chemical structure (an atomList at least)
In NO2: Missing thermo data for atoms
enthalpy of formation at 298K:
Bath gas is N2
WARNING: concentration of excess species is greater than bath gas concentration for reaction R1

WARNING: Chemically significant eigenvalues (CSE) not well separated from internal energy relaxation eigenvals (IEREs).

The last CSE = -837.971 and the first IERE = -8066.66
(last CSE)/(first IERE) ratio = 0.103881, which is less than an order of magnitude

Results obtained from Bartis Widom eigenvalue-vector analysis may be unreliable

species(name = "C4H9OO",
        atoms = "",
        thermo = (
            NASA( [   175.000, 400.000], [  7.6026572e+00,   5.1811203e-03, 
                       4.6054088e-05,   8.9560923e-08,  -1.9561826e-10, 
                      -2.9886188e+03,  -2.9212280e+00] ),
            NASA( [   400.000, 400.000], [  7.6026572e+00,   5.1811203e-03, 
                       4.6054088e-05,   8.9560923e-08,  -1.9561826e-10, 
                      -2.9886188e+03,  -2.9212280e+00] ) ) )

species(name = "C4H9OONO2",
        atoms = " C:4   H:9   N:1   O:4  ",
        thermo = (
            NASA( [   175.000, 400.000], [  1.0718164e+01,  -1.7999381e-02, 
                       2.6169317e-04,  -3.9015347e-07,   1.6637811e-10, 
                      -3.3960325e+02,  -1.1273034e+01] ),
            NASA( [   400.000, 400.000], [  1.0718164e+01,  -1.7999381e-02, 
                       2.6169317e-04,  -3.9015347e-07,   1.6637811e-10, 
                      -3.3960325e+02,  -1.1273034e+01] ) ) )

species(name = "He",
        atoms = "He:1  ",
        thermo = (
            NASA( [   175.000, 400.000], [  2.5000000e+00,   6.4423898e-10, 
                      -3.4860983e-12,   8.2206974e-15,  -7.1358324e-18, 
                       2.3254235e-06,   9.4266356e-01] ),
            NASA( [   400.000, 400.000], [  2.5000000e+00,   6.4423898e-10, 
                      -3.4860983e-12,   8.2206974e-15,  -7.1358324e-18, 
                       2.3254235e-06,   9.4266356e-01] ) ) )

species(name = "N2",
        atoms = "",
        thermo = (
            NASA( [   175.000, 400.000], [  2.5000000e+00,   6.4423898e-10, 
                      -3.4860983e-12,   8.2206974e-15,  -7.1358324e-18, 
                       2.3254235e-06,   3.8466033e+00] ),
            NASA( [   400.000, 400.000], [  2.5000000e+00,   6.4423898e-10, 
                      -3.4860983e-12,   8.2206974e-15,  -7.1358324e-18, 
                       2.3254235e-06,   3.8466033e+00] ) ) )

species(name = "NO2",
        atoms = "",
        thermo = (
            NASA( [   175.000, 400.000], [  4.2669502e+00,  -5.4167013e-03, 
                       3.2765596e-05,  -4.9487539e-08,   2.6916077e-11, 
                      -1.2358252e+03,   5.1061119e+00] ),
            NASA( [   400.000, 400.000], [  4.2669502e+00,  -5.4167013e-03, 
                       3.2765596e-05,  -4.9487539e-08,   2.6916077e-11, 
                      -1.2358252e+03,   5.1061119e+00] ) ) )
units(length = 'cm', quantity = 'molecule')

chebyshev_reaction('C4H9OO + NO2 => C4H9OONO2',
                   Tmin=   175, Tmax=   400,
                   Pmin=( 1e+14, 'PPCC'), Pmax=( 1e+25, 'PPCC'), 
                   coeffs=[[      -11.4466,      0.923092,     -0.529155,      0.176159,   -0.00584215,      -0.02116,    0.00505357,    0.00255461],
                           [     -0.523519,      0.576004,     -0.242118,    -0.0032387,      0.058982,    -0.0171899,    -0.0117016,    0.00725497],
                           [     -0.109272,      0.135578,    -0.0346264,     -0.022034,     0.0157915,    0.00504518,   -0.00706673,  -0.000624427],
                           [    -0.0247719,     0.0300705,   -0.00292321,    -0.0079596,    0.00190501,    0.00330871,   -0.00103918,    -0.0016149],
                           [   -0.00575325,    0.00668074,    0.00022532,   -0.00204133,  -0.000158075,    0.00102008,   0.000120882,  -0.000614757],
                           [   -0.00129029,    0.00139303,   0.000259398,  -0.000468015,  -0.000158982,   0.000221526,    0.00010884,  -0.000123343],
                           [  -0.000249661,   0.000220861,   0.000134247,  -0.000104767,    -6.136e-05,    3.5062e-05,    3.7894e-05,  -5.25642e-06],
                           [  -2.62544e-05,  -5.83796e-06,   6.40717e-05,  -2.42796e-05,  -2.22268e-05,   4.26713e-06,   1.11054e-05,   5.99164e-06],
                           [   1.01084e-05,  -2.87935e-05,   2.87969e-05,  -5.52009e-06,  -8.95448e-06,   1.00781e-06,   3.43186e-06,   2.42551e-06],
                           [   9.33392e-06,  -1.79034e-05,   1.14981e-05,  -6.36985e-07,  -3.87939e-06,   5.67981e-07,   1.24805e-06,   4.07623e-07]])

chebyshev_reaction(' => C4H9OO + NO2',
                   Tmin=   175, Tmax=   400,
                   Pmin=( 1e+14, 'PPCC'), Pmax=( 1e+25, 'PPCC'), 
                   coeffs=[[      -3.20034,      0.923092,     -0.529155,      0.176159,   -0.00584215,      -0.02116,    0.00505357,    0.00255461],
                           [       7.13916,      0.576004,     -0.242118,    -0.0032387,      0.058982,    -0.0171899,    -0.0117016,    0.00725497],
                           [     -0.137955,      0.135578,    -0.0346264,     -0.022034,     0.0157915,    0.00504518,   -0.00706673,  -0.000624427],
                           [    -0.0328957,     0.0300705,   -0.00292321,    -0.0079596,    0.00190501,    0.00330871,   -0.00103918,    -0.0016149],
                           [   -0.00749559,    0.00668074,    0.00022532,   -0.00204133,  -0.000158075,    0.00102008,   0.000120882,  -0.000614757],
                           [   -0.00161328,    0.00139303,   0.000259398,  -0.000468015,  -0.000158982,   0.000221526,    0.00010884,  -0.000123343],
                           [  -0.000304386,   0.000220861,   0.000134247,  -0.000104767,    -6.136e-05,    3.5062e-05,    3.7894e-05,  -5.25642e-06],
                           [  -3.53088e-05,  -5.83796e-06,   6.40717e-05,  -2.42796e-05,  -2.22268e-05,   4.26713e-06,   1.11054e-05,   5.99164e-06],
                           [   8.53216e-06,  -2.87935e-05,   2.87969e-05,  -5.52009e-06,  -8.95448e-06,   1.00781e-06,   3.43186e-06,   2.42551e-06],
                           [   9.03246e-06,  -1.79034e-05,   1.14981e-05,  -6.36985e-07,  -3.87939e-06,   5.67981e-07,   1.24805e-06,   4.07623e-07]])


 -- Total time elapsed: 1632 seconds.

System saved to mesmer_out.xml
Total time elapsed: 1632 seconds.
