
            /|      /|                        \   
           / |     / | ________________________\  
          /  |    /  |  _   _             _   _   
         /   |   /   | / \ / \ |\     /| / \ / \  
        /    |  /    | \_/ \_  | \   / | \_/ |_/  
       /     | /     | /     \ |  \ /  | /   | \  
    \_/      |/      | \_/ \_/ |   V   | \_/ |  \ 

     Mesmer: Master Equation Solver for Multi-Energy well Reactions
     Mesmer v7.2 compiled: -- Aug 19 2025 -- 23:04:05

     Copyright (C) 2009-2025 by
     Struan H. Robertson, Chris Morley, Chi-Hsiu Liang,
     David R. Glowacki, Michael J. Pilling and contributors

     Mesmer is free software: you can redistribute it and/or modify
     it under the terms of the GNU Public License as published by
     the Free Software Foundation, either version 2 of the License,
     or (at your option) any later version.

     But WITHOUT ANY WARRANTY; without even the implied warranty of
     MERCHANTABILITY or FITNESS FOR A PARTICULAR PURPOSE.  See the
     GNU Public License for more details.

    You should have received a copy of the GNU Public License
    along with Mesmer.  If not, see <http://www.gnu.org/licenses/>.

                     Platform:        Linux
                     Execution Date:  Tue Aug 19 23:07:02 2025
                     Number of ranks: 12

defaults.xml, librarymols.xml are in ../..

Parsing input xml file...
HSO2.xml

The default value of me:calcMethod was used.
--Parse data for simpleCalc
Energy convention "" written to <moleculeList>
In He: He copied from ../../librarymols.xml
In R1: Parsing reaction...Association reaction
In H: The default value of me:DOSCMethod was used.
In SO2: The default value of the attribute spinMultiplicity was used.
In HSO2: The default value of me:DistributionCalcMethod was used.
In HSO2: --Parse data for Boltzmann
In HSO2: --Parse data for ExponentialDown
In TS1: No imaginary vibrational frequency. Check if there is tunneling.
The default value of me:DOSCMethod was used.
In R1: --Parse data for RRKM
In R1: No tunneling method used for R1
In R2: Parsing reaction...Association reaction
In HOSO: No lennard-Jones parameters found for HOSO.
In HOSO: An attempt to calculate parameters will be made. If this fails
In HOSO: default parameters will be used
In HOSO: The default value of me:DistributionCalcMethod was used.
In HOSO: --Parse data for Boltzmann
In HOSO: --Parse data for ExponentialDown
In TS2: No imaginary vibrational frequency. Check if there is tunneling.
The default value of me:DOSCMethod was used.
In R2: --Parse data for RRKM
In R2: No tunneling method used for R2
In R4: Parsing reaction...Isomerization reaction
In TS4: No imaginary vibrational frequency. Check if there is tunneling.
The default value of me:DOSCMethod was used.
In R4: --Parse data for RRKM
In R4: No tunneling method used for R4
In R6: Parsing reaction...Irreversible unimolecular reaction
In R6: --Parse data for MesmerILT
In OH: The default value of me:DOSCMethod was used.
In SO: The default value of me:DOSCMethod was used.
In R6: No tunneling method used for R6
3.37e+18PPCC, 295K at qd precision with He
Excess Reactant Conc. for reaction R1 = 1e+14 particles per cc
Excess Reactant Conc. for reaction R2 = 1e+14 particles per cc
The default value of the attribute Tstep was used.
The default value of the attribute Tmin was used.
The default value of the attribute Tmax was used.
--Parse data for ThermodynamicTable
The default value of me:ForceMacroDetailedBalance was used.
Write metadata 20250819_230702

File: "HSO2.xml" successfully parsed.
Main Calculation begins
Now calculating...

--Execute calcMethod simpleCalc
Number of cells = 50000, Number of grains = 263
Number of grains produced is not equal to that requested for: H
Number of grains requested: 500
Number of grains produced : 1
In FastLaplaceConvolution: 20 values in the FFT convolution routine were replaced by standard convolution
In FastLaplaceConvolution: 40 values in the FFT convolution routine were replaced by standard convolution

    Temperature  Concentration    Exp. Coeff.    Cal. Coeff.



--Execute calcMethod ThermodynamicTable
In He: The default value of me:DOSCMethod was used.
In He: The default value of the attribute spinMultiplicity was used.
gDensityOfStates initialization failed.
 -- Total time elapsed: 30 seconds.

System saved to mesmer_out.xml
Total time elapsed: 30 seconds.
