
            /|      /|                        \   
           / |     / | ________________________\  
          /  |    /  |  _   _             _   _   
         /   |   /   | / \ / \ |\     /| / \ / \  
        /    |  /    | \_/ \_  | \   / | \_/ |_/  
       /     | /     | /     \ |  \ /  | /   | \  
    \_/      |/      | \_/ \_/ |   V   | \_/ |  \ 

     Mesmer: Master Equation Solver for Multi-Energy well Reactions
     Mesmer v0.3 compiled: -- Nov  6 2011 -- 16:43:02

     Copyright (C) 2009-2012 by
     Struan H. Robertson, David R. Glowacki, Chi-Hsiu Liang,
     Chris Morley, Michael J. Pilling and contributors

     Mesmer is free software: you can redistribute it and/or modify
     it under the terms of the GNU Lesser Public License as published by
     the Free Software Foundation, either version 3 of the License, or
     (at your option) any later version.

     But WITHOUT ANY WARRANTY; without even the implied warranty of
     MERCHANTABILITY or FITNESS FOR A PARTICULAR PURPOSE.  See the
     GNU Lesser Public License for more details.

    You should have received a copy of the GNU Lesser Public License
    along with Mesmer.  If not, see <http://www.gnu.org/licenses/>.

Parsing input xml file...
HSO2_test.xml

In R1: Parsing reaction...
In H: Cannot find argument me:vibFreqs. Assumes that it is an atom or atomic ion.
In H: No rotational constants from <me:rotConsts> or structure.Assuming to be an atom or atomic ion.
In H: The default value of me:symmetryNumber was used.
In H: The default value of me:frequenciesScaleFactor was used.
In H: The default value of me:DOSCMethod was used.
In SO2: The default value of me:frequenciesScaleFactor was used.
In SO2: The default value of spinMultiplicity (or one of its attributes) was used.
In HSO2: The default value of me:symmetryNumber was used.
In HSO2: The default value of me:frequenciesScaleFactor was used.
In HSO2: The default value of me:DistributionCalcMethod was used.
In HSO2: The default value of me:energyTransferModel was used.
In TS1: The default value of me:symmetryNumber was used.
In TS1: The default value of me:frequenciesScaleFactor was used.
In R1: No imaginary vibrational frequency. Check if there is tunneling.
No tunneling method was found for R1
In R1: No crossing method was found for R1
In R1: Not a unimolecular reaction: look for excess reactant concentration.
All molecules are on the same energy basis: arbitary
1e+08Torr, 200K at double precision
1e+08Torr, 200K at dd precision
1e+08Torr, 200K at qd precision
The default value of me:calcMethod was used.
Write metadata 20111106_165114

File: "HSO2_test.xml" successfully parsed.
Calculate EGME
Rotational constants were not defined but requested.
Number of grains produced is not equal to that requested
Number of grains requested: 92
Number of grains produced : 1

Finish Calculation -- Time elapsed: 0 seconds.
 -- Total time elapsed: 4 seconds.

System saved to out.xml
