
            /|      /|                        \   
           / |     / | ________________________\  
          /  |    /  |  _   _             _   _   
         /   |   /   | / \ / \ |\     /| / \ / \  
        /    |  /    | \_/ \_  | \   / | \_/ |_/  
       /     | /     | /     \ |  \ /  | /   | \  
    \_/      |/      | \_/ \_/ |   V   | \_/ |  \ 

     Mesmer: Master Equation Solver for Multi-Energy well Reactions
     Mesmer v7.1 compiled: -- May 21 2023 -- 13:02:07

     Copyright (C) 2009-2022 by
     Struan H. Robertson, Chris Morley, Chi-Hsiu Liang,
     David R. Glowacki, Michael J. Pilling and contributors

     Mesmer is free software: you can redistribute it and/or modify
     it under the terms of the GNU Public License as published by
     the Free Software Foundation, either version 2 of the License,
     or (at your option) any later version.

     But WITHOUT ANY WARRANTY; without even the implied warranty of
     MERCHANTABILITY or FITNESS FOR A PARTICULAR PURPOSE.  See the
     GNU Public License for more details.

    You should have received a copy of the GNU Public License
    along with Mesmer.  If not, see <http://www.gnu.org/licenses/>.

                     Platform:        Windows64
                     Execution Date:  Sun May 21 14:28:06 2023
                     Number of ranks: 4

defaults.xml, librarymols.xml are in ../..

Parsing input xml file...
reservoirSinkAcetylO2.xml

The default value of me:calcMethod was used.
--Parse data for simpleCalc
Energy convention "" written to <moleculeList>
In R1: Parsing reaction...Association reaction
In Int1: The default value of me:DistributionCalcMethod was used.
In Int1: --Parse data for Boltzmann
In Int1: --Parse data for ExponentialDown
In R1: --Parse data for MesmerILT
In R1: No tunneling method used for R1
In R2: Parsing reaction...Isomerization reaction
In Int2: The default value of me:DistributionCalcMethod was used.
In Int2: --Parse data for Boltzmann
In Int2: --Parse data for ExponentialDown
In R2: --Parse data for RRKM
In R2: No tunneling method used for R2
In R3: Parsing reaction...Irreversible unimolecular reaction
In R3: --Parse data for RRKM
In R3: No tunneling method used for R3
In R4: Parsing reaction...Irreversible unimolecular reaction
In R4: --Parse data for RRKM
In R4: No tunneling method used for R4
The default value of the attribute precision was used.
37.48Torr, 250K at d precision with He
Excess Reactant Conc. for reaction R1 = 2.25e+16 particles per cc
The default value of me:ForceMacroDetailedBalance was used.
Write metadata 20230521_142806

File: "reservoirSinkAcetylO2.xml" successfully parsed.
Main Calculation begins
Now calculating...

--Execute calcMethod simpleCalc
Number of cells = 50000, Number of grains = 170
In FastLaplaceConvolution: 1220 values in the FFT convolution routine were replaced by standard convolution
In FastLaplaceConvolution: 1660 values in the FFT convolution routine were replaced by standard convolution
In mesmer::CollisionOperator::timeEvolution: No population was assigned. Initialize the first source term to 1.0.
 -- Total time elapsed: 2 seconds.


    Temperature  Concentration    Exp. Coeff.    Cal. Coeff.


System saved to out.xml
Total time elapsed: 2 seconds.
