
Parsing input xml file...
Acetyl_O2_association.xml

In R1: Parsing reaction...
In Int1: The default value of me:DistributionCalcMethod was used.
In R1: ILT method chosen, look for ILT expressions
In R1: Not a unimolecular reaction: look for excess reactant concentration.
In R2: Parsing reaction...
In Int2: The default value of me:DistributionCalcMethod was used.
In R3: Parsing reaction...
In R3: No tunneling method was found for R3
In R4: Parsing reaction...
In R4: No tunneling method was found for R4
All molecules are on the same energy basis: arbitary
The default value of me:precision was used.
Write metadata

File: "Acetyl_O2_association.xml" successfully parsed.
Calculate EGME
PT Grid 0
Build Collison Operator
Cell number = 17800, Grain number = 178

20 values in the FFT convolution routine were replaced by standard convolution

40 values in the FFT convolution routine were replaced by standard convolution
Association ILT calculation completed

20 values in the FFT convolution routine were replaced by standard convolution

20 values in the FFT convolution routine were replaced by standard convolution

8420 values in the FFT convolution routine were replaced by standard convolution
In lactone: Cannot find argument me:vibFreqs. Assumes that it is an atom or atomic ion.
In lactone: Cannot find argument me:rotConsts. Assumes that it is an atom or atomic ion.

20 values in the FFT convolution routine were replaced by standard convolution

20 values in the FFT convolution routine were replaced by standard convolution
Diagonalize the Reaction Operator -- Time elapsed: 0 seconds.
In mesmer::ReactionManager::timeEvolution: No population was assigned. Initialize the first source term to 1.0.

In total, 1 temperature/concentration-pressure points calculated.
Finish Calculation -- Time elapsed: 71 seconds.
 -- Total time elapsed: 218 seconds.

System saved to out.xml
Rotational constants are provided but not used in HO_2.
m_Sym is provided but not used in HO_2.
m_scaleFactor is provided but not used in HO_2.
m_SpinMultiplicity is provided but not used in HO_2.
m_VibFreq is provided but not used in HO_2.
Rotational constants are provided but not used in OH.
m_Sym is provided but not used in OH.
m_scaleFactor is provided but not used in OH.
m_SpinMultiplicity is provided but not used in OH.
m_VibFreq is provided but not used in OH.
m_ImFreq is provided but not used in TS2.
m_ImFreq is provided but not used in TS3.
Rotational constants are provided but not used in ketene.
m_Sym is provided but not used in ketene.
m_scaleFactor is provided but not used in ketene.
m_SpinMultiplicity is provided but not used in ketene.
m_VibFreq is provided but not used in ketene.
m_Sym is provided but not used in lactone.
m_scaleFactor is provided but not used in lactone.
m_SpinMultiplicity is provided but not used in lactone.
