
Test density of states for ModelledMolecule: n-pentyl

      T           qtot           sumc           sumg
    200         108578         109151         106870
    300    1.10474e+06    1.11151e+06    1.10099e+06
    400    9.47627e+06    9.53842e+06    9.48736e+06
    500    7.51948e+07    7.57077e+07    7.54477e+07
    600    5.66229e+08     5.7019e+08    5.68828e+08
    700    4.05921e+09    4.08812e+09    4.08094e+09
    800    2.76589e+10    2.78585e+10     2.7821e+10
    900    1.78855e+11    1.80158e+11    1.79967e+11
   1000    1.09695e+12      1.105e+12    1.10405e+12
   1100    6.38269e+12    6.42983e+12    6.42526e+12
   1200    3.52646e+13    3.55264e+13    3.55051e+13
   1300    1.85246e+14    1.86627e+14    1.86532e+14
   1400    9.26633e+14    9.33541e+14     9.3313e+14
   1500    4.42132e+15     4.4536e+15    4.45189e+15
   1600    2.01585e+16    2.02884e+16    2.02815e+16
   1700    8.79861e+16    8.82784e+16     8.8252e+16
   1800    3.68307e+17    3.66373e+17    3.66275e+17
   1900    1.48122e+18    1.44561e+18    1.44527e+18
   2000    5.73328e+18     5.3994e+18    5.39823e+18
   2100    2.13937e+19    1.90079e+19    1.90042e+19
   2200    7.70854e+19    6.28712e+19      6.286e+19
   2300    2.68617e+20      1.951e+20    1.95068e+20
   2400    9.06591e+20    5.68124e+20    5.68039e+20
   2500    2.96766e+21     1.5549e+21    1.55469e+21
   2600    9.43457e+21    4.01002e+21    4.00951e+21
   2700    2.91664e+22    9.77551e+21    9.77435e+21
   2800    8.77845e+22    2.26034e+22    2.26009e+22
   2900    2.57524e+23    4.97483e+22    4.97432e+22
   3000    7.37141e+23    1.04581e+23    1.04571e+23

Collision operator column Sums

7.39992e-17
2.10522e-16
-2.2062e-17
-5.0498e-17
3.50825e-16
-2.2428e-16
-1.64364e-17
1.22939e-16
9.6839e-17
-2.10706e-17
4.24368e-17
1.02897e-16
1.47492e-17
7.25209e-17
1.64795e-16
1.73005e-16
1.08476e-16
4.21128e-17
3.81672e-18
-6.03633e-17
-1.9161e-16
3.46308e-16
-1.94272e-16
1.80968e-16
1.09276e-16
1.59333e-16
1.09204e-16
5.77138e-17
1.692e-16
8.30159e-17
8.19694e-17
2.59175e-16
1.13158e-16
-2.00773e-16
6.61861e-17
-1.82894e-17
1.96321e-16
1.22575e-16
-6.95261e-17
-1.14621e-17
-7.78248e-20
7.18283e-17
5.98481e-17
-1.08278e-16
3.38317e-17
-2.06632e-17
9.30556e-17
7.63954e-17
-5.60596e-17
-2.11281e-17
4.3477e-17
3.24163e-16
2.4093e-16
1.96061e-16
6.13592e-17
-2.0075e-16
-9.66865e-17
2.05859e-16
-2.5783e-16
-2.77769e-16
-1.04457e-16
-8.41407e-18
1.4499e-18
1.87756e-16
2.57946e-17
8.8532e-17
1.85002e-16
-4.30683e-17
-1.24255e-16
-1.20681e-16
3.43522e-17
-4.65907e-17
4.59813e-17
3.3619e-17
6.78194e-17
1.1342e-16
1.92347e-16
-1.09415e-16
4.98636e-18
3.86294e-17
-8.6728e-17
1.00878e-16
-5.27423e-17
1.61553e-16
7.45238e-17
1.26747e-16
-6.25162e-17
3.56555e-18
1.60607e-17
2.65327e-17
3.95036e-17
1.17183e-16
1.11899e-17
1.36396e-16
-1.1683e-16
-1.48571e-17
-6.94738e-17
-2.07003e-16
-6.99726e-17
-1.83175e-17
4.82858e-17
-1.35311e-16
1.9518e-17
5.45302e-18
1.41748e-16
1.28261e-16
-2.00584e-16
-5.25793e-17
1.46803e-16
-4.33223e-17
-1.84054e-16
4.18679e-17
-3.52915e-17
-2.15053e-17
-5.04773e-17
4.64085e-17
-8.74261e-17
1.31775e-16
-1.11336e-16
-4.29119e-17
-1.93709e-16
9.6527e-17
1.27135e-16
-1.16404e-16
-1.06796e-16
3.85432e-17
9.60167e-17
-4.48058e-17
-1.81748e-17
-1.22036e-16
9.6555e-17
2.75248e-16
1.27126e-16
-1.67097e-16
-5.65915e-17
-5.22052e-17
-3.94699e-18
8.05602e-17
-6.81121e-17
-5.27258e-18
1.4563e-18
8.36067e-17
2.50547e-18
8.50224e-17
7.23761e-17
1.20044e-16
-5.91813e-17
2.02445e-16
2.1598e-16
-1.71553e-17
5.00883e-17
1.84021e-16
-2.13929e-17
1.47356e-16
-6.37168e-17
-1.64333e-17
-5.19131e-17
1.38876e-16
2.49749e-17
-3.71722e-17
4.64256e-17
8.16147e-17
7.23878e-17
-5.42022e-18
3.22348e-17
1.53017e-16
-1.12089e-16
3.15046e-17
-5.24806e-17
-8.1709e-17
1.97429e-17
7.87551e-17
-2.78728e-17
2.19086e-17
-4.55136e-17
7.7754e-17
-3.18929e-17
1.60897e-16
7.11196e-17
1.14498e-16
1.15819e-16
1.75727e-16
-1.08432e-16
-9.27045e-17
-1.27709e-16
8.34934e-17
9.80758e-17
7.1315e-17
-8.40126e-17
-2.07498e-17
-1.79711e-16
2.32093e-17
-1.58277e-17
-1.04029e-16
-6.10504e-17
1.52152e-16
-1.35818e-16
-9.21483e-17
-5.81847e-17
1.95245e-16
9.29991e-17
9.92901e-17
1.31284e-16
3.5858e-17
1.44231e-16
-1.502e-16
-2.01645e-17
1.19747e-16
-6.56884e-17
1.00285e-16
1.95126e-16
6.35528e-17
9.82278e-18
-3.92943e-17
5.78915e-17
1.67799e-16
-1.1742e-16
-1.05425e-17
1.48801e-18
-2.87141e-17
6.88481e-17
-9.04651e-17
3.67504e-17
1.76914e-18
-7.3848e-17
3.87965e-17
-8.21719e-17
-2.96171e-17
-1.99079e-16
-1.27991e-17
2.85544e-17
8.10386e-17
2.39495e-17
6.09433e-17
1.72476e-16
1.57577e-16
-1.32569e-17
9.53709e-17
8.01911e-17
-1.03821e-16
-1.20851e-16
-7.06354e-17
-9.19588e-18
-6.25007e-17
-1.11527e-16
1.02751e-16
-1.37402e-16
-1.54406e-16
-8.52482e-18
-3.11704e-17
4.29011e-17
-1.34789e-16
9.27243e-18
-1.6001e-17
-3.03872e-17
1.13134e-16
-1.28085e-17
8.58896e-17
1.53191e-16
-3.04336e-17
-4.2636e-18
-6.24347e-17
1.08612e-16
-1.44229e-16
4.59476e-17
-7.80642e-17
-8.51918e-17
-4.01157e-17
-1.77318e-16
1.19304e-16
-4.09109e-17
2.08601e-17
-1.46307e-16
7.2191e-17
1.16523e-17
-1.25154e-16
1.13413e-16
-1.62389e-18
-4.68226e-18
1.06233e-16
-3.29852e-17
-7.45352e-17
-5.02279e-18
-3.11981e-17
2.05598e-17
-7.53904e-17
-1.31059e-16
3.15784e-17
1.62194e-16
9.52515e-17
-7.04022e-17
-3.47988e-17
-6.93124e-17
4.91422e-17
-3.83633e-17
2.20071e-16
1.76661e-16
-1.03778e-17
1.6564e-16
1.737e-16
-5.05146e-17
4.43358e-17
1.73774e-16
-4.11625e-18
4.09969e-17
6.88486e-17
6.03078e-17
-4.18988e-17
1.06893e-16
-1.05841e-17
1.02487e-16
-5.47404e-17
5.65061e-18
3.16422e-18
2.46863e-16
5.07296e-17
-4.56456e-17
1.05062e-16
-3.15904e-17
-1.23585e-16
2.80011e-17
-1.10172e-16
6.73082e-17
9.21404e-17
-1.42801e-17
-4.05567e-17
3.54563e-17
-1.09296e-16
7.87437e-17
-8.75857e-17
-3.85915e-17
-4.928e-17
1.31653e-16
-1.49607e-16
6.54693e-17
1.01699e-16
-5.03863e-17
8.33528e-17
-5.53157e-17
-3.18113e-16
1.3662e-16
1.22672e-16
4.54642e-17
-1.14224e-16
-1.47256e-16
2.09181e-17
8.90028e-17
7.26414e-17
-9.28423e-17
-5.80497e-17
-3.06742e-17
3.39632e-17
-1.05914e-17
6.9324e-18
2.18514e-16
9.89689e-17
2.15368e-17
9.10152e-17
-7.218e-17
3.53091e-16
-1.14332e-17
1.87375e-16
1.396e-16
-2.79325e-17
-7.87443e-17
1.13898e-16
-2.44511e-16
5.98793e-17
-1.70763e-16
-7.42362e-17
-5.40978e-17
5.6888e-17
6.48942e-17
5.45716e-17
-1.71832e-17
1.34938e-16
-6.6322e-17
1.09501e-16
2.61982e-16
1.10743e-16
1.95366e-16
-1.96155e-17
6.63287e-17
8.8361e-17
4.54122e-17
-2.10149e-17
-1.52012e-16
-4.7222e-17
-5.23913e-17
2.18268e-16
4.64834e-17
6.54196e-17
1.40729e-17
-2.0976e-16
1.82252e-16
-2.02615e-17
-2.52689e-17
1.9667e-17
7.77705e-18
1.71434e-16
1.21139e-16
2.74493e-18
-1.71273e-16
-6.69529e-17
-1.20155e-16
-7.40266e-17
6.20761e-17
4.10867e-16
-2.47667e-17
6.11177e-17
1.19723e-16
6.25701e-17
1.13632e-16
-1.14096e-16
-1.06262e-16
8.48939e-18
1.14655e-16
-1.7771e-16
-1.44741e-16
-8.89999e-17
-8.97231e-17
-2.10003e-16
-4.25362e-17
-2.71179e-17
6.7582e-17
-6.24926e-17
8.5175e-17
-1.15008e-16
2.35623e-16
2.20772e-16
1.22727e-16
-6.75093e-17
-8.25266e-18
-8.57648e-18
-1.13775e-16
-1.43681e-16
2.81514e-16
-3.31648e-18
4.36241e-17
1.4062e-16
6.44459e-17
-1.25862e-16
-1.25779e-16
7.49347e-17
1.74301e-16
1.75321e-16
1.09618e-17
1.53831e-16
1.06236e-17
-2.348e-17
1.38881e-16
-7.49213e-17
4.47592e-17
1.0413e-16
1.5794e-16
-1.19682e-16
-2.17468e-17
6.30793e-17
2.31018e-16
9.7384e-17
1.60252e-16
-7.73614e-17
1.23289e-17
-2.7068e-17
1.37802e-16
-6.08515e-17
7.0131e-18
1.14245e-16
-1.26091e-17
-1.28187e-16
-8.46383e-17
-5.2019e-17
8.4283e-17
3.17101e-17
1.87399e-16
-1.21934e-16
-4.5065e-17
-6.53555e-17
1.15911e-16
1.24066e-16
8.47762e-17
7.36153e-17
-1.31409e-16
-2.09326e-17
3.52346e-17
2.41161e-17
1.55153e-16
-9.7564e-17
3.6456e-17
-2.22906e-17
1.23725e-16
5.48813e-17
5.96078e-18
2.1088e-16
-5.28032e-17
-1.03646e-16
2.83112e-17
2.73761e-18
-1.11402e-16
4.28802e-17
-4.13081e-17
3.25261e-17
-5.55112e-17
-1.26635e-16
1.73472e-17
1.80411e-16
1.38778e-16
-1.11022e-16

Test density of states for ModelledMolecule: 2-pentyl

      T           qtot           sumc           sumg
    200         453970         457699         448141
    300    4.50294e+06    4.54484e+06    4.50186e+06
    400    3.74435e+07     3.7816e+07    3.76136e+07
    500    2.88352e+08    2.91346e+08    2.90346e+08
    600    2.11411e+09    2.13674e+09    2.13164e+09
    700    1.48102e+10    1.49723e+10     1.4946e+10
    800    9.89502e+10    1.00053e+11    9.99181e+10
    900    6.29271e+11    6.36382e+11    6.35705e+11
   1000     3.8051e+12    3.84859e+12    3.84528e+12
   1100    2.18744e+13    2.21268e+13     2.2111e+13
   1200    1.19611e+14    1.21002e+14     1.2093e+14
   1300    6.22729e+14    6.30022e+14    6.29701e+14
   1400    3.09092e+15    3.12727e+15    3.12589e+15
   1500    1.46484e+16     1.4819e+16    1.48133e+16
   1600    6.63909e+16    6.71115e+16    6.70889e+16
   1700    2.88256e+17    2.90516e+17    2.90429e+17
   1800      1.201e+18    1.20035e+18    1.20003e+18
   1900    4.80992e+18    4.71842e+18    4.71729e+18
   2000    1.85477e+19    1.75681e+19    1.75643e+19
   2100    6.89766e+19    6.16878e+19    6.16758e+19
   2200    2.47774e+20    2.03619e+20    2.03583e+20
   2300    8.61004e+20     6.3082e+20    6.30717e+20
   2400    2.89852e+21     1.8345e+21    1.83423e+21
   2500    9.46597e+21    5.01555e+21    5.01486e+21
   2600     3.0029e+22    1.29238e+22    1.29222e+22
   2700    9.26493e+22    3.14834e+22    3.14797e+22
   2800    2.78344e+23     7.2756e+22     7.2748e+22
   2900    8.15165e+23    1.60054e+23    1.60038e+23
   3000    2.32966e+24    3.36334e+23    3.36301e+23

Collision operator column Sums

3.52918e-16
1.07625e-16
8.04382e-17
3.05618e-16
1.99514e-16
3.67441e-17
1.62815e-16
-5.96647e-17
2.7215e-16
1.11555e-16
-1.61569e-17
-5.16228e-17
1.3756e-16
-6.02783e-17
-8.96098e-17
6.11161e-17
-7.7892e-17
6.21191e-17
-1.31738e-16
2.49738e-17
-9.32068e-18
5.22501e-17
5.92773e-17
1.40863e-16
1.93006e-16
8.16999e-17
7.93332e-17
1.78624e-16
1.41211e-16
5.55479e-17
1.3981e-17
-2.09725e-16
2.69347e-16
-1.24761e-16
-5.80539e-18
-2.62804e-17
1.74885e-16
4.0381e-17
-2.70995e-17
2.25423e-16
8.69399e-17
-1.00387e-16
2.8264e-17
1.35118e-16
2.30984e-16
-1.01915e-16
2.4439e-16
-1.90535e-16
-7.57218e-17
1.16817e-18
-8.78873e-17
1.65978e-16
2.98203e-17
1.17645e-16
1.60869e-16
-4.66951e-17
-7.47817e-17
-7.5388e-17
-2.05483e-16
1.50939e-16
9.85075e-17
-2.01827e-16
1.02869e-17
1.6958e-16
1.90449e-16
1.70423e-16
1.11079e-17
-6.74023e-17
8.56776e-17
-1.1739e-16
-1.21683e-17
-1.01463e-17
1.84007e-16
1.25309e-16
1.63123e-16
-1.53175e-16
2.56362e-18
1.11326e-16
-6.42907e-17
9.13206e-17
9.56795e-17
8.77053e-17
1.10822e-16
5.55142e-17
-8.63007e-17
4.60309e-17
-5.65642e-18
-6.02723e-17
1.81026e-16
-8.72744e-18
1.06698e-16
-1.61726e-16
-7.28104e-17
7.22877e-17
1.51582e-16
1.53443e-16
2.11624e-17
5.4645e-17
2.15605e-16
-1.07953e-16
1.0978e-16
3.70377e-18
6.61511e-17
1.08171e-16
9.51665e-17
1.24626e-16
8.99578e-17
-1.35022e-17
9.73832e-17
-4.09683e-18
7.3962e-17
1.17114e-16
-1.80181e-16
3.17214e-17
-9.9904e-18
-4.23683e-17
9.6111e-17
-1.25709e-16
1.55413e-16
-7.91349e-17
-1.14666e-16
4.77938e-17
-3.93192e-18
1.16123e-16
3.95801e-17
-5.68896e-17
-1.53396e-16
-8.18027e-17
-2.91951e-17
-9.45955e-17
3.37816e-18
-3.93493e-17
-1.00729e-16
8.60568e-17
2.18828e-17
9.09538e-17
4.02221e-17
8.92836e-17
7.93267e-17
8.67347e-17
-1.46313e-17
-1.66464e-16
-1.6857e-16
4.22032e-17
-4.85524e-17
1.62641e-16
2.498e-17
1.06587e-16
1.03087e-16
-1.42218e-18
-4.3344e-17
-7.76099e-17
8.32222e-17
-2.7749e-17
2.58241e-17
4.91163e-17
-8.36227e-18
-1.04437e-16
-3.76719e-18
3.71255e-17
-3.02281e-17
-2.45157e-17
1.21633e-17
1.25746e-16
9.29833e-17
-5.91682e-17
-3.28704e-17
1.01644e-16
-4.53992e-17
1.18969e-17
-6.38103e-17
-4.31037e-17
-6.45325e-17
3.39964e-17
4.22163e-17
-5.26385e-17
1.965e-16
-8.74035e-18
4.45692e-17
5.24029e-17
-5.48237e-17
8.82525e-17
-6.32639e-17
9.42775e-17
-1.63768e-16
1.51551e-17
8.32776e-17
-4.60765e-17
5.84947e-18
3.78091e-18
3.09191e-17
-1.28372e-17
7.52511e-17
1.53206e-16
-1.6101e-16
1.52141e-16
-1.56292e-16
-5.2164e-17
6.55914e-17
4.81872e-17
6.94824e-17
9.92551e-17
1.37885e-16
1.751e-16
1.33399e-16
1.22104e-16
3.29151e-17
-5.31798e-17
1.06106e-16
9.58459e-17
3.48917e-17
7.34757e-17
5.09537e-17
1.53599e-17
9.30721e-17
2.39406e-16
3.77784e-17
-1.44226e-16
2.16269e-16
-7.36319e-17
-5.10501e-17
1.77467e-16
1.08769e-16
3.31741e-17
-6.33495e-18
-1.45653e-16
6.27087e-17
-1.08274e-16
-8.12654e-17
7.67454e-17
-4.21903e-17
-1.5557e-16
-7.28797e-17
1.49774e-17
-2.80583e-17
-9.96054e-17
-7.48602e-17
1.87444e-17
-3.90237e-17
6.81476e-17
-4.69058e-17
-1.14461e-16
-1.59292e-16
5.69466e-17
-1.03927e-16
-5.00049e-17
2.63472e-16
3.26845e-17
-1.17071e-16
1.8077e-16
7.46402e-18
-1.70355e-16
7.7758e-17
-9.38814e-18
1.21718e-16
2.56328e-16
-2.95899e-17
-1.12787e-17
9.01959e-17
-1.05678e-16
1.24125e-16
-2.20388e-17
2.3179e-17
-1.01938e-16
1.63754e-17
-1.93124e-16
-6.52484e-17
-1.2788e-16
-1.50153e-16
5.0023e-17
-1.08672e-17
5.21227e-17
5.08664e-18
5.30033e-18
3.95365e-17
-7.11306e-17
-6.59555e-17
7.97298e-17
4.30186e-17
-2.17818e-17
3.34672e-17
1.76138e-16
7.13079e-18
-1.47304e-16
-6.47753e-17
3.00332e-17
1.61833e-16
3.57613e-17
1.3206e-16
1.17246e-16
-1.83043e-17
9.43964e-17
9.49791e-17
1.06076e-16
1.14163e-16
9.43071e-17
4.53249e-17
1.13181e-16
1.36259e-16
-7.51202e-17
-8.30209e-17
-6.61576e-17
1.23254e-16
1.12994e-16
-2.3964e-17
-1.57524e-17
4.35412e-17
-1.47762e-17
6.26394e-17
3.40021e-17
2.89941e-16
5.25192e-17
3.66455e-17
2.68243e-17
-1.65001e-16
1.38887e-17
1.45665e-16
1.55215e-16
2.73128e-17
-3.19458e-17
3.98922e-17
6.42399e-17
7.7375e-17
1.35859e-18
-8.79637e-18
-8.7919e-17
3.31644e-17
7.4942e-17
-3.16918e-17
8.02184e-17
-9.99244e-17
-1.96049e-16
-2.75133e-16
9.40918e-17
9.70817e-17
-3.71619e-18
1.28105e-16
2.31623e-17
-4.69788e-17
-1.09729e-16
-1.01492e-16
1.74044e-17
1.98183e-16
1.30169e-17
-1.66069e-16
2.48719e-17
3.56066e-17
-5.0268e-17
-1.10369e-17
8.0354e-18
-9.8858e-17
-2.53318e-17
2.09917e-16
3.72648e-17
-2.98797e-17
-1.25302e-16
-1.74612e-16
-5.23091e-17
-1.88415e-17
6.13666e-17
-3.44618e-18
-9.63822e-17
2.52293e-17
5.39937e-17
-3.4008e-17
-2.56235e-17
1.29705e-16
-1.87151e-16
8.12481e-17
-1.14972e-16
-9.14204e-17
3.35161e-17
-6.16924e-17
-7.80253e-17
6.24642e-17
1.1735e-16
3.94491e-17
-5.76688e-17
-4.9274e-17
-1.32785e-16
-1.95892e-16
1.97232e-16
-3.62004e-17
-2.76961e-17
-4.13718e-18
-1.04752e-16
-3.32647e-17
5.41539e-17
-1.07514e-16
1.18043e-16
-1.72513e-16
5.22606e-17
4.37043e-17
1.81112e-16
1.65258e-16
-1.90325e-17
2.58151e-16
-1.67843e-17
2.7367e-16
7.80395e-17
-4.9587e-18
1.76122e-16
5.52557e-17
-1.56343e-16
6.52889e-17
1.71941e-17
-1.99039e-16
7.74757e-17
-7.28036e-17
2.81714e-17
2.32543e-16
1.81371e-16
-2.3097e-17
-2.11929e-16
-3.84592e-17
1.16247e-16
-1.24968e-17
-2.06447e-16
-1.67714e-16
5.35462e-17
8.8699e-17
6.635e-17
-3.15983e-17
-1.77438e-16
5.98205e-17
-8.23525e-17
-3.4462e-17
-9.62783e-17
2.02049e-17
1.00268e-16
1.09987e-17
2.20041e-17
-9.84475e-17
1.47429e-16
1.01212e-16
1.43009e-17
-1.01489e-16
2.63559e-17
-5.21347e-17
1.54648e-17
1.50731e-16
9.74076e-17
1.01191e-16
-7.98411e-19
3.11401e-17
-1.62701e-16
-8.10746e-17
8.08775e-17
-1.52127e-16
7.16641e-17
-1.14012e-16
-2.04078e-16
4.9198e-17
1.29117e-16
5.51616e-17
-1.04059e-16
-3.82752e-17
-1.84073e-17
5.37634e-17
-6.4364e-17
1.45702e-16
1.1125e-17
7.59373e-18
-1.49373e-16
2.27676e-16
1.1831e-16
-1.41953e-17
9.74627e-18
-8.03751e-17
2.09567e-17
2.4215e-18
2.61846e-17
6.1986e-17
-1.02719e-16
1.89207e-16
-1.68563e-17
7.81515e-17
4.43488e-17
-3.47784e-17
6.97332e-17
-2.1631e-17
-1.87486e-16
2.03694e-16
-1.78677e-17
1.38424e-16
-1.91332e-16
-6.74595e-17
-1.51283e-16
-1.64972e-16
-3.01672e-17
-1.19364e-16
1.76799e-17
3.54612e-17
-9.42748e-19
1.03309e-16
8.09747e-17
-1.5149e-16
-1.42193e-16
7.02292e-17
8.16946e-17
-5.1608e-17
1.89085e-16
-1.53523e-16
4.16334e-17
-1.31839e-16
-4.16334e-17
8.32667e-17
-1.11022e-16

Test density of states for ModelledMolecule: n-pentyl=TS=2-pentyl

      T           qtot           sumc           sumg
    200        58491.9        58430.3        57221.2
    300         336947         336536         333362
    400    1.92445e+06    1.92184e+06    1.91156e+06
    500    1.13247e+07    1.13081e+07    1.12693e+07
    600    6.79259e+07    6.78198e+07    6.76578e+07
    700    4.07188e+08    4.06525e+08    4.05811e+08
    800    2.40034e+09    2.39631e+09    2.39309e+09
    900    1.37609e+10    1.37373e+10    1.37227e+10
   1000    7.61851e+10    7.60526e+10    7.59871e+10
   1100    4.05636e+11    4.04924e+11    4.04635e+11
   1200     2.0724e+12    2.06875e+12    2.06751e+12
   1300    1.01501e+13    1.01322e+13     1.0127e+13
   1400    4.76528e+13    4.75678e+13    4.75469e+13
   1500    2.14552e+14    2.14146e+14    2.14064e+14
   1600    9.27207e+14    9.24917e+14    9.24605e+14
   1700    3.85037e+15    3.83243e+15    3.83128e+15
   1800    1.53835e+16    1.52151e+16     1.5211e+16
   1900    5.92129e+16    5.77125e+16    5.76987e+16
   2000    2.19882e+17    2.08307e+17    2.08262e+17
   2100    7.88825e+17    7.12379e+17    7.12239e+17
   2200     2.7377e+18    2.30024e+18    2.29983e+18
   2300    9.20432e+18    6.99831e+18    6.99717e+18
   2400     3.0017e+19    2.00526e+19    2.00496e+19
   2500    9.50734e+19    5.41636e+19    5.41561e+19
   2600    2.92816e+20    1.38185e+20    1.38168e+20
   2700    8.77966e+20    3.33878e+20    3.33838e+20
   2800     2.5656e+21    7.66319e+20    7.66235e+20
   2900    7.31451e+21    1.67619e+21    1.67601e+21
   3000    2.03659e+22    3.50529e+21    3.50495e+21

     -0.0919467
     -0.0883198
     -0.0836106
     -0.0771763
     -0.0712666
      -0.067471
     -0.0504027
     -0.0501247
   -2.68598e-09
   -1.45515e-16

