
            /|      /|                        \   
           / |     / | ________________________\  
          /  |    /  |  _   _             _   _   
         /   |   /   | / \ / \ |\     /| / \ / \  
        /    |  /    | \_/ \_  | \   / | \_/ |_/  
       /     | /     | /     \ |  \ /  | /   | \  
    \_/      |/      | \_/ \_/ |   V   | \_/ |  \ 

     Mesmer: Master Equation Solver for Multi-Energy well Reactions
     Mesmer v6.1 compiled: -- May 23 2020 -- 19:35:23

     Copyright (C) 2009-2021 by
     Struan H. Robertson, Chris Morley, Chi-Hsiu Liang,
     David R. Glowacki, Michael J. Pilling and contributors

     Mesmer is free software: you can redistribute it and/or modify
     it under the terms of the GNU Public License as published by
     the Free Software Foundation, either version 2 of the License,
     or (at your option) any later version.

     But WITHOUT ANY WARRANTY; without even the implied warranty of
     MERCHANTABILITY or FITNESS FOR A PARTICULAR PURPOSE.  See the
     GNU Public License for more details.

    You should have received a copy of the GNU Public License
    along with Mesmer.  If not, see <http://www.gnu.org/licenses/>.

                     Platform:        Windows
                     Execution Date:  Sat Jul 18 19:43:58 2020
                     Number of ranks: 4

defaults.xml, librarymols.xml are in ../..

Parsing input xml file...
OH+methanol.xml

The default value of me:calcMethod was used.
--Parse data for simpleCalc
Energy convention "" written to <moleculeList>
In R1: Parsing reaction...Association reaction
In Methanol: Hindered rotor b1
In Im1a: Hindered rotor b1
In Im1a: The default value of me:DistributionCalcMethod was used.
In Im1a: --Parse data for Boltzmann
In Im1a: --Parse data for ExponentialDown
In R1: --Parse data for MesmerILT
In R1: The default value of me:TInfinity was used.
In R1: No tunneling method used for R1
In R3: Parsing reaction...Irreversible unimolecular reaction
In TS2: Hindered rotor b1
In TS2: WARNING: The Fourier expansion for the internal rotor potential for bond b1 of 
In TS2: species TS2, differs at the minimum from the value entered by more than 20 cm-1.
In TS2: More terms in the Fourier expansion may be needed.
In TS2: Hindered rotor b2
In R3: --Parse data for RRKM
In R3: --Parse data for DefinedTunnelingCoefficient
In R3: Data for DefinedTunnelingCoefficients found
6e+16PPCC, 40K at dd precision with N_2
The default value of me:ForceMacroDetailedBalance was used.
Write metadata 20200718_194358

File: "OH+methanol.xml" successfully parsed.
Main Calculation begins
Now calculating...

--Execute calcMethod simpleCalc
Number of cells = 50000, Number of grains = 264
In FastLaplaceConvolution: 300 values in the FFT convolution routine were replaced by standard convolution
In FastLaplaceConvolution: 1220 values in the FFT convolution routine were replaced by standard convolution
In FastLaplaceConvolution: 5300 values in the FFT convolution routine were replaced by standard convolution
 -- Total time elapsed: 2 seconds.


    Temperature  Concentration    Exp. Coeff.    Cal. Coeff.


System saved to mesmer_out.xml
Total time elapsed: 2 seconds.
