
Parsing input xml file...
Acetyl_O2_association.xml

In R1: Parsing reaction...
In Int1: The default value of me:DistributionCalcMethod was used.
In Int1: The default value of me:energyTransferModel was used.
In R1: No tunneling method was found for R1
In R1: No crossing method was found for R1
In R1: Not a unimolecular reaction: look for excess reactant concentration.
In R2: Parsing reaction...
In Int2: The default value of me:DistributionCalcMethod was used.
In Int2: The default value of me:energyTransferModel was used.
In R2: No crossing method was found for R2
In R3: Parsing reaction...
In lactone: Cannot find argument me:vibFreqs. Assumes that it is an atom or atomic ion.
In lactone: Cannot find argument me:rotConsts. Assumes that it is an atom or atomic ion.
In R3: No vibrational frequencies were assigned for lactone, assuming it to be a sink term.
No tunneling method was found for R3
In R3: No crossing method was found for R3
In R4: Parsing reaction...
In R4: No tunneling method was found for R4
In R4: No crossing method was found for R4
All molecules are on the same energy basis: arbitary
The default value of me:precision was used.
200.72Torr, 298K at double precision
The default value of me:calcMethod was used.
Write metadata

File: "Acetyl_O2_association.xml" successfully parsed.
Calculate EGME
PT Grid 0
Cell number = 17800, Grain number = 178

20 values in the FFT convolution routine were replaced by standard convolution

40 values in the FFT convolution routine were replaced by standard convolution
Association ILT calculation completed

20 values in the FFT convolution routine were replaced by standard convolution

20 values in the FFT convolution routine were replaced by standard convolution

7460 values in the FFT convolution routine were replaced by standard convolution

20 values in the FFT convolution routine were replaced by standard convolution
Build Collison Operator -- Time elapsed: 0 seconds.

20 values in the FFT convolution routine were replaced by standard convolution
Diagonalize the Reaction Operator -- Time elapsed: 3 seconds.
In timeEvolution: No population was assigned. Initialize the first source term to 1.0.

    Temperature  Concentration    Exp. Coeff.    Cal. Coeff.

            298    6.5042e+018

1 temperature/concentration-pressure points calculated.
Finish Calculation -- Time elapsed: 3 seconds.
 -- Total time elapsed: 14 seconds.

System saved to out.xml
m_Sym is provided but not used in HO2.
m_scaleFactor is provided but not used in HO2.
m_SpinMultiplicity is provided but not used in HO2.
m_VibFreq is provided but not used in HO2.
m_Sym is provided but not used in OH.
m_scaleFactor is provided but not used in OH.
m_SpinMultiplicity is provided but not used in OH.
m_VibFreq is provided but not used in OH.
m_ImFreq is provided but not used in TS2.
m_ImFreq is provided but not used in TS3.
m_Sym is provided but not used in ketene.
m_scaleFactor is provided but not used in ketene.
m_SpinMultiplicity is provided but not used in ketene.
m_VibFreq is provided but not used in ketene.
m_Sym is provided but not used in lactone.
m_scaleFactor is provided but not used in lactone.
m_SpinMultiplicity is provided but not used in lactone.
