
            /|      /|                        \   
           / |     / | ________________________\  
          /  |    /  |  _   _             _   _   
         /   |   /   | / \ / \ |\     /| / \ / \  
        /    |  /    | \_/ \_  | \   / | \_/ |_/  
       /     | /     | /     \ |  \ /  | /   | \  
    \_/      |/      | \_/ \_/ |   V   | \_/ |  \ 

     Mesmer: Master Equation Solver for Multi-Energy well Reactions
     Mesmer v4.0 compiled: -- Feb 15 2015 -- 18:55:35

     Copyright (C) 2009-2015 by
     Struan H. Robertson, David R. Glowacki, Chi-Hsiu Liang,
     Chris Morley, Michael J. Pilling and contributors

     Mesmer is free software: you can redistribute it and/or modify
     it under the terms of the GNU Public License as published by
     the Free Software Foundation, either version 2 of the License,
     or (at your option) any later version.

     But WITHOUT ANY WARRANTY; without even the implied warranty of
     MERCHANTABILITY or FITNESS FOR A PARTICULAR PURPOSE.  See the
     GNU Public License for more details.

    You should have received a copy of the GNU Public License
    along with Mesmer.  If not, see <http://www.gnu.org/licenses/>.

defaults.xml, librarymols.xml are in ../..

Parsing input xml file...
ipropyl_SA.xml

In R1: Parsing reaction...Irreversible unimolecular reaction
In i-propyl: Hindered rotor b1
In i-propyl: Hindered rotor b2
In i-propyl: i-propyl:deltaEDown was given a range with 3 steps 
In i-propyl: i-propyl:deltaEDownTExponent was given a range with 401 steps 
In propene: Hindered rotor b1
In propene: propene:ZPE was given a range with 401 steps 
In R1: No tunneling method used for R1
In R1: No crossing method used for R1
3e+017PPCC, 720K at d precision with He
3e+016PPCC, 880K at d precision with He
Write metadata 20150217_195949

File: "ipropyl_SA.xml" successfully parsed.
Main Calculation begins
Execute calcMethod SensitivityAnalysis
Number of grains produced is not equal to that requested
Number of grains requested: 229
Number of grains produced : 1
In FastLaplaceConvolution: 300 values in the FFT convolution routine were replaced by standard convolution
Unimolecular ILT calculation completed
In i-propyl: Delta E down is smaller than grain size: the solution may not converge.

Sensitivity Analysis: Temperature =   720, Concentration = 3e+017

Input variable key:

  i-propyl:deltaEDown           : (1)
  i-propyl:deltaEDownTExponent  : (2)
  propene:ZPE                   : (3)

 First order indices for i-propyl => propene+H: 
                (1)            (2)            (3)
         0.00042942        0.94387     0.00021568

 Second order indices for i-propyl => propene+H: 
                (1)            (2)            (3)
(1)              --             --             --
(2)        0.053018             --             --
(3)        0.037497       0.027695             --



Sensitivity Analysis: Temperature =   880, Concentration = 3e+016

Input variable key:

  i-propyl:deltaEDown           : (1)
  i-propyl:deltaEDownTExponent  : (2)
  propene:ZPE                   : (3)

 First order indices for i-propyl => propene+H: 
                (1)            (2)            (3)
          0.0034511         1.0393     0.00025482

 Second order indices for i-propyl => propene+H: 
                (1)            (2)            (3)
(1)              --             --             --
(2)        0.056976             --             --
(3)        0.019297      0.0075523             --


Energy convention "arbitrary" written to <moleculeList>
 -- Total time elapsed: 59 seconds.

System saved to mesmer_out.xml
