
            /|      /|                        \   
           / |     / | ________________________\  
          /  |    /  |  _   _             _   _   
         /   |   /   | / \ / \ |\     /| / \ / \  
        /    |  /    | \_/ \_  | \   / | \_/ |_/  
       /     | /     | /     \ |  \ /  | /   | \  
    \_/      |/      | \_/ \_/ |   V   | \_/ |  \ 

     Mesmer: Master Equation Solver for Multi-Energy well Reactions
     Mesmer v0.3 compiled: -- Nov  6 2011 -- 16:43:02

     Copyright (C) 2009-2012 by
     Struan H. Robertson, David R. Glowacki, Chi-Hsiu Liang,
     Chris Morley, Michael J. Pilling and contributors

     Mesmer is free software: you can redistribute it and/or modify
     it under the terms of the GNU Lesser Public License as published by
     the Free Software Foundation, either version 3 of the License, or
     (at your option) any later version.

     But WITHOUT ANY WARRANTY; without even the implied warranty of
     MERCHANTABILITY or FITNESS FOR A PARTICULAR PURPOSE.  See the
     GNU Lesser Public License for more details.

    You should have received a copy of the GNU Lesser Public License
    along with Mesmer.  If not, see <http://www.gnu.org/licenses/>.

Parsing input xml file...
Cyclopropene_isomerization_test.xml

In R1: Parsing reaction...
In allene: The default value of spinMultiplicity (or one of its attributes) was used.
In allene: The default value of me:DistributionCalcMethod was used.
In allene: The default value of me:energyTransferModel was used.
In cyclopropene: The default value of spinMultiplicity (or one of its attributes) was used.
In cyclopropene: The default value of me:DistributionCalcMethod was used.
In cyclopropene: The default value of me:energyTransferModel was used.
In R1: No imaginary vibrational frequency. Check if there is tunneling.
No tunneling method was found for R1
In R1: No crossing method was found for R1
In R2: Parsing reaction...
In propyne: The default value of me:DistributionCalcMethod was used.
In propyne: The default value of me:energyTransferModel was used.
In R2: No imaginary vibrational frequency. Check if there is tunneling.
No tunneling method was found for R2
In R2: No crossing method was found for R2
All molecules are on the same energy basis: arbitary
The default value of me:precision was used.
200.72Torr, 800K at double precision
The default value of me:precision was used.
250Torr, 1000K at double precision
The default value of me:calcMethod was used.
Write metadata 20111106_165118

File: "Cyclopropene_isomerization_test.xml" successfully parsed.
Calculate EGME

Finish Calculation -- Time elapsed: 0 seconds.
 -- Total time elapsed: 11 seconds.

System saved to out.xml
