
            /|      /|                        \   
           / |     / | ________________________\  
          /  |    /  |  _   _             _   _   
         /   |   /   | / \ / \ |\     /| / \ / \  
        /    |  /    | \_/ \_  | \   / | \_/ |_/  
       /     | /     | /     \ |  \ /  | /   | \  
    \_/      |/      | \_/ \_/ |   V   | \_/ |  \ 

     Mesmer: Master Equation Solver for Multi-Energy well Reactions
     Mesmer v7.1 compiled: -- May  1 2023 -- 14:31:23

     Copyright (C) 2009-2022 by
     Struan H. Robertson, Chris Morley, Chi-Hsiu Liang,
     David R. Glowacki, Michael J. Pilling and contributors

     Mesmer is free software: you can redistribute it and/or modify
     it under the terms of the GNU Public License as published by
     the Free Software Foundation, either version 2 of the License,
     or (at your option) any later version.

     But WITHOUT ANY WARRANTY; without even the implied warranty of
     MERCHANTABILITY or FITNESS FOR A PARTICULAR PURPOSE.  See the
     GNU Public License for more details.

    You should have received a copy of the GNU Public License
    along with Mesmer.  If not, see <http://www.gnu.org/licenses/>.

                     Platform:        Windows64
                     Execution Date:  Mon May  1 15:42:42 2023
                     Number of ranks: 4

defaults.xml, librarymols.xml are in ../..

Parsing input xml file...
HSO2_test.xml

The default value of me:calcMethod was used.
--Parse data for simpleCalc
Energy convention "" written to <moleculeList>
In R1: Parsing reaction...Association reaction
In H: The default value of me:DOSCMethod was used.
In SO2: The default value of the attribute spinMultiplicity was used.
In HSO2: The default value of me:DistributionCalcMethod was used.
In HSO2: --Parse data for Boltzmann
In HSO2: --Parse data for ExponentialDown
In R1: No imaginary vibrational frequency. Check if there is tunneling.
--Parse data for RRKM
In R1: No tunneling method used for R1
1e+08Torr, 200K at double precision with Ar
Excess Reactant Conc. for reaction R1 = 1e+14 particles per cc
1e+08Torr, 200K at dd precision with Ar
Excess Reactant Conc. for reaction R1 = 1e+14 particles per cc
1e+08Torr, 200K at qd precision with Ar
Excess Reactant Conc. for reaction R1 = 1e+14 particles per cc
The default value of the attribute Tstep was used.
The default value of the attribute Tmin was used.
The default value of the attribute Tmax was used.
The default value of me:ForceMacroDetailedBalance was used.
Write metadata 20230501_154242

File: "HSO2_test.xml" successfully parsed.
Main Calculation begins
Now calculating...

--Execute calcMethod simpleCalc
Number of cells = 50000, Number of grains = 92
Number of grains produced is not equal to that requested for: H
Number of grains requested: 500
Number of grains produced : 1
 -- Total time elapsed: 2 seconds.


    Temperature  Concentration    Exp. Coeff.    Cal. Coeff.


System saved to out.xml
Total time elapsed: 2 seconds.
