
            /|      /|                        \   
           / |     / | ________________________\  
          /  |    /  |  _   _             _   _   
         /   |   /   | / \ / \ |\     /| / \ / \  
        /    |  /    | \_/ \_  | \   / | \_/ |_/  
       /     | /     | /     \ |  \ /  | /   | \  
    \_/      |/      | \_/ \_/ |   V   | \_/ |  \ 

     Mesmer: Master Equation Solver for Multi-Energy well Reactions
     Mesmer v4.0 compiled: -- Jul  6 2014 -- 17:13:55

     Copyright (C) 2009-2015 by
     Struan H. Robertson, David R. Glowacki, Chi-Hsiu Liang,
     Chris Morley, Michael J. Pilling and contributors

     Mesmer is free software: you can redistribute it and/or modify
     it under the terms of the GNU Public License as published by
     the Free Software Foundation, either version 2 of the License,
     or (at your option) any later version.

     But WITHOUT ANY WARRANTY; without even the implied warranty of
     MERCHANTABILITY or FITNESS FOR A PARTICULAR PURPOSE.  See the
     GNU Public License for more details.

    You should have received a copy of the GNU Public License
    along with Mesmer.  If not, see <http://www.gnu.org/licenses/>.

defaults.xml, librarymols.xml are in ../..

Parsing input xml file...
OH_NO_HONO.xml

In R1: Parsing reaction...
In OH: OH copied from ../../librarymols.xml
In OH: The default value of me:frequenciesScaleFactor was used.
In OH: New me:ZPE element written with data from me:Hf298
In NO: NO copied from ../../librarymols.xml
In NO: The default value of me:frequenciesScaleFactor was used.
In NO: The default value of me:DOSCMethod was used.
In NO: New me:ZPE element written with data from me:Hf298
In HONO: Hindered rotor b2 replacing vib freq 543
In HONO: New me:ZPE element written with data from me:Hf298
In HONO: The default value of me:DistributionCalcMethod was used.
In HONO: HONO:deltaEDown was given a range with 451 steps 
In R1: R1:preExponential was given a range with 82 steps 
In R1: The default value of me:TInfinity was used.
In R1: No tunneling method used for R1
In R1: No crossing method used for R1
In R1: Not a unimolecular reaction: look for excess reactant concentration.
All molecules are on the same energy basis: computational
3.2e+021PPCC, 295K at d precision with He
2.3e+021PPCC, 295K at d precision with He
1.6e+021PPCC, 295K at d precision with He
1.2e+021PPCC, 295K at d precision with He
7.6e+020PPCC, 295K at d precision with He
3.4e+020PPCC, 295K at d precision with He
1.7e+020PPCC, 295K at d precision with He
9.6e+019PPCC, 295K at d precision with He
6.57e+016PPCC, 294K at d precision with He
1.64e+017PPCC, 294K at d precision with He
2.63e+017PPCC, 294K at d precision with He
3.28e+017PPCC, 294K at d precision with He
8.5e+017PPCC, 296K at d precision with He
6.57e+016PPCC, 294K at d precision with He
1.64e+017PPCC, 294K at d precision with He
2.63e+017PPCC, 294K at d precision with He
3.28e+017PPCC, 294K at d precision with He
Write metadata 20140706_195746

File: "OH_NO_HONO.xml" successfully parsed.
Main Calculation begins
Execute calcMethod marquardt
Number of grains produced is not equal to that requested
Number of grains requested: 858
Number of grains produced : 197
In FastLaplaceConvolution: 20 values in the FFT convolution routine were replaced by standard convolution
Association ILT calculation completed
In mesmer::CollisionOperator::timeEvolution: No population was assigned. Initialize the first source term to 1.0.
In mesmer::CollisionOperator::timeEvolution: No population was assigned. Initialize the first source term to 1.0.
In mesmer::CollisionOperator::timeEvolution: No population was assigned. Initialize the first source term to 1.0.
In mesmer::CollisionOperator::timeEvolution: No population was assigned. Initialize the first source term to 1.0.
In mesmer::CollisionOperator::timeEvolution: No population was assigned. Initialize the first source term to 1.0.
In mesmer::CollisionOperator::timeEvolution: No population was assigned. Initialize the first source term to 1.0.
In mesmer::CollisionOperator::timeEvolution: No population was assigned. Initialize the first source term to 1.0.
In mesmer::CollisionOperator::timeEvolution: No population was assigned. Initialize the first source term to 1.0.
In mesmer::CollisionOperator::timeEvolution: No population was assigned. Initialize the first source term to 1.0.
In mesmer::CollisionOperator::timeEvolution: No population was assigned. Initialize the first source term to 1.0.
In mesmer::CollisionOperator::timeEvolution: No population was assigned. Initialize the first source term to 1.0.
In mesmer::CollisionOperator::timeEvolution: No population was assigned. Initialize the first source term to 1.0.
In mesmer::CollisionOperator::timeEvolution: No population was assigned. Initialize the first source term to 1.0.
In mesmer::CollisionOperator::timeEvolution: No population was assigned. Initialize the first source term to 1.0.
In mesmer::CollisionOperator::timeEvolution: No population was assigned. Initialize the first source term to 1.0.
In mesmer::CollisionOperator::timeEvolution: No population was assigned. Initialize the first source term to 1.0.
In mesmer::CollisionOperator::timeEvolution: No population was assigned. Initialize the first source term to 1.0.
Finish Calculation of P-T case

Chi^2 = 202.117 Lambda = 1
HONO:deltaEDown=58  R1:preExponential=6.78e-011  
Association ILT calculation completed
In mesmer::CollisionOperator::timeEvolution: No population was assigned. Initialize the first source term to 1.0.
In mesmer::CollisionOperator::timeEvolution: No population was assigned. Initialize the first source term to 1.0.
In mesmer::CollisionOperator::timeEvolution: No population was assigned. Initialize the first source term to 1.0.
In mesmer::CollisionOperator::timeEvolution: No population was assigned. Initialize the first source term to 1.0.
In mesmer::CollisionOperator::timeEvolution: No population was assigned. Initialize the first source term to 1.0.
In mesmer::CollisionOperator::timeEvolution: No population was assigned. Initialize the first source term to 1.0.
In mesmer::CollisionOperator::timeEvolution: No population was assigned. Initialize the first source term to 1.0.
In mesmer::CollisionOperator::timeEvolution: No population was assigned. Initialize the first source term to 1.0.
In mesmer::CollisionOperator::timeEvolution: No population was assigned. Initialize the first source term to 1.0.
In mesmer::CollisionOperator::timeEvolution: No population was assigned. Initialize the first source term to 1.0.
In mesmer::CollisionOperator::timeEvolution: No population was assigned. Initialize the first source term to 1.0.
In mesmer::CollisionOperator::timeEvolution: No population was assigned. Initialize the first source term to 1.0.
In mesmer::CollisionOperator::timeEvolution: No population was assigned. Initialize the first source term to 1.0.
In mesmer::CollisionOperator::timeEvolution: No population was assigned. Initialize the first source term to 1.0.
In mesmer::CollisionOperator::timeEvolution: No population was assigned. Initialize the first source term to 1.0.
In mesmer::CollisionOperator::timeEvolution: No population was assigned. Initialize the first source term to 1.0.
In mesmer::CollisionOperator::timeEvolution: No population was assigned. Initialize the first source term to 1.0.
Finish Calculation of P-T case
Association ILT calculation completed
In mesmer::CollisionOperator::timeEvolution: No population was assigned. Initialize the first source term to 1.0.
In mesmer::CollisionOperator::timeEvolution: No population was assigned. Initialize the first source term to 1.0.
In mesmer::CollisionOperator::timeEvolution: No population was assigned. Initialize the first source term to 1.0.
In mesmer::CollisionOperator::timeEvolution: No population was assigned. Initialize the first source term to 1.0.
In mesmer::CollisionOperator::timeEvolution: No population was assigned. Initialize the first source term to 1.0.
In mesmer::CollisionOperator::timeEvolution: No population was assigned. Initialize the first source term to 1.0.
In mesmer::CollisionOperator::timeEvolution: No population was assigned. Initialize the first source term to 1.0.
In mesmer::CollisionOperator::timeEvolution: No population was assigned. Initialize the first source term to 1.0.
In mesmer::CollisionOperator::timeEvolution: No population was assigned. Initialize the first source term to 1.0.
In mesmer::CollisionOperator::timeEvolution: No population was assigned. Initialize the first source term to 1.0.
In mesmer::CollisionOperator::timeEvolution: No population was assigned. Initialize the first source term to 1.0.
In mesmer::CollisionOperator::timeEvolution: No population was assigned. Initialize the first source term to 1.0.
In mesmer::CollisionOperator::timeEvolution: No population was assigned. Initialize the first source term to 1.0.
In mesmer::CollisionOperator::timeEvolution: No population was assigned. Initialize the first source term to 1.0.
In mesmer::CollisionOperator::timeEvolution: No population was assigned. Initialize the first source term to 1.0.
In mesmer::CollisionOperator::timeEvolution: No population was assigned. Initialize the first source term to 1.0.
In mesmer::CollisionOperator::timeEvolution: No population was assigned. Initialize the first source term to 1.0.
Finish Calculation of P-T case
Association ILT calculation completed
In mesmer::CollisionOperator::timeEvolution: No population was assigned. Initialize the first source term to 1.0.
In mesmer::CollisionOperator::timeEvolution: No population was assigned. Initialize the first source term to 1.0.
In mesmer::CollisionOperator::timeEvolution: No population was assigned. Initialize the first source term to 1.0.
In mesmer::CollisionOperator::timeEvolution: No population was assigned. Initialize the first source term to 1.0.
In mesmer::CollisionOperator::timeEvolution: No population was assigned. Initialize the first source term to 1.0.
In mesmer::CollisionOperator::timeEvolution: No population was assigned. Initialize the first source term to 1.0.
In mesmer::CollisionOperator::timeEvolution: No population was assigned. Initialize the first source term to 1.0.
In mesmer::CollisionOperator::timeEvolution: No population was assigned. Initialize the first source term to 1.0.
In mesmer::CollisionOperator::timeEvolution: No population was assigned. Initialize the first source term to 1.0.
In mesmer::CollisionOperator::timeEvolution: No population was assigned. Initialize the first source term to 1.0.
In mesmer::CollisionOperator::timeEvolution: No population was assigned. Initialize the first source term to 1.0.
In mesmer::CollisionOperator::timeEvolution: No population was assigned. Initialize the first source term to 1.0.
In mesmer::CollisionOperator::timeEvolution: No population was assigned. Initialize the first source term to 1.0.
In mesmer::CollisionOperator::timeEvolution: No population was assigned. Initialize the first source term to 1.0.
In mesmer::CollisionOperator::timeEvolution: No population was assigned. Initialize the first source term to 1.0.
In mesmer::CollisionOperator::timeEvolution: No population was assigned. Initialize the first source term to 1.0.
In mesmer::CollisionOperator::timeEvolution: No population was assigned. Initialize the first source term to 1.0.
Finish Calculation of P-T case
Association ILT calculation completed
In mesmer::CollisionOperator::timeEvolution: No population was assigned. Initialize the first source term to 1.0.
In mesmer::CollisionOperator::timeEvolution: No population was assigned. Initialize the first source term to 1.0.
In mesmer::CollisionOperator::timeEvolution: No population was assigned. Initialize the first source term to 1.0.
In mesmer::CollisionOperator::timeEvolution: No population was assigned. Initialize the first source term to 1.0.
In mesmer::CollisionOperator::timeEvolution: No population was assigned. Initialize the first source term to 1.0.
In mesmer::CollisionOperator::timeEvolution: No population was assigned. Initialize the first source term to 1.0.
In mesmer::CollisionOperator::timeEvolution: No population was assigned. Initialize the first source term to 1.0.
In mesmer::CollisionOperator::timeEvolution: No population was assigned. Initialize the first source term to 1.0.
In mesmer::CollisionOperator::timeEvolution: No population was assigned. Initialize the first source term to 1.0.
In mesmer::CollisionOperator::timeEvolution: No population was assigned. Initialize the first source term to 1.0.
In mesmer::CollisionOperator::timeEvolution: No population was assigned. Initialize the first source term to 1.0.
In mesmer::CollisionOperator::timeEvolution: No population was assigned. Initialize the first source term to 1.0.
In mesmer::CollisionOperator::timeEvolution: No population was assigned. Initialize the first source term to 1.0.
In mesmer::CollisionOperator::timeEvolution: No population was assigned. Initialize the first source term to 1.0.
In mesmer::CollisionOperator::timeEvolution: No population was assigned. Initialize the first source term to 1.0.
In mesmer::CollisionOperator::timeEvolution: No population was assigned. Initialize the first source term to 1.0.
In mesmer::CollisionOperator::timeEvolution: No population was assigned. Initialize the first source term to 1.0.
Finish Calculation of P-T case
Association ILT calculation completed
In mesmer::CollisionOperator::timeEvolution: No population was assigned. Initialize the first source term to 1.0.
In mesmer::CollisionOperator::timeEvolution: No population was assigned. Initialize the first source term to 1.0.
In mesmer::CollisionOperator::timeEvolution: No population was assigned. Initialize the first source term to 1.0.
In mesmer::CollisionOperator::timeEvolution: No population was assigned. Initialize the first source term to 1.0.
In mesmer::CollisionOperator::timeEvolution: No population was assigned. Initialize the first source term to 1.0.
In mesmer::CollisionOperator::timeEvolution: No population was assigned. Initialize the first source term to 1.0.
In mesmer::CollisionOperator::timeEvolution: No population was assigned. Initialize the first source term to 1.0.
In mesmer::CollisionOperator::timeEvolution: No population was assigned. Initialize the first source term to 1.0.
In mesmer::CollisionOperator::timeEvolution: No population was assigned. Initialize the first source term to 1.0.
In mesmer::CollisionOperator::timeEvolution: No population was assigned. Initialize the first source term to 1.0.
In mesmer::CollisionOperator::timeEvolution: No population was assigned. Initialize the first source term to 1.0.
In mesmer::CollisionOperator::timeEvolution: No population was assigned. Initialize the first source term to 1.0.
In mesmer::CollisionOperator::timeEvolution: No population was assigned. Initialize the first source term to 1.0.
In mesmer::CollisionOperator::timeEvolution: No population was assigned. Initialize the first source term to 1.0.
In mesmer::CollisionOperator::timeEvolution: No population was assigned. Initialize the first source term to 1.0.
In mesmer::CollisionOperator::timeEvolution: No population was assigned. Initialize the first source term to 1.0.
In mesmer::CollisionOperator::timeEvolution: No population was assigned. Initialize the first source term to 1.0.
Finish Calculation of P-T case

Chi^2 = 87.733 Lambda = 0.1
HONO:deltaEDown=68.7624  R1:preExponential=7.55045e-011  
Iteration: 1 of Marquardt. ChiSquare = 87.733, Lambda = 0.1
Association ILT calculation completed
In mesmer::CollisionOperator::timeEvolution: No population was assigned. Initialize the first source term to 1.0.
In mesmer::CollisionOperator::timeEvolution: No population was assigned. Initialize the first source term to 1.0.
In mesmer::CollisionOperator::timeEvolution: No population was assigned. Initialize the first source term to 1.0.
In mesmer::CollisionOperator::timeEvolution: No population was assigned. Initialize the first source term to 1.0.
In mesmer::CollisionOperator::timeEvolution: No population was assigned. Initialize the first source term to 1.0.
In mesmer::CollisionOperator::timeEvolution: No population was assigned. Initialize the first source term to 1.0.
In mesmer::CollisionOperator::timeEvolution: No population was assigned. Initialize the first source term to 1.0.
In mesmer::CollisionOperator::timeEvolution: No population was assigned. Initialize the first source term to 1.0.
In mesmer::CollisionOperator::timeEvolution: No population was assigned. Initialize the first source term to 1.0.
In mesmer::CollisionOperator::timeEvolution: No population was assigned. Initialize the first source term to 1.0.
In mesmer::CollisionOperator::timeEvolution: No population was assigned. Initialize the first source term to 1.0.
In mesmer::CollisionOperator::timeEvolution: No population was assigned. Initialize the first source term to 1.0.
In mesmer::CollisionOperator::timeEvolution: No population was assigned. Initialize the first source term to 1.0.
In mesmer::CollisionOperator::timeEvolution: No population was assigned. Initialize the first source term to 1.0.
In mesmer::CollisionOperator::timeEvolution: No population was assigned. Initialize the first source term to 1.0.
In mesmer::CollisionOperator::timeEvolution: No population was assigned. Initialize the first source term to 1.0.
In mesmer::CollisionOperator::timeEvolution: No population was assigned. Initialize the first source term to 1.0.
Finish Calculation of P-T case
Association ILT calculation completed
In mesmer::CollisionOperator::timeEvolution: No population was assigned. Initialize the first source term to 1.0.
In mesmer::CollisionOperator::timeEvolution: No population was assigned. Initialize the first source term to 1.0.
In mesmer::CollisionOperator::timeEvolution: No population was assigned. Initialize the first source term to 1.0.
In mesmer::CollisionOperator::timeEvolution: No population was assigned. Initialize the first source term to 1.0.
In mesmer::CollisionOperator::timeEvolution: No population was assigned. Initialize the first source term to 1.0.
In mesmer::CollisionOperator::timeEvolution: No population was assigned. Initialize the first source term to 1.0.
In mesmer::CollisionOperator::timeEvolution: No population was assigned. Initialize the first source term to 1.0.
In mesmer::CollisionOperator::timeEvolution: No population was assigned. Initialize the first source term to 1.0.
In mesmer::CollisionOperator::timeEvolution: No population was assigned. Initialize the first source term to 1.0.
In mesmer::CollisionOperator::timeEvolution: No population was assigned. Initialize the first source term to 1.0.
In mesmer::CollisionOperator::timeEvolution: No population was assigned. Initialize the first source term to 1.0.
In mesmer::CollisionOperator::timeEvolution: No population was assigned. Initialize the first source term to 1.0.
In mesmer::CollisionOperator::timeEvolution: No population was assigned. Initialize the first source term to 1.0.
In mesmer::CollisionOperator::timeEvolution: No population was assigned. Initialize the first source term to 1.0.
In mesmer::CollisionOperator::timeEvolution: No population was assigned. Initialize the first source term to 1.0.
In mesmer::CollisionOperator::timeEvolution: No population was assigned. Initialize the first source term to 1.0.
In mesmer::CollisionOperator::timeEvolution: No population was assigned. Initialize the first source term to 1.0.
Finish Calculation of P-T case
Association ILT calculation completed
In mesmer::CollisionOperator::timeEvolution: No population was assigned. Initialize the first source term to 1.0.
In mesmer::CollisionOperator::timeEvolution: No population was assigned. Initialize the first source term to 1.0.
In mesmer::CollisionOperator::timeEvolution: No population was assigned. Initialize the first source term to 1.0.
In mesmer::CollisionOperator::timeEvolution: No population was assigned. Initialize the first source term to 1.0.
In mesmer::CollisionOperator::timeEvolution: No population was assigned. Initialize the first source term to 1.0.
In mesmer::CollisionOperator::timeEvolution: No population was assigned. Initialize the first source term to 1.0.
In mesmer::CollisionOperator::timeEvolution: No population was assigned. Initialize the first source term to 1.0.
In mesmer::CollisionOperator::timeEvolution: No population was assigned. Initialize the first source term to 1.0.
In mesmer::CollisionOperator::timeEvolution: No population was assigned. Initialize the first source term to 1.0.
In mesmer::CollisionOperator::timeEvolution: No population was assigned. Initialize the first source term to 1.0.
In mesmer::CollisionOperator::timeEvolution: No population was assigned. Initialize the first source term to 1.0.
In mesmer::CollisionOperator::timeEvolution: No population was assigned. Initialize the first source term to 1.0.
In mesmer::CollisionOperator::timeEvolution: No population was assigned. Initialize the first source term to 1.0.
In mesmer::CollisionOperator::timeEvolution: No population was assigned. Initialize the first source term to 1.0.
In mesmer::CollisionOperator::timeEvolution: No population was assigned. Initialize the first source term to 1.0.
In mesmer::CollisionOperator::timeEvolution: No population was assigned. Initialize the first source term to 1.0.
In mesmer::CollisionOperator::timeEvolution: No population was assigned. Initialize the first source term to 1.0.
Finish Calculation of P-T case

Chi^2 = 51.9176 Lambda = 0.01
HONO:deltaEDown=79.363  R1:preExponential=6.40711e-011  
Iteration: 2 of Marquardt. ChiSquare = 51.9176, Lambda = 0.01
Association ILT calculation completed
In mesmer::CollisionOperator::timeEvolution: No population was assigned. Initialize the first source term to 1.0.
In mesmer::CollisionOperator::timeEvolution: No population was assigned. Initialize the first source term to 1.0.
In mesmer::CollisionOperator::timeEvolution: No population was assigned. Initialize the first source term to 1.0.
In mesmer::CollisionOperator::timeEvolution: No population was assigned. Initialize the first source term to 1.0.
In mesmer::CollisionOperator::timeEvolution: No population was assigned. Initialize the first source term to 1.0.
In mesmer::CollisionOperator::timeEvolution: No population was assigned. Initialize the first source term to 1.0.
In mesmer::CollisionOperator::timeEvolution: No population was assigned. Initialize the first source term to 1.0.
In mesmer::CollisionOperator::timeEvolution: No population was assigned. Initialize the first source term to 1.0.
In mesmer::CollisionOperator::timeEvolution: No population was assigned. Initialize the first source term to 1.0.
In mesmer::CollisionOperator::timeEvolution: No population was assigned. Initialize the first source term to 1.0.
In mesmer::CollisionOperator::timeEvolution: No population was assigned. Initialize the first source term to 1.0.
In mesmer::CollisionOperator::timeEvolution: No population was assigned. Initialize the first source term to 1.0.
In mesmer::CollisionOperator::timeEvolution: No population was assigned. Initialize the first source term to 1.0.
In mesmer::CollisionOperator::timeEvolution: No population was assigned. Initialize the first source term to 1.0.
In mesmer::CollisionOperator::timeEvolution: No population was assigned. Initialize the first source term to 1.0.
In mesmer::CollisionOperator::timeEvolution: No population was assigned. Initialize the first source term to 1.0.
In mesmer::CollisionOperator::timeEvolution: No population was assigned. Initialize the first source term to 1.0.
Finish Calculation of P-T case
Association ILT calculation completed
In mesmer::CollisionOperator::timeEvolution: No population was assigned. Initialize the first source term to 1.0.
In mesmer::CollisionOperator::timeEvolution: No population was assigned. Initialize the first source term to 1.0.
In mesmer::CollisionOperator::timeEvolution: No population was assigned. Initialize the first source term to 1.0.
In mesmer::CollisionOperator::timeEvolution: No population was assigned. Initialize the first source term to 1.0.
In mesmer::CollisionOperator::timeEvolution: No population was assigned. Initialize the first source term to 1.0.
In mesmer::CollisionOperator::timeEvolution: No population was assigned. Initialize the first source term to 1.0.
In mesmer::CollisionOperator::timeEvolution: No population was assigned. Initialize the first source term to 1.0.
In mesmer::CollisionOperator::timeEvolution: No population was assigned. Initialize the first source term to 1.0.
In mesmer::CollisionOperator::timeEvolution: No population was assigned. Initialize the first source term to 1.0.
In mesmer::CollisionOperator::timeEvolution: No population was assigned. Initialize the first source term to 1.0.
In mesmer::CollisionOperator::timeEvolution: No population was assigned. Initialize the first source term to 1.0.
In mesmer::CollisionOperator::timeEvolution: No population was assigned. Initialize the first source term to 1.0.
In mesmer::CollisionOperator::timeEvolution: No population was assigned. Initialize the first source term to 1.0.
In mesmer::CollisionOperator::timeEvolution: No population was assigned. Initialize the first source term to 1.0.
In mesmer::CollisionOperator::timeEvolution: No population was assigned. Initialize the first source term to 1.0.
In mesmer::CollisionOperator::timeEvolution: No population was assigned. Initialize the first source term to 1.0.
In mesmer::CollisionOperator::timeEvolution: No population was assigned. Initialize the first source term to 1.0.
Finish Calculation of P-T case
Association ILT calculation completed
In mesmer::CollisionOperator::timeEvolution: No population was assigned. Initialize the first source term to 1.0.
In mesmer::CollisionOperator::timeEvolution: No population was assigned. Initialize the first source term to 1.0.
In mesmer::CollisionOperator::timeEvolution: No population was assigned. Initialize the first source term to 1.0.
In mesmer::CollisionOperator::timeEvolution: No population was assigned. Initialize the first source term to 1.0.
In mesmer::CollisionOperator::timeEvolution: No population was assigned. Initialize the first source term to 1.0.
In mesmer::CollisionOperator::timeEvolution: No population was assigned. Initialize the first source term to 1.0.
In mesmer::CollisionOperator::timeEvolution: No population was assigned. Initialize the first source term to 1.0.
In mesmer::CollisionOperator::timeEvolution: No population was assigned. Initialize the first source term to 1.0.
In mesmer::CollisionOperator::timeEvolution: No population was assigned. Initialize the first source term to 1.0.
In mesmer::CollisionOperator::timeEvolution: No population was assigned. Initialize the first source term to 1.0.
In mesmer::CollisionOperator::timeEvolution: No population was assigned. Initialize the first source term to 1.0.
In mesmer::CollisionOperator::timeEvolution: No population was assigned. Initialize the first source term to 1.0.
In mesmer::CollisionOperator::timeEvolution: No population was assigned. Initialize the first source term to 1.0.
In mesmer::CollisionOperator::timeEvolution: No population was assigned. Initialize the first source term to 1.0.
In mesmer::CollisionOperator::timeEvolution: No population was assigned. Initialize the first source term to 1.0.
In mesmer::CollisionOperator::timeEvolution: No population was assigned. Initialize the first source term to 1.0.
In mesmer::CollisionOperator::timeEvolution: No population was assigned. Initialize the first source term to 1.0.
Finish Calculation of P-T case

Chi^2 = 51.3021 Lambda = 0.001
HONO:deltaEDown=80.6443  R1:preExponential=6.46878e-011  
Iteration: 3 of Marquardt. ChiSquare = 51.3021, Lambda = 0.001
Association ILT calculation completed
In mesmer::CollisionOperator::timeEvolution: No population was assigned. Initialize the first source term to 1.0.
In mesmer::CollisionOperator::timeEvolution: No population was assigned. Initialize the first source term to 1.0.
In mesmer::CollisionOperator::timeEvolution: No population was assigned. Initialize the first source term to 1.0.
In mesmer::CollisionOperator::timeEvolution: No population was assigned. Initialize the first source term to 1.0.
In mesmer::CollisionOperator::timeEvolution: No population was assigned. Initialize the first source term to 1.0.
In mesmer::CollisionOperator::timeEvolution: No population was assigned. Initialize the first source term to 1.0.
In mesmer::CollisionOperator::timeEvolution: No population was assigned. Initialize the first source term to 1.0.
In mesmer::CollisionOperator::timeEvolution: No population was assigned. Initialize the first source term to 1.0.
In mesmer::CollisionOperator::timeEvolution: No population was assigned. Initialize the first source term to 1.0.
In mesmer::CollisionOperator::timeEvolution: No population was assigned. Initialize the first source term to 1.0.
In mesmer::CollisionOperator::timeEvolution: No population was assigned. Initialize the first source term to 1.0.
In mesmer::CollisionOperator::timeEvolution: No population was assigned. Initialize the first source term to 1.0.
In mesmer::CollisionOperator::timeEvolution: No population was assigned. Initialize the first source term to 1.0.
In mesmer::CollisionOperator::timeEvolution: No population was assigned. Initialize the first source term to 1.0.
In mesmer::CollisionOperator::timeEvolution: No population was assigned. Initialize the first source term to 1.0.
In mesmer::CollisionOperator::timeEvolution: No population was assigned. Initialize the first source term to 1.0.
In mesmer::CollisionOperator::timeEvolution: No population was assigned. Initialize the first source term to 1.0.
Finish Calculation of P-T case
Association ILT calculation completed
In mesmer::CollisionOperator::timeEvolution: No population was assigned. Initialize the first source term to 1.0.
In mesmer::CollisionOperator::timeEvolution: No population was assigned. Initialize the first source term to 1.0.
In mesmer::CollisionOperator::timeEvolution: No population was assigned. Initialize the first source term to 1.0.
In mesmer::CollisionOperator::timeEvolution: No population was assigned. Initialize the first source term to 1.0.
In mesmer::CollisionOperator::timeEvolution: No population was assigned. Initialize the first source term to 1.0.
In mesmer::CollisionOperator::timeEvolution: No population was assigned. Initialize the first source term to 1.0.
In mesmer::CollisionOperator::timeEvolution: No population was assigned. Initialize the first source term to 1.0.
In mesmer::CollisionOperator::timeEvolution: No population was assigned. Initialize the first source term to 1.0.
In mesmer::CollisionOperator::timeEvolution: No population was assigned. Initialize the first source term to 1.0.
In mesmer::CollisionOperator::timeEvolution: No population was assigned. Initialize the first source term to 1.0.
In mesmer::CollisionOperator::timeEvolution: No population was assigned. Initialize the first source term to 1.0.
In mesmer::CollisionOperator::timeEvolution: No population was assigned. Initialize the first source term to 1.0.
In mesmer::CollisionOperator::timeEvolution: No population was assigned. Initialize the first source term to 1.0.
In mesmer::CollisionOperator::timeEvolution: No population was assigned. Initialize the first source term to 1.0.
In mesmer::CollisionOperator::timeEvolution: No population was assigned. Initialize the first source term to 1.0.
In mesmer::CollisionOperator::timeEvolution: No population was assigned. Initialize the first source term to 1.0.
In mesmer::CollisionOperator::timeEvolution: No population was assigned. Initialize the first source term to 1.0.
Finish Calculation of P-T case
Association ILT calculation completed
In mesmer::CollisionOperator::timeEvolution: No population was assigned. Initialize the first source term to 1.0.
In mesmer::CollisionOperator::timeEvolution: No population was assigned. Initialize the first source term to 1.0.
In mesmer::CollisionOperator::timeEvolution: No population was assigned. Initialize the first source term to 1.0.
In mesmer::CollisionOperator::timeEvolution: No population was assigned. Initialize the first source term to 1.0.
In mesmer::CollisionOperator::timeEvolution: No population was assigned. Initialize the first source term to 1.0.
In mesmer::CollisionOperator::timeEvolution: No population was assigned. Initialize the first source term to 1.0.
In mesmer::CollisionOperator::timeEvolution: No population was assigned. Initialize the first source term to 1.0.
In mesmer::CollisionOperator::timeEvolution: No population was assigned. Initialize the first source term to 1.0.
In mesmer::CollisionOperator::timeEvolution: No population was assigned. Initialize the first source term to 1.0.
In mesmer::CollisionOperator::timeEvolution: No population was assigned. Initialize the first source term to 1.0.
In mesmer::CollisionOperator::timeEvolution: No population was assigned. Initialize the first source term to 1.0.
In mesmer::CollisionOperator::timeEvolution: No population was assigned. Initialize the first source term to 1.0.
In mesmer::CollisionOperator::timeEvolution: No population was assigned. Initialize the first source term to 1.0.
In mesmer::CollisionOperator::timeEvolution: No population was assigned. Initialize the first source term to 1.0.
In mesmer::CollisionOperator::timeEvolution: No population was assigned. Initialize the first source term to 1.0.
In mesmer::CollisionOperator::timeEvolution: No population was assigned. Initialize the first source term to 1.0.
In mesmer::CollisionOperator::timeEvolution: No population was assigned. Initialize the first source term to 1.0.
Finish Calculation of P-T case

Chi^2 = 51.302 Lambda = 0.0001
HONO:deltaEDown=80.6473  R1:preExponential=6.47162e-011  
Iteration: 4 of Marquardt. ChiSquare = 51.302, Lambda = 0.0001
Association ILT calculation completed
In mesmer::CollisionOperator::timeEvolution: No population was assigned. Initialize the first source term to 1.0.
In mesmer::CollisionOperator::timeEvolution: No population was assigned. Initialize the first source term to 1.0.
In mesmer::CollisionOperator::timeEvolution: No population was assigned. Initialize the first source term to 1.0.
In mesmer::CollisionOperator::timeEvolution: No population was assigned. Initialize the first source term to 1.0.
In mesmer::CollisionOperator::timeEvolution: No population was assigned. Initialize the first source term to 1.0.
In mesmer::CollisionOperator::timeEvolution: No population was assigned. Initialize the first source term to 1.0.
In mesmer::CollisionOperator::timeEvolution: No population was assigned. Initialize the first source term to 1.0.
In mesmer::CollisionOperator::timeEvolution: No population was assigned. Initialize the first source term to 1.0.
In mesmer::CollisionOperator::timeEvolution: No population was assigned. Initialize the first source term to 1.0.
In mesmer::CollisionOperator::timeEvolution: No population was assigned. Initialize the first source term to 1.0.
In mesmer::CollisionOperator::timeEvolution: No population was assigned. Initialize the first source term to 1.0.
In mesmer::CollisionOperator::timeEvolution: No population was assigned. Initialize the first source term to 1.0.
In mesmer::CollisionOperator::timeEvolution: No population was assigned. Initialize the first source term to 1.0.
In mesmer::CollisionOperator::timeEvolution: No population was assigned. Initialize the first source term to 1.0.
In mesmer::CollisionOperator::timeEvolution: No population was assigned. Initialize the first source term to 1.0.
In mesmer::CollisionOperator::timeEvolution: No population was assigned. Initialize the first source term to 1.0.
In mesmer::CollisionOperator::timeEvolution: No population was assigned. Initialize the first source term to 1.0.
Finish Calculation of P-T case

Chi^2 = 51.302 Lambda = 0.001
HONO:deltaEDown=80.6473  R1:preExponential=6.47162e-011  
Iteration: 5 of Marquardt. ChiSquare = 51.302, Lambda = 0.001
Association ILT calculation completed
In mesmer::CollisionOperator::timeEvolution: No population was assigned. Initialize the first source term to 1.0.
In mesmer::CollisionOperator::timeEvolution: No population was assigned. Initialize the first source term to 1.0.
In mesmer::CollisionOperator::timeEvolution: No population was assigned. Initialize the first source term to 1.0.
In mesmer::CollisionOperator::timeEvolution: No population was assigned. Initialize the first source term to 1.0.
In mesmer::CollisionOperator::timeEvolution: No population was assigned. Initialize the first source term to 1.0.
In mesmer::CollisionOperator::timeEvolution: No population was assigned. Initialize the first source term to 1.0.
In mesmer::CollisionOperator::timeEvolution: No population was assigned. Initialize the first source term to 1.0.
In mesmer::CollisionOperator::timeEvolution: No population was assigned. Initialize the first source term to 1.0.
In mesmer::CollisionOperator::timeEvolution: No population was assigned. Initialize the first source term to 1.0.
In mesmer::CollisionOperator::timeEvolution: No population was assigned. Initialize the first source term to 1.0.
In mesmer::CollisionOperator::timeEvolution: No population was assigned. Initialize the first source term to 1.0.
In mesmer::CollisionOperator::timeEvolution: No population was assigned. Initialize the first source term to 1.0.
In mesmer::CollisionOperator::timeEvolution: No population was assigned. Initialize the first source term to 1.0.
In mesmer::CollisionOperator::timeEvolution: No population was assigned. Initialize the first source term to 1.0.
In mesmer::CollisionOperator::timeEvolution: No population was assigned. Initialize the first source term to 1.0.
In mesmer::CollisionOperator::timeEvolution: No population was assigned. Initialize the first source term to 1.0.
In mesmer::CollisionOperator::timeEvolution: No population was assigned. Initialize the first source term to 1.0.
Finish Calculation of P-T case

Chi^2 = 51.302 Lambda = 0.01
HONO:deltaEDown=80.6473  R1:preExponential=6.47162e-011  
Iteration: 6 of Marquardt. ChiSquare = 51.302, Lambda = 0.01
Association ILT calculation completed
In mesmer::CollisionOperator::timeEvolution: No population was assigned. Initialize the first source term to 1.0.
In mesmer::CollisionOperator::timeEvolution: No population was assigned. Initialize the first source term to 1.0.
In mesmer::CollisionOperator::timeEvolution: No population was assigned. Initialize the first source term to 1.0.
In mesmer::CollisionOperator::timeEvolution: No population was assigned. Initialize the first source term to 1.0.
In mesmer::CollisionOperator::timeEvolution: No population was assigned. Initialize the first source term to 1.0.
In mesmer::CollisionOperator::timeEvolution: No population was assigned. Initialize the first source term to 1.0.
In mesmer::CollisionOperator::timeEvolution: No population was assigned. Initialize the first source term to 1.0.
In mesmer::CollisionOperator::timeEvolution: No population was assigned. Initialize the first source term to 1.0.
In mesmer::CollisionOperator::timeEvolution: No population was assigned. Initialize the first source term to 1.0.
In mesmer::CollisionOperator::timeEvolution: No population was assigned. Initialize the first source term to 1.0.
In mesmer::CollisionOperator::timeEvolution: No population was assigned. Initialize the first source term to 1.0.
In mesmer::CollisionOperator::timeEvolution: No population was assigned. Initialize the first source term to 1.0.
In mesmer::CollisionOperator::timeEvolution: No population was assigned. Initialize the first source term to 1.0.
In mesmer::CollisionOperator::timeEvolution: No population was assigned. Initialize the first source term to 1.0.
In mesmer::CollisionOperator::timeEvolution: No population was assigned. Initialize the first source term to 1.0.
In mesmer::CollisionOperator::timeEvolution: No population was assigned. Initialize the first source term to 1.0.
In mesmer::CollisionOperator::timeEvolution: No population was assigned. Initialize the first source term to 1.0.
Finish Calculation of P-T case

Chi^2 = 51.302 Lambda = 0.1
HONO:deltaEDown=80.6473  R1:preExponential=6.47162e-011  
Iteration: 7 of Marquardt. ChiSquare = 51.302, Lambda = 0.1
Association ILT calculation completed
In mesmer::CollisionOperator::timeEvolution: No population was assigned. Initialize the first source term to 1.0.
In mesmer::CollisionOperator::timeEvolution: No population was assigned. Initialize the first source term to 1.0.
In mesmer::CollisionOperator::timeEvolution: No population was assigned. Initialize the first source term to 1.0.
In mesmer::CollisionOperator::timeEvolution: No population was assigned. Initialize the first source term to 1.0.
In mesmer::CollisionOperator::timeEvolution: No population was assigned. Initialize the first source term to 1.0.
In mesmer::CollisionOperator::timeEvolution: No population was assigned. Initialize the first source term to 1.0.
In mesmer::CollisionOperator::timeEvolution: No population was assigned. Initialize the first source term to 1.0.
In mesmer::CollisionOperator::timeEvolution: No population was assigned. Initialize the first source term to 1.0.
In mesmer::CollisionOperator::timeEvolution: No population was assigned. Initialize the first source term to 1.0.
In mesmer::CollisionOperator::timeEvolution: No population was assigned. Initialize the first source term to 1.0.
In mesmer::CollisionOperator::timeEvolution: No population was assigned. Initialize the first source term to 1.0.
In mesmer::CollisionOperator::timeEvolution: No population was assigned. Initialize the first source term to 1.0.
In mesmer::CollisionOperator::timeEvolution: No population was assigned. Initialize the first source term to 1.0.
In mesmer::CollisionOperator::timeEvolution: No population was assigned. Initialize the first source term to 1.0.
In mesmer::CollisionOperator::timeEvolution: No population was assigned. Initialize the first source term to 1.0.
In mesmer::CollisionOperator::timeEvolution: No population was assigned. Initialize the first source term to 1.0.
In mesmer::CollisionOperator::timeEvolution: No population was assigned. Initialize the first source term to 1.0.
Finish Calculation of P-T case
Association ILT calculation completed
In mesmer::CollisionOperator::timeEvolution: No population was assigned. Initialize the first source term to 1.0.
In mesmer::CollisionOperator::timeEvolution: No population was assigned. Initialize the first source term to 1.0.
In mesmer::CollisionOperator::timeEvolution: No population was assigned. Initialize the first source term to 1.0.
In mesmer::CollisionOperator::timeEvolution: No population was assigned. Initialize the first source term to 1.0.
In mesmer::CollisionOperator::timeEvolution: No population was assigned. Initialize the first source term to 1.0.
In mesmer::CollisionOperator::timeEvolution: No population was assigned. Initialize the first source term to 1.0.
In mesmer::CollisionOperator::timeEvolution: No population was assigned. Initialize the first source term to 1.0.
In mesmer::CollisionOperator::timeEvolution: No population was assigned. Initialize the first source term to 1.0.
In mesmer::CollisionOperator::timeEvolution: No population was assigned. Initialize the first source term to 1.0.
In mesmer::CollisionOperator::timeEvolution: No population was assigned. Initialize the first source term to 1.0.
In mesmer::CollisionOperator::timeEvolution: No population was assigned. Initialize the first source term to 1.0.
In mesmer::CollisionOperator::timeEvolution: No population was assigned. Initialize the first source term to 1.0.
In mesmer::CollisionOperator::timeEvolution: No population was assigned. Initialize the first source term to 1.0.
In mesmer::CollisionOperator::timeEvolution: No population was assigned. Initialize the first source term to 1.0.
In mesmer::CollisionOperator::timeEvolution: No population was assigned. Initialize the first source term to 1.0.
In mesmer::CollisionOperator::timeEvolution: No population was assigned. Initialize the first source term to 1.0.
In mesmer::CollisionOperator::timeEvolution: No population was assigned. Initialize the first source term to 1.0.
Finish Calculation of P-T case
Association ILT calculation completed
In mesmer::CollisionOperator::timeEvolution: No population was assigned. Initialize the first source term to 1.0.
In mesmer::CollisionOperator::timeEvolution: No population was assigned. Initialize the first source term to 1.0.
In mesmer::CollisionOperator::timeEvolution: No population was assigned. Initialize the first source term to 1.0.
In mesmer::CollisionOperator::timeEvolution: No population was assigned. Initialize the first source term to 1.0.
In mesmer::CollisionOperator::timeEvolution: No population was assigned. Initialize the first source term to 1.0.
In mesmer::CollisionOperator::timeEvolution: No population was assigned. Initialize the first source term to 1.0.
In mesmer::CollisionOperator::timeEvolution: No population was assigned. Initialize the first source term to 1.0.
In mesmer::CollisionOperator::timeEvolution: No population was assigned. Initialize the first source term to 1.0.
In mesmer::CollisionOperator::timeEvolution: No population was assigned. Initialize the first source term to 1.0.
In mesmer::CollisionOperator::timeEvolution: No population was assigned. Initialize the first source term to 1.0.
In mesmer::CollisionOperator::timeEvolution: No population was assigned. Initialize the first source term to 1.0.
In mesmer::CollisionOperator::timeEvolution: No population was assigned. Initialize the first source term to 1.0.
In mesmer::CollisionOperator::timeEvolution: No population was assigned. Initialize the first source term to 1.0.
In mesmer::CollisionOperator::timeEvolution: No population was assigned. Initialize the first source term to 1.0.
In mesmer::CollisionOperator::timeEvolution: No population was assigned. Initialize the first source term to 1.0.
In mesmer::CollisionOperator::timeEvolution: No population was assigned. Initialize the first source term to 1.0.
In mesmer::CollisionOperator::timeEvolution: No population was assigned. Initialize the first source term to 1.0.
Finish Calculation of P-T case

Chi^2 = 51.3019 Lambda = 0.01
HONO:deltaEDown=80.6477  R1:preExponential=6.47145e-011  
Iteration: 8 of Marquardt. ChiSquare = 51.3019, Lambda = 0.01
Association ILT calculation completed
In mesmer::CollisionOperator::timeEvolution: No population was assigned. Initialize the first source term to 1.0.
In mesmer::CollisionOperator::timeEvolution: No population was assigned. Initialize the first source term to 1.0.
In mesmer::CollisionOperator::timeEvolution: No population was assigned. Initialize the first source term to 1.0.
In mesmer::CollisionOperator::timeEvolution: No population was assigned. Initialize the first source term to 1.0.
In mesmer::CollisionOperator::timeEvolution: No population was assigned. Initialize the first source term to 1.0.
In mesmer::CollisionOperator::timeEvolution: No population was assigned. Initialize the first source term to 1.0.
In mesmer::CollisionOperator::timeEvolution: No population was assigned. Initialize the first source term to 1.0.
In mesmer::CollisionOperator::timeEvolution: No population was assigned. Initialize the first source term to 1.0.
In mesmer::CollisionOperator::timeEvolution: No population was assigned. Initialize the first source term to 1.0.
In mesmer::CollisionOperator::timeEvolution: No population was assigned. Initialize the first source term to 1.0.
In mesmer::CollisionOperator::timeEvolution: No population was assigned. Initialize the first source term to 1.0.
In mesmer::CollisionOperator::timeEvolution: No population was assigned. Initialize the first source term to 1.0.
In mesmer::CollisionOperator::timeEvolution: No population was assigned. Initialize the first source term to 1.0.
In mesmer::CollisionOperator::timeEvolution: No population was assigned. Initialize the first source term to 1.0.
In mesmer::CollisionOperator::timeEvolution: No population was assigned. Initialize the first source term to 1.0.
In mesmer::CollisionOperator::timeEvolution: No population was assigned. Initialize the first source term to 1.0.
In mesmer::CollisionOperator::timeEvolution: No population was assigned. Initialize the first source term to 1.0.
Finish Calculation of P-T case
Association ILT calculation completed
In mesmer::CollisionOperator::timeEvolution: No population was assigned. Initialize the first source term to 1.0.
In mesmer::CollisionOperator::timeEvolution: No population was assigned. Initialize the first source term to 1.0.
In mesmer::CollisionOperator::timeEvolution: No population was assigned. Initialize the first source term to 1.0.
In mesmer::CollisionOperator::timeEvolution: No population was assigned. Initialize the first source term to 1.0.
In mesmer::CollisionOperator::timeEvolution: No population was assigned. Initialize the first source term to 1.0.
In mesmer::CollisionOperator::timeEvolution: No population was assigned. Initialize the first source term to 1.0.
In mesmer::CollisionOperator::timeEvolution: No population was assigned. Initialize the first source term to 1.0.
In mesmer::CollisionOperator::timeEvolution: No population was assigned. Initialize the first source term to 1.0.
In mesmer::CollisionOperator::timeEvolution: No population was assigned. Initialize the first source term to 1.0.
In mesmer::CollisionOperator::timeEvolution: No population was assigned. Initialize the first source term to 1.0.
In mesmer::CollisionOperator::timeEvolution: No population was assigned. Initialize the first source term to 1.0.
In mesmer::CollisionOperator::timeEvolution: No population was assigned. Initialize the first source term to 1.0.
In mesmer::CollisionOperator::timeEvolution: No population was assigned. Initialize the first source term to 1.0.
In mesmer::CollisionOperator::timeEvolution: No population was assigned. Initialize the first source term to 1.0.
In mesmer::CollisionOperator::timeEvolution: No population was assigned. Initialize the first source term to 1.0.
In mesmer::CollisionOperator::timeEvolution: No population was assigned. Initialize the first source term to 1.0.
In mesmer::CollisionOperator::timeEvolution: No population was assigned. Initialize the first source term to 1.0.
Finish Calculation of P-T case
Association ILT calculation completed
In mesmer::CollisionOperator::timeEvolution: No population was assigned. Initialize the first source term to 1.0.
In mesmer::CollisionOperator::timeEvolution: No population was assigned. Initialize the first source term to 1.0.
In mesmer::CollisionOperator::timeEvolution: No population was assigned. Initialize the first source term to 1.0.
In mesmer::CollisionOperator::timeEvolution: No population was assigned. Initialize the first source term to 1.0.
In mesmer::CollisionOperator::timeEvolution: No population was assigned. Initialize the first source term to 1.0.
In mesmer::CollisionOperator::timeEvolution: No population was assigned. Initialize the first source term to 1.0.
In mesmer::CollisionOperator::timeEvolution: No population was assigned. Initialize the first source term to 1.0.
In mesmer::CollisionOperator::timeEvolution: No population was assigned. Initialize the first source term to 1.0.
In mesmer::CollisionOperator::timeEvolution: No population was assigned. Initialize the first source term to 1.0.
In mesmer::CollisionOperator::timeEvolution: No population was assigned. Initialize the first source term to 1.0.
In mesmer::CollisionOperator::timeEvolution: No population was assigned. Initialize the first source term to 1.0.
In mesmer::CollisionOperator::timeEvolution: No population was assigned. Initialize the first source term to 1.0.
In mesmer::CollisionOperator::timeEvolution: No population was assigned. Initialize the first source term to 1.0.
In mesmer::CollisionOperator::timeEvolution: No population was assigned. Initialize the first source term to 1.0.
In mesmer::CollisionOperator::timeEvolution: No population was assigned. Initialize the first source term to 1.0.
In mesmer::CollisionOperator::timeEvolution: No population was assigned. Initialize the first source term to 1.0.
In mesmer::CollisionOperator::timeEvolution: No population was assigned. Initialize the first source term to 1.0.
Finish Calculation of P-T case

Chi^2 = 51.3017 Lambda = 0.001
HONO:deltaEDown=80.649  R1:preExponential=6.47093e-011  
Iteration: 9 of Marquardt. ChiSquare = 51.3017, Lambda = 0.001
Association ILT calculation completed
In mesmer::CollisionOperator::timeEvolution: No population was assigned. Initialize the first source term to 1.0.
In mesmer::CollisionOperator::timeEvolution: No population was assigned. Initialize the first source term to 1.0.
In mesmer::CollisionOperator::timeEvolution: No population was assigned. Initialize the first source term to 1.0.
In mesmer::CollisionOperator::timeEvolution: No population was assigned. Initialize the first source term to 1.0.
In mesmer::CollisionOperator::timeEvolution: No population was assigned. Initialize the first source term to 1.0.
In mesmer::CollisionOperator::timeEvolution: No population was assigned. Initialize the first source term to 1.0.
In mesmer::CollisionOperator::timeEvolution: No population was assigned. Initialize the first source term to 1.0.
In mesmer::CollisionOperator::timeEvolution: No population was assigned. Initialize the first source term to 1.0.
In mesmer::CollisionOperator::timeEvolution: No population was assigned. Initialize the first source term to 1.0.
In mesmer::CollisionOperator::timeEvolution: No population was assigned. Initialize the first source term to 1.0.
In mesmer::CollisionOperator::timeEvolution: No population was assigned. Initialize the first source term to 1.0.
In mesmer::CollisionOperator::timeEvolution: No population was assigned. Initialize the first source term to 1.0.
In mesmer::CollisionOperator::timeEvolution: No population was assigned. Initialize the first source term to 1.0.
In mesmer::CollisionOperator::timeEvolution: No population was assigned. Initialize the first source term to 1.0.
In mesmer::CollisionOperator::timeEvolution: No population was assigned. Initialize the first source term to 1.0.
In mesmer::CollisionOperator::timeEvolution: No population was assigned. Initialize the first source term to 1.0.
In mesmer::CollisionOperator::timeEvolution: No population was assigned. Initialize the first source term to 1.0.
Finish Calculation of P-T case

Chi^2 = 51.3017 Lambda = 0.01
HONO:deltaEDown=80.649  R1:preExponential=6.47093e-011  
Iteration: 10 of Marquardt. ChiSquare = 51.3017, Lambda = 0.01
Association ILT calculation completed
In mesmer::CollisionOperator::timeEvolution: No population was assigned. Initialize the first source term to 1.0.
In mesmer::CollisionOperator::timeEvolution: No population was assigned. Initialize the first source term to 1.0.
In mesmer::CollisionOperator::timeEvolution: No population was assigned. Initialize the first source term to 1.0.
In mesmer::CollisionOperator::timeEvolution: No population was assigned. Initialize the first source term to 1.0.
In mesmer::CollisionOperator::timeEvolution: No population was assigned. Initialize the first source term to 1.0.
In mesmer::CollisionOperator::timeEvolution: No population was assigned. Initialize the first source term to 1.0.
In mesmer::CollisionOperator::timeEvolution: No population was assigned. Initialize the first source term to 1.0.
In mesmer::CollisionOperator::timeEvolution: No population was assigned. Initialize the first source term to 1.0.
In mesmer::CollisionOperator::timeEvolution: No population was assigned. Initialize the first source term to 1.0.
In mesmer::CollisionOperator::timeEvolution: No population was assigned. Initialize the first source term to 1.0.
In mesmer::CollisionOperator::timeEvolution: No population was assigned. Initialize the first source term to 1.0.
In mesmer::CollisionOperator::timeEvolution: No population was assigned. Initialize the first source term to 1.0.
In mesmer::CollisionOperator::timeEvolution: No population was assigned. Initialize the first source term to 1.0.
In mesmer::CollisionOperator::timeEvolution: No population was assigned. Initialize the first source term to 1.0.
In mesmer::CollisionOperator::timeEvolution: No population was assigned. Initialize the first source term to 1.0.
In mesmer::CollisionOperator::timeEvolution: No population was assigned. Initialize the first source term to 1.0.
In mesmer::CollisionOperator::timeEvolution: No population was assigned. Initialize the first source term to 1.0.
Finish Calculation of P-T case
Association ILT calculation completed
In mesmer::CollisionOperator::timeEvolution: No population was assigned. Initialize the first source term to 1.0.
In mesmer::CollisionOperator::timeEvolution: No population was assigned. Initialize the first source term to 1.0.
In mesmer::CollisionOperator::timeEvolution: No population was assigned. Initialize the first source term to 1.0.
In mesmer::CollisionOperator::timeEvolution: No population was assigned. Initialize the first source term to 1.0.
In mesmer::CollisionOperator::timeEvolution: No population was assigned. Initialize the first source term to 1.0.
In mesmer::CollisionOperator::timeEvolution: No population was assigned. Initialize the first source term to 1.0.
In mesmer::CollisionOperator::timeEvolution: No population was assigned. Initialize the first source term to 1.0.
In mesmer::CollisionOperator::timeEvolution: No population was assigned. Initialize the first source term to 1.0.
In mesmer::CollisionOperator::timeEvolution: No population was assigned. Initialize the first source term to 1.0.
In mesmer::CollisionOperator::timeEvolution: No population was assigned. Initialize the first source term to 1.0.
In mesmer::CollisionOperator::timeEvolution: No population was assigned. Initialize the first source term to 1.0.
In mesmer::CollisionOperator::timeEvolution: No population was assigned. Initialize the first source term to 1.0.
In mesmer::CollisionOperator::timeEvolution: No population was assigned. Initialize the first source term to 1.0.
In mesmer::CollisionOperator::timeEvolution: No population was assigned. Initialize the first source term to 1.0.
In mesmer::CollisionOperator::timeEvolution: No population was assigned. Initialize the first source term to 1.0.
In mesmer::CollisionOperator::timeEvolution: No population was assigned. Initialize the first source term to 1.0.
In mesmer::CollisionOperator::timeEvolution: No population was assigned. Initialize the first source term to 1.0.
Finish Calculation of P-T case
Association ILT calculation completed
In mesmer::CollisionOperator::timeEvolution: No population was assigned. Initialize the first source term to 1.0.
In mesmer::CollisionOperator::timeEvolution: No population was assigned. Initialize the first source term to 1.0.
In mesmer::CollisionOperator::timeEvolution: No population was assigned. Initialize the first source term to 1.0.
In mesmer::CollisionOperator::timeEvolution: No population was assigned. Initialize the first source term to 1.0.
In mesmer::CollisionOperator::timeEvolution: No population was assigned. Initialize the first source term to 1.0.
In mesmer::CollisionOperator::timeEvolution: No population was assigned. Initialize the first source term to 1.0.
In mesmer::CollisionOperator::timeEvolution: No population was assigned. Initialize the first source term to 1.0.
In mesmer::CollisionOperator::timeEvolution: No population was assigned. Initialize the first source term to 1.0.
In mesmer::CollisionOperator::timeEvolution: No population was assigned. Initialize the first source term to 1.0.
In mesmer::CollisionOperator::timeEvolution: No population was assigned. Initialize the first source term to 1.0.
In mesmer::CollisionOperator::timeEvolution: No population was assigned. Initialize the first source term to 1.0.
In mesmer::CollisionOperator::timeEvolution: No population was assigned. Initialize the first source term to 1.0.
In mesmer::CollisionOperator::timeEvolution: No population was assigned. Initialize the first source term to 1.0.
In mesmer::CollisionOperator::timeEvolution: No population was assigned. Initialize the first source term to 1.0.
In mesmer::CollisionOperator::timeEvolution: No population was assigned. Initialize the first source term to 1.0.
In mesmer::CollisionOperator::timeEvolution: No population was assigned. Initialize the first source term to 1.0.
In mesmer::CollisionOperator::timeEvolution: No population was assigned. Initialize the first source term to 1.0.
Finish Calculation of P-T case

Chi^2 = 51.3013 Lambda = 0.001
HONO:deltaEDown=80.6516  R1:preExponential=6.46926e-011  
Iteration: 11 of Marquardt. ChiSquare = 51.3013, Lambda = 0.001
Association ILT calculation completed
In mesmer::CollisionOperator::timeEvolution: No population was assigned. Initialize the first source term to 1.0.
In mesmer::CollisionOperator::timeEvolution: No population was assigned. Initialize the first source term to 1.0.
In mesmer::CollisionOperator::timeEvolution: No population was assigned. Initialize the first source term to 1.0.
In mesmer::CollisionOperator::timeEvolution: No population was assigned. Initialize the first source term to 1.0.
In mesmer::CollisionOperator::timeEvolution: No population was assigned. Initialize the first source term to 1.0.
In mesmer::CollisionOperator::timeEvolution: No population was assigned. Initialize the first source term to 1.0.
In mesmer::CollisionOperator::timeEvolution: No population was assigned. Initialize the first source term to 1.0.
In mesmer::CollisionOperator::timeEvolution: No population was assigned. Initialize the first source term to 1.0.
In mesmer::CollisionOperator::timeEvolution: No population was assigned. Initialize the first source term to 1.0.
In mesmer::CollisionOperator::timeEvolution: No population was assigned. Initialize the first source term to 1.0.
In mesmer::CollisionOperator::timeEvolution: No population was assigned. Initialize the first source term to 1.0.
In mesmer::CollisionOperator::timeEvolution: No population was assigned. Initialize the first source term to 1.0.
In mesmer::CollisionOperator::timeEvolution: No population was assigned. Initialize the first source term to 1.0.
In mesmer::CollisionOperator::timeEvolution: No population was assigned. Initialize the first source term to 1.0.
In mesmer::CollisionOperator::timeEvolution: No population was assigned. Initialize the first source term to 1.0.
In mesmer::CollisionOperator::timeEvolution: No population was assigned. Initialize the first source term to 1.0.
In mesmer::CollisionOperator::timeEvolution: No population was assigned. Initialize the first source term to 1.0.
Finish Calculation of P-T case

Chi^2 = 51.3013 Lambda = 0.01
HONO:deltaEDown=80.6516  R1:preExponential=6.46926e-011  
Iteration: 12 of Marquardt. ChiSquare = 51.3013, Lambda = 0.01
Association ILT calculation completed
In mesmer::CollisionOperator::timeEvolution: No population was assigned. Initialize the first source term to 1.0.
In mesmer::CollisionOperator::timeEvolution: No population was assigned. Initialize the first source term to 1.0.
In mesmer::CollisionOperator::timeEvolution: No population was assigned. Initialize the first source term to 1.0.
In mesmer::CollisionOperator::timeEvolution: No population was assigned. Initialize the first source term to 1.0.
In mesmer::CollisionOperator::timeEvolution: No population was assigned. Initialize the first source term to 1.0.
In mesmer::CollisionOperator::timeEvolution: No population was assigned. Initialize the first source term to 1.0.
In mesmer::CollisionOperator::timeEvolution: No population was assigned. Initialize the first source term to 1.0.
In mesmer::CollisionOperator::timeEvolution: No population was assigned. Initialize the first source term to 1.0.
In mesmer::CollisionOperator::timeEvolution: No population was assigned. Initialize the first source term to 1.0.
In mesmer::CollisionOperator::timeEvolution: No population was assigned. Initialize the first source term to 1.0.
In mesmer::CollisionOperator::timeEvolution: No population was assigned. Initialize the first source term to 1.0.
In mesmer::CollisionOperator::timeEvolution: No population was assigned. Initialize the first source term to 1.0.
In mesmer::CollisionOperator::timeEvolution: No population was assigned. Initialize the first source term to 1.0.
In mesmer::CollisionOperator::timeEvolution: No population was assigned. Initialize the first source term to 1.0.
In mesmer::CollisionOperator::timeEvolution: No population was assigned. Initialize the first source term to 1.0.
In mesmer::CollisionOperator::timeEvolution: No population was assigned. Initialize the first source term to 1.0.
In mesmer::CollisionOperator::timeEvolution: No population was assigned. Initialize the first source term to 1.0.
Finish Calculation of P-T case

Chi^2 = 51.3013 Lambda = 0.1
HONO:deltaEDown=80.6516  R1:preExponential=6.46926e-011  
Iteration: 13 of Marquardt. ChiSquare = 51.3013, Lambda = 0.1
Association ILT calculation completed
In mesmer::CollisionOperator::timeEvolution: No population was assigned. Initialize the first source term to 1.0.
In mesmer::CollisionOperator::timeEvolution: No population was assigned. Initialize the first source term to 1.0.
In mesmer::CollisionOperator::timeEvolution: No population was assigned. Initialize the first source term to 1.0.
In mesmer::CollisionOperator::timeEvolution: No population was assigned. Initialize the first source term to 1.0.
In mesmer::CollisionOperator::timeEvolution: No population was assigned. Initialize the first source term to 1.0.
In mesmer::CollisionOperator::timeEvolution: No population was assigned. Initialize the first source term to 1.0.
In mesmer::CollisionOperator::timeEvolution: No population was assigned. Initialize the first source term to 1.0.
In mesmer::CollisionOperator::timeEvolution: No population was assigned. Initialize the first source term to 1.0.
In mesmer::CollisionOperator::timeEvolution: No population was assigned. Initialize the first source term to 1.0.
In mesmer::CollisionOperator::timeEvolution: No population was assigned. Initialize the first source term to 1.0.
In mesmer::CollisionOperator::timeEvolution: No population was assigned. Initialize the first source term to 1.0.
In mesmer::CollisionOperator::timeEvolution: No population was assigned. Initialize the first source term to 1.0.
In mesmer::CollisionOperator::timeEvolution: No population was assigned. Initialize the first source term to 1.0.
In mesmer::CollisionOperator::timeEvolution: No population was assigned. Initialize the first source term to 1.0.
In mesmer::CollisionOperator::timeEvolution: No population was assigned. Initialize the first source term to 1.0.
In mesmer::CollisionOperator::timeEvolution: No population was assigned. Initialize the first source term to 1.0.
In mesmer::CollisionOperator::timeEvolution: No population was assigned. Initialize the first source term to 1.0.
Finish Calculation of P-T case

Chi^2 = 51.3013 Lambda = 1
HONO:deltaEDown=80.6516  R1:preExponential=6.46926e-011  
Iteration: 14 of Marquardt. ChiSquare = 51.3013, Lambda = 1
Association ILT calculation completed
In mesmer::CollisionOperator::timeEvolution: No population was assigned. Initialize the first source term to 1.0.
In mesmer::CollisionOperator::timeEvolution: No population was assigned. Initialize the first source term to 1.0.
In mesmer::CollisionOperator::timeEvolution: No population was assigned. Initialize the first source term to 1.0.
In mesmer::CollisionOperator::timeEvolution: No population was assigned. Initialize the first source term to 1.0.
In mesmer::CollisionOperator::timeEvolution: No population was assigned. Initialize the first source term to 1.0.
In mesmer::CollisionOperator::timeEvolution: No population was assigned. Initialize the first source term to 1.0.
In mesmer::CollisionOperator::timeEvolution: No population was assigned. Initialize the first source term to 1.0.
In mesmer::CollisionOperator::timeEvolution: No population was assigned. Initialize the first source term to 1.0.
In mesmer::CollisionOperator::timeEvolution: No population was assigned. Initialize the first source term to 1.0.
In mesmer::CollisionOperator::timeEvolution: No population was assigned. Initialize the first source term to 1.0.
In mesmer::CollisionOperator::timeEvolution: No population was assigned. Initialize the first source term to 1.0.
In mesmer::CollisionOperator::timeEvolution: No population was assigned. Initialize the first source term to 1.0.
In mesmer::CollisionOperator::timeEvolution: No population was assigned. Initialize the first source term to 1.0.
In mesmer::CollisionOperator::timeEvolution: No population was assigned. Initialize the first source term to 1.0.
In mesmer::CollisionOperator::timeEvolution: No population was assigned. Initialize the first source term to 1.0.
In mesmer::CollisionOperator::timeEvolution: No population was assigned. Initialize the first source term to 1.0.
In mesmer::CollisionOperator::timeEvolution: No population was assigned. Initialize the first source term to 1.0.
Finish Calculation of P-T case
Association ILT calculation completed
In mesmer::CollisionOperator::timeEvolution: No population was assigned. Initialize the first source term to 1.0.
In mesmer::CollisionOperator::timeEvolution: No population was assigned. Initialize the first source term to 1.0.
In mesmer::CollisionOperator::timeEvolution: No population was assigned. Initialize the first source term to 1.0.
In mesmer::CollisionOperator::timeEvolution: No population was assigned. Initialize the first source term to 1.0.
In mesmer::CollisionOperator::timeEvolution: No population was assigned. Initialize the first source term to 1.0.
In mesmer::CollisionOperator::timeEvolution: No population was assigned. Initialize the first source term to 1.0.
In mesmer::CollisionOperator::timeEvolution: No population was assigned. Initialize the first source term to 1.0.
In mesmer::CollisionOperator::timeEvolution: No population was assigned. Initialize the first source term to 1.0.
In mesmer::CollisionOperator::timeEvolution: No population was assigned. Initialize the first source term to 1.0.
In mesmer::CollisionOperator::timeEvolution: No population was assigned. Initialize the first source term to 1.0.
In mesmer::CollisionOperator::timeEvolution: No population was assigned. Initialize the first source term to 1.0.
In mesmer::CollisionOperator::timeEvolution: No population was assigned. Initialize the first source term to 1.0.
In mesmer::CollisionOperator::timeEvolution: No population was assigned. Initialize the first source term to 1.0.
In mesmer::CollisionOperator::timeEvolution: No population was assigned. Initialize the first source term to 1.0.
In mesmer::CollisionOperator::timeEvolution: No population was assigned. Initialize the first source term to 1.0.
In mesmer::CollisionOperator::timeEvolution: No population was assigned. Initialize the first source term to 1.0.
In mesmer::CollisionOperator::timeEvolution: No population was assigned. Initialize the first source term to 1.0.
Finish Calculation of P-T case
Association ILT calculation completed
In mesmer::CollisionOperator::timeEvolution: No population was assigned. Initialize the first source term to 1.0.
In mesmer::CollisionOperator::timeEvolution: No population was assigned. Initialize the first source term to 1.0.
In mesmer::CollisionOperator::timeEvolution: No population was assigned. Initialize the first source term to 1.0.
In mesmer::CollisionOperator::timeEvolution: No population was assigned. Initialize the first source term to 1.0.
In mesmer::CollisionOperator::timeEvolution: No population was assigned. Initialize the first source term to 1.0.
In mesmer::CollisionOperator::timeEvolution: No population was assigned. Initialize the first source term to 1.0.
In mesmer::CollisionOperator::timeEvolution: No population was assigned. Initialize the first source term to 1.0.
In mesmer::CollisionOperator::timeEvolution: No population was assigned. Initialize the first source term to 1.0.
In mesmer::CollisionOperator::timeEvolution: No population was assigned. Initialize the first source term to 1.0.
In mesmer::CollisionOperator::timeEvolution: No population was assigned. Initialize the first source term to 1.0.
In mesmer::CollisionOperator::timeEvolution: No population was assigned. Initialize the first source term to 1.0.
In mesmer::CollisionOperator::timeEvolution: No population was assigned. Initialize the first source term to 1.0.
In mesmer::CollisionOperator::timeEvolution: No population was assigned. Initialize the first source term to 1.0.
In mesmer::CollisionOperator::timeEvolution: No population was assigned. Initialize the first source term to 1.0.
In mesmer::CollisionOperator::timeEvolution: No population was assigned. Initialize the first source term to 1.0.
In mesmer::CollisionOperator::timeEvolution: No population was assigned. Initialize the first source term to 1.0.
In mesmer::CollisionOperator::timeEvolution: No population was assigned. Initialize the first source term to 1.0.
Finish Calculation of P-T case

Chi^2 = 51.301 Lambda = 0.1
HONO:deltaEDown=80.6509  R1:preExponential=6.46987e-011  
Iteration: 15 of Marquardt. ChiSquare = 51.301, Lambda = 0.1
Association ILT calculation completed
In mesmer::CollisionOperator::timeEvolution: No population was assigned. Initialize the first source term to 1.0.
In mesmer::CollisionOperator::timeEvolution: No population was assigned. Initialize the first source term to 1.0.
In mesmer::CollisionOperator::timeEvolution: No population was assigned. Initialize the first source term to 1.0.
In mesmer::CollisionOperator::timeEvolution: No population was assigned. Initialize the first source term to 1.0.
In mesmer::CollisionOperator::timeEvolution: No population was assigned. Initialize the first source term to 1.0.
In mesmer::CollisionOperator::timeEvolution: No population was assigned. Initialize the first source term to 1.0.
In mesmer::CollisionOperator::timeEvolution: No population was assigned. Initialize the first source term to 1.0.
In mesmer::CollisionOperator::timeEvolution: No population was assigned. Initialize the first source term to 1.0.
In mesmer::CollisionOperator::timeEvolution: No population was assigned. Initialize the first source term to 1.0.
In mesmer::CollisionOperator::timeEvolution: No population was assigned. Initialize the first source term to 1.0.
In mesmer::CollisionOperator::timeEvolution: No population was assigned. Initialize the first source term to 1.0.
In mesmer::CollisionOperator::timeEvolution: No population was assigned. Initialize the first source term to 1.0.
In mesmer::CollisionOperator::timeEvolution: No population was assigned. Initialize the first source term to 1.0.
In mesmer::CollisionOperator::timeEvolution: No population was assigned. Initialize the first source term to 1.0.
In mesmer::CollisionOperator::timeEvolution: No population was assigned. Initialize the first source term to 1.0.
In mesmer::CollisionOperator::timeEvolution: No population was assigned. Initialize the first source term to 1.0.
In mesmer::CollisionOperator::timeEvolution: No population was assigned. Initialize the first source term to 1.0.
Finish Calculation of P-T case

Chi^2 = 51.301 Lambda = 1
HONO:deltaEDown=80.6509  R1:preExponential=6.46987e-011  
Iteration: 16 of Marquardt. ChiSquare = 51.301, Lambda = 1
Association ILT calculation completed
In mesmer::CollisionOperator::timeEvolution: No population was assigned. Initialize the first source term to 1.0.
In mesmer::CollisionOperator::timeEvolution: No population was assigned. Initialize the first source term to 1.0.
In mesmer::CollisionOperator::timeEvolution: No population was assigned. Initialize the first source term to 1.0.
In mesmer::CollisionOperator::timeEvolution: No population was assigned. Initialize the first source term to 1.0.
In mesmer::CollisionOperator::timeEvolution: No population was assigned. Initialize the first source term to 1.0.
In mesmer::CollisionOperator::timeEvolution: No population was assigned. Initialize the first source term to 1.0.
In mesmer::CollisionOperator::timeEvolution: No population was assigned. Initialize the first source term to 1.0.
In mesmer::CollisionOperator::timeEvolution: No population was assigned. Initialize the first source term to 1.0.
In mesmer::CollisionOperator::timeEvolution: No population was assigned. Initialize the first source term to 1.0.
In mesmer::CollisionOperator::timeEvolution: No population was assigned. Initialize the first source term to 1.0.
In mesmer::CollisionOperator::timeEvolution: No population was assigned. Initialize the first source term to 1.0.
In mesmer::CollisionOperator::timeEvolution: No population was assigned. Initialize the first source term to 1.0.
In mesmer::CollisionOperator::timeEvolution: No population was assigned. Initialize the first source term to 1.0.
In mesmer::CollisionOperator::timeEvolution: No population was assigned. Initialize the first source term to 1.0.
In mesmer::CollisionOperator::timeEvolution: No population was assigned. Initialize the first source term to 1.0.
In mesmer::CollisionOperator::timeEvolution: No population was assigned. Initialize the first source term to 1.0.
In mesmer::CollisionOperator::timeEvolution: No population was assigned. Initialize the first source term to 1.0.
Finish Calculation of P-T case

Chi^2 = 51.301 Lambda = 10
HONO:deltaEDown=80.6509  R1:preExponential=6.46987e-011  
Iteration: 17 of Marquardt. ChiSquare = 51.301, Lambda = 10
Association ILT calculation completed
In mesmer::CollisionOperator::timeEvolution: No population was assigned. Initialize the first source term to 1.0.
In mesmer::CollisionOperator::timeEvolution: No population was assigned. Initialize the first source term to 1.0.
In mesmer::CollisionOperator::timeEvolution: No population was assigned. Initialize the first source term to 1.0.
In mesmer::CollisionOperator::timeEvolution: No population was assigned. Initialize the first source term to 1.0.
In mesmer::CollisionOperator::timeEvolution: No population was assigned. Initialize the first source term to 1.0.
In mesmer::CollisionOperator::timeEvolution: No population was assigned. Initialize the first source term to 1.0.
In mesmer::CollisionOperator::timeEvolution: No population was assigned. Initialize the first source term to 1.0.
In mesmer::CollisionOperator::timeEvolution: No population was assigned. Initialize the first source term to 1.0.
In mesmer::CollisionOperator::timeEvolution: No population was assigned. Initialize the first source term to 1.0.
In mesmer::CollisionOperator::timeEvolution: No population was assigned. Initialize the first source term to 1.0.
In mesmer::CollisionOperator::timeEvolution: No population was assigned. Initialize the first source term to 1.0.
In mesmer::CollisionOperator::timeEvolution: No population was assigned. Initialize the first source term to 1.0.
In mesmer::CollisionOperator::timeEvolution: No population was assigned. Initialize the first source term to 1.0.
In mesmer::CollisionOperator::timeEvolution: No population was assigned. Initialize the first source term to 1.0.
In mesmer::CollisionOperator::timeEvolution: No population was assigned. Initialize the first source term to 1.0.
In mesmer::CollisionOperator::timeEvolution: No population was assigned. Initialize the first source term to 1.0.
In mesmer::CollisionOperator::timeEvolution: No population was assigned. Initialize the first source term to 1.0.
Finish Calculation of P-T case

Chi^2 = 51.301 Lambda = 100
HONO:deltaEDown=80.6509  R1:preExponential=6.46987e-011  
Iteration: 18 of Marquardt. ChiSquare = 51.301, Lambda = 100
Association ILT calculation completed
In mesmer::CollisionOperator::timeEvolution: No population was assigned. Initialize the first source term to 1.0.
In mesmer::CollisionOperator::timeEvolution: No population was assigned. Initialize the first source term to 1.0.
In mesmer::CollisionOperator::timeEvolution: No population was assigned. Initialize the first source term to 1.0.
In mesmer::CollisionOperator::timeEvolution: No population was assigned. Initialize the first source term to 1.0.
In mesmer::CollisionOperator::timeEvolution: No population was assigned. Initialize the first source term to 1.0.
In mesmer::CollisionOperator::timeEvolution: No population was assigned. Initialize the first source term to 1.0.
In mesmer::CollisionOperator::timeEvolution: No population was assigned. Initialize the first source term to 1.0.
In mesmer::CollisionOperator::timeEvolution: No population was assigned. Initialize the first source term to 1.0.
In mesmer::CollisionOperator::timeEvolution: No population was assigned. Initialize the first source term to 1.0.
In mesmer::CollisionOperator::timeEvolution: No population was assigned. Initialize the first source term to 1.0.
In mesmer::CollisionOperator::timeEvolution: No population was assigned. Initialize the first source term to 1.0.
In mesmer::CollisionOperator::timeEvolution: No population was assigned. Initialize the first source term to 1.0.
In mesmer::CollisionOperator::timeEvolution: No population was assigned. Initialize the first source term to 1.0.
In mesmer::CollisionOperator::timeEvolution: No population was assigned. Initialize the first source term to 1.0.
In mesmer::CollisionOperator::timeEvolution: No population was assigned. Initialize the first source term to 1.0.
In mesmer::CollisionOperator::timeEvolution: No population was assigned. Initialize the first source term to 1.0.
In mesmer::CollisionOperator::timeEvolution: No population was assigned. Initialize the first source term to 1.0.
Finish Calculation of P-T case

Chi^2 = 51.301 Lambda = 1000
HONO:deltaEDown=80.6509  R1:preExponential=6.46987e-011  
Iteration: 19 of Marquardt. ChiSquare = 51.301, Lambda = 1000
Association ILT calculation completed
In mesmer::CollisionOperator::timeEvolution: No population was assigned. Initialize the first source term to 1.0.
In mesmer::CollisionOperator::timeEvolution: No population was assigned. Initialize the first source term to 1.0.
In mesmer::CollisionOperator::timeEvolution: No population was assigned. Initialize the first source term to 1.0.
In mesmer::CollisionOperator::timeEvolution: No population was assigned. Initialize the first source term to 1.0.
In mesmer::CollisionOperator::timeEvolution: No population was assigned. Initialize the first source term to 1.0.
In mesmer::CollisionOperator::timeEvolution: No population was assigned. Initialize the first source term to 1.0.
In mesmer::CollisionOperator::timeEvolution: No population was assigned. Initialize the first source term to 1.0.
In mesmer::CollisionOperator::timeEvolution: No population was assigned. Initialize the first source term to 1.0.
In mesmer::CollisionOperator::timeEvolution: No population was assigned. Initialize the first source term to 1.0.
In mesmer::CollisionOperator::timeEvolution: No population was assigned. Initialize the first source term to 1.0.
In mesmer::CollisionOperator::timeEvolution: No population was assigned. Initialize the first source term to 1.0.
In mesmer::CollisionOperator::timeEvolution: No population was assigned. Initialize the first source term to 1.0.
In mesmer::CollisionOperator::timeEvolution: No population was assigned. Initialize the first source term to 1.0.
In mesmer::CollisionOperator::timeEvolution: No population was assigned. Initialize the first source term to 1.0.
In mesmer::CollisionOperator::timeEvolution: No population was assigned. Initialize the first source term to 1.0.
In mesmer::CollisionOperator::timeEvolution: No population was assigned. Initialize the first source term to 1.0.
In mesmer::CollisionOperator::timeEvolution: No population was assigned. Initialize the first source term to 1.0.
Finish Calculation of P-T case

Chi^2 = 51.301 Lambda = 10000
HONO:deltaEDown=80.6509  R1:preExponential=6.46987e-011  
Iteration: 20 of Marquardt. ChiSquare = 51.301, Lambda = 10000
PT Grid 0
Number of cells = 21450, Number of grains = 858
Association ILT calculation completed
Build Collison Operator
Diagonalize the Reaction Operator -- Time elapsed: 10 seconds.
In mesmer::CollisionOperator::timeEvolution: No population was assigned. Initialize the first source term to 1.0.
PT Grid 1
Build Collison Operator -- Time elapsed: 2 seconds.
Diagonalize the Reaction Operator -- Time elapsed: 10 seconds.
In mesmer::CollisionOperator::timeEvolution: No population was assigned. Initialize the first source term to 1.0.
PT Grid 2
Build Collison Operator -- Time elapsed: 1 seconds.
Diagonalize the Reaction Operator -- Time elapsed: 10 seconds.
In mesmer::CollisionOperator::timeEvolution: No population was assigned. Initialize the first source term to 1.0.
PT Grid 3
Build Collison Operator -- Time elapsed: 2 seconds.
Diagonalize the Reaction Operator -- Time elapsed: 10 seconds.
In mesmer::CollisionOperator::timeEvolution: No population was assigned. Initialize the first source term to 1.0.
PT Grid 4
Build Collison Operator -- Time elapsed: 1 seconds.
Diagonalize the Reaction Operator -- Time elapsed: 10 seconds.
In mesmer::CollisionOperator::timeEvolution: No population was assigned. Initialize the first source term to 1.0.
PT Grid 5
Build Collison Operator -- Time elapsed: 1 seconds.
Diagonalize the Reaction Operator -- Time elapsed: 10 seconds.
In mesmer::CollisionOperator::timeEvolution: No population was assigned. Initialize the first source term to 1.0.
PT Grid 6
Build Collison Operator -- Time elapsed: 1 seconds.
Diagonalize the Reaction Operator -- Time elapsed: 10 seconds.
In mesmer::CollisionOperator::timeEvolution: No population was assigned. Initialize the first source term to 1.0.
PT Grid 7
Build Collison Operator -- Time elapsed: 1 seconds.
Diagonalize the Reaction Operator -- Time elapsed: 10 seconds.
In mesmer::CollisionOperator::timeEvolution: No population was assigned. Initialize the first source term to 1.0.
PT Grid 8
Build Collison Operator -- Time elapsed: 1 seconds.
Diagonalize the Reaction Operator -- Time elapsed: 8 seconds.
In mesmer::CollisionOperator::timeEvolution: No population was assigned. Initialize the first source term to 1.0.
PT Grid 9
Build Collison Operator -- Time elapsed: 1 seconds.
Diagonalize the Reaction Operator -- Time elapsed: 9 seconds.
In mesmer::CollisionOperator::timeEvolution: No population was assigned. Initialize the first source term to 1.0.
PT Grid 10
Build Collison Operator -- Time elapsed: 1 seconds.
Diagonalize the Reaction Operator -- Time elapsed: 8 seconds.
In mesmer::CollisionOperator::timeEvolution: No population was assigned. Initialize the first source term to 1.0.
PT Grid 11
Build Collison Operator -- Time elapsed: 1 seconds.
Diagonalize the Reaction Operator -- Time elapsed: 9 seconds.
In mesmer::CollisionOperator::timeEvolution: No population was assigned. Initialize the first source term to 1.0.
PT Grid 12
Build Collison Operator -- Time elapsed: 1 seconds.
Diagonalize the Reaction Operator -- Time elapsed: 8 seconds.
In mesmer::CollisionOperator::timeEvolution: No population was assigned. Initialize the first source term to 1.0.
PT Grid 13
Build Collison Operator -- Time elapsed: 1 seconds.
Diagonalize the Reaction Operator -- Time elapsed: 9 seconds.
In mesmer::CollisionOperator::timeEvolution: No population was assigned. Initialize the first source term to 1.0.
PT Grid 14
Build Collison Operator -- Time elapsed: 1 seconds.
Diagonalize the Reaction Operator -- Time elapsed: 8 seconds.
In mesmer::CollisionOperator::timeEvolution: No population was assigned. Initialize the first source term to 1.0.
PT Grid 15
Build Collison Operator -- Time elapsed: 1 seconds.
Diagonalize the Reaction Operator -- Time elapsed: 9 seconds.
In mesmer::CollisionOperator::timeEvolution: No population was assigned. Initialize the first source term to 1.0.
PT Grid 16
Build Collison Operator -- Time elapsed: 1 seconds.
Diagonalize the Reaction Operator -- Time elapsed: 8 seconds.
In mesmer::CollisionOperator::timeEvolution: No population was assigned. Initialize the first source term to 1.0.

    Temperature  Concentration    Exp. Coeff.    Cal. Coeff.

            295       3.2e+021         310000         397560
            295       2.3e+021         320000         360945
            295       1.6e+021         290000         320391
            295       1.2e+021         290000         288704
            295       7.6e+020         290000         240509
            295       3.4e+020         250000         165930
            295       1.7e+020         200000         114967
            295       9.6e+019         170000          82475
            294      6.57e+016            217        262.092
            294      1.64e+017            542        604.479
            294      2.63e+017            867        921.389
            294      3.28e+017           1084        1119.34
            296       8.5e+017           2700        2480.93
            294      6.57e+016            257        262.092
            294      1.64e+017            672        604.479
            294      2.63e+017           1078        921.389
            294      3.28e+017           1345        1119.34

Finish Calculation of P-T case -- Time elapsed: 1 seconds.
17 temperature/concentration-pressure points calculated.

Chi^2 = 51.301

Best fit parameters:

HONO:deltaEDown = 80.6509 +/- 2.0517
R1:preExponential = 6.46987e-011 +/- 6.0261e-012

Correlation coefficients:

R1:preExponential , HONO:deltaEDown = -0.483947

Goodness of Fit:

Number of degrees of Freedom = 15
Chi^2 probability = 7.36666e-006

 -- Total time elapsed: 7221 seconds.

System saved to out.xml
