
            /|      /|                        \   
           / |     / | ________________________\  
          /  |    /  |  _   _             _   _   
         /   |   /   | / \ / \ |\     /| / \ / \  
        /    |  /    | \_/ \_  | \   / | \_/ |_/  
       /     | /     | /     \ |  \ /  | /   | \  
    \_/      |/      | \_/ \_/ |   V   | \_/ |  \ 

     Mesmer: Master Equation Solver for Multi-Energy well Reactions
     Mesmer v7.1 compiled: -- Nov 20 2024 -- 22:27:32

     Copyright (C) 2009-2022 by
     Struan H. Robertson, Chris Morley, Chi-Hsiu Liang,
     David R. Glowacki, Michael J. Pilling and contributors

     Mesmer is free software: you can redistribute it and/or modify
     it under the terms of the GNU Public License as published by
     the Free Software Foundation, either version 2 of the License,
     or (at your option) any later version.

     But WITHOUT ANY WARRANTY; without even the implied warranty of
     MERCHANTABILITY or FITNESS FOR A PARTICULAR PURPOSE.  See the
     GNU Public License for more details.

    You should have received a copy of the GNU Public License
    along with Mesmer.  If not, see <http://www.gnu.org/licenses/>.

                     Platform:        Linux
                     Execution Date:  Thu Nov 21 03:34:26 2024
                     Number of ranks: 12

defaults.xml, librarymols.xml are in ../..

Parsing input xml file...
H2O_SiO2_to_H2SiO3_Aij.xml

The default value of me:calcMethod was used.
--Parse data for simpleCalc
Energy convention "" written to <moleculeList>
In R1: Parsing reaction...Association reaction
In OSi(OH)2 symm: WARNING: When calculating frequencies from a Hessian it is critical
     that the Hessian and species coordinates are expressed relative to
     the same Cartesian coordinate system.
In OSi(OH)2 symm: Vibrational frequencies (cm-1) were calculated from Hessian:
  316.933 324.533 356.005 422.361 484.293 813.802 855.893 933.904 1021.49 1296.46 
  3768.14 3771.82 
In OSi(OH)2 symm: Hindered rotor b2
In OSi(OH)2 symm: Hindered rotor b3
In OSi(OH)2 symm: --Parse data for Boltzmann
In OSi(OH)2 symm: --Parse data for ExponentialDown
In R1: --Parse data for MesmerILT
In R1: No tunneling method used for R1
3.16e+12PPCC, 1583K at qd precision with H2
Excess Reactant Conc. for reaction R1 = 1e+10 particles per cc
1e+13PPCC, 1583K at qd precision with H2
Excess Reactant Conc. for reaction R1 = 1e+12 particles per cc
3.16e+13PPCC, 1583K at qd precision with H2
Excess Reactant Conc. for reaction R1 = 1e+10 particles per cc
1e+14PPCC, 1583K at qd precision with H2
Excess Reactant Conc. for reaction R1 = 1e+13 particles per cc
The default value of the attribute Tstep was used.
The default value of the attribute Tmin was used.
The default value of the attribute Tmax was used.
The default value of me:ForceMacroDetailedBalance was used.
Write metadata 20241121_033426

File: "H2O_SiO2_to_H2SiO3_Aij.xml" successfully parsed.
Main Calculation begins
Now calculating...

--Execute calcMethod simpleCalc
The default value of me:DistributionCalcMethod was used.
--Parse data for Boltzmann
The default value of me:energyTransferModel was used.
--Parse data for ExponentialDown
No value of me:deltaEDown was supplied and the default value NEEDS TO BE CHECKED**
Number of cells = 62300, Number of grains = 1246
Number of grains produced is not equal to that requested for: H2O
Number of grains requested: 1246
Number of grains produced : 1245
In FastLaplaceConvolution: 240 values in the FFT convolution routine were replaced by standard convolution
In FastLaplaceConvolution: 780 values in the FFT convolution routine were replaced by standard convolution
 -- Total time elapsed: 1096 seconds.


    Temperature  Concentration    Exp. Coeff.    Cal. Coeff.


System saved to mesmer_out.xml
Total time elapsed: 1096 seconds.
