
            /|      /|                        \   
           / |     / | ________________________\  
          /  |    /  |  _   _             _   _   
         /   |   /   | / \ / \ |\     /| / \ / \  
        /    |  /    | \_/ \_  | \   / | \_/ |_/  
       /     | /     | /     \ |  \ /  | /   | \  
    \_/      |/      | \_/ \_/ |   V   | \_/ |  \ 

     Mesmer: Master Equation Solver for Multi-Energy well Reactions
     Mesmer v5.0 compiled: -- May 24 2017 -- 20:10:44

     Copyright (C) 2009-2017 by
     Struan H. Robertson, Chris Morley, Chi-Hsiu Liang,
     David R. Glowacki, Michael J. Pilling and contributors

     Mesmer is free software: you can redistribute it and/or modify
     it under the terms of the GNU Public License as published by
     the Free Software Foundation, either version 2 of the License,
     or (at your option) any later version.

     But WITHOUT ANY WARRANTY; without even the implied warranty of
     MERCHANTABILITY or FITNESS FOR A PARTICULAR PURPOSE.  See the
     GNU Public License for more details.

    You should have received a copy of the GNU Public License
    along with Mesmer.  If not, see <http://www.gnu.org/licenses/>.

                     Platform:        Linux
                     Execution Date:  Thu May 25 13:08:56 2017
                     Number of ranks: 4

Using 4 processes
defaults.xml, librarymols.xml are in ../..

Parsing input xml file...
HCCH_methylene.xml

The default value of me:calcMethod was used.
--Parse data for simpleCalc
Energy convention "" written to <moleculeList>
In He: He copied from ../../librarymols.xml
In R1: Parsing reaction...Irreversible exchange reaction
In R1: No imaginary vibrational frequency. Check if there is tunneling.
--Parse data for LandauZenerCrossing
In R1: No tunneling method used for R1
In R1: Not a unimolecular reaction: look for excess reactant concentration.
The default value of the attribute precision was used.
1Torr, 195K at d precision with He
The default value of the attribute precision was used.
1Torr, 298K at d precision with He
Write metadata 20170525_130856

File: "HCCH_methylene.xml" successfully parsed.
Main Calculation begins
Now calculating...

--Execute calcMethod simpleCalc
Number of cells = 50000, Number of grains = 1356
In FastLaplaceConvolution: 1660 values in the FFT convolution routine were replaced by standard convolution
In FastLaplaceConvolution: 240 values in the FFT convolution routine were replaced by standard convolution
 -- Total time elapsed: 1 seconds.


    Temperature  Concentration    Exp. Coeff.    Cal. Coeff.


System saved to mesmer_out.xml
Total time elapsed: 1 seconds.
