
            /|      /|                        \   
           / |     / | ________________________\  
          /  |    /  |  _   _             _   _   
         /   |   /   | / \ / \ |\     /| / \ / \  
        /    |  /    | \_/ \_  | \   / | \_/ |_/  
       /     | /     | /     \ |  \ /  | /   | \  
    \_/      |/      | \_/ \_/ |   V   | \_/ |  \ 

     Mesmer: Master Equation Solver for Multi-Energy well Reactions
     Mesmer v2.0 compiled: -- Jul 22 2012 -- 15:24:40

     Copyright (C) 2009-2012 by
     Struan H. Robertson, David R. Glowacki, Chi-Hsiu Liang,
     Chris Morley, Michael J. Pilling and contributors

     Mesmer is free software: you can redistribute it and/or modify
     it under the terms of the GNU Lesser Public License as published by
     the Free Software Foundation, either version 3 of the License, or
     (at your option) any later version.

     But WITHOUT ANY WARRANTY; without even the implied warranty of
     MERCHANTABILITY or FITNESS FOR A PARTICULAR PURPOSE.  See the
     GNU Lesser Public License for more details.

    You should have received a copy of the GNU Lesser Public License
    along with Mesmer.  If not, see <http://www.gnu.org/licenses/>.


Parsing input xml file...
ThermodynamicTable.xml

Write metadata 20120722_152654

File: "ThermodynamicTable.xml" successfully parsed.
Calculate EGME
In HNO2: The default value of me:frequenciesScaleFactor was used.
In HNO2: The default value of spinMultiplicity (or one of its attributes) was used.
In HNO2: The default value of me:DOSCMethod was used.
In HNO2: New me:ZPE element written with data from me:Hf298
In He: The default value of me:symmetryNumber was used.
In He: The default value of me:frequenciesScaleFactor was used.
In He: The default value of spinMultiplicity (or one of its attributes) was used.
In He: The default value of me:DOSCMethod was used.
In NO: The default value of me:frequenciesScaleFactor was used.
In NO: The default value of me:DOSCMethod was used.
In NO: New me:ZPE element written with data from me:Hf298
In OH: The default value of me:frequenciesScaleFactor was used.
In OH: New me:ZPE element written with data from me:Hf298
 -- Total time elapsed: 3 seconds.

System saved to out.xml
