
            /|      /|                        \   
           / |     / | ________________________\  
          /  |    /  |  _   _             _   _   
         /   |   /   | / \ / \ |\     /| / \ / \  
        /    |  /    | \_/ \_  | \   / | \_/ |_/  
       /     | /     | /     \ |  \ /  | /   | \  
    \_/      |/      | \_/ \_/ |   V   | \_/ |  \ 

     Mesmer: Master Equation Solver for Multi-Energy well Reactions
     Mesmer v5.0 compiled: -- Mar 31 2017 -- 12:25:26

     Copyright (C) 2009-2017 by
     Struan H. Robertson, Chris Morley, Chi-Hsiu Liang,
     David R. Glowacki, Michael J. Pilling and contributors

     Mesmer is free software: you can redistribute it and/or modify
     it under the terms of the GNU Public License as published by
     the Free Software Foundation, either version 2 of the License,
     or (at your option) any later version.

     But WITHOUT ANY WARRANTY; without even the implied warranty of
     MERCHANTABILITY or FITNESS FOR A PARTICULAR PURPOSE.  See the
     GNU Public License for more details.

    You should have received a copy of the GNU Public License
    along with Mesmer.  If not, see <http://www.gnu.org/licenses/>.

                     Platform:        Windows
                     Number of ranks: 1

Using 1 processes
defaults.xml, librarymols.xml are in ../..

Parsing input xml file...
ThermodynamicTable_Fourier.xml

--Parse data for ThermodynamicTable
In HNO2: The default value of me:DOSCMethod was used.
In HNO2: The default value of the attribute spinMultiplicity was used.
In HNO2: The default attribute(s) were added to the the property me:Hf0
In HNO2: The energy convention is thermodynamic, derived from me:Hf0
In HNO2: New me:ZPE element written with data from me:Hf0
In OH: energy converted from thermodynamic298K to thermodynamic
In OH: New me:ZPE element written with data from me:Hf298
In NO: The default value of me:DOSCMethod was used.
In NO: energy converted from thermodynamic298K to thermodynamic
In NO: New me:ZPE element written with data from me:Hf298
In O2:  replacing vib freq 1645.28
In O2: energy converted from computational to thermodynamic
In He: The default value of me:DOSCMethod was used.
In He: The default value of the attribute spinMultiplicity was used.
In He: gDensityOfStates initialization failed.
In ThermodynamicTable. Own default: Cell size 1 cm-1
In ThermodynamicTable. Own default: Number of cells 100000
In ThermodynamicTable. Own default: The default value of me:grainSize was used.
Energy convention "thermodynamic" written to <moleculeList>
No conditions specified
Write metadata 20170426_230831

File: "ThermodynamicTable_Fourier.xml" successfully parsed.
Main Calculation begins
Now calculating...
In HNO2: enthalpy of formation at 298K:energy converted from thermodynamic to thermodynamic298K
Restricted thermo output for He because it has no non-arbitrary energy data.
In NO: enthalpy of formation at 298K:energy converted from thermodynamic to thermodynamic298K
In O2: enthalpy of formation at 298K:energy converted from thermodynamic to thermodynamic298K
In OH: enthalpy of formation at 298K:energy converted from thermodynamic to thermodynamic298K
 -- Total time elapsed: 0 seconds.

Cannot open baselines\Win32\ThermodynamicTable_Fourier.test or ThermodynamicTable_Fourier.test
QA test *** FAILED ***
System saved to mesmer_out.xml
Total time elapsed: 0 seconds.
