
Parsing input xml file...
OH_acetylene_association_test.xml

In R1: Parsing reaction...
In OH: The default value of me:frequenciesScaleFactor was used.
In acetylene: The default value of me:frequenciesScaleFactor was used.
In OH_acetylene_adduct: The default value of me:frequenciesScaleFactor was used.
In OH_acetylene_adduct: The default value of me:DistributionCalcMethod was used.
In OH_acetylene_adduct: The default value of me:energyTransferModel was used.
In R1: The default value of me:TInfinity was used.
In R1: No tunneling method was found for R1
In R1: No crossing method was found for R1
In R1: Not a unimolecular reaction: look for excess reactant concentration.
In R2: Parsing reaction...
In OCHCH2: The default value of me:DOSCMethod was used.
In OCHCH2: The default value of me:frequenciesScaleFactor was used.
In TS_1a: The default value of me:frequenciesScaleFactor was used.
In R2: No imaginary vibrational frequency. Check if there is tunneling.
No tunneling method was found for R2
In R2: No crossing method was found for R2
All molecules are on the same energy basis: arbitary
The default value of me:precision was used.
1000Torr, 298K at double precision
The default value of me:calcMethod was used.
Write metadata

File: "OH_acetylene_association_test.xml" successfully parsed.
Calculate EGME
PT Grid 0
Cell number = 15950, Grain number = 319

20 values in the FFT convolution routine were replaced by standard convolution

40 values in the FFT convolution routine were replaced by standard convolution
Association ILT calculation completed

20 values in the FFT convolution routine were replaced by standard convolution

20 values in the FFT convolution routine were replaced by standard convolution
Grain zero point energy is negative in R2.
20 values in the FFT convolution routine were replaced by standard convolution
Build Collison Operator -- Time elapsed: 0 seconds.

20 values in the FFT convolution routine were replaced by standard convolution
Diagonalize the Reaction Operator -- Time elapsed: 1 seconds.
In timeEvolution: No population was assigned. Initialize the first source term to 1.0.

    Temperature  Concentration    Exp. Coeff.    Cal. Coeff.

            298   3.24043e+019

1 temperature/concentration-pressure points calculated.
Finish Calculation -- Time elapsed: 1 seconds.
 -- Total time elapsed: 2 seconds.

System saved to out.xml
