
            /|      /|                        \   
           / |     / | ________________________\  
          /  |    /  |  _   _             _   _   
         /   |   /   | / \ / \ |\     /| / \ / \  
        /    |  /    | \_/ \_  | \   / | \_/ |_/  
       /     | /     | /     \ |  \ /  | /   | \  
    \_/      |/      | \_/ \_/ |   V   | \_/ |  \ 

     Mesmer: Master Equation Solver for Multi-Energy well Reactions
     Mesmer v4.0 compiled: -- Feb  8 2015 -- 13:39:25

     Copyright (C) 2009-2015 by
     Struan H. Robertson, David R. Glowacki, Chi-Hsiu Liang,
     Chris Morley, Michael J. Pilling and contributors

     Mesmer is free software: you can redistribute it and/or modify
     it under the terms of the GNU Public License as published by
     the Free Software Foundation, either version 2 of the License,
     or (at your option) any later version.

     But WITHOUT ANY WARRANTY; without even the implied warranty of
     MERCHANTABILITY or FITNESS FOR A PARTICULAR PURPOSE.  See the
     GNU Public License for more details.

    You should have received a copy of the GNU Public License
    along with Mesmer.  If not, see <http://www.gnu.org/licenses/>.

defaults.xml, librarymols.xml are in ../..

Parsing input xml file...
ipropyl_SA.xml

In R1: Parsing reaction...Irreversible unimolecular reaction
In i-propyl: Hindered rotor b1
In i-propyl: Hindered rotor b2
In i-propyl: i-propyl:deltaEDown was given a range with 3 steps 
In i-propyl: i-propyl:deltaEDownTExponent was given a range with 401 steps 
In propene: Hindered rotor b1
In propene: propene:ZPE was given a range with 401 steps 
In R1: No tunneling method used for R1
In R1: No crossing method used for R1
All molecules are on the same energy basis: arbitary
3e+017PPCC, 720K at d precision with He
3e+016PPCC, 880K at d precision with He
Write metadata 20150208_223425

File: "ipropyl_SA.xml" successfully parsed.
Main Calculation begins
Execute calcMethod SensitivityAnalysis
Number of grains produced is not equal to that requested
Number of grains requested: 229
Number of grains produced : 1
In FastLaplaceConvolution: 300 values in the FFT convolution routine were replaced by standard convolution
Unimolecular ILT calculation completed
In i-propyl: Delta E down is smaller than grain size: the solution may not converge.

Sensitivity Analysis: Temperature =      720, Concentration = 3e+017

Mean = 177.071

Alpha = -9.95514
Alpha = -408.915
Alpha = -811.186
Alpha = 51.0205
Alpha = -416.359
Alpha = -951.275
Alpha = -10.8034
Alpha = -396.499
Alpha = -780.325

 i-propyl => propene+H:          143.89         188.44         133.59

 i-propyl => propene+H:          22.756         983.08         5102.7
         56.166         1217.9         7232.9
         24.418         842.88         4335.6



Sensitivity Analysis: Temperature =      880, Concentration = 3e+016

Mean = 1593.68

Alpha = 135.363
Alpha = -3633.74
Alpha = -7493.24
Alpha = 919.902
Alpha = -3674.99
Alpha = -9297.46
Alpha = -140.739
Alpha = -3424.8
Alpha = -6571.53

 i-propyl => propene+H:          48.848         70.975         38.682

 i-propyl => propene+H:          10.969         308.15           1709
         34.757         416.48         2853.8
         8.7676         219.56         1169.4


 -- Total time elapsed: 1218 seconds.

System saved to mesmer_out.xml
