
            /|      /|                        \   
           / |     / | ________________________\  
          /  |    /  |  _   _             _   _   
         /   |   /   | / \ / \ |\     /| / \ / \  
        /    |  /    | \_/ \_  | \   / | \_/ |_/  
       /     | /     | /     \ |  \ /  | /   | \  
    \_/      |/      | \_/ \_/ |   V   | \_/ |  \ 

     Mesmer: Master Equation Solver for Multi-Energy well Reactions
     Mesmer v3.0 compiled: -- May 10 2013 -- 17:29:10

     Copyright (C) 2009-2013 by
     Struan H. Robertson, David R. Glowacki, Chi-Hsiu Liang,
     Chris Morley, Michael J. Pilling and contributors

     Mesmer is free software: you can redistribute it and/or modify
     it under the terms of the GNU Public License as published by
     the Free Software Foundation, either version 2 of the License,
     or (at your option) any later version.

     But WITHOUT ANY WARRANTY; without even the implied warranty of
     MERCHANTABILITY or FITNESS FOR A PARTICULAR PURPOSE.  See the
     GNU Public License for more details.

    You should have received a copy of the GNU Public License
    along with Mesmer.  If not, see <http://www.gnu.org/licenses/>.


Parsing input xml file...
Methyl_H_to_Methane_FTST.xml

In R1: Parsing reaction...
In Methyl: The default value of me:frequenciesScaleFactor was used.
In Methyl: Methyl:ZPE was given a range with 3 steps 
In H: The default value of me:frequenciesScaleFactor was used.
In H: The default value of me:symmetryNumber was used.
In H: The default value of spinMultiplicity (or one of its attributes) was used.
In H: The default value of me:DOSCMethod was used.
In Methane: The default value of me:frequenciesScaleFactor was used.
In Methane: The default value of me:DistributionCalcMethod was used.
In Methane: The default value of me:energyTransferModel was used.
In Methane: Methane:deltaEDown: was given a range with 15 steps 
In Methane: The default value of me:deltaEDownTExponent was used.
In TS1: No imaginary vibrational frequency. Check if there is tunneling.
Cannot find argument me:vibFreqs. Assumes that it is an atom or atomic ion.
In TS1: The default value of me:frequenciesScaleFactor was used.
In TS1: No rotational constants from <me:rotConsts> or structure. Assumed to be an atom or atomic ion.
In TS1: The default value of me:DOSCMethod was used.
