
            /|      /|                        \   
           / |     / | ________________________\  
          /  |    /  |  _   _             _   _   
         /   |   /   | / \ / \ |\     /| / \ / \  
        /    |  /    | \_/ \_  | \   / | \_/ |_/  
       /     | /     | /     \ |  \ /  | /   | \  
    \_/      |/      | \_/ \_/ |   V   | \_/ |  \ 

     Mesmer: Master Equation Solver for Multi-Energy well Reactions
     Mesmer v7.1 compiled: -- May  1 2023 -- 14:31:23

     Copyright (C) 2009-2022 by
     Struan H. Robertson, Chris Morley, Chi-Hsiu Liang,
     David R. Glowacki, Michael J. Pilling and contributors

     Mesmer is free software: you can redistribute it and/or modify
     it under the terms of the GNU Public License as published by
     the Free Software Foundation, either version 2 of the License,
     or (at your option) any later version.

     But WITHOUT ANY WARRANTY; without even the implied warranty of
     MERCHANTABILITY or FITNESS FOR A PARTICULAR PURPOSE.  See the
     GNU Public License for more details.

    You should have received a copy of the GNU Public License
    along with Mesmer.  If not, see <http://www.gnu.org/licenses/>.

                     Platform:        Windows64
                     Execution Date:  Mon May  1 15:42:05 2023
                     Number of ranks: 4

defaults.xml, librarymols.xml are in ../..

Parsing input xml file...
pentyl_isomerization_test.xml

The default value of me:calcMethod was used.
--Parse data for simpleCalc
Energy convention "" written to <moleculeList>
In R1: Parsing reaction...Isomerization reaction
In 1-pentyl: The default value of me:DOSCMethod was used.
In 1-pentyl: The default value of me:DistributionCalcMethod was used.
In 1-pentyl: --Parse data for Boltzmann
In 1-pentyl: --Parse data for ExponentialDown
In 2-pentyl: The default value of me:DOSCMethod was used.
In 2-pentyl: The default value of me:DistributionCalcMethod was used.
In 2-pentyl: --Parse data for Boltzmann
In 2-pentyl: --Parse data for ExponentialDown
In 1-pentyl=TS=2-pentyl: No imaginary vibrational frequency. Check if there is tunneling.
The default value of me:DOSCMethod was used.
In R1: --Parse data for RRKM
In R1: No tunneling method used for R1
The default value of the attribute precision was used.
1e+08PPCC, 500K at d precision with Ar
The default value of the attribute Tstep was used.
The default value of the attribute Tmin was used.
The default value of the attribute Tmax was used.
The default value of me:ForceMacroDetailedBalance was used.
Write metadata 20230501_154205

File: "pentyl_isomerization_test.xml" successfully parsed.
Main Calculation begins
Now calculating...

--Execute calcMethod simpleCalc
Number of cells = 50000, Number of grains = 107
In mesmer::CollisionOperator::timeEvolution: No population was assigned, and there is no source term.
In mesmer::CollisionOperator::timeEvolution: Initial poupulation set to 1.0  in the first isomer.
 -- Total time elapsed: 1 seconds.


    Temperature  Concentration    Exp. Coeff.    Cal. Coeff.


System saved to out.xml
Total time elapsed: 1 seconds.
