
            /|      /|                        \   
           / |     / | ________________________\  
          /  |    /  |  _   _             _   _   
         /   |   /   | / \ / \ |\     /| / \ / \  
        /    |  /    | \_/ \_  | \   / | \_/ |_/  
       /     | /     | /     \ |  \ /  | /   | \  
    \_/      |/      | \_/ \_/ |   V   | \_/ |  \ 

     Mesmer: Master Equation Solver for Multi-Energy well Reactions
     Mesmer v5.1 compiled: -- Sep 11 2017 -- 18:46:52

     Copyright (C) 2009-2018 by
     Struan H. Robertson, Chris Morley, Chi-Hsiu Liang,
     David R. Glowacki, Michael J. Pilling and contributors

     Mesmer is free software: you can redistribute it and/or modify
     it under the terms of the GNU Public License as published by
     the Free Software Foundation, either version 2 of the License,
     or (at your option) any later version.

     But WITHOUT ANY WARRANTY; without even the implied warranty of
     MERCHANTABILITY or FITNESS FOR A PARTICULAR PURPOSE.  See the
     GNU Public License for more details.

    You should have received a copy of the GNU Public License
    along with Mesmer.  If not, see <http://www.gnu.org/licenses/>.

                     Platform:        Windows
                     Execution Date:  Tue Sep 12 11:27:07 2017
                     Number of ranks: 4

defaults.xml, librarymols.xml are in ../..

Parsing input xml file...
ipropyl_LM.xml

--Parse data for marquardt
Energy convention "" written to <moleculeList>
In R1: Parsing reaction...Irreversible unimolecular reaction
In i-propyl: Hindered rotor b1
In i-propyl: Hindered rotor b2
In i-propyl: The default value of me:DistributionCalcMethod was used.
In i-propyl: --Parse data for Boltzmann
In i-propyl: --Parse data for ExponentialDown
In i-propyl: i-propyl:deltaEDown was given a range with 15 steps 
In R1: --Parse data for MesmerILT
In R1: The default value of me:TInfinity was used.
In propene: Hindered rotor b1
In propene: propene:ZPE was given a range with 401 steps 
In H: The default value of me:DOSCMethod was used.
In H: The default value of the attribute spinMultiplicity was used.
In R1: No tunneling method used for R1
The default value of the attribute precision was used.
3e+17PPCC, 720K at d precision with He
The default value of the attribute precision was used.
3.01e+17PPCC, 730K at d precision with He
The default value of the attribute precision was used.
1.8e+17PPCC, 740K at d precision with He
The default value of the attribute precision was used.
2.4e+17PPCC, 740K at d precision with He
The default value of the attribute precision was used.
3e+17PPCC, 740K at d precision with He
The default value of the attribute precision was used.
1.2e+17PPCC, 750K at d precision with He
The default value of the attribute precision was used.
1.8e+17PPCC, 750K at d precision with He
The default value of the attribute precision was used.
2.41e+17PPCC, 750K at d precision with He
The default value of the attribute precision was used.
3e+17PPCC, 750K at d precision with He
The default value of the attribute precision was used.
6.02e+16PPCC, 760K at d precision with He
The default value of the attribute precision was used.
9.02e+16PPCC, 760K at d precision with He
The default value of the attribute precision was used.
1.2e+17PPCC, 760K at d precision with He
The default value of the attribute precision was used.
1.81e+17PPCC, 760K at d precision with He
The default value of the attribute precision was used.
2.4e+17PPCC, 760K at d precision with He
The default value of the attribute precision was used.
3e+17PPCC, 760K at d precision with He
The default value of the attribute precision was used.
6.01e+16PPCC, 770K at d precision with He
The default value of the attribute precision was used.
9e+16PPCC, 770K at d precision with He
The default value of the attribute precision was used.
1.2e+17PPCC, 770K at d precision with He
The default value of the attribute precision was used.
1.8e+17PPCC, 770K at d precision with He
The default value of the attribute precision was used.
2.41e+17PPCC, 770K at d precision with He
The default value of the attribute precision was used.
3e+17PPCC, 770K at d precision with He
The default value of the attribute precision was used.
3e+16PPCC, 780K at d precision with He
The default value of the attribute precision was used.
6.01e+16PPCC, 780K at d precision with He
The default value of the attribute precision was used.
9e+16PPCC, 780K at d precision with He
The default value of the attribute precision was used.
1.2e+17PPCC, 780K at d precision with He
The default value of the attribute precision was used.
1.8e+17PPCC, 780K at d precision with He
The default value of the attribute precision was used.
2.4e+17PPCC, 780K at d precision with He
The default value of the attribute precision was used.
3e+17PPCC, 780K at d precision with He
The default value of the attribute precision was used.
3e+16PPCC, 790K at d precision with He
The default value of the attribute precision was used.
6.01e+16PPCC, 790K at d precision with He
The default value of the attribute precision was used.
9e+16PPCC, 790K at d precision with He
The default value of the attribute precision was used.
1.2e+17PPCC, 790K at d precision with He
The default value of the attribute precision was used.
1.8e+17PPCC, 790K at d precision with He
The default value of the attribute precision was used.
2.4e+17PPCC, 790K at d precision with He
The default value of the attribute precision was used.
3e+17PPCC, 790K at d precision with He
The default value of the attribute precision was used.
3e+16PPCC, 800K at d precision with He
The default value of the attribute precision was used.
6.01e+16PPCC, 800K at d precision with He
The default value of the attribute precision was used.
9e+16PPCC, 800K at d precision with He
The default value of the attribute precision was used.
1.21e+17PPCC, 800K at d precision with He
The default value of the attribute precision was used.
1.8e+17PPCC, 800K at d precision with He
The default value of the attribute precision was used.
2.4e+17PPCC, 800K at d precision with He
The default value of the attribute precision was used.
3e+17PPCC, 800K at d precision with He
The default value of the attribute precision was used.
3e+16PPCC, 810K at d precision with He
The default value of the attribute precision was used.
6e+16PPCC, 810K at d precision with He
The default value of the attribute precision was used.
9e+16PPCC, 810K at d precision with He
The default value of the attribute precision was used.
1.21e+17PPCC, 810K at d precision with He
The default value of the attribute precision was used.
1.81e+17PPCC, 810K at d precision with He
The default value of the attribute precision was used.
2.4e+17PPCC, 810K at d precision with He
The default value of the attribute precision was used.
3e+17PPCC, 810K at d precision with He
The default value of the attribute precision was used.
3e+16PPCC, 820K at d precision with He
The default value of the attribute precision was used.
6.01e+16PPCC, 820K at d precision with He
The default value of the attribute precision was used.
9.01e+16PPCC, 820K at d precision with He
The default value of the attribute precision was used.
1.21e+17PPCC, 820K at d precision with He
The default value of the attribute precision was used.
1.8e+17PPCC, 820K at d precision with He
The default value of the attribute precision was used.
2.4e+17PPCC, 820K at d precision with He
The default value of the attribute precision was used.
3e+17PPCC, 820K at d precision with He
The default value of the attribute precision was used.
3e+16PPCC, 830K at d precision with He
The default value of the attribute precision was used.
6e+16PPCC, 830K at d precision with He
The default value of the attribute precision was used.
9e+16PPCC, 830K at d precision with He
The default value of the attribute precision was used.
1.2e+17PPCC, 830K at d precision with He
The default value of the attribute precision was used.
1.8e+17PPCC, 830K at d precision with He
The default value of the attribute precision was used.
3.01e+16PPCC, 840K at d precision with He
The default value of the attribute precision was used.
6e+16PPCC, 840K at d precision with He
The default value of the attribute precision was used.
9e+16PPCC, 840K at d precision with He
The default value of the attribute precision was used.
1.2e+17PPCC, 840K at d precision with He
The default value of the attribute precision was used.
3e+16PPCC, 850K at d precision with He
The default value of the attribute precision was used.
6e+16PPCC, 850K at d precision with He
The default value of the attribute precision was used.
3.01e+16PPCC, 860K at d precision with He
The default value of the attribute precision was used.
6.03e+16PPCC, 860K at d precision with He
The default value of the attribute precision was used.
3.01e+16PPCC, 870K at d precision with He
The default value of the attribute precision was used.
3e+16PPCC, 880K at d precision with He
Write metadata 20170912_112707

File: "ipropyl_LM.xml" successfully parsed.
Main Calculation begins
Now calculating...

--Execute calcMethod marquardt
Number of grains produced is not equal to that requested
Number of grains requested: 197
Number of grains produced : 1
In FastLaplaceConvolution: 5900 values in the FFT convolution routine were replaced by standard convolution

Chi^2 = 1206.09 Lambda = 1
i-propyl:deltaEDown=190  propene:ZPE=13000  
Number of grains requested: 195

Chi^2 = 37.9503 Lambda = 0.1
i-propyl:deltaEDown=245.086  propene:ZPE=12757.7  
Iteration: 1 of Marquardt. ChiSquare = 37.9503, Lambda = 0.1
Number of grains requested: 194

Chi^2 = 18.0918 Lambda = 0.01
i-propyl:deltaEDown=246.399  propene:ZPE=12718.1  
Iteration: 2 of Marquardt. ChiSquare = 18.0918, Lambda = 0.01

Chi^2 = 16.1132 Lambda = 0.001
i-propyl:deltaEDown=230.875  propene:ZPE=12669.9  
Iteration: 3 of Marquardt. ChiSquare = 16.1132, Lambda = 0.001

Chi^2 = 15.9868 Lambda = 0.0001
i-propyl:deltaEDown=226.234  propene:ZPE=12657.5  
Iteration: 4 of Marquardt. ChiSquare = 15.9868, Lambda = 0.0001
Number of cells = 50000, Number of grains = 194
 -- Total time elapsed: 10 seconds.


    Temperature  Concentration    Exp. Coeff.    Cal. Coeff.

            720          3e+17           41.5        37.5452
            730       3.01e+17           51.1        51.5348
            740        1.8e+17           55.5        56.9151
            740        2.4e+17           70.1        64.0031
            740          3e+17           71.1         69.796
            750        1.2e+17           55.3        63.4195
            750        1.8e+17           67.2        75.9532
            750       2.41e+17           86.4        85.8199
            750          3e+17            102        93.6534
            760       6.02e+16           51.9        59.3014
            760       9.02e+16           65.7        72.7382
            760        1.2e+17           76.5        83.4318
            760       1.81e+17             95        100.588
            760        2.4e+17            123        113.531
            760          3e+17            128        124.399
            770       6.01e+16           68.9        76.6704
            770          9e+16           89.2        94.3946
            770        1.2e+17             99        108.704
            770        1.8e+17            121        131.284
            770       2.41e+17            159        149.252
            770          3e+17            164        163.636
            780          3e+16           65.5        66.5488
            780       6.01e+16           89.1        98.3034
            780          9e+16            114        121.502
            780        1.2e+17            125        140.322
            780        1.8e+17            165        170.169
            780        2.4e+17            203        193.692
            780          3e+17            213        213.236
            790          3e+16             77        84.0422
            790       6.01e+16            119        124.929
            790          9e+16            154        155.007
            790        1.2e+17            170        179.522
            790        1.8e+17            219        218.596
            790        2.4e+17            258        249.549
            790          3e+17            288        275.367
            800          3e+16           96.1        105.244
            800       6.01e+16            147        157.417
            800          9e+16            199         196.06
            800       1.21e+17          223.5        228.667
            800        1.8e+17            302        278.382
            800        2.4e+17            341         318.73
            800          3e+17            350        352.513
            810          3e+16            124         130.73
            810          6e+16            185        196.549
            810          9e+16            248        245.947
            810       1.21e+17            274        287.661
            810       1.81e+17            379        352.526
            810        2.4e+17            402        403.689
            810          3e+17            492        447.495
            820          3e+16            160        161.126
            820       6.01e+16            239        243.935
            820       9.01e+16            320        306.267
            820       1.21e+17            363        358.993
            820        1.8e+17            447        440.438
            820        2.4e+17            554        507.179
            820          3e+17            549         563.48
            830          3e+16            189        197.104
            830          6e+16            287        299.876
            830          9e+16            375        378.007
            830        1.2e+17            447         442.59
            830        1.8e+17            570        547.506
            840       3.01e+16            252        239.887
            840          6e+16            349        366.305
            840          9e+16            471        463.399
            840        1.2e+17            559        543.999
            850          3e+16            314        288.713
            850          6e+16            444        444.303
            860       3.01e+16            378        346.639
            860       6.03e+16            535        536.889
            870       3.01e+16            436        412.634
            880          3e+16            535        487.083


Chi^2 = 15.9868

Best fit parameters:

i-propyl:deltaEDown = 226.234 +/- 13.7326
propene:ZPE = 12657.5 +/- 42.5439

Correlation coefficients:

propene:ZPE , i-propyl:deltaEDown = 0.972598

Goodness of Fit:

Number of degrees of Freedom = 69
Chi^2 probability = 1

System saved to out.xml
Total time elapsed: 10 seconds.
