
            /|      /|                        \   
           / |     / | ________________________\  
          /  |    /  |  _   _             _   _   
         /   |   /   | / \ / \ |\     /| / \ / \  
        /    |  /    | \_/ \_  | \   / | \_/ |_/  
       /     | /     | /     \ |  \ /  | /   | \  
    \_/      |/      | \_/ \_/ |   V   | \_/ |  \ 

     Mesmer: Master Equation Solver for Multi-Energy well Reactions
     Mesmer v2.0 compiled: -- Jan 23 2013 -- 11:11:32

     Copyright (C) 2009-2013 by
     Struan H. Robertson, David R. Glowacki, Chi-Hsiu Liang,
     Chris Morley, Michael J. Pilling and contributors

     Mesmer is free software: you can redistribute it and/or modify
     it under the terms of the GNU Public License as published by
     the Free Software Foundation, either version 2 of the License,
     or (at your option) any later version.

     But WITHOUT ANY WARRANTY; without even the implied warranty of
     MERCHANTABILITY or FITNESS FOR A PARTICULAR PURPOSE.  See the
     GNU Public License for more details.

    You should have received a copy of the GNU Public License
    along with Mesmer.  If not, see <http://www.gnu.org/licenses/>.


Parsing input xml file...
HCCH_methylene.xml

The default value of me:calcMethod was used.
In R1: Parsing reaction...
In R1: No imaginary vibrational frequency. Check if there is tunneling.
No tunneling method requested for R1
In R1: Not a unimolecular reaction: look for excess reactant concentration.
All molecules are on the same energy basis: arbitary
In He: He copied from ../../librarymols.xml
The default value of me:precision was used.
1Torr, 195K at double precision
The default value of me:precision was used.
1Torr, 298K at double precision
The default value of me:eigenvalues was used.
Write metadata 20130208_131545

File: "HCCH_methylene.xml" successfully parsed.
Main Calculation begins

Spin Forbidden Crossing Data for reaction R1
me:RMS_SOC_element = 6.61 cm-1
me:GradientDifferenceMagnitude = 0.079742 a.u./Bohr
me:GradientReducedMass = 8.2323 a.m.u.
In FastLaplaceConvolution: 140 values in the FFT convolution routine were replaced by standard convolution
In FastLaplaceConvolution: 40 values in the FFT convolution routine were replaced by standard convolution

Spin Forbidden Crossing Data for reaction R1
me:RMS_SOC_element = 6.61 cm-1
me:GradientDifferenceMagnitude = 0.079742 a.u./Bohr
me:GradientReducedMass = 8.2323 a.m.u.
In FastLaplaceConvolution: 980 values in the FFT convolution routine were replaced by standard convolution
In FastLaplaceConvolution: 100 values in the FFT convolution routine were replaced by standard convolution
Finish Calculation of P-T case
 -- Total time elapsed: 3 seconds.

System saved to mesmer_out.xml
