
Parsing input xml file...
Cyclopropene_isomerization_test.xml

In R1: Parsing reaction...
In allene: The default value of spinMultiplicity was used.
In allene: The default value of me:DistributionCalcMethod was used.
In allene: The default value of me:energyTransferModel was used.
In cyclopropene: The default value of spinMultiplicity was used.
In cyclopropene: The default value of me:DistributionCalcMethod was used.
In cyclopropene: The default value of me:energyTransferModel was used.
In R1: No imaginary vibrational frequency. Check if there is tunneling.
No tunneling method was found for R1
In R1: No crossing method was found for R1
In R2: Parsing reaction...
In propyne: The default value of me:DistributionCalcMethod was used.
In propyne: The default value of me:energyTransferModel was used.
In R2: No imaginary vibrational frequency. Check if there is tunneling.
No tunneling method was found for R2
In R2: No crossing method was found for R2
All molecules are on the same energy basis: arbitary
The default value of me:precision was used.
200.72Torr, 800K at double precision
The default value of me:precision was used.
250Torr, 1000K at double precision
The default value of me:calcMethod was used.
Write metadata

File: "Cyclopropene_isomerization_test.xml" successfully parsed.
Calculate EGME
PT Grid 0
Cell number = 35400, Grain number = 177
Build Collison Operator -- Time elapsed: 0 seconds.
Diagonalize the Reaction Operator -- Time elapsed: 3 seconds.
PT Grid 1
Cell number = 38200, Grain number = 191
Build Collison Operator -- Time elapsed: 2 seconds.
Diagonalize the Reaction Operator -- Time elapsed: 4 seconds.

    Temperature  Concentration    Exp. Coeff.    Cal. Coeff.

            800   2.42281e+018           1000   2.41412e+018

2 temperature/concentration-pressure points calculated.
Finish Calculation -- Time elapsed: 1 seconds.
 -- Total time elapsed: 10 seconds.

System saved to out.xml
