
            /|      /|                        \   
           / |     / | ________________________\  
          /  |    /  |  _   _             _   _   
         /   |   /   | / \ / \ |\     /| / \ / \  
        /    |  /    | \_/ \_  | \   / | \_/ |_/  
       /     | /     | /     \ |  \ /  | /   | \  
    \_/      |/      | \_/ \_/ |   V   | \_/ |  \ 

     Mesmer: Master Equation Solver for Multi-Energy well Reactions
     Mesmer v3.0 compiled: -- Nov 10 2013 -- 19:00:49

     Copyright (C) 2009-2013 by
     Struan H. Robertson, David R. Glowacki, Chi-Hsiu Liang,
     Chris Morley, Michael J. Pilling and contributors

     Mesmer is free software: you can redistribute it and/or modify
     it under the terms of the GNU Public License as published by
     the Free Software Foundation, either version 2 of the License,
     or (at your option) any later version.

     But WITHOUT ANY WARRANTY; without even the implied warranty of
     MERCHANTABILITY or FITNESS FOR A PARTICULAR PURPOSE.  See the
     GNU Public License for more details.

    You should have received a copy of the GNU Public License
    along with Mesmer.  If not, see <http://www.gnu.org/licenses/>.


Parsing input xml file...
Chebyshev.xml

In R1: Parsing reaction...
In CH3OCH2: The default value of me:DOSCMethod was used.
In IM1: Hindered rotor b5
Hindered rotor b4
Hindered rotor b5
Hindered rotor b4
Hindered rotor b8
The default value of me:DistributionCalcMethod was used.
In IM1: The default value of me:energyTransferModel was used.
In R1: No tunneling method used for R1
In R1: No crossing method used for R1
In R1: Not a unimolecular reaction: look for excess reactant concentration.
In R2: Parsing reaction...
In IM2: Hindered rotor b1
Hindered rotor b2
Hindered rotor b3
Hindered rotor b4
The default value of me:DistributionCalcMethod was used.
In IM2: The default value of me:energyTransferModel was used.
In R2: No crossing method used for R2
In R3: Parsing reaction...
In TS5: The default value of me:frequenciesScaleFactor was used.
In TS5: The default value of me:DOSCMethod was used.
In R3: Hindered rotor b1
Hindered rotor b2
Hindered rotor b3
No tunneling method used for R3
In R3: No crossing method used for R3
In R4: Parsing reaction...
In R4: No tunneling method used for R4
In R4: No crossing method used for R4
In R5: Parsing reaction...
In R5: No tunneling method used for R5
In R5: No crossing method used for R5
All molecules are on the same energy basis: arbitary
No pressure and temperature specified.
Write metadata 20131110_190246

File: "Chebyshev.xml" successfully parsed.
Main Calculation begins
In FastLaplaceConvolution: 840 values in the FFT convolution routine were replaced by standard convolution
In FastLaplaceConvolution: 900 values in the FFT convolution routine were replaced by standard convolution
Association ILT calculation completed
In FastLaplaceConvolution: 4220 values in the FFT convolution routine were replaced by standard convolution

chebyshev_reaction('CH3OCH2 => IM1',
                   Tmin=   200, Tmax=  1000,
                   Pmin=(1e+017, 'PPCC'), Pmax=(1e+020, 'PPCC'), 
                   coeffs=[[       4.19622,     -0.837182,     -0.269762,    -0.0652986],
                           [       1.04086,      0.646772,     0.0546203,    -0.0307825],
                           [     -0.420171,     -0.184054,     0.0521512,     0.0274446],
                           [      0.163078,    0.00518032,    -0.0501478,    -0.0128724],
                           [     -0.053101,     0.0362402,     0.0289992,    0.00711344],
                           [     0.0122824,    -0.0309501,    -0.0145087,   -0.00583888]])

chebyshev_reaction('CH3OCH2 => IM2',
                   Tmin=   200, Tmax=  1000,
                   Pmin=(1e+017, 'PPCC'), Pmax=(1e+020, 'PPCC'), 
                   coeffs=[[       2.70253,     -0.602808,     -0.437291,      0.011073],
                           [      0.614283,      0.394209,      -0.12481,   -0.00885597],
                           [     -0.439686,     -0.333441,    -0.0646755,    -0.0223636],
                           [      0.225136,      0.105533,    -0.0330621,    -0.0455459],
                           [    -0.0925195,   -0.00245092,      0.047107,     0.0150184],
                           [      0.029058,    -0.0248477,    -0.0273346,     0.0135575]])

chebyshev_reaction('CH3OCH2 => OH-1',
                   Tmin=   200, Tmax=  1000,
                   Pmin=(1e+017, 'PPCC'), Pmax=(1e+020, 'PPCC'), 
                   coeffs=[[       3.77479,        1.1069,     -0.258104,   -0.00035884],
                           [    -0.0658361,      0.856552,     -0.124906,    -0.0211197],
                           [     -0.157549,     -0.173148,     0.0616254,   0.000869983],
                           [       0.11419,    0.00126241,    -0.0169438,    0.00295812],
                           [    -0.0498715,     0.0167932,    0.00169189,   -0.00259867],
                           [     0.0170261,   -0.00930156,    0.00122483,    0.00132457]])

chebyshev_reaction('CH3OCH2 => OH-2',
                   Tmin=   200, Tmax=  1000,
                   Pmin=(1e+017, 'PPCC'), Pmax=(1e+020, 'PPCC'), 
                   coeffs=[[       -1.3796,      0.898137,      -0.21591,     0.0105373],
                           [      -1.23365,      0.815062,     -0.143658,   -0.00999143],
                           [    -0.0371215,     -0.100101,     0.0543247,   -0.00641562],
                           [     0.0681199,    -0.0234154,   -0.00776548,    0.00555567],
                           [    -0.0266699,     0.0198632,   -0.00352993,   -0.00221152],
                           [    0.00675541,   -0.00778397,    0.00327202,   0.000193974]])

chebyshev_reaction('CH3OCH2 => OH-3',
                   Tmin=   200, Tmax=  1000,
                   Pmin=(1e+017, 'PPCC'), Pmax=(1e+020, 'PPCC'), 
                   coeffs=[[      -2.05765,      0.862107,     -0.216118,       0.01167],
                           [      -1.37101,      0.784348,      -0.14715,   -0.00902434],
                           [    -0.0465832,    -0.0964962,     0.0532108,   -0.00697287],
                           [     0.0659426,    -0.0234449,    -0.0068987,    0.00570346],
                           [    -0.0258584,     0.0195426,   -0.00383635,     -0.002068],
                           [    0.00658496,    -0.0075185,    0.00329463,   7.8407e-005]])

chebyshev_reaction('IM1 => CH3OCH2',
                   Tmin=   200, Tmax=  1000,
                   Pmin=(1e+017, 'PPCC'), Pmax=(1e+020, 'PPCC'), 
                   coeffs=[[      -8.17203,     -0.837182,     -0.269762,    -0.0652986],
                           [      -14.1308,      0.646772,     0.0546203,    -0.0307825],
                           [     -0.507834,     -0.184054,     0.0521512,     0.0274446],
                           [      0.192718,    0.00518032,    -0.0501478,    -0.0128724],
                           [    -0.0610108,     0.0362402,     0.0289992,    0.00711344],
                           [     0.0141287,    -0.0309501,    -0.0145087,   -0.00583888]])

chebyshev_reaction('IM1 => IM2',
                   Tmin=   200, Tmax=  1000,
                   Pmin=(1e+017, 'PPCC'), Pmax=(1e+020, 'PPCC'), 
                   coeffs=[[    -0.0617006,     -0.374524,    -0.0998399,   -0.00436379],
                           [      -5.49094,      0.545343,       0.11657,    -0.0110801],
                           [   -0.00233682,     -0.242112,    -0.0130489,     0.0250905],
                           [     0.0955112,     0.0512308,    -0.0351407,    -0.0212066],
                           [    -0.0466382,      0.020838,     0.0365678,    0.00516508],
                           [    0.00925556,    -0.0296261,    -0.0190353,     0.0108752]])

chebyshev_reaction('IM1 => OH-1',
                   Tmin=   200, Tmax=  1000,
                   Pmin=(1e+017, 'PPCC'), Pmax=(1e+020, 'PPCC'), 
                   coeffs=[[      -5.02259,      0.282793,     -0.239087,   0.000241544],
                           [      -11.3161,       0.72631,    -0.0422533,    -0.0184349],
                           [     -0.373215,     -0.225781,     0.0401499,   -0.00242059],
                           [      0.209091,     0.0257346,    -0.0202344,   -0.00363075],
                           [    -0.0749099,     0.0090263,  -0.000200864,  -0.000792844],
                           [     0.0215361,    0.00484875,      0.016765,    0.00963332]])

chebyshev_reaction('IM1 => OH-2',
                   Tmin=   200, Tmax=  1000,
                   Pmin=(1e+017, 'PPCC'), Pmax=(1e+020, 'PPCC'), 
                   coeffs=[[      -13.2816,      -1.10571,     -0.442145,    -0.0778933],
                           [      -14.4129,       0.48652,     -0.175566,     -0.122042],
                           [      -0.58715,     -0.398086,   -0.00893586,    -0.0803352],
                           [      0.206839,     -0.253554,     -0.130629,     -0.144631],
                           [    -0.0545902,     -0.132376,    -0.0231183,    -0.0874485],
                           [    0.00858695,     -0.142475,    -0.0253642,    -0.0679762]])

chebyshev_reaction('IM1 => OH-3',
                   Tmin=   200, Tmax=  1000,
                   Pmin=(1e+017, 'PPCC'), Pmax=(1e+020, 'PPCC'), 
                   coeffs=[[      -14.1031,      -1.14688,     -0.381622,    -0.0100982],
                           [      -14.5221,      0.639908,    -0.0289647,    0.00937466],
                           [     -0.456518,     -0.189883,      0.158023,     0.0617992],
                           [       0.31667,     -0.115882,    -0.0152857,    -0.0448487],
                           [     0.0439058,    0.00479822,     0.0906504,   -0.00159466],
                           [     0.0640644,    -0.0693087,     0.0386138,    -0.0204603]])

chebyshev_reaction('IM2 => CH3OCH2',
                   Tmin=   200, Tmax=  1000,
                   Pmin=(1e+017, 'PPCC'), Pmax=(1e+020, 'PPCC'), 
                   coeffs=[[      -3.59185,     -0.602808,     -0.437291,      0.011073],
                           [      -9.92626,      0.394209,      -0.12481,   -0.00885597],
                           [     -0.639663,     -0.333441,    -0.0646755,    -0.0223636],
                           [      0.288816,      0.105533,    -0.0330621,    -0.0455459],
                           [     -0.109516,   -0.00245092,      0.047107,     0.0150184],
                           [     0.0324969,    -0.0248477,    -0.0273346,     0.0135575]])

chebyshev_reaction('IM2 => IM1',
                   Tmin=   200, Tmax=  1000,
                   Pmin=(1e+017, 'PPCC'), Pmax=(1e+020, 'PPCC'), 
                   coeffs=[[       6.01217,     -0.374524,    -0.0998399,   -0.00436379],
                           [     -0.859847,      0.545343,       0.11657,    -0.0110801],
                           [      -0.11465,     -0.242112,    -0.0130489,     0.0250905],
                           [      0.129552,     0.0512308,    -0.0351407,    -0.0212066],
                           [    -0.0557253,      0.020838,     0.0365678,    0.00516508],
                           [     0.0108482,    -0.0296261,    -0.0190353,     0.0108752]])

chebyshev_reaction('IM2 => OH-1',
                   Tmin=   200, Tmax=  1000,
                   Pmin=(1e+017, 'PPCC'), Pmax=(1e+020, 'PPCC'), 
                   coeffs=[[      0.838113,      -1.07255,     -0.159718,     0.0778925],
                           [      -6.87204,      -0.20838,     -0.295647,     0.0181758],
                           [     -0.342563,    -0.0411454,    -0.0597072,     -0.113182],
                           [      0.279009,      0.181388,      0.121814,     0.0388778],
                           [     -0.134579,    -0.0895689,    -0.0182706,     0.0284215],
                           [    0.00550584,    -0.0504193,     -0.074775,    -0.0446322]])

chebyshev_reaction('IM2 => OH-2',
                   Tmin=   200, Tmax=  1000,
                   Pmin=(1e+017, 'PPCC'), Pmax=(1e+020, 'PPCC'), 
                   coeffs=[[      -7.72961,      -2.03912,     -0.142238,     0.0179016],
                           [      -10.1321,     -0.140326,    -0.0618219,       0.14248],
                           [     -0.579065,    -0.0444167,     -0.177679,    -0.0804384],
                           [      0.301243,      0.163469,       0.11866,   -0.00897175],
                           [     -0.136121,    -0.0938284,    0.00733182,     0.0415937],
                           [    0.00579622,    -0.0532397,     -0.104279,    -0.0464685]])

chebyshev_reaction('IM2 => OH-3',
                   Tmin=   200, Tmax=  1000,
                   Pmin=(1e+017, 'PPCC'), Pmax=(1e+020, 'PPCC'), 
                   coeffs=[[      -8.64896,      -2.15024,     -0.140775,    0.00539563],
                           [      -10.3818,     -0.137158,    -0.0171283,       0.14998],
                           [     -0.603959,     -0.055385,     -0.192803,    -0.0830788],
                           [      0.290986,      0.139416,     0.0950056,     -0.025882],
                           [     -0.138579,    -0.0996688,     0.0047481,     0.0393419],
                           [    0.00366856,    -0.0559074,     -0.107019,    -0.0486032]])

 -- Total time elapsed: 70 seconds.

System saved to mesmer_out.xml
