
            /|      /|                        \   
           / |     / | ________________________\  
          /  |    /  |  _   _             _   _   
         /   |   /   | / \ / \ |\     /| / \ / \  
        /    |  /    | \_/ \_  | \   / | \_/ |_/  
       /     | /     | /     \ |  \ /  | /   | \  
    \_/      |/      | \_/ \_/ |   V   | \_/ |  \ 

     Mesmer: Master Equation Solver for Multi-Energy well Reactions
     Mesmer v4.0 compiled: -- Aug  4 2014 -- 16:30:39

     Copyright (C) 2009-2015 by
     Struan H. Robertson, David R. Glowacki, Chi-Hsiu Liang,
     Chris Morley, Michael J. Pilling and contributors

     Mesmer is free software: you can redistribute it and/or modify
     it under the terms of the GNU Public License as published by
     the Free Software Foundation, either version 2 of the License,
     or (at your option) any later version.

     But WITHOUT ANY WARRANTY; without even the implied warranty of
     MERCHANTABILITY or FITNESS FOR A PARTICULAR PURPOSE.  See the
     GNU Public License for more details.

    You should have received a copy of the GNU Public License
    along with Mesmer.  If not, see <http://www.gnu.org/licenses/>.

defaults.xml, librarymols.xml are in ../..

Parsing input xml file...
Chebyshev.xml

In R1: Parsing reaction...
In CH3OCH2: The default value of me:DOSCMethod was used.
In CH3OCH2: Hindered rotor b5
In CH3OCH2: Hindered rotor b4
In IM1: Hindered rotor b5
In IM1: Hindered rotor b4
In IM1: Hindered rotor b8
In IM1: The default value of me:DistributionCalcMethod was used.
In R1: The default value of me:TInfinity was used.
In R1: No tunneling method used for R1
In R1: No crossing method used for R1
In R1: Not a unimolecular reaction: look for excess reactant concentration.
In R2: Parsing reaction...
In IM2: Hindered rotor b1
In IM2: Hindered rotor b2
In IM2: Hindered rotor b3
In IM2: Hindered rotor b4
In IM2: The default value of me:DistributionCalcMethod was used.
In R2: No crossing method used for R2
In R3: Parsing reaction...
In CH2O: Could not find CH2O in ../../librarymols.xml
In TS5: The default value of me:frequenciesScaleFactor was used.
In TS5: The default value of me:DOSCMethod was used.
In TS5: Hindered rotor b1
In TS5: Hindered rotor b2
In TS5: Hindered rotor b3
In R3: No tunneling method used for R3
In R3: No crossing method used for R3
In R4: Parsing reaction...
In R4: No tunneling method used for R4
In R4: No crossing method used for R4
In R5: Parsing reaction...
In cycCH2OCH2O: Could not find cycCH2OCH2O in ../../librarymols.xml
In R5: No tunneling method used for R5
In R5: No crossing method used for R5
All molecules are on the same energy basis: arbitary
No pressure and temperature specified.
Write metadata 20140804_185550

File: "Chebyshev.xml" successfully parsed.
Main Calculation begins
Execute calcMethod analyticalRepresentation

Bath gas is He
In FastLaplaceConvolution: 740 values in the FFT convolution routine were replaced by standard convolution
Association ILT calculation completed
In FastLaplaceConvolution: 3920 values in the FFT convolution routine were replaced by standard convolution
units(length = 'cm', quantity = 'molecule')

chebyshev_reaction('CH3OCH2 + O2 => IM1',
                   Tmin=   200, Tmax=  1000,
                   Pmin=(1e+017, 'PPCC'), Pmax=(1e+020, 'PPCC'), 
                   coeffs=[[      -12.0139,       1.10389,     -0.360078,     0.0814043],
                           [        1.1079,     -0.652876,     0.0123477,      0.050669],
                           [     -0.415265,      0.129769,      0.088636,    -0.0384464],
                           [      0.138188,     0.0511835,    -0.0800712,     0.0261551],
                           [    -0.0300654,     -0.076487,     0.0497804,    -0.0176103],
                           [   -0.00167777,     0.0521019,    -0.0245043,      0.010231]])

chebyshev_reaction('CH3OCH2 + O2 => IM2',
                   Tmin=   200, Tmax=  1000,
                   Pmin=(1e+017, 'PPCC'), Pmax=(1e+020, 'PPCC'), 
                   coeffs=[[      -13.3365,      0.908234,      -0.52513,    0.00477646],
                           [      0.708744,     -0.358479,     -0.186156,     0.0567974],
                           [     -0.425271,      0.256936,    -0.0330579,     0.0218375],
                           [      0.259106,     -0.164435,     0.0249072,    0.00777515],
                           [    -0.0981721,     0.0128413,     0.0438091,    -0.0232931],
                           [     0.0317627,     0.0216901,     -0.031483,   -0.00424769]])

chebyshev_reaction('CH3OCH2 + O2 => OH-1 + CH2O + CH2O',
                   Tmin=   200, Tmax=  1000,
                   Pmin=(1e+017, 'PPCC'), Pmax=(1e+020, 'PPCC'), 
                   coeffs=[[      -12.0035,     -0.940902,     -0.263274,   -0.00427809],
                           [     0.0159165,     -0.768327,     -0.151618,     0.0212983],
                           [     -0.159014,      0.133531,      0.060006,     0.0026474],
                           [      0.104941,    0.00558416,    -0.0130629,   -0.00504818],
                           [    -0.0448526,    -0.0158646,  -0.000240602,    0.00302265],
                           [     0.0152782,    0.00824946,    0.00197597,   -0.00108444]])

chebyshev_reaction('CH3OCH2 + O2 => OH-2 + CH2O + CH2O',
                   Tmin=   200, Tmax=  1000,
                   Pmin=(1e+017, 'PPCC'), Pmax=(1e+020, 'PPCC'), 
                   coeffs=[[      -17.3313,     -0.754531,     -0.207391,    -0.0134406],
                           [      -1.15999,     -0.710425,     -0.153675,    0.00624351],
                           [    -0.0241824,     0.0684283,      0.046193,    0.00845449],
                           [     0.0561875,     0.0246907,   -0.00336158,   -0.00567992],
                           [    -0.0221415,    -0.0171739,   -0.00464131,    0.00149179],
                           [    0.00541566,    0.00619419,    0.00323536,   0.000332643]])

chebyshev_reaction('CH3OCH2 + O2 => OH-3 + cycCH2OCH2O',
                   Tmin=   200, Tmax=  1000,
                   Pmin=(1e+017, 'PPCC'), Pmax=(1e+020, 'PPCC'), 
                   coeffs=[[      -18.0175,     -0.717852,     -0.205866,    -0.0148279],
                           [      -1.30565,     -0.676439,     -0.155315,    0.00476238],
                           [    -0.0336602,     0.0663269,     0.0446965,    0.00894706],
                           [     0.0543311,     0.0242683,   -0.00256647,   -0.00562686],
                           [    -0.0213952,    -0.0168094,   -0.00483179,    0.00128582],
                           [    0.00525957,    0.00594086,     0.0031895,   0.000428549]])

chebyshev_reaction('IM1 => CH3OCH2 + O2',
                   Tmin=   200, Tmax=  1000,
                   Pmin=(1e+017, 'PPCC'), Pmax=(1e+020, 'PPCC'), 
                   coeffs=[[      -8.47367,       1.10389,     -0.360078,     0.0814043],
                           [      -14.1834,     -0.652876,     0.0123477,      0.050669],
                           [     -0.460064,      0.129769,      0.088636,    -0.0384464],
                           [      0.165922,     0.0511835,    -0.0800712,     0.0261551],
                           [    -0.0409804,     -0.076487,     0.0497804,    -0.0176103],
                           [    0.00156036,     0.0521019,    -0.0245043,      0.010231]])

chebyshev_reaction('IM1 => IM2',
                   Tmin=   200, Tmax=  1000,
                   Pmin=(1e+017, 'PPCC'), Pmax=(1e+020, 'PPCC'), 
                   coeffs=[[     -0.238115,      0.371859,    -0.0935705,    0.00182938],
                           [      -5.80873,     -0.539728,      0.108257,     0.0124949],
                           [   -0.00108009,      0.244299,    -0.0175542,    -0.0182349],
                           [      0.108309,    -0.0626225,    -0.0220104,     0.0116768],
                           [    -0.0560692,    -0.0134993,     0.0299247,   -0.00355329],
                           [     0.0108287,     0.0337285,    -0.0249327,   -0.00246703]])

chebyshev_reaction('IM1 => OH-1 + CH2O + CH2O',
                   Tmin=   200, Tmax=  1000,
                   Pmin=(1e+017, 'PPCC'), Pmax=(1e+020, 'PPCC'), 
                   coeffs=[[      -5.07715,     -0.203775,     -0.239635,   -0.00163374],
                           [      -11.4699,     -0.788829,    -0.0449265,     0.0162604],
                           [     -0.365455,        0.2251,      0.044803,   -0.00184017],
                           [       0.21993,    -0.0128554,    -0.0264643,    0.00865439],
                           [    -0.0796417,    -0.0161889,    0.00282577,   0.000223899],
                           [     0.0234818,   -0.00476915,     0.0176694,    -0.0144006]])

chebyshev_reaction('IM1 => OH-2 + CH2O + CH2O',
                   Tmin=   200, Tmax=  1000,
                   Pmin=(1e+017, 'PPCC'), Pmax=(1e+020, 'PPCC'), 
                   coeffs=[[      -13.6508,       1.34505,      -0.46823,    -0.0170775],
                           [      -14.3937,     -0.649212,     -0.138615,    -0.0547831],
                           [     -0.432052,      0.145685,      0.122072,     -0.139669],
                           [      0.271371,       0.16737,    -0.0914463,      0.013375],
                           [     0.0392892,    0.00416259,     0.0801595,    -0.0408763],
                           [     0.0565581,       0.12065,    0.00960345,    0.00126257]])

chebyshev_reaction('IM1 => OH-3 + cycCH2OCH2O',
                   Tmin=   200, Tmax=  1000,
                   Pmin=(1e+017, 'PPCC'), Pmax=(1e+020, 'PPCC'), 
                   coeffs=[[      -14.5512,       1.44519,     -0.461098,    -0.0567962],
                           [       -14.598,     -0.723159,    -0.0898955,     -0.124915],
                           [     -0.362589,   -0.00737272,      0.215434,     -0.220464],
                           [      0.307942,      0.129472,    -0.0616053,    -0.0123506],
                           [     0.0900371,    -0.0521905,      0.133742,     -0.057691],
                           [     0.0681209,      0.134924,     0.0177649,     0.0156181]])

chebyshev_reaction('IM2 => CH3OCH2 + O2',
                   Tmin=   200, Tmax=  1000,
                   Pmin=(1e+017, 'PPCC'), Pmax=(1e+020, 'PPCC'), 
                   coeffs=[[      -3.75669,      0.908234,      -0.52513,    0.00477646],
                           [      -9.88357,     -0.358479,     -0.186156,     0.0567974],
                           [     -0.605381,      0.256936,    -0.0330579,     0.0218375],
                           [      0.315378,     -0.164435,     0.0249072,    0.00777515],
                           [     -0.113887,     0.0128413,     0.0438091,    -0.0232931],
                           [     0.0356732,     0.0216901,     -0.031483,   -0.00424769]])

chebyshev_reaction('IM2 => IM1',
                   Tmin=   200, Tmax=  1000,
                   Pmin=(1e+017, 'PPCC'), Pmax=(1e+020, 'PPCC'), 
                   coeffs=[[       5.80154,      0.371859,    -0.0935705,    0.00182938],
                           [      -1.10979,     -0.539728,      0.108257,     0.0124949],
                           [     -0.136392,      0.244299,    -0.0175542,    -0.0182349],
                           [      0.136847,    -0.0626225,    -0.0220104,     0.0116768],
                           [    -0.0608687,    -0.0134993,     0.0299247,   -0.00355329],
                           [      0.011501,     0.0337285,    -0.0249327,   -0.00246703]])

chebyshev_reaction('IM2 => OH-1 + CH2O + CH2O',
                   Tmin=   200, Tmax=  1000,
                   Pmin=(1e+017, 'PPCC'), Pmax=(1e+020, 'PPCC'), 
                   coeffs=[[      0.768382,       1.03653,      -0.12459,    -0.0854376],
                           [      -6.92163,      0.109954,     -0.242866,    -0.0282481],
                           [     -0.341273,     0.0293133,    -0.0624865,      0.102347],
                           [      0.261426,     -0.152947,      0.131065,    -0.0553472],
                           [     -0.129048,     0.0899331,    -0.0326961,    -0.0156261],
                           [     0.0125725,     0.0366911,    -0.0755744,     0.0613298]])

chebyshev_reaction('IM2 => OH-2 + CH2O + CH2O',
                   Tmin=   200, Tmax=  1000,
                   Pmin=(1e+017, 'PPCC'), Pmax=(1e+020, 'PPCC'), 
                   coeffs=[[      -8.18696,        2.2712,     -0.219063,     0.0305569],
                           [      -10.0685,     0.0974025,     -0.030158,    -0.0817949],
                           [     -0.560333,     0.0132235,     -0.163301,     0.0699923],
                           [      0.265847,      -0.13386,      0.120264,   -0.00974901],
                           [     -0.114624,     0.0823222,   0.000284403,    -0.0414322],
                           [     0.0179599,     0.0197927,    -0.0820314,     0.0588319]])

chebyshev_reaction('IM2 => OH-3 + cycCH2OCH2O',
                   Tmin=   200, Tmax=  1000,
                   Pmin=(1e+017, 'PPCC'), Pmax=(1e+020, 'PPCC'), 
                   coeffs=[[      -9.14632,       2.40974,     -0.232052,     0.0437557],
                           [      -10.3326,      0.117819,    -0.0052718,     -0.075222],
                           [     -0.592629,     0.0432211,     -0.189379,      0.080552],
                           [      0.250227,     -0.103774,     0.0919672,     0.0121619],
                           [     -0.101693,     0.0612235,     0.0185829,     -0.054751],
                           [     0.0287762,   -0.00232883,    -0.0639287,     0.0464617]])

 -- Total time elapsed: 484 seconds.

System saved to mesmer_out.xml
