
            /|      /|                        \   
           / |     / | ________________________\  
          /  |    /  |  _   _             _   _   
         /   |   /   | / \ / \ |\     /| / \ / \  
        /    |  /    | \_/ \_  | \   / | \_/ |_/  
       /     | /     | /     \ |  \ /  | /   | \  
    \_/      |/      | \_/ \_/ |   V   | \_/ |  \ 

     Mesmer: Master Equation Solver for Multi-Energy well Reactions
     Mesmer v4.0 compiled: -- Aug  4 2014 -- 16:30:39

     Copyright (C) 2009-2015 by
     Struan H. Robertson, David R. Glowacki, Chi-Hsiu Liang,
     Chris Morley, Michael J. Pilling and contributors

     Mesmer is free software: you can redistribute it and/or modify
     it under the terms of the GNU Public License as published by
     the Free Software Foundation, either version 2 of the License,
     or (at your option) any later version.

     But WITHOUT ANY WARRANTY; without even the implied warranty of
     MERCHANTABILITY or FITNESS FOR A PARTICULAR PURPOSE.  See the
     GNU Public License for more details.

    You should have received a copy of the GNU Public License
    along with Mesmer.  If not, see <http://www.gnu.org/licenses/>.

defaults.xml, librarymols.xml are in ../..

Parsing input xml file...
ChebyshevCK.xml

In R1: Parsing reaction...
In CH3OCH2: The default value of me:DOSCMethod was used.
In CH3OCH2: Hindered rotor b5
In CH3OCH2: Hindered rotor b4
In IM1: Hindered rotor b5
In IM1: Hindered rotor b4
In IM1: Hindered rotor b8
In IM1: The default value of me:DistributionCalcMethod was used.
In R1: The default value of me:TInfinity was used.
In R1: No tunneling method used for R1
In R1: No crossing method used for R1
In R1: Not a unimolecular reaction: look for excess reactant concentration.
In R2: Parsing reaction...
In IM2: Hindered rotor b1
In IM2: Hindered rotor b2
In IM2: Hindered rotor b3
In IM2: Hindered rotor b4
In IM2: The default value of me:DistributionCalcMethod was used.
In R2: No crossing method used for R2
In R3: Parsing reaction...
In TS5: The default value of me:frequenciesScaleFactor was used.
In TS5: The default value of me:DOSCMethod was used.
In TS5: Hindered rotor b1
In TS5: Hindered rotor b2
In TS5: Hindered rotor b3
In R3: No tunneling method used for R3
In R3: No crossing method used for R3
In R4: Parsing reaction...
In R4: No tunneling method used for R4
In R4: No crossing method used for R4
In R5: Parsing reaction...
In R5: No tunneling method used for R5
In R5: No crossing method used for R5
All molecules are on the same energy basis: arbitary
No pressure and temperature specified.
Write metadata 20140804_190354

File: "ChebyshevCK.xml" successfully parsed.
Main Calculation begins
Execute calcMethod analyticalRepresentation

Bath gas is He
In FastLaplaceConvolution: 740 values in the FFT convolution routine were replaced by standard convolution
Association ILT calculation completed
In FastLaplaceConvolution: 3920 values in the FFT convolution routine were replaced by standard convolution

REACTIONS MOLES

CH3OCH2 + O2 => IM1 (+M)  1.00  0.0  0.0
! Data generated by MESMER 4.0 on Aug  4 2014.
    TCHEB/            200          1000/
    PCHEB/          0.001            10/
    CHEB/     6     4/
    CHEB/       11.2143        1.8867      -0.63565      0.104702/
    CHEB/       1.43903     -0.932386     -0.133452       0.22604/
    CHEB/     -0.387159    -0.0618147      0.297212     -0.107441/
    CHEB/      0.112846      0.125725    -0.0594594    -0.0912872/
    CHEB/    -0.0518085     -0.018172     -0.102366      0.175969/
    CHEB/    -0.0385098       0.09852     0.0122125    -0.0716452/

CH3OCH2 + O2 => IM2 (+M)  1.00  0.0  0.0
! Data generated by MESMER 4.0 on Aug  4 2014.
    TCHEB/            200          1000/
    PCHEB/          0.001            10/
    CHEB/     6     4/
    CHEB/       9.95833       1.37456     -0.745537    -0.0368181/
    CHEB/      0.791967     -0.563609     -0.476238      0.190353/
    CHEB/     -0.551628      0.344057    0.00229153     0.0337835/
    CHEB/      0.298061     -0.145625    -0.0211147     0.0327536/
    CHEB/    -0.0630201    -0.0815895      0.104778     -0.040822/
    CHEB/     0.0368151     0.0155001   -0.00736931    -0.0329826/

CH3OCH2 + O2 => OH-1 (+M)  1.00  0.0  0.0
! Data generated by MESMER 4.0 on Aug  4 2014.
    TCHEB/            200          1000/
    PCHEB/          0.001            10/
    CHEB/     6     4/
    CHEB/       11.6501      -1.19026      -0.40779    -0.0191145/
    CHEB/     -0.167021      -1.08855     -0.278516     0.0404216/
    CHEB/     -0.184098      0.120817     0.0996059     0.0244568/
    CHEB/      0.120408     0.0320542     -0.008412     -0.013398/
    CHEB/    -0.0483804    -0.0249724   -0.00747367    0.00359369/
    CHEB/     0.0152187    0.00981414    0.00525101  -0.000411443/

CH3OCH2 + O2 => OH-2 (+M)  1.00  0.0  0.0
! Data generated by MESMER 4.0 on Aug  4 2014.
    TCHEB/            200          1000/
    PCHEB/          0.001            10/
    CHEB/     6     4/
    CHEB/       6.33509     -0.990511     -0.332392    -0.0306353/
    CHEB/      -1.32081      -1.00797     -0.275849    0.00726494/
    CHEB/    -0.0535119     0.0434023     0.0690696     0.0263995/
    CHEB/     0.0687614     0.0493993    0.00650405   -0.00899858/
    CHEB/    -0.0239484      -0.02331    -0.0112105   0.000287997/
    CHEB/    0.00500251    0.00645839    0.00523663    0.00174474/

CH3OCH2 + O2 => OH-3 (+M)  1.00  0.0  0.0
! Data generated by MESMER 4.0 on Aug  4 2014.
    TCHEB/            200          1000/
    PCHEB/          0.001            10/
    CHEB/     6     4/
    CHEB/       5.64891     -0.947459     -0.329582    -0.0337958/
    CHEB/      -1.46527     -0.966178     -0.278036    0.00304117/
    CHEB/    -0.0622664      0.041331     0.0654628     0.0264885/
    CHEB/     0.0667368     0.0481997    0.00740733   -0.00853962/
    CHEB/    -0.0231879     -0.022771    -0.0112052 -1.59749e-005/
    CHEB/    0.00484853    0.00617094    0.00508057    0.00187167/

IM1 => CH3OCH2 + O2 (+M)  1.00  0.0  0.0
! Data generated by MESMER 4.0 on Aug  4 2014.
    TCHEB/            200          1000/
    PCHEB/          0.001            10/
    CHEB/     6     4/
    CHEB/      -9.02527        1.8867      -0.63565      0.104702/
    CHEB/      -13.8522     -0.932386     -0.133452       0.22604/
    CHEB/     -0.431957    -0.0618147      0.297212     -0.107441/
    CHEB/       0.14058      0.125725    -0.0594594    -0.0912872/
    CHEB/    -0.0627235     -0.018172     -0.102366      0.175969/
    CHEB/    -0.0352717       0.09852     0.0122125    -0.0716452/

IM1 => IM2 (+M)  1.00  0.0  0.0
! Data generated by MESMER 4.0 on Aug  4 2014.
    TCHEB/            200          1000/
    PCHEB/          0.001            10/
    CHEB/     6     4/
    CHEB/     -0.431608      0.616821     -0.146216    0.00205954/
    CHEB/      -5.53662     -0.853718      0.136615     0.0323221/
    CHEB/     -0.108197      0.327776     0.0216701     -0.039976/
    CHEB/      0.120823    -0.0356366    -0.0649755     0.0210716/
    CHEB/    -0.0452774    -0.0457765     0.0404629    0.00290281/
    CHEB/     0.0105286     0.0312234   -0.00185906    -0.0220654/

IM1 => OH-1 (+M)  1.00  0.0  0.0
! Data generated by MESMER 4.0 on Aug  4 2014.
    TCHEB/            200          1000/
    PCHEB/          0.001            10/
    CHEB/     6     4/
    CHEB/      -5.28755      -0.16736      -0.34132    -0.0256992/
    CHEB/      -11.3731       -1.1826    -0.0837441     0.0430085/
    CHEB/     -0.459421      0.307976     0.0673408     0.0191181/
    CHEB/      0.251687   -0.00601532    -0.0208005    -0.0195907/
    CHEB/    -0.0890076    -0.0241346   -0.00415526    0.00540118/
    CHEB/     0.0327463   -0.00869729     0.0128836    0.00672856/

IM1 => OH-2 (+M)  1.00  0.0  0.0
! Data generated by MESMER 4.0 on Aug  4 2014.
    TCHEB/            200          1000/
    PCHEB/          0.001            10/
    CHEB/     6     4/
    CHEB/      -14.1751       2.01924     -0.548005    -0.0773702/
    CHEB/      -14.1612     -0.681531     -0.231814      0.104943/
    CHEB/     -0.237775     -0.190502      0.665312     -0.234754/
    CHEB/      0.197462      0.449606     0.0297054     -0.164873/
    CHEB/      0.119876     -0.104388      0.151684  -0.000311232/
    CHEB/    -0.0198768      0.218723     0.0327397     -0.100889/

IM1 => OH-3 (+M)  1.00  0.0  0.0
! Data generated by MESMER 4.0 on Aug  4 2014.
    TCHEB/            200          1000/
    PCHEB/          0.001            10/
    CHEB/     6     4/
    CHEB/      -15.0395       2.16606     -0.575891    -0.0857389/
    CHEB/      -14.3164     -0.583623     -0.428031      0.245027/
    CHEB/    -0.0858497     -0.317986      0.599083      -0.15206/
    CHEB/      0.333075      0.327041     0.0436732     -0.208981/
    CHEB/      0.220878     -0.175177     0.0645179     0.0908056/
    CHEB/    -0.0280093      0.281626    -0.0656557    -0.0653461/

IM2 => CH3OCH2 + O2 (+M)  1.00  0.0  0.0
! Data generated by MESMER 4.0 on Aug  4 2014.
    TCHEB/            200          1000/
    PCHEB/          0.001            10/
    CHEB/     6     4/
    CHEB/      -4.24158       1.37456     -0.745537    -0.0368181/
    CHEB/      -9.80035     -0.563609     -0.476238      0.190353/
    CHEB/     -0.731738      0.344057    0.00229153     0.0337835/
    CHEB/      0.354333     -0.145625    -0.0211147     0.0327536/
    CHEB/    -0.0787345    -0.0815895      0.104778     -0.040822/
    CHEB/     0.0407256     0.0155001   -0.00736931    -0.0329826/

IM2 => IM1 (+M)  1.00  0.0  0.0
! Data generated by MESMER 4.0 on Aug  4 2014.
    TCHEB/            200          1000/
    PCHEB/          0.001            10/
    CHEB/     6     4/
    CHEB/       5.60805      0.616821     -0.146216    0.00205954/
    CHEB/     -0.837682     -0.853718      0.136615     0.0323221/
    CHEB/     -0.243509      0.327776     0.0216701     -0.039976/
    CHEB/      0.149361    -0.0356366    -0.0649755     0.0210716/
    CHEB/    -0.0500768    -0.0457765     0.0404629    0.00290281/
    CHEB/     0.0112009     0.0312234   -0.00185906    -0.0220654/

IM2 => OH-1 (+M)  1.00  0.0  0.0
! Data generated by MESMER 4.0 on Aug  4 2014.
    TCHEB/            200          1000/
    PCHEB/          0.001            10/
    CHEB/     6     4/
    CHEB/      0.585668       1.25533     -0.155897     -0.083182/
    CHEB/      -6.76849    0.00661409     -0.233137     -0.115948/
    CHEB/     -0.479718      0.174739     -0.125988     0.0729107/
    CHEB/      0.343759     -0.223524      0.114071      0.055283/
    CHEB/     -0.130304     0.0516162     0.0269472    -0.0670288/
    CHEB/    -0.0153412     0.0853061    -0.0749321    -0.0139587/

IM2 => OH-2 (+M)  1.00  0.0  0.0
! Data generated by MESMER 4.0 on Aug  4 2014.
    TCHEB/            200          1000/
    PCHEB/          0.001            10/
    CHEB/     6     4/
    CHEB/       -8.6519       2.97685     -0.303253      -0.12319/
    CHEB/      -9.77435     0.0854891     -0.358223      0.148461/
    CHEB/     -0.715752     0.0670174     -0.138788    -0.0168976/
    CHEB/      0.272226    -0.0479158    -0.0242077      0.168756/
    CHEB/    -0.0685701   -0.00718831      0.084721     -0.106468/
    CHEB/      0.030447    -0.0439482     0.0280944    -0.0786713/

IM2 => OH-3 (+M)  1.00  0.0  0.0
! Data generated by MESMER 4.0 on Aug  4 2014.
    TCHEB/            200          1000/
    PCHEB/          0.001            10/
    CHEB/     6     4/
    CHEB/      -9.60753       3.12311      -0.29131     -0.134741/
    CHEB/      -10.1395      0.335627     -0.512756      0.257404/
    CHEB/     -0.822697      0.231478     -0.288632     0.0979928/
    CHEB/      0.193694     0.0853148      -0.11245      0.212405/
    CHEB/    -0.0806304     0.0312017     0.0332378    -0.0545172/
    CHEB/     0.0308771    -0.0427874     0.0181757    -0.0638283/

 -- Total time elapsed: 486 seconds.

System saved to mesmer_out.xml
