
            /|      /|                        \   
           / |     / | ________________________\  
          /  |    /  |  _   _             _   _   
         /   |   /   | / \ / \ |\     /| / \ / \  
        /    |  /    | \_/ \_  | \   / | \_/ |_/  
       /     | /     | /     \ |  \ /  | /   | \  
    \_/      |/      | \_/ \_/ |   V   | \_/ |  \ 

     Mesmer: Master Equation Solver for Multi-Energy well Reactions
     Mesmer v7.2 compiled: -- Aug 17 2025 -- 17:32:10

     Copyright (C) 2009-2025 by
     Struan H. Robertson, Chris Morley, Chi-Hsiu Liang,
     David R. Glowacki, Michael J. Pilling and contributors

     Mesmer is free software: you can redistribute it and/or modify
     it under the terms of the GNU Public License as published by
     the Free Software Foundation, either version 2 of the License,
     or (at your option) any later version.

     But WITHOUT ANY WARRANTY; without even the implied warranty of
     MERCHANTABILITY or FITNESS FOR A PARTICULAR PURPOSE.  See the
     GNU Public License for more details.

    You should have received a copy of the GNU Public License
    along with Mesmer.  If not, see <http://www.gnu.org/licenses/>.

                     Platform:        Windows64
                     Execution Date:  Sun Aug 17 19:37:01 2025
                     Number of ranks: 4

defaults.xml, librarymols.xml are in ../..

Parsing input xml file...
Chebyshev.xml

--Parse data for analyticalRepresentation
Energy convention "" written to <moleculeList>
In R1: Parsing reaction...Association reaction
In CH3OCH2: WARNING: When calculating frequencies from a Hessian it is critical
     that the Hessian and species coordinates are expressed relative to
     the same Cartesian coordinate system.
In CH3OCH2: Vibrational frequencies (cm-1) were calculated from Hessian:
  169.672 287.888 439.421 568.322 1021.55 1155.2 1192.08 1282.47 1343.7 1471.44 
  1500.2 1508.72 1523.12 3088.04 3165.17 3197.22 3233.15 3356.85 
In CH3OCH2: The default value of me:DOSCMethod was used.
In CH3OCH2: Hindered rotor b5
In CH3OCH2: Hindered rotor b4
In CH3OCH2: WARNING: The Fourier expansion for the internal rotor potential for bond b4 of 
In CH3OCH2: species CH3OCH2, differs at the minimum from the value entered by more than 20 cm-1.
In CH3OCH2: More terms in the Fourier expansion may be needed.
In IM1: WARNING: When calculating frequencies from a Hessian it is critical
     that the Hessian and species coordinates are expressed relative to
     the same Cartesian coordinate system.
In IM1: Vibrational frequencies (cm-1) were calculated from Hessian:
  91.8598 128.883 187.165 391.187 483.297 594.928 938.428 1012.93 1151.6 1194.73 
  1218.54 1282.75 1305.74 1357.96 1435.01 1483.25 1499.22 1510.87 1516.91 3096.22 
  3126.84 3182.05 3236.78 3239.2 
In IM1: Hindered rotor b5
In IM1: Hindered rotor b4
In IM1: Hindered rotor b8
In IM1: The default value of me:DistributionCalcMethod was used.
In IM1: --Parse data for Boltzmann
In IM1: --Parse data for ExponentialDown
In R1: --Parse data for MesmerILT
In R1: No units specified for pre-exponetial factor.
In R1: No units specified for pre-exponetial factor.
In R1: No tunneling method used for R1
In R2: Parsing reaction...Isomerization reaction
In IM2: WARNING: When calculating frequencies from a Hessian it is critical
     that the Hessian and species coordinates are expressed relative to
     the same Cartesian coordinate system.
In IM2: Vibrational frequencies (cm-1) were calculated from Hessian:
  108.18 163.087 250.225 340.045 406.842 467.08 628.242 646.487 972.437 1023.15 
  1130.32 1157.25 1251.69 1298.98 1363.23 1436 1468.44 1480.03 1513.69 3124.8 
  3200.84 3231.89 3360.58 3889.55 
In IM2: Hindered rotor b1
In IM2: Hindered rotor b2
In IM2: Hindered rotor b3
In IM2: Hindered rotor b4
In IM2: The default value of me:DistributionCalcMethod was used.
In IM2: --Parse data for Boltzmann
In IM2: --Parse data for ExponentialDown
In R2: --Parse data for RRKM
In R2: --Parse data for Eckart
In R3: Parsing reaction...Irreversible unimolecular reaction
In CH2O: Could not find CH2O in ../../librarymols.xml
In TS5: WARNING: When calculating frequencies from a Hessian it is critical
     that the Hessian and species coordinates are expressed relative to
     the same Cartesian coordinate system.
In TS5: Vibrational frequencies (cm-1) were calculated from Hessian:
  78.8008 155.797 210.383 316.503 401.876 532.348 560.927 656.949 928.231 952.154 
  977.833 1200.77 1243.63 1249.83 1361.65 1485.15 1520.63 1587.51 3088.36 3195.55 
  3209.98 3361.1 3759.25 
In TS5: The default value of me:DOSCMethod was used.
In TS5: Hindered rotor b1
In TS5: Hindered rotor b2
In TS5: Hindered rotor b3
In R3: --Parse data for RRKM
In R3: No tunneling method used for R3
In R4: Parsing reaction...Irreversible unimolecular reaction
In R4: --Parse data for RRKM
In R4: No tunneling method used for R4
In R5: Parsing reaction...Irreversible unimolecular reaction
In cycCH2OCH2O: Could not find cycCH2OCH2O in ../../librarymols.xml
In R5: --Parse data for RRKM
In R5: No tunneling method used for R5
No pressure and temperature specified.
Write metadata 20250817_193701

File: "Chebyshev.xml" successfully parsed.
Main Calculation begins
Now calculating...

--Execute calcMethod analyticalRepresentation
In CH2O: Neither chemical structure nor Molecular Weight as an XML property were provided.
In CH2O: Cannot find me:vibFreqs or me:hessian. Assuming an atom or a sink molecule.
In CH2O: No rotational constants from <me:rotConsts> or structure. Assuming an atom or a sink molecule.
In CH2O: The default value of me:DOSCMethod was used.
In CH2O: The default value of the attribute spinMultiplicity was used.
gDensityOfStates initialization failed.
Restricted thermo output for CH2O because it has arbitrary energy data.
In CH3OCH2: energy cannot be converted from arbitrary to thermodynamic298K
enthalpy of formation at 298K:Restricted thermo output for CH3OCH2 because it has arbitrary energy data.
In IM1: energy cannot be converted from arbitrary to thermodynamic298K
enthalpy of formation at 298K:Restricted thermo output for IM1 because it has arbitrary energy data.
In IM2: energy cannot be converted from arbitrary to thermodynamic298K
enthalpy of formation at 298K:Restricted thermo output for IM2 because it has arbitrary energy data.
In O2: To mix thermodynamic and computational energies the molecule needs chemical structure (an atomList at least)
In O2: Missing thermo data for atoms
In OH-1: To mix thermodynamic and computational energies the molecule needs chemical structure (an atomList at least)
In OH-1: Missing thermo data for atoms
In OH-2: enthalpy of formation at 298K:enthalpy of formation at 298K:Cannot find me:vibFreqs or me:hessian. Assuming an atom or a sink molecule.
In OH-2: No rotational constants from <me:rotConsts> or structure. Assuming an atom or a sink molecule.
In OH-2: The default value of me:DOSCMethod was used.
In OH-2: The default value of the attribute spinMultiplicity was used.
In OH-2: enthalpy of formation at 298K:Number of grains produced is not equal to that requested for: OH-2
In OH-2: Number of grains requested: 500
In OH-2: Number of grains produced : 1
In OH-2: To mix thermodynamic and computational energies the molecule needs chemical structure (an atomList at least)
In OH-2: Missing thermo data for atoms
Number of grains produced is not equal to that requested for: OH-2
Number of grains requested: 500
Number of grains produced : 1
In OH-3: Cannot find me:vibFreqs or me:hessian. Assuming an atom or a sink molecule.
In OH-3: No rotational constants from <me:rotConsts> or structure. Assuming an atom or a sink molecule.
In OH-3: The default value of me:DOSCMethod was used.
In OH-3: The default value of the attribute spinMultiplicity was used.
In OH-3: enthalpy of formation at 298K:Number of grains produced is not equal to that requested for: OH-3
In OH-3: Number of grains requested: 500
In OH-3: Number of grains produced : 1
In OH-3: To mix thermodynamic and computational energies the molecule needs chemical structure (an atomList at least)
In OH-3: Missing thermo data for atoms
Number of grains produced is not equal to that requested for: OH-3
In cycCH2OCH2O: Neither chemical structure nor Molecular Weight as an XML property were provided.
In cycCH2OCH2O: Cannot find me:vibFreqs or me:hessian. Assuming an atom or a sink molecule.
In cycCH2OCH2O: No rotational constants from <me:rotConsts> or structure. Assuming an atom or a sink molecule.
In cycCH2OCH2O: The default value of me:DOSCMethod was used.
In cycCH2OCH2O: The default value of the attribute spinMultiplicity was used.
gDensityOfStates initialization failed.
Restricted thermo output for cycCH2OCH2O because it has arbitrary energy data.

Bath gas is He
In FastLaplaceConvolution: 4660 values in the FFT convolution routine were replaced by standard convolution
In FastLaplaceConvolution: 3860 values in the FFT convolution routine were replaced by standard convolution
In FastLaplaceConvolution: 10000 values in the FFT convolution routine were replaced by standard convolution

WARNING: Chemically significant eigenvalues (CSE) not well separated from internal energy relaxation eigenvals (IEREs).

The last CSE = -1.89368e+08 and the first IERE = -3.05957e+08
(last CSE)/(first IERE) ratio = 0.618938, which is less than an order of magnitude

Results obtained from Bartis Widom eigenvalue-vector analysis may be unreliable

species(name = "CH2O",
        atoms = "",
        thermo = (
            NASA( [   200.000, 1000.000], [  2.5000000e+00,  -9.7864122e-29, 
                       2.7100394e-31,  -3.1306308e-34,   1.2858695e-37, 
                      -1.1322536e-24,             nan] ),
            NASA( [  1000.000, 1000.000], [  2.5000000e+00,  -9.7864122e-29, 
                       2.7100394e-31,  -3.1306308e-34,   1.2858695e-37, 
                      -1.1322536e-24,             nan] ) ) )

species(name = "CH3OCH2",
        atoms = " C:2   H:5   O:1  ",
        thermo = (
            NASA( [   200.000, 1000.000], [  5.4806843e+00,  -1.3980871e-03, 
                       4.4122782e-05,  -5.3270147e-08,   2.0248982e-11, 
                      -8.6124064e+01,   2.1024890e+00] ),
            NASA( [  1000.000, 1000.000], [  5.4806843e+00,  -1.3980871e-03, 
                       4.4122782e-05,  -5.3270147e-08,   2.0248982e-11, 
                      -8.6124064e+01,   2.1024890e+00] ) ) )

species(name = "IM1",
        atoms = " C:2   H:5   O:3  ",
        thermo = (
            NASA( [   200.000, 1000.000], [  7.7033986e+00,  -7.4542831e-03, 
                       8.4155752e-05,  -1.0681794e-07,   4.2671305e-11, 
                      -1.2385283e+02,  -2.9724642e+00] ),
            NASA( [  1000.000, 1000.000], [  7.7033986e+00,  -7.4542831e-03, 
                       8.4155752e-05,  -1.0681794e-07,   4.2671305e-11, 
                      -1.2385283e+02,  -2.9724642e+00] ) ) )

species(name = "IM2",
        atoms = " C:2   H:5   O:3  ",
        thermo = (
            NASA( [   200.000, 1000.000], [  6.4962237e+00,   1.7498448e-02, 
                       2.0566637e-05,  -4.3850717e-08,   2.0206427e-11, 
                      -1.8468783e+02,  -4.4014543e-02] ),
            NASA( [  1000.000, 1000.000], [  6.4962237e+00,   1.7498448e-02, 
                       2.0566637e-05,  -4.3850717e-08,   2.0206427e-11, 
                      -1.8468783e+02,  -4.4014543e-02] ) ) )

species(name = "O2",
        atoms = "",
        thermo = (
            NASA( [   200.000, 1000.000], [  3.8068565e+00,  -2.7938190e-03, 
                       7.9013121e-06,  -6.8879156e-09,   2.0599979e-12, 
                      -1.0679849e+03,   3.4638726e+00] ),
            NASA( [  1000.000, 1000.000], [  3.8068565e+00,  -2.7938190e-03, 
                       7.9013121e-06,  -6.8879156e-09,   2.0599979e-12, 
                      -1.0679849e+03,   3.4638726e+00] ) ) )

species(name = "OH-1",
        atoms = "",
        thermo = (
            NASA( [   200.000, 1000.000], [  3.4593186e+00,   3.7692766e-04, 
                      -1.1899343e-06,   1.4446299e-09,  -4.6875646e-13, 
                      -1.0402815e+03,   1.6434898e+00] ),
            NASA( [  1000.000, 1000.000], [  3.4593186e+00,   3.7692766e-04, 
                      -1.1899343e-06,   1.4446299e-09,  -4.6875646e-13, 
                      -1.0402815e+03,   1.6434898e+00] ) ) )

species(name = "OH-2",
        atoms = "",
        thermo = (
            NASA( [   200.000, 1000.000], [  2.5000000e+00,   4.4999257e-12, 
                      -1.2488820e-14,   1.4455790e-17,  -5.9479575e-21, 
                      -7.4537500e+02,   5.3644694e+00] ),
            NASA( [  1000.000, 1000.000], [  2.5000000e+00,   4.4999257e-12, 
                      -1.2488820e-14,   1.4455790e-17,  -5.9479575e-21, 
                      -7.4537500e+02,   5.3644694e+00] ) ) )

species(name = "OH-3",
        atoms = "",
        thermo = (
            NASA( [   200.000, 1000.000], [  2.5000000e+00,   4.4999257e-12, 
                      -1.2488820e-14,   1.4455790e-17,  -5.9479575e-21, 
                      -7.4537500e+02,   5.3644694e+00] ),
            NASA( [  1000.000, 1000.000], [  2.5000000e+00,   4.4999257e-12, 
                      -1.2488820e-14,   1.4455790e-17,  -5.9479575e-21, 
                      -7.4537500e+02,   5.3644694e+00] ) ) )

species(name = "cycCH2OCH2O",
        atoms = "",
        thermo = (
            NASA( [   200.000, 1000.000], [  2.5000000e+00,  -9.7864122e-29, 
                       2.7100394e-31,  -3.1306308e-34,   1.2858695e-37, 
                      -1.1322536e-24,             nan] ),
            NASA( [  1000.000, 1000.000], [  2.5000000e+00,  -9.7864122e-29, 
                       2.7100394e-31,  -3.1306308e-34,   1.2858695e-37, 
                      -1.1322536e-24,             nan] ) ) )
units(length = 'cm', quantity = 'molecule')

chebyshev_reaction('CH3OCH2 + O2 => IM1',
                   Tmin=   200, Tmax=  1000,
                   Pmin=( 1e+17, 'PPCC'), Pmax=( 1e+20, 'PPCC'), 
                   coeffs=[[      -12.0812,       1.20293,     -0.398213,     0.0871082],
                           [      -1.08468,      0.625025,     0.0138301,    -0.0619113],
                           [     -0.391279,      0.104326,      0.103437,    -0.0423493],
                           [     -0.127546,    -0.0587588,     0.0831401,    -0.0249859],
                           [    -0.0255006,    -0.0796379,     0.0519234,    -0.0176186],
                           [    0.00662795,    -0.0599333,     0.0317538,    -0.0149637]])

chebyshev_reaction('CH3OCH2 + O2 => IM2',
                   Tmin=   200, Tmax=  1000,
                   Pmin=( 1e+17, 'PPCC'), Pmax=( 1e+20, 'PPCC'), 
                   coeffs=[[      -13.3507,      0.858298,     -0.379776,    -0.0559048],
                           [     -0.822826,       0.53646,     0.0216747,     0.0255912],
                           [     -0.430131,      0.273105,    -0.0164282,    -0.0171908],
                           [     -0.224139,      0.107508,     0.0308983,    -0.0374162],
                           [    -0.0972261,     0.0109645,     0.0423933,    -0.0106283],
                           [    -0.0375502,    -0.0132895,     0.0170631,     0.0194526]])

chebyshev_reaction('CH3OCH2 + O2 => OH-1 + CH2O + CH2O',
                   Tmin=   200, Tmax=  1000,
                   Pmin=( 1e+17, 'PPCC'), Pmax=( 1e+20, 'PPCC'), 
                   coeffs=[[      -11.8932,     -0.857378,     -0.253091,   -0.00769288],
                           [     -0.024201,      0.694681,      0.147462,     -0.018105],
                           [     -0.134058,      0.125029,      0.056743,    0.00213687],
                           [    -0.0910435,   -0.00178192,     0.0135215,    0.00555294],
                           [    -0.0406963,    -0.0141248,   0.000130592,    0.00345365],
                           [     -0.014558,   -0.00812188,   -0.00208943,    0.00114583]])

chebyshev_reaction('CH3OCH2 + O2 => OH-2 + CH2O + CH2O',
                   Tmin=   200, Tmax=  1000,
                   Pmin=( 1e+17, 'PPCC'), Pmax=( 1e+20, 'PPCC'), 
                   coeffs=[[       -17.189,     -0.693963,     -0.196474,    -0.0131242],
                           [       1.20991,      0.647609,      0.143684,   -0.00640048],
                           [     0.0192844,     0.0665645,     0.0444038,    0.00772286],
                           [    -0.0414452,    -0.0207679,    0.00441979,    0.00633141],
                           [    -0.0190513,    -0.0161226,   -0.00439687,    0.00167227],
                           [   -0.00496014,   -0.00615258,   -0.00334646,  -0.000455182]])

chebyshev_reaction('CH3OCH2 + O2 => OH-3 + cycCH2OCH2O',
                   Tmin=   200, Tmax=  1000,
                   Pmin=( 1e+17, 'PPCC'), Pmax=( 1e+20, 'PPCC'), 
                   coeffs=[[      -17.8781,     -0.659618,     -0.194649,    -0.0142252],
                           [       1.36129,      0.615136,      0.144626,   -0.00533475],
                           [    0.00888503,       0.06516,     0.0431967,    0.00836304],
                           [     -0.040131,    -0.0203566,    0.00362524,    0.00624902],
                           [    -0.0183857,    -0.0158092,   -0.00458902,    0.00143497],
                           [   -0.00480512,   -0.00591806,   -0.00328543,  -0.000546084]])

chebyshev_reaction('IM1 => CH3OCH2 + O2',
                   Tmin=   200, Tmax=  1000,
                   Pmin=( 1e+17, 'PPCC'), Pmax=( 1e+20, 'PPCC'), 
                   coeffs=[[      -8.57001,       1.20293,     -0.398213,     0.0871082],
                           [       14.1581,      0.625025,     0.0138301,    -0.0619113],
                           [     -0.447434,      0.104326,      0.103437,    -0.0423493],
                           [     -0.156777,    -0.0587588,     0.0831401,    -0.0249859],
                           [    -0.0366422,    -0.0796379,     0.0519234,    -0.0176186],
                           [    0.00327775,    -0.0599333,     0.0317538,    -0.0149637]])

chebyshev_reaction('IM1 => IM2',
                   Tmin=   200, Tmax=  1000,
                   Pmin=( 1e+17, 'PPCC'), Pmax=( 1e+20, 'PPCC'), 
                   coeffs=[[      0.200262,      0.393139,    -0.0875201,    0.00163114],
                           [       5.17584,      0.605173,     -0.111719,    -0.0100007],
                           [      0.114904,      0.271592,   -0.00815711,    -0.0262586],
                           [    -0.0914374,     0.0411854,     0.0443525,    -0.0241709],
                           [    -0.0555392,     -0.036188,     0.0386982,   -0.00412546],
                           [    -0.0127491,    -0.0311994,     0.0115569,     0.0167726]])

chebyshev_reaction('IM1 => OH-1 + CH2O + CH2O',
                   Tmin=   200, Tmax=  1000,
                   Pmin=( 1e+17, 'PPCC'), Pmax=( 1e+20, 'PPCC'), 
                   coeffs=[[      -4.96037,     -0.101635,     -0.224526,    -0.0167292],
                           [       11.3962,      0.753433,     0.0616437,   -0.00661463],
                           [     -0.370953,      0.207143,      0.037908,    0.00492285],
                           [     -0.213185,    0.00962402,     0.0181519,   -0.00162913],
                           [    -0.0779029,    -0.0129993,   -0.00172498,    0.00255517],
                           [    -0.0256039,    0.00877116,    -0.0174008,    0.00791054]])

chebyshev_reaction('IM1 => OH-2 + CH2O + CH2O',
                   Tmin=   200, Tmax=  1000,
                   Pmin=( 1e+17, 'PPCC'), Pmax=( 1e+20, 'PPCC'), 
                   coeffs=[[      -13.6974,       1.53582,     -0.342825,    -0.0504102],
                           [       14.4692,      0.516277,    -0.0787977,      0.122281],
                           [       -0.4568,      0.144262,      0.361295,      -0.25131],
                           [      -0.18849,     -0.202795,     -0.075064,      0.111073],
                           [    0.00980873,     -0.037267,      0.230888,     -0.160592],
                           [    -0.0171498,     -0.106644,    -0.0968904,     0.0810604]])

chebyshev_reaction('IM1 => OH-3 + cycCH2OCH2O',
                   Tmin=   200, Tmax=  1000,
                   Pmin=( 1e+17, 'PPCC'), Pmax=( 1e+20, 'PPCC'), 
                   coeffs=[[      -14.5788,       1.71382,     -0.477897,     0.0299236],
                           [       14.6168,       0.46516,      0.122407,      -0.01918],
                           [     -0.296926,     0.0395073,      0.272366,     -0.180771],
                           [     -0.326901,     -0.141005,    0.00499039,     0.0673319],
                           [      0.173946,     -0.188427,      0.245433,     -0.170841],
                           [     -0.120291,    -0.0204907,     -0.104102,     0.0941372]])

chebyshev_reaction('IM2 => CH3OCH2 + O2',
                   Tmin=   200, Tmax=  1000,
                   Pmin=( 1e+17, 'PPCC'), Pmax=( 1e+20, 'PPCC'), 
                   coeffs=[[        -3.732,      0.858298,     -0.379776,    -0.0559048],
                           [         9.791,       0.53646,     0.0216747,     0.0255912],
                           [      -0.60401,      0.273105,    -0.0164282,    -0.0171908],
                           [     -0.278049,      0.107508,     0.0308983,    -0.0374162],
                           [     -0.112122,     0.0109645,     0.0423933,    -0.0106283],
                           [    -0.0412084,    -0.0132895,     0.0170631,     0.0194526]])

chebyshev_reaction('IM2 => IM1',
                   Tmin=   200, Tmax=  1000,
                   Pmin=( 1e+17, 'PPCC'), Pmax=( 1e+20, 'PPCC'), 
                   coeffs=[[        6.3077,      0.393139,    -0.0875201,    0.00163114],
                           [       0.54691,      0.605173,     -0.111719,    -0.0100007],
                           [   -0.00281982,      0.271592,   -0.00815711,    -0.0262586],
                           [     -0.116117,     0.0411854,     0.0443525,    -0.0241709],
                           [    -0.0592938,     -0.036188,     0.0386982,   -0.00412546],
                           [     -0.013057,    -0.0311994,     0.0115569,     0.0167726]])

chebyshev_reaction('IM2 => OH-1 + CH2O + CH2O',
                   Tmin=   200, Tmax=  1000,
                   Pmin=( 1e+17, 'PPCC'), Pmax=( 1e+20, 'PPCC'), 
                   coeffs=[[      0.808477,       1.00175,    -0.0376806,     -0.116024],
                           [       6.96694,     -0.175791,      0.155987,       0.12798],
                           [     -0.375875,      0.108814,     -0.141382,     0.0842494],
                           [     -0.275113,      0.178657,     -0.107311,    -0.0239903],
                           [     -0.114483,     0.0587463,     0.0203733,    -0.0549496],
                           [  -0.000648078,    -0.0547672,     0.0754733,    -0.0143429]])

chebyshev_reaction('IM2 => OH-2 + CH2O + CH2O',
                   Tmin=   200, Tmax=  1000,
                   Pmin=( 1e+17, 'PPCC'), Pmax=( 1e+20, 'PPCC'), 
                   coeffs=[[      -8.28104,       2.22145,      -0.18206,     0.0568476],
                           [       10.1655,    -0.0999455,     -0.146542,     0.0973203],
                           [     -0.547222,      0.098043,     -0.199893,    -0.0126272],
                           [     -0.265898,      0.184359,    -0.0808526,    -0.0930873],
                           [    -0.0965066,     0.0737099,     0.0466201,    -0.0856952],
                           [    0.00720899,    -0.0441793,     0.0865894,    -0.0223068]])

chebyshev_reaction('IM2 => OH-3 + cycCH2OCH2O',
                   Tmin=   200, Tmax=  1000,
                   Pmin=( 1e+17, 'PPCC'), Pmax=( 1e+20, 'PPCC'), 
                   coeffs=[[      -9.24385,        2.3435,     -0.203876,     0.0665989],
                           [        10.418,    -0.0854414,     -0.181801,     0.0934399],
                           [     -0.550055,      0.085856,      -0.18532,     -0.033787],
                           [     -0.252495,      0.164117,    -0.0606429,     -0.109603],
                           [    -0.0921154,     0.0693595,     0.0512599,    -0.0881332],
                           [    0.00501705,    -0.0391129,     0.0830718,    -0.0188683]])


 -- Total time elapsed: 648 seconds.

System saved to mesmer_out.xml
Total time elapsed: 648 seconds.
