
            /|      /|                        \   
           / |     / | ________________________\  
          /  |    /  |  _   _             _   _   
         /   |   /   | / \ / \ |\     /| / \ / \  
        /    |  /    | \_/ \_  | \   / | \_/ |_/  
       /     | /     | /     \ |  \ /  | /   | \  
    \_/      |/      | \_/ \_/ |   V   | \_/ |  \ 

     Mesmer: Master Equation Solver for Multi-Energy well Reactions
     Mesmer v7.1 compiled: -- May 21 2023 -- 13:02:07

     Copyright (C) 2009-2022 by
     Struan H. Robertson, Chris Morley, Chi-Hsiu Liang,
     David R. Glowacki, Michael J. Pilling and contributors

     Mesmer is free software: you can redistribute it and/or modify
     it under the terms of the GNU Public License as published by
     the Free Software Foundation, either version 2 of the License,
     or (at your option) any later version.

     But WITHOUT ANY WARRANTY; without even the implied warranty of
     MERCHANTABILITY or FITNESS FOR A PARTICULAR PURPOSE.  See the
     GNU Public License for more details.

    You should have received a copy of the GNU Public License
    along with Mesmer.  If not, see <http://www.gnu.org/licenses/>.

                     Platform:        Windows64
                     Execution Date:  Sun May 21 14:42:19 2023
                     Number of ranks: 4

defaults.xml, librarymols.xml are in ../..

Parsing input xml file...
ChebyshevCK.xml

--Parse data for analyticalRepresentation
Energy convention "" written to <moleculeList>
In R1: Parsing reaction...Association reaction
In CH3OCH2: WARNING: When calculating frequencies from a Hessian it is critical
     that the Hessian and species coordinates are expressed relative to
     the same Cartesian coordinate system.
In CH3OCH2: Vibrational frequencies (cm-1) were calculated from Hessian:
  169.672 287.888 439.421 568.322 1021.55 1155.2 1192.08 1282.47 1343.7 1471.44 
  1500.2 1508.72 1523.12 3088.04 3165.17 3197.22 3233.15 3356.85 
In CH3OCH2: The default value of me:DOSCMethod was used.
In CH3OCH2: Hindered rotor b5
In CH3OCH2: Hindered rotor b4
In CH3OCH2: WARNING: The Fourier expansion for the internal rotor potential for bond b4 of 
In CH3OCH2: species CH3OCH2, differs at the minimum from the value entered by more than 20 cm-1.
In CH3OCH2: More terms in the Fourier expansion may be needed.
In IM1: WARNING: When calculating frequencies from a Hessian it is critical
     that the Hessian and species coordinates are expressed relative to
     the same Cartesian coordinate system.
In IM1: Vibrational frequencies (cm-1) were calculated from Hessian:
  91.8598 128.883 187.165 391.187 483.297 594.928 938.428 1012.93 1151.6 1194.73 
  1218.54 1282.75 1305.74 1357.96 1435.01 1483.25 1499.22 1510.87 1516.91 3096.22 
  3126.84 3182.05 3236.78 3239.2 
In IM1: Hindered rotor b5
In IM1: Hindered rotor b4
In IM1: Hindered rotor b8
In IM1: The default value of me:DistributionCalcMethod was used.
In IM1: --Parse data for Boltzmann
In IM1: --Parse data for ExponentialDown
In R1: --Parse data for MesmerILT
In R1: No tunneling method used for R1
In R2: Parsing reaction...Isomerization reaction
In IM2: WARNING: When calculating frequencies from a Hessian it is critical
     that the Hessian and species coordinates are expressed relative to
     the same Cartesian coordinate system.
In IM2: Vibrational frequencies (cm-1) were calculated from Hessian:
  108.18 163.087 250.225 340.045 406.842 467.08 628.242 646.487 972.437 1023.15 
  1130.32 1157.25 1251.69 1298.98 1363.23 1436 1468.44 1480.03 1513.69 3124.8 
  3200.84 3231.89 3360.58 3889.55 
In IM2: Hindered rotor b1
In IM2: Hindered rotor b2
In IM2: Hindered rotor b3
In IM2: Hindered rotor b4
In IM2: The default value of me:DistributionCalcMethod was used.
In IM2: --Parse data for Boltzmann
In IM2: --Parse data for ExponentialDown
In R2: --Parse data for RRKM
In R2: --Parse data for Eckart
In R3: Parsing reaction...Irreversible unimolecular reaction
In TS5: WARNING: When calculating frequencies from a Hessian it is critical
     that the Hessian and species coordinates are expressed relative to
     the same Cartesian coordinate system.
In TS5: Vibrational frequencies (cm-1) were calculated from Hessian:
  78.8008 155.797 210.383 316.503 401.876 532.348 560.927 656.949 928.231 952.154 
  977.833 1200.77 1243.63 1249.83 1361.65 1485.15 1520.63 1587.51 3088.36 3195.55 
  3209.98 3361.1 3759.25 
In TS5: The default value of me:DOSCMethod was used.
In TS5: Hindered rotor b1
In TS5: Hindered rotor b2
In TS5: Hindered rotor b3
In R3: --Parse data for RRKM
In R3: No tunneling method used for R3
In R4: Parsing reaction...Irreversible unimolecular reaction
In R4: --Parse data for RRKM
In R4: No tunneling method used for R4
In R5: Parsing reaction...Irreversible unimolecular reaction
In R5: --Parse data for RRKM
In R5: No tunneling method used for R5
No pressure and temperature specified.
Write metadata 20230521_144219

File: "ChebyshevCK.xml" successfully parsed.
Main Calculation begins
Now calculating...

--Execute calcMethod analyticalRepresentation
In CH3OCH2: energy cannot be converted from arbitrary to thermodynamic298K
enthalpy of formation at 298K:Restricted thermo output for CH3OCH2 because it has arbitrary energy data.
In IM1: energy cannot be converted from arbitrary to thermodynamic298K
enthalpy of formation at 298K:Restricted thermo output for IM1 because it has arbitrary energy data.
In IM2: energy cannot be converted from arbitrary to thermodynamic298K
enthalpy of formation at 298K:Restricted thermo output for IM2 because it has arbitrary energy data.
In O2: To mix thermodynamic and computational energies the molecule needs chemical structure (an atomList at least)
In O2: Missing thermo data for atoms
In OH-1: To mix thermodynamic and computational energies the molecule needs chemical structure (an atomList at least)
In OH-1: Missing thermo data for atoms
In OH-2: enthalpy of formation at 298K:enthalpy of formation at 298K:Cannot find me:vibFreqs or me:hessian. Assuming an atom or a sink molecule.
In OH-2: No rotational constants from <me:rotConsts> or structure. Assuming an atom or a sink molecule.
In OH-2: The default value of me:DOSCMethod was used.
In OH-2: The default value of the attribute spinMultiplicity was used.
In OH-2: enthalpy of formation at 298K:Number of grains produced is not equal to that requested for: OH-2
In OH-2: Number of grains requested: 500
In OH-2: Number of grains produced : 1
In OH-2: To mix thermodynamic and computational energies the molecule needs chemical structure (an atomList at least)
In OH-2: Missing thermo data for atoms
Number of grains produced is not equal to that requested for: OH-2
Number of grains requested: 500
Number of grains produced : 1
In OH-3: Cannot find me:vibFreqs or me:hessian. Assuming an atom or a sink molecule.
In OH-3: No rotational constants from <me:rotConsts> or structure. Assuming an atom or a sink molecule.
In OH-3: The default value of me:DOSCMethod was used.
In OH-3: The default value of the attribute spinMultiplicity was used.
In OH-3: enthalpy of formation at 298K:Number of grains produced is not equal to that requested for: OH-3
In OH-3: Number of grains requested: 500
In OH-3: Number of grains produced : 1
In OH-3: To mix thermodynamic and computational energies the molecule needs chemical structure (an atomList at least)
In OH-3: Missing thermo data for atoms
Number of grains produced is not equal to that requested for: OH-3

Bath gas is He
In FastLaplaceConvolution: 4660 values in the FFT convolution routine were replaced by standard convolution
In FastLaplaceConvolution: 3820 values in the FFT convolution routine were replaced by standard convolution
In FastLaplaceConvolution: 10000 values in the FFT convolution routine were replaced by standard convolution

WARNING: Chemically significant eigenvalues (CSE) not well separated from internal energy relaxation eigenvals (IEREs).

The last CSE = -1.57367e+08 and the first IERE = -2.29538e+08
(last CSE)/(first IERE) ratio = 0.685581, which is less than an order of magnitude

Results obtained from Bartis Widom eigenvalue-vector analysis may be unreliable
WARNING: concentration of excess species is greater than bath gas concentration for reaction R1

CH3OCH2                 C   2H   5O   1     G   200.000  1000.000 1000.000    01
  5.4806843e+00 -1.3980871e-03  4.4122782e-05 -5.3270147e-08  2.0248982e-11    2
 -8.6124064e+01  2.1024890e+00  5.4806843e+00 -1.3980871e-03  4.4122782e-05    3
 -5.3270147e-08  2.0248982e-11 -8.6124064e+01  2.1024890e+00            nan    4

IM1                     C   2H   5O   3     G   200.000  1000.000 1000.000    01
  7.7033986e+00 -7.4542831e-03  8.4155752e-05 -1.0681794e-07  4.2671305e-11    2
 -1.2385283e+02 -2.9724642e+00  7.7033986e+00 -7.4542831e-03  8.4155752e-05    3
 -1.0681794e-07  4.2671305e-11 -1.2385283e+02 -2.9724642e+00            nan    4

IM2                     C   2H   5O   3     G   200.000  1000.000 1000.000    01
  6.4962237e+00  1.7498448e-02  2.0566637e-05 -4.3850717e-08  2.0206427e-11    2
 -1.8468783e+02 -4.4014543e-02  6.4962237e+00  1.7498448e-02  2.0566637e-05    3
 -4.3850717e-08  2.0206427e-11 -1.8468783e+02 -4.4014543e-02            nan    4

O2                                          G   200.000  1000.000 1000.000    01
  3.8068565e+00 -2.7938190e-03  7.9013121e-06 -6.8879156e-09  2.0599979e-12    2
 -1.0679849e+03  3.4638726e+00  3.8068565e+00 -2.7938190e-03  7.9013121e-06    3
 -6.8879156e-09  2.0599979e-12 -1.0679849e+03  3.4638726e+00  0.0000000e+00    4

OH-1                                        G   200.000  1000.000 1000.000    01
  3.4593186e+00  3.7692766e-04 -1.1899343e-06  1.4446299e-09 -4.6875646e-13    2
 -1.0402815e+03  1.6434898e+00  3.4593186e+00  3.7692766e-04 -1.1899343e-06    3
  1.4446299e-09 -4.6875646e-13 -1.0402815e+03  1.6434898e+00  0.0000000e+00    4

OH-2                                        G   200.000  1000.000 1000.000    01
  2.5000000e+00  4.4999257e-12 -1.2488820e-14  1.4455790e-17 -5.9479575e-21    2
 -7.4537500e+02  5.3644694e+00  2.5000000e+00  4.4999257e-12 -1.2488820e-14    3
  1.4455790e-17 -5.9479575e-21 -7.4537500e+02  5.3644694e+00  0.0000000e+00    4

OH-3                                        G   200.000  1000.000 1000.000    01
  2.5000000e+00  4.4999257e-12 -1.2488820e-14  1.4455790e-17 -5.9479575e-21    2
 -7.4537500e+02  5.3644694e+00  2.5000000e+00  4.4999257e-12 -1.2488820e-14    3
  1.4455790e-17 -5.9479575e-21 -7.4537500e+02  5.3644694e+00  0.0000000e+00    4

REACTIONS MOLES

CH3OCH2 + O2 => IM1 (+M)  1.00  0.0  0.0
! Data generated by MESMER 7.1 on Sun May 21 14:49:10 2023
    TCHEB/            200          1000/
    PCHEB/          0.001            10/
    CHEB/     6     4/
    CHEB/        11.071       2.10897     -0.745028      0.144205/
    CHEB/      -1.43659      0.927171      0.152573     -0.228232/
    CHEB/     -0.453376     0.0845917      0.155043     0.0131445/
    CHEB/      -0.21311       0.08178     -0.132189      0.241681/
    CHEB/   -0.00451865    -0.0967707    -0.0492587        0.1489/
    CHEB/     0.0610413     -0.132422   0.000941368     0.0763874/

CH3OCH2 + O2 => IM2 (+M)  1.00  0.0  0.0
! Data generated by MESMER 7.1 on Sun May 21 14:49:10 2023
    TCHEB/            200          1000/
    PCHEB/          0.001            10/
    CHEB/     6     4/
    CHEB/        10.043       1.17008      -0.48682     -0.136943/
    CHEB/      -1.06355      0.965224      0.165494    -0.0236243/
    CHEB/     -0.517875      0.271442     0.0867271    -0.0443341/
    CHEB/     -0.218487     0.0160905      0.100639    -0.0355191/
    CHEB/    -0.0949663    -0.0203934     0.0459062     0.0175209/
    CHEB/     -0.048436   -0.00190655   0.000949783     0.0235059/

CH3OCH2 + O2 => OH-1 (+M)  1.00  0.0  0.0
! Data generated by MESMER 7.1 on Sun May 21 14:49:10 2023
    TCHEB/            200          1000/
    PCHEB/          0.001            10/
    CHEB/     6     4/
    CHEB/       11.7668      -1.08952     -0.391621    -0.0272102/
    CHEB/       0.15029      0.996259       0.27454    -0.0289654/
    CHEB/     -0.158994      0.109405      0.090147     0.0226272/
    CHEB/      -0.10544    -0.0257613    0.00874746     0.0127688/
    CHEB/    -0.0439005    -0.0222312   -0.00634666    0.00428729/
    CHEB/    -0.0146562   -0.00984693   -0.00524662   0.000531259/

CH3OCH2 + O2 => OH-2 (+M)  1.00  0.0  0.0
! Data generated by MESMER 7.1 on Sun May 21 14:49:10 2023
    TCHEB/            200          1000/
    PCHEB/          0.001            10/
    CHEB/     6     4/
    CHEB/       6.48571      -0.91077     -0.314987    -0.0323004/
    CHEB/       1.36003      0.923867      0.262205   -0.00307033/
    CHEB/   -0.00901711     0.0405155     0.0628064     0.0229915/
    CHEB/    -0.0525089    -0.0423958   -0.00419524    0.00980768/
    CHEB/    -0.0207464    -0.0216948    -0.0102219   0.000958782/
    CHEB/   -0.00479808   -0.00676951   -0.00545906    -0.0020245/

CH3OCH2 + O2 => OH-3 (+M)  1.00  0.0  0.0
! Data generated by MESMER 7.1 on Sun May 21 14:49:10 2023
    TCHEB/            200          1000/
    PCHEB/          0.001            10/
    CHEB/     6     4/
    CHEB/       5.79703      -0.86999     -0.311407    -0.0348905/
    CHEB/       1.50965      0.883201      0.262812   0.000418167/
    CHEB/     -0.018507     0.0396303      0.059836     0.0231326/
    CHEB/    -0.0510447    -0.0412551   -0.00497674    0.00946009/
    CHEB/     -0.020105    -0.0212883    -0.0102579   0.000608424/
    CHEB/   -0.00464202   -0.00650743   -0.00531038   -0.00216051/

IM1 => CH3OCH2 + O2 (+M)  1.00  0.0  0.0
! Data generated by MESMER 7.1 on Sun May 21 14:49:10 2023
    TCHEB/            200          1000/
    PCHEB/          0.001            10/
    CHEB/     6     4/
    CHEB/      -9.19754       2.10897     -0.745028      0.144205/
    CHEB/       13.8062      0.927171      0.152573     -0.228232/
    CHEB/     -0.509532     0.0845917      0.155043     0.0131445/
    CHEB/     -0.242341       0.08178     -0.132189      0.241681/
    CHEB/    -0.0156602    -0.0967707    -0.0492587        0.1489/
    CHEB/     0.0576911     -0.132422   0.000941368     0.0763874/

IM1 => IM2 (+M)  1.00  0.0  0.0
! Data generated by MESMER 7.1 on Sun May 21 14:49:10 2023
    TCHEB/            200          1000/
    PCHEB/          0.001            10/
    CHEB/     6     4/
    CHEB/   -0.00294924       0.64351     -0.135716   0.000481041/
    CHEB/       4.88292      0.934962     -0.137236    -0.0292065/
    CHEB/     0.0170821      0.326095     0.0520214    -0.0496354/
    CHEB/     -0.090411    -0.0102686     0.0872131    -0.0133804/
    CHEB/    -0.0532103    -0.0504449     0.0217073     0.0284072/
    CHEB/    -0.0215521      -0.01607    -0.0134987     0.0236762/

IM1 => OH-1 (+M)  1.00  0.0  0.0
! Data generated by MESMER 7.1 on Sun May 21 14:49:10 2023
    TCHEB/            200          1000/
    PCHEB/          0.001            10/
    CHEB/     6     4/
    CHEB/      -5.19052    -0.0216239     -0.358992    -0.0140252/
    CHEB/       11.2959       1.13868      0.103538    -0.0261137/
    CHEB/      -0.43338      0.216438      0.115464    -0.0218821/
    CHEB/     -0.254216      0.014447     0.0105484      0.020387/
    CHEB/      -0.12536     0.0450321    -0.0587259     0.0450575/
    CHEB/    -0.0301434    0.00408395   -0.00590811   -0.00810924/

IM1 => OH-2 (+M)  1.00  0.0  0.0
! Data generated by MESMER 7.1 on Sun May 21 14:49:10 2023
    TCHEB/            200          1000/
    PCHEB/          0.001            10/
    CHEB/     6     4/
    CHEB/      -14.3663       2.35044     -0.799092      0.121958/
    CHEB/       14.1912      0.881502      0.267466     -0.150504/
    CHEB/     -0.416378     -0.145927      0.343364     0.0672569/
    CHEB/     -0.261098    -0.0320001     -0.208657        0.2596/
    CHEB/     0.0432411     -0.140065     0.0208098      0.196099/
    CHEB/    -0.0627667     0.0679031     -0.213735      0.190892/

IM1 => OH-3 (+M)  1.00  0.0  0.0
! Data generated by MESMER 7.1 on Sun May 21 14:49:10 2023
    TCHEB/            200          1000/
    PCHEB/          0.001            10/
    CHEB/     6     4/
    CHEB/      -15.2335       2.50387      -0.72518     0.0192295/
    CHEB/       14.3372       0.76236      0.315129     -0.187292/
    CHEB/     -0.289113     -0.184132      0.375159     0.0626241/
    CHEB/     -0.366546    0.00683796     -0.310811      0.393058/
    CHEB/      0.142656     -0.172536   -0.00455732      0.247808/
    CHEB/   -0.00301139     -0.101293     -0.130494      0.196814/

IM2 => CH3OCH2 + O2 (+M)  1.00  0.0  0.0
! Data generated by MESMER 7.1 on Sun May 21 14:49:10 2023
    TCHEB/            200          1000/
    PCHEB/          0.001            10/
    CHEB/     6     4/
    CHEB/      -4.11805       1.17008      -0.48682     -0.136943/
    CHEB/       9.55027      0.965224      0.165494    -0.0236243/
    CHEB/     -0.691754      0.271442     0.0867271    -0.0443341/
    CHEB/     -0.272397     0.0160905      0.100639    -0.0355191/
    CHEB/     -0.109862    -0.0203934     0.0459062     0.0175209/
    CHEB/    -0.0520941   -0.00190655   0.000949783     0.0235059/

IM2 => IM1 (+M)  1.00  0.0  0.0
! Data generated by MESMER 7.1 on Sun May 21 14:49:10 2023
    TCHEB/            200          1000/
    PCHEB/          0.001            10/
    CHEB/     6     4/
    CHEB/       6.10449       0.64351     -0.135716   0.000481041/
    CHEB/      0.253993      0.934962     -0.137236    -0.0292065/
    CHEB/     -0.100642      0.326095     0.0520214    -0.0496354/
    CHEB/      -0.11509    -0.0102686     0.0872131    -0.0133804/
    CHEB/    -0.0569649    -0.0504449     0.0217073     0.0284072/
    CHEB/      -0.02186      -0.01607    -0.0134987     0.0236762/

IM2 => OH-1 (+M)  1.00  0.0  0.0
! Data generated by MESMER 7.1 on Sun May 21 14:49:10 2023
    TCHEB/            200          1000/
    PCHEB/          0.001            10/
    CHEB/     6     4/
    CHEB/      0.732489        1.0303     0.0852199     -0.209753/
    CHEB/       6.68849      0.129371     0.0286867      0.259413/
    CHEB/     -0.586502      0.387985     -0.317132      0.125242/
    CHEB/     -0.259838     0.0881384    -0.0042106     -0.145177/
    CHEB/    -0.0621136    -0.0575167      0.110907    -0.0994857/
    CHEB/    -0.0216608     -0.011303     0.0256285     0.0491688/

IM2 => OH-2 (+M)  1.00  0.0  0.0
! Data generated by MESMER 7.1 on Sun May 21 14:49:10 2023
    TCHEB/            200          1000/
    PCHEB/          0.001            10/
    CHEB/     6     4/
    CHEB/      -8.68821       2.86666     -0.154536     -0.176637/
    CHEB/       9.74447     0.0627027     0.0741408    -0.0444255/
    CHEB/     -0.673169     0.0793289     -0.119703    -0.0980934/
    CHEB/     -0.242328     0.0808921    0.00917602     -0.151945/
    CHEB/     -0.070935     0.0450176     0.0317033    -0.0274876/
    CHEB/    -0.0166438     0.0236626    -0.0026759     0.0756989/

IM2 => OH-3 (+M)  1.00  0.0  0.0
! Data generated by MESMER 7.1 on Sun May 21 14:49:10 2023
    TCHEB/            200          1000/
    PCHEB/          0.001            10/
    CHEB/     6     4/
    CHEB/      -9.60576       2.92653    -0.0873113     -0.230727/
    CHEB/       10.0101    0.00672687     0.0731167    -0.0355851/
    CHEB/     -0.642531    0.00864874    -0.0851074     -0.103909/
    CHEB/     -0.238896     0.0963628    -0.0280513     -0.102086/
    CHEB/    -0.0780755     0.0645417     0.0110263   -0.00184436/
    CHEB/    -0.0164844     0.0164523     0.0151221     0.0587148/


 -- Total time elapsed: 411 seconds.

System saved to mesmer_out.xml
Total time elapsed: 411 seconds.
