
            /|      /|                        \   
           / |     / | ________________________\  
          /  |    /  |  _   _             _   _   
         /   |   /   | / \ / \ |\     /| / \ / \  
        /    |  /    | \_/ \_  | \   / | \_/ |_/  
       /     | /     | /     \ |  \ /  | /   | \  
    \_/      |/      | \_/ \_/ |   V   | \_/ |  \ 

     Mesmer: Master Equation Solver for Multi-Energy well Reactions
     Mesmer v2.0 compiled: -- Jul  5 2012 -- 17:35:53

     Copyright (C) 2009-2012 by
     Struan H. Robertson, David R. Glowacki, Chi-Hsiu Liang,
     Chris Morley, Michael J. Pilling and contributors

     Mesmer is free software: you can redistribute it and/or modify
     it under the terms of the GNU Lesser Public License as published by
     the Free Software Foundation, either version 3 of the License, or
     (at your option) any later version.

     But WITHOUT ANY WARRANTY; without even the implied warranty of
     MERCHANTABILITY or FITNESS FOR A PARTICULAR PURPOSE.  See the
     GNU Lesser Public License for more details.

    You should have received a copy of the GNU Lesser Public License
    along with Mesmer.  If not, see <http://www.gnu.org/licenses/>.


Parsing input xml file...
Methyl_H_to_Methane_FTST.xml

In R1: Parsing reaction...
In Methyl: The default value of me:frequenciesScaleFactor was used.
In Methyl: Methyl:ZPE was given a range with 3 steps 
In H: Cannot find argument me:vibFreqs. Assumes that it is an atom or atomic ion.
In H: No rotational constants from <me:rotConsts> or structure.Assuming to be an atom or atomic ion.
In H: The default value of me:symmetryNumber was used.
In H: The default value of me:frequenciesScaleFactor was used.
In H: The default value of spinMultiplicity (or one of its attributes) was used.
In H: The default value of me:DOSCMethod was used.
In Methane: The default value of me:frequenciesScaleFactor was used.
In Methane: The default value of me:DistributionCalcMethod was used.
In Methane: The default value of me:energyTransferModel was used.
In Methane: Methane:deltaEDown was given a range with 15 steps 
In Methane: The default value of me:deltaEDownTExponent was used.
In TS1: Cannot find argument me:vibFreqs. Assumes that it is an atom or atomic ion.
In TS1: No rotational constants from <me:rotConsts> or structure.Assuming to be an atom or atomic ion.
In TS1: The default value of me:frequenciesScaleFactor was used.
In TS1: The default value of me:DOSCMethod was used.
In TS1: No value of me:ZPE was supplied and the default value NEEDS TO BE CHECKED**
In TS1: TS1:ZPE will be derived from Methyl:ZPE. Check below that this has been found.
In R1: No imaginary vibrational frequency. Check if there is tunneling.
No tunneling method requested for R1
In R1: No crossing method requested for R1
In R1: Not a unimolecular reaction: look for excess reactant concentration.
In R1: No value of me:excessReactantConc was supplied and the default value NEEDS TO BE CHECKED**
All molecules are on the same energy basis: arbitary
25.1Torr, 301K at dd precision
50.8Torr, 301K at dd precision
101.3Torr, 301K at dd precision
152.4Torr, 301K at dd precision
205.5Torr, 301K at dd precision
255.8Torr, 301K at dd precision
306.5Torr, 301K at dd precision
356.5Torr, 301K at dd precision
408.3Torr, 301K at dd precision
509.5Torr, 301K at dd precision
25.2Torr, 401K at dd precision
50.2Torr, 401K at dd precision
100.2Torr, 401K at dd precision
152.9Torr, 401K at dd precision
200.2Torr, 401K at dd precision
254.2Torr, 401K at dd precision
350Torr, 401K at dd precision
455.9Torr, 401K at dd precision
508.5Torr, 401K at dd precision
610.5Torr, 401K at dd precision
25.2Torr, 504K at dd precision
50.2Torr, 504K at dd precision
100.5Torr, 504K at dd precision
153.5Torr, 504K at dd precision
200.8Torr, 504K at dd precision
255.8Torr, 504K at dd precision
356.8Torr, 504K at dd precision
400.2Torr, 504K at dd precision
509Torr, 504K at dd precision
611.7Torr, 504K at dd precision
105.3Torr, 601K at dd precision
208.5Torr, 601K at dd precision
304.5Torr, 601K at dd precision
411Torr, 601K at dd precision
515Torr, 601K at dd precision
614.5Torr, 601K at dd precision
711Torr, 601K at dd precision
TS1:ZPE is derived from Methyl:ZPE
TS1:ZPE = 36175.2
Write metadata 20120707_132206

File: "Methyl_H_to_Methane_FTST.xml" successfully parsed.
Calculate EGME
Rotational constants were not defined but requested.
Number of grains produced is not equal to that requested
Number of grains requested: 269
Number of grains produced : 1


Chi^2 = 1.51137e-019 Lambda = 1
Methyl:ZPE=36175.2  Methane:deltaEDown=190  
Finish Calculation -- Time elapsed: 0 seconds.

Finish Calculation -- Time elapsed: 0 seconds.


Chi^2 = 1.51137e-019 Lambda = 10
Methyl:ZPE=36175.2  Methane:deltaEDown=190  
Finish Calculation -- Time elapsed: 0 seconds.
Iteration: 1 of Marquardt. ChiSquare = 1.51137e-019, Lambda = 10
Number of grains produced is not equal to that requested
Number of grains requested: 268
Number of grains produced : 1

Finish Calculation -- Time elapsed: 0 seconds.

Finish Calculation -- Time elapsed: 0 seconds.


Chi^2 = 1.20922e-019 Lambda = 1
Methyl:ZPE=35983.3  Methane:deltaEDown=180.522  
Finish Calculation -- Time elapsed: 0 seconds.
Iteration: 2 of Marquardt. ChiSquare = 1.20922e-019, Lambda = 1

Chi^2 = 1.20922e-019 Lambda = 10
Methyl:ZPE=35983.3  Methane:deltaEDown=180.522  
Iteration: 3 of Marquardt. ChiSquare = 1.20922e-019, Lambda = 10
Number of grains produced is not equal to that requested
Number of grains requested: 265
Number of grains produced : 1

Finish Calculation -- Time elapsed: 0 seconds.
Number of grains produced is not equal to that requested
Number of grains requested: 266
Number of grains produced : 1

Finish Calculation -- Time elapsed: 0 seconds.
Number of grains produced is not equal to that requested
Number of grains requested: 265
Number of grains produced : 1


Chi^2 = 9.17263e-020 Lambda = 1
Methyl:ZPE=35641.3  Methane:deltaEDown=172.483  
Finish Calculation -- Time elapsed: 0 seconds.
Iteration: 4 of Marquardt. ChiSquare = 9.17263e-020, Lambda = 1

Chi^2 = 9.17263e-020 Lambda = 10
Methyl:ZPE=35641.3  Methane:deltaEDown=172.483  
Iteration: 5 of Marquardt. ChiSquare = 9.17263e-020, Lambda = 10
Number of grains produced is not equal to that requested
Number of grains requested: 264
Number of grains produced : 1

Finish Calculation -- Time elapsed: 0 seconds.

Finish Calculation -- Time elapsed: 0 seconds.


Chi^2 = 6.98208e-020 Lambda = 1
Methyl:ZPE=35377.5  Methane:deltaEDown=165.75  
Finish Calculation -- Time elapsed: 0 seconds.
Iteration: 6 of Marquardt. ChiSquare = 6.98208e-020, Lambda = 1

Chi^2 = 6.98208e-020 Lambda = 10
Methyl:ZPE=35377.5  Methane:deltaEDown=165.75  
Iteration: 7 of Marquardt. ChiSquare = 6.98208e-020, Lambda = 10
Number of grains produced is not equal to that requested
Number of grains requested: 262
Number of grains produced : 1

Finish Calculation -- Time elapsed: 0 seconds.
Number of grains produced is not equal to that requested
Number of grains requested: 263
Number of grains produced : 1

Finish Calculation -- Time elapsed: 0 seconds.
Number of grains produced is not equal to that requested
Number of grains requested: 262
Number of grains produced : 1


Chi^2 = 5.63365e-020 Lambda = 1
Methyl:ZPE=35176.3  Methane:deltaEDown=160.239  
Finish Calculation -- Time elapsed: 0 seconds.
Iteration: 8 of Marquardt. ChiSquare = 5.63365e-020, Lambda = 1

Chi^2 = 5.63365e-020 Lambda = 10
Methyl:ZPE=35176.3  Methane:deltaEDown=160.239  
Iteration: 9 of Marquardt. ChiSquare = 5.63365e-020, Lambda = 10

Chi^2 = 5.63365e-020 Lambda = 100
Methyl:ZPE=35176.3  Methane:deltaEDown=160.239  
Iteration: 10 of Marquardt. ChiSquare = 5.63365e-020, Lambda = 100

Chi^2 = 5.63365e-020 Lambda = 1000
Methyl:ZPE=35176.3  Methane:deltaEDown=160.239  
Iteration: 11 of Marquardt. ChiSquare = 5.63365e-020, Lambda = 1000


Chi^2 = 5.63365e-020 Lambda = 10000
Methyl:ZPE=35176.3  Methane:deltaEDown=160.239  
Finish Calculation -- Time elapsed: 0 seconds.
Iteration: 12 of Marquardt. ChiSquare = 5.63365e-020, Lambda = 10000


Chi^2 = 5.63365e-020 Lambda = 100000
Methyl:ZPE=35176.3  Methane:deltaEDown=160.239  
Finish Calculation -- Time elapsed: 0 seconds.
Iteration: 13 of Marquardt. ChiSquare = 5.63365e-020, Lambda = 100000

Finish Calculation -- Time elapsed: 0 seconds.
Number of grains produced is not equal to that requested
Number of grains requested: 263
Number of grains produced : 1

Finish Calculation -- Time elapsed: 0 seconds.
Number of grains produced is not equal to that requested
Number of grains requested: 262
Number of grains produced : 1


Chi^2 = 5.62936e-020 Lambda = 10000
Methyl:ZPE=35176.2  Methane:deltaEDown=160.238  
Finish Calculation -- Time elapsed: 0 seconds.
Iteration: 14 of Marquardt. ChiSquare = 5.62936e-020, Lambda = 10000
PT Grid 0
Cell number = 39300, Grain number = 262
Build Collison Operator -- Time elapsed: 0 seconds.
Diagonalize the Reaction Operator -- Time elapsed: 8 seconds.
PT Grid 1
Cell number = 39300, Grain number = 262
Build Collison Operator -- Time elapsed: 1 seconds.
Diagonalize the Reaction Operator -- Time elapsed: 8 seconds.
PT Grid 2
Cell number = 39300, Grain number = 262
Build Collison Operator -- Time elapsed: 0 seconds.
Diagonalize the Reaction Operator -- Time elapsed: 9 seconds.
PT Grid 3
Cell number = 39300, Grain number = 262
Build Collison Operator -- Time elapsed: 0 seconds.
Diagonalize the Reaction Operator -- Time elapsed: 9 seconds.
PT Grid 4
Cell number = 39300, Grain number = 262
Build Collison Operator -- Time elapsed: 0 seconds.
Diagonalize the Reaction Operator -- Time elapsed: 9 seconds.
PT Grid 5
Cell number = 39300, Grain number = 262
Build Collison Operator -- Time elapsed: 0 seconds.
Diagonalize the Reaction Operator -- Time elapsed: 9 seconds.
PT Grid 6
Cell number = 39300, Grain number = 262
Build Collison Operator -- Time elapsed: 1 seconds.
Diagonalize the Reaction Operator -- Time elapsed: 9 seconds.
PT Grid 7
Cell number = 39300, Grain number = 262
Build Collison Operator -- Time elapsed: 0 seconds.
Diagonalize the Reaction Operator -- Time elapsed: 9 seconds.
PT Grid 8
Cell number = 39300, Grain number = 262
Build Collison Operator -- Time elapsed: 0 seconds.
Diagonalize the Reaction Operator -- Time elapsed: 9 seconds.
PT Grid 9
Cell number = 39300, Grain number = 262
Build Collison Operator -- Time elapsed: 0 seconds.
Diagonalize the Reaction Operator -- Time elapsed: 9 seconds.
PT Grid 10
Cell number = 39300, Grain number = 262
Build Collison Operator -- Time elapsed: 0 seconds.
Diagonalize the Reaction Operator -- Time elapsed: 9 seconds.
PT Grid 11
Cell number = 39300, Grain number = 262
Build Collison Operator -- Time elapsed: 0 seconds.
Diagonalize the Reaction Operator -- Time elapsed: 9 seconds.
PT Grid 12
Cell number = 39300, Grain number = 262
Build Collison Operator -- Time elapsed: 0 seconds.
Diagonalize the Reaction Operator -- Time elapsed: 9 seconds.
PT Grid 13
Cell number = 39300, Grain number = 262
Build Collison Operator -- Time elapsed: 0 seconds.
Diagonalize the Reaction Operator -- Time elapsed: 9 seconds.
PT Grid 14
Cell number = 39300, Grain number = 262
Build Collison Operator -- Time elapsed: 0 seconds.
Diagonalize the Reaction Operator -- Time elapsed: 9 seconds.
PT Grid 15
Cell number = 39300, Grain number = 262
Build Collison Operator -- Time elapsed: 0 seconds.
Diagonalize the Reaction Operator -- Time elapsed: 9 seconds.
PT Grid 16
Cell number = 39300, Grain number = 262
Build Collison Operator -- Time elapsed: 0 seconds.
Diagonalize the Reaction Operator -- Time elapsed: 9 seconds.
PT Grid 17
Cell number = 39300, Grain number = 262
Build Collison Operator -- Time elapsed: 0 seconds.
Diagonalize the Reaction Operator -- Time elapsed: 9 seconds.
PT Grid 18
Cell number = 39300, Grain number = 262
Build Collison Operator -- Time elapsed: 0 seconds.
Diagonalize the Reaction Operator -- Time elapsed: 9 seconds.
PT Grid 19
Cell number = 39300, Grain number = 262
Build Collison Operator -- Time elapsed: 0 seconds.
Diagonalize the Reaction Operator -- Time elapsed: 9 seconds.
PT Grid 20
Cell number = 39300, Grain number = 262
Build Collison Operator -- Time elapsed: 0 seconds.
Diagonalize the Reaction Operator -- Time elapsed: 8 seconds.
PT Grid 21
Cell number = 39300, Grain number = 262
Build Collison Operator -- Time elapsed: 1 seconds.
Diagonalize the Reaction Operator -- Time elapsed: 8 seconds.
PT Grid 22
Cell number = 39300, Grain number = 262
Build Collison Operator -- Time elapsed: 1 seconds.
Diagonalize the Reaction Operator -- Time elapsed: 8 seconds.
PT Grid 23
Cell number = 39300, Grain number = 262
Build Collison Operator -- Time elapsed: 0 seconds.
Diagonalize the Reaction Operator -- Time elapsed: 9 seconds.
PT Grid 24
Cell number = 39300, Grain number = 262
Build Collison Operator -- Time elapsed: 0 seconds.
Diagonalize the Reaction Operator -- Time elapsed: 9 seconds.
PT Grid 25
Cell number = 39300, Grain number = 262
Build Collison Operator -- Time elapsed: 0 seconds.
Diagonalize the Reaction Operator -- Time elapsed: 9 seconds.
PT Grid 26
Cell number = 39300, Grain number = 262
Build Collison Operator -- Time elapsed: 0 seconds.
Diagonalize the Reaction Operator -- Time elapsed: 9 seconds.
PT Grid 27
Cell number = 39300, Grain number = 262
Build Collison Operator -- Time elapsed: 0 seconds.
Diagonalize the Reaction Operator -- Time elapsed: 9 seconds.
PT Grid 28
Cell number = 39300, Grain number = 262
Build Collison Operator -- Time elapsed: 1 seconds.
Diagonalize the Reaction Operator -- Time elapsed: 9 seconds.
PT Grid 29
Cell number = 39300, Grain number = 262
Build Collison Operator -- Time elapsed: 0 seconds.
Diagonalize the Reaction Operator -- Time elapsed: 9 seconds.
PT Grid 30
Cell number = 39300, Grain number = 262
Build Collison Operator -- Time elapsed: 0 seconds.
Diagonalize the Reaction Operator -- Time elapsed: 9 seconds.
PT Grid 31
Cell number = 39300, Grain number = 262
Build Collison Operator -- Time elapsed: 0 seconds.
Diagonalize the Reaction Operator -- Time elapsed: 9 seconds.
PT Grid 32
Cell number = 39300, Grain number = 262
Build Collison Operator -- Time elapsed: 0 seconds.
Diagonalize the Reaction Operator -- Time elapsed: 9 seconds.
PT Grid 33
Cell number = 39300, Grain number = 262
Build Collison Operator -- Time elapsed: 0 seconds.
Diagonalize the Reaction Operator -- Time elapsed: 9 seconds.
PT Grid 34
Cell number = 39300, Grain number = 262
Build Collison Operator -- Time elapsed: 0 seconds.
Diagonalize the Reaction Operator -- Time elapsed: 9 seconds.
PT Grid 35
Cell number = 39300, Grain number = 262
Build Collison Operator -- Time elapsed: 0 seconds.
Diagonalize the Reaction Operator -- Time elapsed: 9 seconds.
PT Grid 36
Cell number = 39300, Grain number = 262
Build Collison Operator -- Time elapsed: 1 seconds.
Diagonalize the Reaction Operator -- Time elapsed: 9 seconds.

    Temperature  Concentration    Exp. Coeff.    Cal. Coeff.

            301   8.05242e+017      1.26e-011   5.84567e-011
            301   1.62973e+018      3.52e-011   8.96113e-011
            301   3.24984e+018      6.36e-011   1.30463e-010
            301    4.8892e+018      9.37e-011   1.59437e-010
            301   6.59272e+018      1.05e-010    1.8265e-010
            301   8.20641e+018      1.34e-010    2.0056e-010
            301   9.83294e+018       1.4e-010   2.15824e-010
            301    1.1437e+019       1.4e-010   2.28842e-010
            301   1.30988e+019      1.61e-010   2.40684e-010
            301   1.63455e+019      1.82e-010   2.60213e-010
            401   6.06842e+017      2.35e-011   2.51148e-011
            401   1.20887e+018      2.52e-011   4.08086e-011
            401   2.41292e+018      4.44e-011   6.42503e-011
            401   3.68199e+018      6.06e-011   8.32623e-011
            401   4.82102e+018      7.56e-011   9.74515e-011
            401    6.1214e+018         9e-011   1.11419e-010
            401   8.42836e+018      1.01e-010   1.32193e-010
            401   1.09785e+019      1.21e-010   1.51112e-010
            401   1.22452e+019      1.31e-010    1.5937e-010
            401   1.47015e+019      1.44e-010   1.73744e-010
            504   4.82825e+017      1.14e-011   1.11849e-011
            504   9.61817e+017      1.66e-011   1.89878e-011
            504   1.92555e+018      3.44e-011   3.15137e-011
            504   2.94101e+018      4.68e-011   4.22956e-011
            504   3.84727e+018      5.31e-011   5.06439e-011
            504   4.90105e+018      5.78e-011   5.92969e-011
            504   6.83618e+018      6.82e-011    7.3101e-011
            504   7.66771e+018      7.75e-011   7.84075e-011
            504   9.75229e+018      8.32e-011   9.04757e-011
            504     1.172e+019      9.69e-011   1.00592e-010
            601   1.69189e+018      2.11e-011   1.71728e-011
            601   3.35005e+018      3.35e-011   2.84283e-011
            601   4.89251e+018      3.78e-011   3.71275e-011
            601   6.60369e+018       4.5e-011   4.55497e-011
            601    8.2747e+018      4.84e-011   5.28926e-011
            601    9.8734e+018      5.75e-011      5.93e-011
            601   1.14239e+019      6.18e-011   6.50525e-011


37 temperature/concentration-pressure points calculated.
Finish Calculation -- Time elapsed: 0 seconds.

Chi^2 = 5.62936e-020

Best fit parameters:

Methyl:ZPE = 35176.2 +/- 4.88145e+013
Methane:deltaEDown = 160.238 +/- 5.86468e+011

Correlation coefficients:

Methane:deltaEDown , Methyl:ZPE = -0.872811

Goodness of Fit:

Number of degrees of Freedom = 35
Chi^2 probability = 1

 -- Total time elapsed: 7175 seconds.

System saved to mesmer_out.xml
