
            /|      /|                        \   
           / |     / | ________________________\  
          /  |    /  |  _   _             _   _   
         /   |   /   | / \ / \ |\     /| / \ / \  
        /    |  /    | \_/ \_  | \   / | \_/ |_/  
       /     | /     | /     \ |  \ /  | /   | \  
    \_/      |/      | \_/ \_/ |   V   | \_/ |  \ 

     Mesmer: Master Equation Solver for Multi-Energy well Reactions
     Mesmer v6.1 compiled: -- May 25 2021 -- 20:47:20

     Copyright (C) 2009-2021 by
     Struan H. Robertson, Chris Morley, Chi-Hsiu Liang,
     David R. Glowacki, Michael J. Pilling and contributors

     Mesmer is free software: you can redistribute it and/or modify
     it under the terms of the GNU Public License as published by
     the Free Software Foundation, either version 2 of the License,
     or (at your option) any later version.

     But WITHOUT ANY WARRANTY; without even the implied warranty of
     MERCHANTABILITY or FITNESS FOR A PARTICULAR PURPOSE.  See the
     GNU Public License for more details.

    You should have received a copy of the GNU Public License
    along with Mesmer.  If not, see <http://www.gnu.org/licenses/>.

                     Platform:        Windows
                     Execution Date:  Thu May 27 08:45:17 2021
                     Number of ranks: 4

defaults.xml, librarymols.xml are in ../..

Parsing input xml file...
Chebyshev.xml

--Parse data for analyticalRepresentation
Energy convention "" written to <moleculeList>
In R1: Parsing reaction...Association reaction
In CH3OCH2: WARNING: When calculating frequencies from a Hessian it is critical
     that the Hessian and species coordinates are expressed relative to
     the same Cartesian coordinate system.
In CH3OCH2: Vibrational frequencies (cm-1) were calculated from Hessian:
  169.672 287.888 439.421 568.322 1021.55 1155.2 1192.08 1282.47 1343.7 1471.44 
  1500.2 1508.72 1523.12 3088.04 3165.17 3197.22 3233.15 3356.85 
In CH3OCH2: The default value of me:DOSCMethod was used.
In CH3OCH2: Hindered rotor b5
In CH3OCH2: Hindered rotor b4
In CH3OCH2: WARNING: The Fourier expansion for the internal rotor potential for bond b4 of 
In CH3OCH2: species CH3OCH2, differs at the minimum from the value entered by more than 20 cm-1.
In CH3OCH2: More terms in the Fourier expansion may be needed.
In IM1: WARNING: When calculating frequencies from a Hessian it is critical
     that the Hessian and species coordinates are expressed relative to
     the same Cartesian coordinate system.
In IM1: Vibrational frequencies (cm-1) were calculated from Hessian:
  91.8598 128.883 187.165 391.187 483.297 594.928 938.428 1012.93 1151.6 1194.73 
  1218.54 1282.75 1305.74 1357.96 1435.01 1483.25 1499.22 1510.87 1516.91 3096.22 
  3126.84 3182.05 3236.78 3239.2 
In IM1: Hindered rotor b5
In IM1: Hindered rotor b4
In IM1: Hindered rotor b8
In IM1: The default value of me:DistributionCalcMethod was used.
In IM1: --Parse data for Boltzmann
In IM1: --Parse data for ExponentialDown
In R1: --Parse data for MesmerILT
In R1: No tunneling method used for R1
In R1: Not a unimolecular reaction: look for excess reactant concentration.
In R2: Parsing reaction...Isomerization reaction
In IM2: WARNING: When calculating frequencies from a Hessian it is critical
     that the Hessian and species coordinates are expressed relative to
     the same Cartesian coordinate system.
In IM2: Vibrational frequencies (cm-1) were calculated from Hessian:
  108.18 163.087 250.225 340.045 406.842 467.08 628.242 646.487 972.437 1023.15 
  1130.32 1157.25 1251.69 1298.98 1363.23 1436 1468.44 1480.03 1513.69 3124.8 
  3200.84 3231.89 3360.58 3889.55 
In IM2: Hindered rotor b1
In IM2: Hindered rotor b2
In IM2: Hindered rotor b3
In IM2: Hindered rotor b4
In IM2: The default value of me:DistributionCalcMethod was used.
In IM2: --Parse data for Boltzmann
In IM2: --Parse data for ExponentialDown
In R2: --Parse data for RRKM
In R2: --Parse data for Eckart
In R3: Parsing reaction...Irreversible unimolecular reaction
In CH2O: Could not find CH2O in ../../librarymols.xml
In TS5: WARNING: When calculating frequencies from a Hessian it is critical
     that the Hessian and species coordinates are expressed relative to
     the same Cartesian coordinate system.
In TS5: Vibrational frequencies (cm-1) were calculated from Hessian:
  78.8008 155.797 210.383 316.503 401.876 532.348 560.927 656.949 928.231 952.154 
  977.833 1200.77 1243.63 1249.83 1361.65 1485.15 1520.63 1587.51 3088.36 3195.55 
  3209.98 3361.1 3759.25 
In TS5: The default value of me:DOSCMethod was used.
In TS5: Hindered rotor b1
In TS5: Hindered rotor b2
In TS5: Hindered rotor b3
In TS5: WARNING: The Fourier expansion for the internal rotor potential for bond b3 of 
In TS5: species TS5, differs at the minimum from the value entered by more than 20 cm-1.
In TS5: More terms in the Fourier expansion may be needed.
In R3: --Parse data for RRKM
In R3: No tunneling method used for R3
In R4: Parsing reaction...Irreversible unimolecular reaction
In R4: --Parse data for RRKM
In R4: No tunneling method used for R4
In R5: Parsing reaction...Irreversible unimolecular reaction
In cycCH2OCH2O: Could not find cycCH2OCH2O in ../../librarymols.xml
In R5: --Parse data for RRKM
In R5: No tunneling method used for R5
No pressure and temperature specified.
Write metadata 20210527_084517

File: "Chebyshev.xml" successfully parsed.
Main Calculation begins
Now calculating...

--Execute calcMethod analyticalRepresentation
In CH2O: Neither chemical structure nor Molecular Weight as an XML property were provided.
In CH2O: Cannot find me:vibFreqs or me:hessian. Assuming an atom or a sink molecule.
In CH2O: No rotational constants from <me:rotConsts> or structure. Assuming an atom or a sink molecule.
In CH2O: The default value of me:DOSCMethod was used.
In CH2O: The default value of the attribute spinMultiplicity was used.
gDensityOfStates initialization failed.
Restricted thermo output for CH2O because it has arbitrary energy data.
In CH3OCH2: energy cannot be converted from arbitrary to thermodynamic298K
enthalpy of formation at 298K:Restricted thermo output for CH3OCH2 because it has arbitrary energy data.
In He: The default value of me:DOSCMethod was used.
In He: The default value of the attribute spinMultiplicity was used.
gDensityOfStates initialization failed.
Restricted thermo output for He because it has arbitrary energy data.
In IM1: energy cannot be converted from arbitrary to thermodynamic298K
enthalpy of formation at 298K:Restricted thermo output for IM1 because it has arbitrary energy data.
In IM2: energy cannot be converted from arbitrary to thermodynamic298K
enthalpy of formation at 298K:Restricted thermo output for IM2 because it has arbitrary energy data.
In O2: To mix thermodynamic and computational energies the molecule needs chemical structure (an atomList at least)
In O2: Missing thermo data for atoms
In OH-1: To mix thermodynamic and computational energies the molecule needs chemical structure (an atomList at least)
In OH-1: Missing thermo data for atoms
In OH-2: enthalpy of formation at 298K:enthalpy of formation at 298K:Cannot find me:vibFreqs or me:hessian. Assuming an atom or a sink molecule.
In OH-2: No rotational constants from <me:rotConsts> or structure. Assuming an atom or a sink molecule.
In OH-2: The default value of me:DOSCMethod was used.
In OH-2: The default value of the attribute spinMultiplicity was used.
In OH-2: enthalpy of formation at 298K:Number of grains produced is not equal to that requested for: OH-2
In OH-2: Number of grains requested: 500
In OH-2: Number of grains produced : 1
In OH-2: To mix thermodynamic and computational energies the molecule needs chemical structure (an atomList at least)
In OH-2: Missing thermo data for atoms
In OH-3: Cannot find me:vibFreqs or me:hessian. Assuming an atom or a sink molecule.
In OH-3: No rotational constants from <me:rotConsts> or structure. Assuming an atom or a sink molecule.
In OH-3: The default value of me:DOSCMethod was used.
In OH-3: The default value of the attribute spinMultiplicity was used.
In OH-3: enthalpy of formation at 298K:Number of grains produced is not equal to that requested for: OH-3
In OH-3: Number of grains requested: 500
In OH-3: Number of grains produced : 1
In OH-3: To mix thermodynamic and computational energies the molecule needs chemical structure (an atomList at least)
In OH-3: Missing thermo data for atoms
In cycCH2OCH2O: Neither chemical structure nor Molecular Weight as an XML property were provided.
In cycCH2OCH2O: Cannot find me:vibFreqs or me:hessian. Assuming an atom or a sink molecule.
In cycCH2OCH2O: No rotational constants from <me:rotConsts> or structure. Assuming an atom or a sink molecule.
In cycCH2OCH2O: The default value of me:DOSCMethod was used.
In cycCH2OCH2O: The default value of the attribute spinMultiplicity was used.
gDensityOfStates initialization failed.
Restricted thermo output for cycCH2OCH2O because it has arbitrary energy data.

Bath gas is He
In FastLaplaceConvolution: 4880 values in the FFT convolution routine were replaced by standard convolution
In FastLaplaceConvolution: 4060 values in the FFT convolution routine were replaced by standard convolution
In FastLaplaceConvolution: 9440 values in the FFT convolution routine were replaced by standard convolution

WARNING: Chemically significant eigenvalues (CSE) not well separated from internal energy relaxation eigenvals (IEREs).

The last CSE = -1.57136e+08 and the first IERE = -3.02421e+08
(last CSE)/(first IERE) ratio = 0.519592, which is less than an order of magnitude

Results obtained from Bartis Widom eigenvalue-vector analysis may be unreliable

species(name = "CH2O",
        atoms = "",
        thermo = (
            NASA( [   200.000, 1000.000], [  2.5000000e+00,  -9.7864122e-29, 
                       2.7100394e-31,  -3.1306308e-34,   1.2858695e-37, 
                      -1.1322536e-24,             nan] ),
            NASA( [  1000.000, 1000.000], [  2.5000000e+00,  -9.7864122e-29, 
                       2.7100394e-31,  -3.1306308e-34,   1.2858695e-37, 
                      -1.1322536e-24,             nan] ) ) )

species(name = "CH3OCH2",
        atoms = " C:2   H:5   O:1  ",
        thermo = (
            NASA( [   200.000, 1000.000], [  5.1781791e+00,   3.5340186e-03, 
                       3.1721297e-05,  -4.0844732e-08,   1.5780449e-11, 
                      -7.5541097e+01,   3.0938130e+00] ),
            NASA( [  1000.000, 1000.000], [  5.1781791e+00,   3.5340186e-03, 
                       3.1721297e-05,  -4.0844732e-08,   1.5780449e-11, 
                      -7.5541097e+01,   3.0938130e+00] ) ) )

species(name = "He",
        atoms = "He:1  ",
        thermo = (
            NASA( [   200.000, 1000.000], [  2.5000000e+00,  -9.7864122e-29, 
                       2.7100394e-31,  -3.1306308e-34,   1.2858695e-37, 
                      -1.1322536e-24,   9.2773791e-01] ),
            NASA( [  1000.000, 1000.000], [  2.5000000e+00,  -9.7864122e-29, 
                       2.7100394e-31,  -3.1306308e-34,   1.2858695e-37, 
                      -1.1322536e-24,   9.2773791e-01] ) ) )

species(name = "IM1",
        atoms = " C:2   H:5   O:3  ",
        thermo = (
            NASA( [   200.000, 1000.000], [  6.9338856e+00,  -1.6948480e-03, 
                       7.1974608e-05,  -9.6048854e-08,   3.9201875e-11, 
                      -5.2809407e+01,   2.6729035e-01] ),
            NASA( [  1000.000, 1000.000], [  6.9338856e+00,  -1.6948480e-03, 
                       7.1974608e-05,  -9.6048854e-08,   3.9201875e-11, 
                      -5.2809407e+01,   2.6729035e-01] ) ) )

species(name = "IM2",
        atoms = " C:2   H:5   O:3  ",
        thermo = (
            NASA( [   200.000, 1000.000], [  6.0408352e+00,   2.3759848e-02, 
                       5.5626062e-06,  -2.8976005e-08,   1.4900912e-11, 
                      -1.5374788e+02,   1.6399642e+00] ),
            NASA( [  1000.000, 1000.000], [  6.0408352e+00,   2.3759848e-02, 
                       5.5626062e-06,  -2.8976005e-08,   1.4900912e-11, 
                      -1.5374788e+02,   1.6399642e+00] ) ) )

species(name = "O2",
        atoms = "",
        thermo = (
            NASA( [   200.000, 1000.000], [  3.8068565e+00,  -2.7938190e-03, 
                       7.9013121e-06,  -6.8879156e-09,   2.0599979e-12, 
                      -1.0679849e+03,   3.4638726e+00] ),
            NASA( [  1000.000, 1000.000], [  3.8068565e+00,  -2.7938190e-03, 
                       7.9013121e-06,  -6.8879156e-09,   2.0599979e-12, 
                      -1.0679849e+03,   3.4638726e+00] ) ) )

species(name = "OH-1",
        atoms = "",
        thermo = (
            NASA( [   200.000, 1000.000], [  3.4593186e+00,   3.7692766e-04, 
                      -1.1899343e-06,   1.4446299e-09,  -4.6875646e-13, 
                      -1.0402815e+03,   1.6434898e+00] ),
            NASA( [  1000.000, 1000.000], [  3.4593186e+00,   3.7692766e-04, 
                      -1.1899343e-06,   1.4446299e-09,  -4.6875646e-13, 
                      -1.0402815e+03,   1.6434898e+00] ) ) )

species(name = "OH-2",
        atoms = "",
        thermo = (
            NASA( [   200.000, 1000.000], [  2.5000000e+00,   4.4999257e-12, 
                      -1.2488820e-14,   1.4455790e-17,  -5.9479575e-21, 
                      -7.4537500e+02,   5.3644694e+00] ),
            NASA( [  1000.000, 1000.000], [  2.5000000e+00,   4.4999257e-12, 
                      -1.2488820e-14,   1.4455790e-17,  -5.9479575e-21, 
                      -7.4537500e+02,   5.3644694e+00] ) ) )

species(name = "OH-3",
        atoms = "",
        thermo = (
            NASA( [   200.000, 1000.000], [  2.5000000e+00,   4.4999257e-12, 
                      -1.2488820e-14,   1.4455790e-17,  -5.9479575e-21, 
                      -7.4537500e+02,   5.3644694e+00] ),
            NASA( [  1000.000, 1000.000], [  2.5000000e+00,   4.4999257e-12, 
                      -1.2488820e-14,   1.4455790e-17,  -5.9479575e-21, 
                      -7.4537500e+02,   5.3644694e+00] ) ) )

species(name = "cycCH2OCH2O",
        atoms = "",
        thermo = (
            NASA( [   200.000, 1000.000], [  2.5000000e+00,  -9.7864122e-29, 
                       2.7100394e-31,  -3.1306308e-34,   1.2858695e-37, 
                      -1.1322536e-24,             nan] ),
            NASA( [  1000.000, 1000.000], [  2.5000000e+00,  -9.7864122e-29, 
                       2.7100394e-31,  -3.1306308e-34,   1.2858695e-37, 
                      -1.1322536e-24,             nan] ) ) )
units(length = 'cm', quantity = 'molecule')

chebyshev_reaction('CH3OCH2 + O2 => IM1',
                   Tmin=   200, Tmax=  1000,
                   Pmin=( 1e+17, 'PPCC'), Pmax=( 1e+20, 'PPCC'), 
                   coeffs=[[      -12.0185,       1.10374,     -0.359974,     0.0815882],
                           [      -1.10764,      0.653934,    -0.0131553,    -0.0502782],
                           [     -0.415065,      0.130155,     0.0887903,    -0.0387513],
                           [     -0.137434,    -0.0521678,     0.0811705,    -0.0268899],
                           [    -0.0291488,    -0.0778986,     0.0507199,    -0.0180234],
                           [    0.00207875,    -0.0526229,     0.0245154,   -0.00993556]])

chebyshev_reaction('CH3OCH2 + O2 => IM2',
                   Tmin=   200, Tmax=  1000,
                   Pmin=( 1e+17, 'PPCC'), Pmax=( 1e+20, 'PPCC'), 
                   coeffs=[[      -13.3551,       0.90451,     -0.531784,    0.00846249],
                           [     -0.698013,      0.368878,      0.187027,    -0.0599646],
                           [      -0.41795,      0.243989,    -0.0258288,     0.0206932],
                           [     -0.262131,       0.17167,    -0.0341004,  -0.000858412],
                           [     -0.101509,     0.0194788,     0.0392639,    -0.0228673],
                           [    -0.0297119,    -0.0255877,     0.0363414,  -0.000962056]])

chebyshev_reaction('CH3OCH2 + O2 => OH-1 + CH2O + CH2O',
                   Tmin=   200, Tmax=  1000,
                   Pmin=( 1e+17, 'PPCC'), Pmax=( 1e+20, 'PPCC'), 
                   coeffs=[[      -12.0357,     -0.945163,     -0.264422,   -0.00413531],
                           [    0.00543033,      0.771981,       0.15232,    -0.0216593],
                           [       -0.1582,      0.134071,     0.0603624,    0.00279324],
                           [     -0.104888,   -0.00570616,     0.0130401,    0.00507163],
                           [       -0.0449,    -0.0159674,  -0.000275793,    0.00300452],
                           [     -0.015301,   -0.00828367,   -0.00197729,    0.00108056]])

chebyshev_reaction('CH3OCH2 + O2 => OH-2 + CH2O + CH2O',
                   Tmin=   200, Tmax=  1000,
                   Pmin=( 1e+17, 'PPCC'), Pmax=( 1e+20, 'PPCC'), 
                   coeffs=[[      -17.3617,     -0.757741,     -0.208507,    -0.0135284],
                           [       1.18068,      0.713488,      0.154595,    -0.0062922],
                           [    -0.0235689,     0.0686239,     0.0463811,    0.00857076],
                           [    -0.0562708,     -0.024822,    0.00330034,    0.00565927],
                           [    -0.0222472,    -0.0172212,   -0.00465654,    0.00148537],
                           [    -0.0054451,    -0.0061984,   -0.00322975,  -0.000325397]])

chebyshev_reaction('CH3OCH2 + O2 => OH-3 + cycCH2OCH2O',
                   Tmin=   200, Tmax=  1000,
                   Pmin=( 1e+17, 'PPCC'), Pmax=( 1e+20, 'PPCC'), 
                   coeffs=[[      -18.0476,     -0.720967,     -0.206988,    -0.0149418],
                           [       1.32618,      0.679394,      0.156264,   -0.00476774],
                           [    -0.0330494,     0.0665325,     0.0448556,    0.00904525],
                           [    -0.0544265,    -0.0243898,     0.0025118,    0.00560648],
                           [    -0.0215013,    -0.0168565,   -0.00484325,    0.00128233],
                           [   -0.00528727,   -0.00594573,   -0.00318452,  -0.000421248]])

chebyshev_reaction('IM1 => CH3OCH2 + O2',
                   Tmin=   200, Tmax=  1000,
                   Pmin=( 1e+17, 'PPCC'), Pmax=( 1e+20, 'PPCC'), 
                   coeffs=[[      -8.47804,       1.10374,     -0.359974,     0.0815882],
                           [       14.1836,      0.653934,    -0.0131553,    -0.0502782],
                           [     -0.459944,      0.130155,     0.0887903,    -0.0387513],
                           [     -0.165126,    -0.0521678,     0.0811705,    -0.0268899],
                           [    -0.0400304,    -0.0778986,     0.0507199,    -0.0180234],
                           [   -0.00116042,    -0.0526229,     0.0245154,   -0.00993556]])

chebyshev_reaction('IM1 => IM2',
                   Tmin=   200, Tmax=  1000,
                   Pmin=( 1e+17, 'PPCC'), Pmax=( 1e+20, 'PPCC'), 
                   coeffs=[[     -0.257851,      0.365139,    -0.0920039,    0.00158363],
                           [       5.83236,      0.532613,      -0.10797,    -0.0119447],
                           [   0.000889175,      0.243732,    -0.0197833,    -0.0166906],
                           [     -0.108831,     0.0650137,     0.0191544,    -0.0101261],
                           [    -0.0569218,     -0.011535,     0.0286633,   -0.00359334],
                           [    -0.0109198,    -0.0337813,       0.02603,   0.000549888]])

chebyshev_reaction('IM1 => OH-1 + CH2O + CH2O',
                   Tmin=   200, Tmax=  1000,
                   Pmin=( 1e+17, 'PPCC'), Pmax=( 1e+20, 'PPCC'), 
                   coeffs=[[      -5.10915,     -0.211422,     -0.240303,  -0.000426028],
                           [       11.4925,      0.795526,     0.0426938,    -0.0180107],
                           [     -0.364654,      0.228191,     0.0456632,   -0.00222543],
                           [     -0.220804,     0.0127775,     0.0271248,   -0.00885206],
                           [    -0.0800036,    -0.0167332,    0.00402457,   0.000527586],
                           [    -0.0236169,    0.00366304,    -0.0168243,     0.0145706]])

chebyshev_reaction('IM1 => OH-2 + CH2O + CH2O',
                   Tmin=   200, Tmax=  1000,
                   Pmin=( 1e+17, 'PPCC'), Pmax=( 1e+20, 'PPCC'), 
                   coeffs=[[      -13.6861,       1.39804,      -0.41128,     0.0275874],
                           [       14.4347,      0.556026,     0.0218153,    -0.0292091],
                           [     -0.455974,      0.213641,      0.228744,    -0.0776599],
                           [     -0.246796,     -0.191017,    0.00151039,    -0.0490868],
                           [     0.0138561,   -0.00669023,      0.151798,    -0.0292918],
                           [    -0.0365075,    -0.0953602,    -0.0554293,    0.00135209]])

chebyshev_reaction('IM1 => OH-3 + cycCH2OCH2O',
                   Tmin=   200, Tmax=  1000,
                   Pmin=( 1e+17, 'PPCC'), Pmax=( 1e+20, 'PPCC'), 
                   coeffs=[[      -14.5746,       1.59135,     -0.463274,      0.031541],
                           [       14.6092,      0.470986,     0.0746856,    -0.0308122],
                           [      -0.34018,      0.150612,      0.263474,     -0.126833],
                           [     -0.347503,     -0.160499,    -0.0218797,   -0.00728423],
                           [      0.136957,     -0.120032,      0.239786,    -0.0977953],
                           [     -0.111706,    -0.0303757,     -0.112204,     0.0472392]])

chebyshev_reaction('IM2 => CH3OCH2 + O2',
                   Tmin=   200, Tmax=  1000,
                   Pmin=( 1e+17, 'PPCC'), Pmax=( 1e+20, 'PPCC'), 
                   coeffs=[[      -3.77492,       0.90451,     -0.531784,    0.00846249],
                           [       9.89425,      0.368878,      0.187027,    -0.0599646],
                           [     -0.598137,      0.243989,    -0.0258288,     0.0206932],
                           [     -0.318367,       0.17167,    -0.0341004,  -0.000858412],
                           [     -0.117191,     0.0194788,     0.0392639,    -0.0228673],
                           [    -0.0336239,    -0.0255877,     0.0363414,  -0.000962056]])

chebyshev_reaction('IM2 => IM1',
                   Tmin=   200, Tmax=  1000,
                   Pmin=( 1e+17, 'PPCC'), Pmax=( 1e+20, 'PPCC'), 
                   coeffs=[[       5.78183,      0.365139,    -0.0920039,    0.00158363],
                           [       1.13343,      0.532613,      -0.10797,    -0.0119447],
                           [     -0.134419,      0.243732,    -0.0197833,    -0.0166906],
                           [     -0.137375,     0.0650137,     0.0191544,    -0.0101261],
                           [     -0.061722,     -0.011535,     0.0286633,   -0.00359334],
                           [    -0.0115927,    -0.0337813,       0.02603,   0.000549888]])

chebyshev_reaction('IM2 => OH-1 + CH2O + CH2O',
                   Tmin=   200, Tmax=  1000,
                   Pmin=( 1e+17, 'PPCC'), Pmax=( 1e+20, 'PPCC'), 
                   coeffs=[[       0.73291,       1.02417,     -0.125527,    -0.0822633],
                           [       6.94653,    -0.0925788,       0.24252,        0.0225],
                           [     -0.340042,     0.0263685,    -0.0572726,      0.102499],
                           [     -0.257793,      0.147385,     -0.130782,     0.0591868],
                           [      -0.12808,     0.0900573,    -0.0366557,    -0.0136492],
                           [    -0.0137206,    -0.0333496,     0.0722511,    -0.0635592]])

chebyshev_reaction('IM2 => OH-2 + CH2O + CH2O',
                   Tmin=   200, Tmax=  1000,
                   Pmin=( 1e+17, 'PPCC'), Pmax=( 1e+20, 'PPCC'), 
                   coeffs=[[      -8.21796,       2.26625,     -0.222471,     0.0305256],
                           [       10.0911,    -0.0831923,     0.0399103,     0.0799711],
                           [      -0.56027,     0.0072266,     -0.157733,     0.0738474],
                           [      -0.26271,      0.126768,     -0.121872,      0.015828],
                           [     -0.114318,     0.0826462,   -0.00582781,    -0.0377605],
                           [    -0.0184162,    -0.0183976,     0.0794465,    -0.0615476]])

chebyshev_reaction('IM2 => OH-3 + cycCH2OCH2O',
                   Tmin=   200, Tmax=  1000,
                   Pmin=( 1e+17, 'PPCC'), Pmax=( 1e+20, 'PPCC'), 
                   coeffs=[[      -9.17806,       2.40754,     -0.236307,     0.0445378],
                           [        10.357,     -0.107831,     0.0178517,      0.071986],
                           [     -0.593807,     0.0390756,     -0.186042,      0.086256],
                           [     -0.246528,     0.0950992,    -0.0922097,   -0.00689741],
                           [     -0.102559,     0.0635093,     0.0108835,    -0.0498887],
                           [    -0.0279851,    0.00126893,     0.0633116,    -0.0504238]])


 -- Total time elapsed: 398 seconds.

System saved to mesmer_out.xml
Total time elapsed: 398 seconds.
