
            /|      /|                        \   
           / |     / | ________________________\  
          /  |    /  |  _   _             _   _   
         /   |   /   | / \ / \ |\     /| / \ / \  
        /    |  /    | \_/ \_  | \   / | \_/ |_/  
       /     | /     | /     \ |  \ /  | /   | \  
    \_/      |/      | \_/ \_/ |   V   | \_/ |  \ 

     Mesmer: Master Equation Solver for Multi-Energy well Reactions
     Mesmer v7.0 compiled: -- Oct 23 2022 -- 14:01:49

     Copyright (C) 2009-2022 by
     Struan H. Robertson, Chris Morley, Chi-Hsiu Liang,
     David R. Glowacki, Michael J. Pilling and contributors

     Mesmer is free software: you can redistribute it and/or modify
     it under the terms of the GNU Public License as published by
     the Free Software Foundation, either version 2 of the License,
     or (at your option) any later version.

     But WITHOUT ANY WARRANTY; without even the implied warranty of
     MERCHANTABILITY or FITNESS FOR A PARTICULAR PURPOSE.  See the
     GNU Public License for more details.

    You should have received a copy of the GNU Public License
    along with Mesmer.  If not, see <http://www.gnu.org/licenses/>.

                     Platform:        Windows
                     Execution Date:  Sun Oct 23 14:42:42 2022
                     Number of ranks: 4

defaults.xml, librarymols.xml are in ../..

Parsing input xml file...
ChebyshevCK.xml

--Parse data for analyticalRepresentation
Energy convention "" written to <moleculeList>
In R1: Parsing reaction...Association reaction
In CH3OCH2: WARNING: When calculating frequencies from a Hessian it is critical
     that the Hessian and species coordinates are expressed relative to
     the same Cartesian coordinate system.
In CH3OCH2: Vibrational frequencies (cm-1) were calculated from Hessian:
  169.672 287.888 439.421 568.322 1021.55 1155.2 1192.08 1282.47 1343.7 1471.44 
  1500.2 1508.72 1523.12 3088.04 3165.17 3197.22 3233.15 3356.85 
In CH3OCH2: The default value of me:DOSCMethod was used.
In CH3OCH2: Hindered rotor b5
In CH3OCH2: Hindered rotor b4
In CH3OCH2: WARNING: The Fourier expansion for the internal rotor potential for bond b4 of 
In CH3OCH2: species CH3OCH2, differs at the minimum from the value entered by more than 20 cm-1.
In CH3OCH2: More terms in the Fourier expansion may be needed.
In IM1: WARNING: When calculating frequencies from a Hessian it is critical
     that the Hessian and species coordinates are expressed relative to
     the same Cartesian coordinate system.
In IM1: Vibrational frequencies (cm-1) were calculated from Hessian:
  91.8598 128.883 187.165 391.187 483.297 594.928 938.428 1012.93 1151.6 1194.73 
  1218.54 1282.75 1305.74 1357.96 1435.01 1483.25 1499.22 1510.87 1516.91 3096.22 
  3126.84 3182.05 3236.78 3239.2 
In IM1: Hindered rotor b5
In IM1: Hindered rotor b4
In IM1: Hindered rotor b8
In IM1: The default value of me:DistributionCalcMethod was used.
In IM1: --Parse data for Boltzmann
In IM1: --Parse data for ExponentialDown
In R1: --Parse data for MesmerILT
In R1: No tunneling method used for R1
In R2: Parsing reaction...Isomerization reaction
In IM2: WARNING: When calculating frequencies from a Hessian it is critical
     that the Hessian and species coordinates are expressed relative to
     the same Cartesian coordinate system.
In IM2: Vibrational frequencies (cm-1) were calculated from Hessian:
  108.18 163.087 250.225 340.045 406.842 467.08 628.242 646.487 972.437 1023.15 
  1130.32 1157.25 1251.69 1298.98 1363.23 1436 1468.44 1480.03 1513.69 3124.8 
  3200.84 3231.89 3360.58 3889.55 
In IM2: Hindered rotor b1
In IM2: Hindered rotor b2
In IM2: Hindered rotor b3
In IM2: Hindered rotor b4
In IM2: The default value of me:DistributionCalcMethod was used.
In IM2: --Parse data for Boltzmann
In IM2: --Parse data for ExponentialDown
In R2: --Parse data for RRKM
In R2: --Parse data for Eckart
In R3: Parsing reaction...Irreversible unimolecular reaction
In TS5: WARNING: When calculating frequencies from a Hessian it is critical
     that the Hessian and species coordinates are expressed relative to
     the same Cartesian coordinate system.
In TS5: Vibrational frequencies (cm-1) were calculated from Hessian:
  78.8008 155.797 210.383 316.503 401.876 532.348 560.927 656.949 928.231 952.154 
  977.833 1200.77 1243.63 1249.83 1361.65 1485.15 1520.63 1587.51 3088.36 3195.55 
  3209.98 3361.1 3759.25 
In TS5: The default value of me:DOSCMethod was used.
In TS5: Hindered rotor b1
In TS5: Hindered rotor b2
In TS5: Hindered rotor b3
In R3: --Parse data for RRKM
In R3: No tunneling method used for R3
In R4: Parsing reaction...Irreversible unimolecular reaction
In R4: --Parse data for RRKM
In R4: No tunneling method used for R4
In R5: Parsing reaction...Irreversible unimolecular reaction
In R5: --Parse data for RRKM
In R5: No tunneling method used for R5
No pressure and temperature specified.
Write metadata 20221023_144242

File: "ChebyshevCK.xml" successfully parsed.
Main Calculation begins
Now calculating...

--Execute calcMethod analyticalRepresentation
In CH3OCH2: energy cannot be converted from arbitrary to thermodynamic298K
enthalpy of formation at 298K:Restricted thermo output for CH3OCH2 because it has arbitrary energy data.
In He: The default value of me:DOSCMethod was used.
In He: The default value of the attribute spinMultiplicity was used.
gDensityOfStates initialization failed.
Restricted thermo output for He because it has arbitrary energy data.
In IM1: energy cannot be converted from arbitrary to thermodynamic298K
enthalpy of formation at 298K:Restricted thermo output for IM1 because it has arbitrary energy data.
In IM2: energy cannot be converted from arbitrary to thermodynamic298K
enthalpy of formation at 298K:Restricted thermo output for IM2 because it has arbitrary energy data.
In O2: To mix thermodynamic and computational energies the molecule needs chemical structure (an atomList at least)
In O2: Missing thermo data for atoms
In OH-1: To mix thermodynamic and computational energies the molecule needs chemical structure (an atomList at least)
In OH-1: Missing thermo data for atoms
In OH-2: enthalpy of formation at 298K:enthalpy of formation at 298K:Cannot find me:vibFreqs or me:hessian. Assuming an atom or a sink molecule.
In OH-2: No rotational constants from <me:rotConsts> or structure. Assuming an atom or a sink molecule.
In OH-2: The default value of me:DOSCMethod was used.
In OH-2: The default value of the attribute spinMultiplicity was used.
In OH-2: enthalpy of formation at 298K:Number of grains produced is not equal to that requested for: OH-2
In OH-2: Number of grains requested: 500
In OH-2: Number of grains produced : 1
In OH-2: To mix thermodynamic and computational energies the molecule needs chemical structure (an atomList at least)
In OH-2: Missing thermo data for atoms
Number of grains produced is not equal to that requested for: OH-2
Number of grains requested: 500
Number of grains produced : 1
In OH-3: Cannot find me:vibFreqs or me:hessian. Assuming an atom or a sink molecule.
In OH-3: No rotational constants from <me:rotConsts> or structure. Assuming an atom or a sink molecule.
In OH-3: The default value of me:DOSCMethod was used.
In OH-3: The default value of the attribute spinMultiplicity was used.
In OH-3: enthalpy of formation at 298K:Number of grains produced is not equal to that requested for: OH-3
In OH-3: Number of grains requested: 500
In OH-3: Number of grains produced : 1
In OH-3: To mix thermodynamic and computational energies the molecule needs chemical structure (an atomList at least)
In OH-3: Missing thermo data for atoms
Number of grains produced is not equal to that requested for: OH-3

Bath gas is He
In FastLaplaceConvolution: 4880 values in the FFT convolution routine were replaced by standard convolution
In FastLaplaceConvolution: 4040 values in the FFT convolution routine were replaced by standard convolution
In FastLaplaceConvolution: 9440 values in the FFT convolution routine were replaced by standard convolution

WARNING: Chemically significant eigenvalues (CSE) not well separated from internal energy relaxation eigenvals (IEREs).

The last CSE = -1.39841e+08 and the first IERE = -2.26852e+08
(last CSE)/(first IERE) ratio = 0.616442, which is less than an order of magnitude

Results obtained from Bartis Widom eigenvalue-vector analysis may be unreliable
WARNING: concentration of excess species is greater than bath gas concentration for reaction R1

CH3OCH2                 C   2H   5O   1     G   200.000  1000.000 1000.000    01
  5.1091371e+00  4.1315738e-03  3.0173580e-05 -3.9166165e-08  1.5133629e-11    2
 -7.2397654e+01  3.3302231e+00  5.1091371e+00  4.1315738e-03  3.0173580e-05    3
 -3.9166165e-08  1.5133629e-11 -7.2397654e+01  3.3302231e+00            nan    4

He                      He  1               G   200.000  1000.000 1000.000    01
  2.5000000e+00 -9.7864122e-29  2.7100394e-31 -3.1306308e-34  1.2858695e-37    2
 -1.1322536e-24  9.2773791e-01  2.5000000e+00 -9.7864122e-29  2.7100394e-31    3
 -3.1306308e-34  1.2858695e-37 -1.1322536e-24  9.2773791e-01            nan    4

IM1                     C   2H   5O   3     G   200.000  1000.000 1000.000    01
  7.2075013e+00 -3.6415161e-03  7.7007800e-05 -1.0121239e-07  4.1057802e-11    2
 -8.2418321e+01 -9.6957096e-01  7.2075013e+00 -3.6415161e-03  7.7007800e-05    3
 -1.0121239e-07  4.1057802e-11 -8.2418321e+01 -9.6957096e-01            nan    4

IM2                     C   2H   5O   3     G   200.000  1000.000 1000.000    01
  6.0514314e+00  2.3445206e-02  6.9766776e-06 -3.0636178e-08  1.5519609e-11    2
 -1.6177418e+02  1.5098816e+00  6.0514314e+00  2.3445206e-02  6.9766776e-06    3
 -3.0636178e-08  1.5519609e-11 -1.6177418e+02  1.5098816e+00            nan    4

O2                                          G   200.000  1000.000 1000.000    01
  3.8068565e+00 -2.7938190e-03  7.9013121e-06 -6.8879156e-09  2.0599979e-12    2
 -1.0679849e+03  3.4638726e+00  3.8068565e+00 -2.7938190e-03  7.9013121e-06    3
 -6.8879156e-09  2.0599979e-12 -1.0679849e+03  3.4638726e+00  0.0000000e+00    4

OH-1                                        G   200.000  1000.000 1000.000    01
  3.4593186e+00  3.7692766e-04 -1.1899343e-06  1.4446299e-09 -4.6875646e-13    2
 -1.0402815e+03  1.6434898e+00  3.4593186e+00  3.7692766e-04 -1.1899343e-06    3
  1.4446299e-09 -4.6875646e-13 -1.0402815e+03  1.6434898e+00  0.0000000e+00    4

OH-2                                        G   200.000  1000.000 1000.000    01
  2.5000000e+00  4.4999257e-12 -1.2488820e-14  1.4455790e-17 -5.9479575e-21    2
 -7.4537500e+02  5.3644694e+00  2.5000000e+00  4.4999257e-12 -1.2488820e-14    3
  1.4455790e-17 -5.9479575e-21 -7.4537500e+02  5.3644694e+00  0.0000000e+00    4

OH-3                                        G   200.000  1000.000 1000.000    01
  2.5000000e+00  4.4999257e-12 -1.2488820e-14  1.4455790e-17 -5.9479575e-21    2
 -7.4537500e+02  5.3644694e+00  2.5000000e+00  4.4999257e-12 -1.2488820e-14    3
  1.4455790e-17 -5.9479575e-21 -7.4537500e+02  5.3644694e+00  0.0000000e+00    4

REACTIONS MOLES

CH3OCH2 + O2 => IM1 (+M)  1.00  0.0  0.0
! Data generated by MESMER 7.0 on Sun Oct 23 14:51:41 2022
    TCHEB/            200          1000/
    PCHEB/          0.001            10/
    CHEB/     6     4/
    CHEB/        11.172       1.93427     -0.647731     0.0997541/
    CHEB/      -1.44117      0.916881      0.158909     -0.244637/
    CHEB/     -0.375148    -0.0884501      0.313502     -0.112694/
    CHEB/     -0.108282     -0.130562     0.0506848      0.106914/
    CHEB/     -0.052876    -0.0098903     -0.123378      0.201656/
    CHEB/     0.0481392     -0.111197    -0.0129528     0.0813443/

CH3OCH2 + O2 => IM2 (+M)  1.00  0.0  0.0
! Data generated by MESMER 7.0 on Sun Oct 23 14:51:41 2022
    TCHEB/            200          1000/
    PCHEB/          0.001            10/
    CHEB/     6     4/
    CHEB/       9.92575       1.41414     -0.733188    -0.0458594/
    CHEB/     -0.789651       0.53128      0.489027     -0.185231/
    CHEB/     -0.564251       0.35939     -0.010938     0.0425484/
    CHEB/     -0.290924      0.129131     0.0351616    -0.0384804/
    CHEB/    -0.0603589    -0.0881752      0.107745    -0.0380074/
    CHEB/    -0.0447264   -0.00248256   -0.00400587     0.0400253/

CH3OCH2 + O2 => OH-1 (+M)  1.00  0.0  0.0
! Data generated by MESMER 7.0 on Sun Oct 23 14:51:41 2022
    TCHEB/            200          1000/
    PCHEB/          0.001            10/
    CHEB/     6     4/
    CHEB/       11.6705      -1.16457     -0.405115     -0.021432/
    CHEB/      0.153905       1.06888      0.280172    -0.0376278/
    CHEB/     -0.184393      0.116462     0.0974082      0.024724/
    CHEB/     -0.119475    -0.0317025    0.00786675     0.0132139/
    CHEB/    -0.0480224    -0.0245804     -0.007518    0.00358694/
    CHEB/    -0.0151808   -0.00975986   -0.00529093   0.000376903/

CH3OCH2 + O2 => OH-2 (+M)  1.00  0.0  0.0
! Data generated by MESMER 7.0 on Sun Oct 23 14:51:41 2022
    TCHEB/            200          1000/
    PCHEB/          0.001            10/
    CHEB/     6     4/
    CHEB/       6.35476     -0.971508      -0.32908    -0.0313816/
    CHEB/       1.31404       0.99018      0.274618    -0.0057431/
    CHEB/    -0.0527218     0.0412389     0.0671928     0.0259163/
    CHEB/    -0.0680737    -0.0484743   -0.00658713    0.00890942/
    CHEB/    -0.0238751    -0.0229049    -0.0110943   0.000288577/
    CHEB/   -0.00504662   -0.00637126   -0.00520287   -0.00180709/

CH3OCH2 + O2 => OH-3 (+M)  1.00  0.0  0.0
! Data generated by MESMER 7.0 on Sun Oct 23 14:51:41 2022
    TCHEB/            200          1000/
    PCHEB/          0.001            10/
    CHEB/     6     4/
    CHEB/       5.66842     -0.929154     -0.326036    -0.0344329/
    CHEB/       1.45888      0.948839      0.276403   -0.00162304/
    CHEB/    -0.0615886      0.039418     0.0636819     0.0259705/
    CHEB/    -0.0660997    -0.0473008   -0.00745272     0.0084659/
    CHEB/    -0.0231213    -0.0223872    -0.0110831   -1.7691e-05/
    CHEB/   -0.00488888   -0.00608496   -0.00504538   -0.00193201/

IM1 => CH3OCH2 + O2 (+M)  1.00  0.0  0.0
! Data generated by MESMER 7.0 on Sun Oct 23 14:51:41 2022
    TCHEB/            200          1000/
    PCHEB/          0.001            10/
    CHEB/     6     4/
    CHEB/      -9.04679       1.93427     -0.647731     0.0997541/
    CHEB/       13.8473      0.916881      0.158909     -0.244637/
    CHEB/     -0.421032    -0.0884501      0.313502     -0.112694/
    CHEB/     -0.136406     -0.130562     0.0506848      0.106914/
    CHEB/    -0.0640503    -0.0098903     -0.123378      0.201656/
    CHEB/     0.0447825     -0.111197    -0.0129528     0.0813443/

IM1 => IM2 (+M)  1.00  0.0  0.0
! Data generated by MESMER 7.0 on Sun Oct 23 14:51:41 2022
    TCHEB/            200          1000/
    PCHEB/          0.001            10/
    CHEB/     6     4/
    CHEB/     -0.414162      0.630549     -0.146009    0.00125555/
    CHEB/       5.51596      0.865331     -0.131716    -0.0337566/
    CHEB/     -0.114996      0.325765     0.0258772    -0.0383986/
    CHEB/      -0.12072     0.0305272     0.0661953    -0.0183721/
    CHEB/    -0.0443888    -0.0485751     0.0396905     0.0045114/
    CHEB/    -0.0109058     -0.030613   8.10212e-05     0.0222879/

IM1 => OH-1 (+M)  1.00  0.0  0.0
! Data generated by MESMER 7.0 on Sun Oct 23 14:51:41 2022
    TCHEB/            200          1000/
    PCHEB/          0.001            10/
    CHEB/     6     4/
    CHEB/      -5.22419     -0.146303     -0.339577    -0.0276166/
    CHEB/       11.3314       1.17712     0.0873643    -0.0408264/
    CHEB/      -0.46735      0.303568     0.0652088     0.0203727/
    CHEB/     -0.251649    0.00789806     0.0196294     0.0175223/
    CHEB/    -0.0901185    -0.0242063   -0.00372265    0.00603112/
    CHEB/     -0.031918    0.00877505    -0.0122874   -0.00718221/

IM1 => OH-2 (+M)  1.00  0.0  0.0
! Data generated by MESMER 7.0 on Sun Oct 23 14:51:41 2022
    TCHEB/            200          1000/
    PCHEB/          0.001            10/
    CHEB/     6     4/
    CHEB/      -14.2128       1.92403     -0.652419     -0.146466/
    CHEB/       14.2111      0.907428      0.419571   -0.00589397/
    CHEB/      -0.23425     -0.368376       0.59397     -0.279372/
    CHEB/     -0.254086     -0.422432    -0.0622857      0.140536/
    CHEB/      0.217456    -0.0235425      0.247799      0.105011/
    CHEB/    -0.0784351     -0.338494     -0.160017     0.0027445/

IM1 => OH-3 (+M)  1.00  0.0  0.0
! Data generated by MESMER 7.0 on Sun Oct 23 14:51:41 2022
    TCHEB/            200          1000/
    PCHEB/          0.001            10/
    CHEB/     6     4/
    CHEB/      -15.0772       2.12859     -0.572472     -0.205552/
    CHEB/        14.383      0.696547      0.455891    -0.0655365/
    CHEB/     -0.150611     -0.398457       0.58328     -0.278619/
    CHEB/     -0.287836     -0.327869    -0.0469705      0.291391/
    CHEB/      0.212919     -0.142374      0.076438     0.0821087/
    CHEB/     0.0380738      -0.35571     0.0492633     0.0652727/

IM2 => CH3OCH2 + O2 (+M)  1.00  0.0  0.0
! Data generated by MESMER 7.0 on Sun Oct 23 14:51:41 2022
    TCHEB/            200          1000/
    PCHEB/          0.001            10/
    CHEB/     6     4/
    CHEB/      -4.25002       1.41414     -0.733188    -0.0458594/
    CHEB/       9.80813       0.53128      0.489027     -0.185231/
    CHEB/     -0.745392       0.35939     -0.010938     0.0425484/
    CHEB/     -0.347923      0.129131     0.0351616    -0.0384804/
    CHEB/    -0.0764098    -0.0881752      0.107745    -0.0380074/
    CHEB/    -0.0487681   -0.00248256   -0.00400587     0.0400253/

IM2 => IM1 (+M)  1.00  0.0  0.0
! Data generated by MESMER 7.0 on Sun Oct 23 14:51:41 2022
    TCHEB/            200          1000/
    PCHEB/          0.001            10/
    CHEB/     6     4/
    CHEB/       5.62883      0.630549     -0.146009    0.00125555/
    CHEB/      0.825281      0.865331     -0.131716    -0.0337566/
    CHEB/     -0.250253      0.325765     0.0258772    -0.0383986/
    CHEB/     -0.149596     0.0305272     0.0661953    -0.0183721/
    CHEB/    -0.0492653    -0.0485751     0.0396905     0.0045114/
    CHEB/    -0.0115909     -0.030613   8.10212e-05     0.0222879/

IM2 => OH-1 (+M)  1.00  0.0  0.0
! Data generated by MESMER 7.0 on Sun Oct 23 14:51:41 2022
    TCHEB/            200          1000/
    PCHEB/          0.001            10/
    CHEB/     6     4/
    CHEB/      0.617259       1.26692     -0.146285    -0.0885578/
    CHEB/       6.74829    -0.0231568      0.229368      0.124262/
    CHEB/     -0.485626      0.180287     -0.138824     0.0732234/
    CHEB/     -0.343359       0.22474     -0.115075    -0.0582586/
    CHEB/     -0.127822     0.0472804     0.0333767    -0.0705132/
    CHEB/     0.0150732    -0.0848665      0.076329     0.0146017/

IM2 => OH-2 (+M)  1.00  0.0  0.0
! Data generated by MESMER 7.0 on Sun Oct 23 14:51:41 2022
    TCHEB/            200          1000/
    PCHEB/          0.001            10/
    CHEB/     6     4/
    CHEB/      -8.67691       3.00378     -0.289355     -0.133586/
    CHEB/       9.78811     -0.119108      0.351043     -0.154098/
    CHEB/     -0.713031      0.065244     -0.140364    -0.0228955/
    CHEB/     -0.271715     0.0576853     0.0184524      -0.16676/
    CHEB/    -0.0597201    -0.0167417     0.0935782     -0.111181/
    CHEB/    -0.0355023     0.0555275    -0.0368482     0.0861124/

IM2 => OH-3 (+M)  1.00  0.0  0.0
! Data generated by MESMER 7.0 on Sun Oct 23 14:51:41 2022
    TCHEB/            200          1000/
    PCHEB/          0.001            10/
    CHEB/     6     4/
    CHEB/      -9.59804       3.08249     -0.224527     -0.182466/
    CHEB/       10.0902     -0.248578      0.402336      -0.18525/
    CHEB/     -0.762559      0.123144     -0.199711     0.0266049/
    CHEB/     -0.237949     0.0111905     0.0321089     -0.156181/
    CHEB/    -0.0389927    -0.0412573     0.0958024    -0.0973337/
    CHEB/    -0.0586796     0.0956464    -0.0592521      0.093232/


 -- Total time elapsed: 539 seconds.

System saved to mesmer_out.xml
Total time elapsed: 539 seconds.
