
            /|      /|                        \   
           / |     / | ________________________\  
          /  |    /  |  _   _             _   _   
         /   |   /   | / \ / \ |\     /| / \ / \  
        /    |  /    | \_/ \_  | \   / | \_/ |_/  
       /     | /     | /     \ |  \ /  | /   | \  
    \_/      |/      | \_/ \_/ |   V   | \_/ |  \ 

     Mesmer: Master Equation Solver for Multi-Energy well Reactions
     Mesmer v5.1 compiled: -- Mar 27 2018 -- 20:48:55

     Copyright (C) 2009-2018 by
     Struan H. Robertson, Chris Morley, Chi-Hsiu Liang,
     David R. Glowacki, Michael J. Pilling and contributors

     Mesmer is free software: you can redistribute it and/or modify
     it under the terms of the GNU Public License as published by
     the Free Software Foundation, either version 2 of the License,
     or (at your option) any later version.

     But WITHOUT ANY WARRANTY; without even the implied warranty of
     MERCHANTABILITY or FITNESS FOR A PARTICULAR PURPOSE.  See the
     GNU Public License for more details.

    You should have received a copy of the GNU Public License
    along with Mesmer.  If not, see <http://www.gnu.org/licenses/>.

                     Platform:        Windows
                     Execution Date:  Sat Apr 21 19:23:23 2018
                     Number of ranks: 4

defaults.xml, librarymols.xml are in ../..

Parsing input xml file...
PlogCK.xml

--Parse data for analyticalRepresentation
Energy convention "" written to <moleculeList>
In R1: Parsing reaction...Isomerization reaction
In trans-But-2-ene: The default value of me:DistributionCalcMethod was used.
In trans-But-2-ene: --Parse data for Boltzmann
In trans-But-2-ene: --Parse data for ExponentialDown
In cis-But-2-ene: --Parse data for Boltzmann
In cis-But-2-ene: --Parse data for ExponentialDown
In R1: No imaginary vibrational frequency. Check if there is tunneling.
--Parse data for RRKM
In R1: No tunneling method used for R1
In R2: Parsing reaction...Irreversible unimolecular reaction
In R2: No imaginary vibrational frequency. Check if there is tunneling.
--Parse data for RRKM
In R2: No tunneling method used for R2
No pressure and temperature specified.
The default value of me:ForceMacroDetailedBalance was used.
Write metadata 20180421_192323

File: "PlogCK.xml" successfully parsed.
Main Calculation begins
Now calculating...

--Execute calcMethod analyticalRepresentation

Bath gas is He

REACTIONS MOLES

! Data generated by MESMER 5.1 on Sat Apr 21 19:24:33 2018
cis-But-2-ene => Butadiene + H2   1.47829e+51      -11.2606       82828.7
    PLOG/          0.01   1.47829e+51      -11.2606       82828.7/
    PLOG/           0.1   4.54274e+49      -10.7911       82254.6/
    PLOG/             1   3.00274e+49      -10.7354       82185.2/
    PLOG/            10   2.87871e+49      -10.7298       82178.1/

! Data generated by MESMER 5.1 on Sat Apr 21 19:24:33 2018
cis-But-2-ene => trans-But-2-ene   2.21116e+47      -10.0419       78322.1
    PLOG/          0.01   2.21116e+47      -10.0419       78322.1/
    PLOG/           0.1   1.58291e+45      -9.38196       77463.8/
    PLOG/             1   8.97586e+44      -9.30626       77364.5/
    PLOG/            10   8.47349e+44      -9.29858       77354.4/

! Data generated by MESMER 5.1 on Sat Apr 21 19:24:33 2018
trans-But-2-ene => Butadiene + H2   3.22837e+64      -15.1463       98989.4
    PLOG/          0.01   3.22837e+64      -15.1463       98989.4/
    PLOG/           0.1   2.20593e+62      -14.7671       98650.1/
    PLOG/             1   1.59191e+61      -14.7214       98606.3/
    PLOG/            10   1.53974e+60      -14.7168       98601.8/

! Data generated by MESMER 5.1 on Sat Apr 21 19:24:33 2018
trans-But-2-ene => cis-But-2-ene   1.38027e+47      -10.0968       79059.6
    PLOG/          0.01   1.38027e+47      -10.0968       79059.6/
    PLOG/           0.1   9.88096e+44      -9.43689       78201.3/
    PLOG/             1   5.60298e+44       -9.3612         78102/
    PLOG/            10   5.28938e+44      -9.35351       78091.9/


 -- Total time elapsed: 70 seconds.

System saved to mesmer_out.xml
Total time elapsed: 70 seconds.
