
            /|      /|                        \   
           / |     / | ________________________\  
          /  |    /  |  _   _             _   _   
         /   |   /   | / \ / \ |\     /| / \ / \  
        /    |  /    | \_/ \_  | \   / | \_/ |_/  
       /     | /     | /     \ |  \ /  | /   | \  
    \_/      |/      | \_/ \_/ |   V   | \_/ |  \ 

     Mesmer: Master Equation Solver for Multi-Energy well Reactions
     Mesmer v5.0 compiled: -- May 24 2017 -- 20:10:44

     Copyright (C) 2009-2017 by
     Struan H. Robertson, Chris Morley, Chi-Hsiu Liang,
     David R. Glowacki, Michael J. Pilling and contributors

     Mesmer is free software: you can redistribute it and/or modify
     it under the terms of the GNU Public License as published by
     the Free Software Foundation, either version 2 of the License,
     or (at your option) any later version.

     But WITHOUT ANY WARRANTY; without even the implied warranty of
     MERCHANTABILITY or FITNESS FOR A PARTICULAR PURPOSE.  See the
     GNU Public License for more details.

    You should have received a copy of the GNU Public License
    along with Mesmer.  If not, see <http://www.gnu.org/licenses/>.

                     Platform:        Linux
                     Execution Date:  Thu May 25 12:54:42 2017
                     Number of ranks: 4

Using 4 processes
defaults.xml, librarymols.xml are in ../..

Parsing input xml file...
ipropyl_LM.xml

--Parse data for marquardt
Energy convention "" written to <moleculeList>
In R1: Parsing reaction...Irreversible unimolecular reaction
In i-propyl: Hindered rotor b1
In i-propyl: Hindered rotor b2
In i-propyl: The default value of me:DistributionCalcMethod was used.
In i-propyl: --Parse data for Boltzmann
In i-propyl: --Parse data for ExponentialDown
In i-propyl: i-propyl:deltaEDown was given a range with 15 steps 
In R1: --Parse data for MesmerILT
In R1: The default value of me:TInfinity was used.
In propene: Hindered rotor b1
In propene: propene:ZPE was given a range with 401 steps 
In H: The default value of me:DOSCMethod was used.
In H: The default value of the attribute spinMultiplicity was used.
In R1: No tunneling method used for R1
The default value of the attribute precision was used.
3e+17PPCC, 720K at d precision with He
The default value of the attribute precision was used.
3.01e+17PPCC, 730K at d precision with He
The default value of the attribute precision was used.
1.8e+17PPCC, 740K at d precision with He
The default value of the attribute precision was used.
2.4e+17PPCC, 740K at d precision with He
The default value of the attribute precision was used.
3e+17PPCC, 740K at d precision with He
The default value of the attribute precision was used.
1.2e+17PPCC, 750K at d precision with He
The default value of the attribute precision was used.
1.8e+17PPCC, 750K at d precision with He
The default value of the attribute precision was used.
2.41e+17PPCC, 750K at d precision with He
The default value of the attribute precision was used.
3e+17PPCC, 750K at d precision with He
The default value of the attribute precision was used.
6.02e+16PPCC, 760K at d precision with He
The default value of the attribute precision was used.
9.02e+16PPCC, 760K at d precision with He
The default value of the attribute precision was used.
1.2e+17PPCC, 760K at d precision with He
The default value of the attribute precision was used.
1.81e+17PPCC, 760K at d precision with He
The default value of the attribute precision was used.
2.4e+17PPCC, 760K at d precision with He
The default value of the attribute precision was used.
3e+17PPCC, 760K at d precision with He
The default value of the attribute precision was used.
6.01e+16PPCC, 770K at d precision with He
The default value of the attribute precision was used.
9e+16PPCC, 770K at d precision with He
The default value of the attribute precision was used.
1.2e+17PPCC, 770K at d precision with He
The default value of the attribute precision was used.
1.8e+17PPCC, 770K at d precision with He
The default value of the attribute precision was used.
2.41e+17PPCC, 770K at d precision with He
The default value of the attribute precision was used.
3e+17PPCC, 770K at d precision with He
The default value of the attribute precision was used.
3e+16PPCC, 780K at d precision with He
The default value of the attribute precision was used.
6.01e+16PPCC, 780K at d precision with He
The default value of the attribute precision was used.
9e+16PPCC, 780K at d precision with He
The default value of the attribute precision was used.
1.2e+17PPCC, 780K at d precision with He
The default value of the attribute precision was used.
1.8e+17PPCC, 780K at d precision with He
The default value of the attribute precision was used.
2.4e+17PPCC, 780K at d precision with He
The default value of the attribute precision was used.
3e+17PPCC, 780K at d precision with He
The default value of the attribute precision was used.
3e+16PPCC, 790K at d precision with He
The default value of the attribute precision was used.
6.01e+16PPCC, 790K at d precision with He
The default value of the attribute precision was used.
9e+16PPCC, 790K at d precision with He
The default value of the attribute precision was used.
1.2e+17PPCC, 790K at d precision with He
The default value of the attribute precision was used.
1.8e+17PPCC, 790K at d precision with He
The default value of the attribute precision was used.
2.4e+17PPCC, 790K at d precision with He
The default value of the attribute precision was used.
3e+17PPCC, 790K at d precision with He
The default value of the attribute precision was used.
3e+16PPCC, 800K at d precision with He
The default value of the attribute precision was used.
6.01e+16PPCC, 800K at d precision with He
The default value of the attribute precision was used.
9e+16PPCC, 800K at d precision with He
The default value of the attribute precision was used.
1.21e+17PPCC, 800K at d precision with He
The default value of the attribute precision was used.
1.8e+17PPCC, 800K at d precision with He
The default value of the attribute precision was used.
2.4e+17PPCC, 800K at d precision with He
The default value of the attribute precision was used.
3e+17PPCC, 800K at d precision with He
The default value of the attribute precision was used.
3e+16PPCC, 810K at d precision with He
The default value of the attribute precision was used.
6e+16PPCC, 810K at d precision with He
The default value of the attribute precision was used.
9e+16PPCC, 810K at d precision with He
The default value of the attribute precision was used.
1.21e+17PPCC, 810K at d precision with He
The default value of the attribute precision was used.
1.81e+17PPCC, 810K at d precision with He
The default value of the attribute precision was used.
2.4e+17PPCC, 810K at d precision with He
The default value of the attribute precision was used.
3e+17PPCC, 810K at d precision with He
The default value of the attribute precision was used.
3e+16PPCC, 820K at d precision with He
The default value of the attribute precision was used.
6.01e+16PPCC, 820K at d precision with He
The default value of the attribute precision was used.
9.01e+16PPCC, 820K at d precision with He
The default value of the attribute precision was used.
1.21e+17PPCC, 820K at d precision with He
The default value of the attribute precision was used.
1.8e+17PPCC, 820K at d precision with He
The default value of the attribute precision was used.
2.4e+17PPCC, 820K at d precision with He
The default value of the attribute precision was used.
3e+17PPCC, 820K at d precision with He
The default value of the attribute precision was used.
3e+16PPCC, 830K at d precision with He
The default value of the attribute precision was used.
6e+16PPCC, 830K at d precision with He
The default value of the attribute precision was used.
9e+16PPCC, 830K at d precision with He
The default value of the attribute precision was used.
1.2e+17PPCC, 830K at d precision with He
The default value of the attribute precision was used.
1.8e+17PPCC, 830K at d precision with He
The default value of the attribute precision was used.
3.01e+16PPCC, 840K at d precision with He
The default value of the attribute precision was used.
6e+16PPCC, 840K at d precision with He
The default value of the attribute precision was used.
9e+16PPCC, 840K at d precision with He
The default value of the attribute precision was used.
1.2e+17PPCC, 840K at d precision with He
The default value of the attribute precision was used.
3e+16PPCC, 850K at d precision with He
The default value of the attribute precision was used.
6e+16PPCC, 850K at d precision with He
The default value of the attribute precision was used.
3.01e+16PPCC, 860K at d precision with He
The default value of the attribute precision was used.
6.03e+16PPCC, 860K at d precision with He
The default value of the attribute precision was used.
3.01e+16PPCC, 870K at d precision with He
The default value of the attribute precision was used.
3e+16PPCC, 880K at d precision with He
Write metadata 20170525_125442

File: "ipropyl_LM.xml" successfully parsed.
Main Calculation begins
Now calculating...

--Execute calcMethod marquardt
Number of grains produced is not equal to that requested
Number of grains requested: 197
Number of grains produced : 1
In FastLaplaceConvolution: 5920 values in the FFT convolution routine were replaced by standard convolution

Chi^2 = 49.0607 Lambda = 1
i-propyl:deltaEDown=190  propene:ZPE=13000  

Chi^2 = 43.7218 Lambda = 0.1
i-propyl:deltaEDown=189.637  propene:ZPE=13014  
Iteration: 1 of Marquardt. ChiSquare = 43.7218, Lambda = 0.1
Number of grains requested: 198

Chi^2 = 34.4727 Lambda = 0.01
i-propyl:deltaEDown=199.151  propene:ZPE=13065.3  
Iteration: 2 of Marquardt. ChiSquare = 34.4727, Lambda = 0.01
Number of grains requested: 199
Number of grains requested: 200

Chi^2 = 19.7354 Lambda = 0.001
i-propyl:deltaEDown=237.715  propene:ZPE=13233.9  
Iteration: 3 of Marquardt. ChiSquare = 19.7354, Lambda = 0.001

Chi^2 = 11.6816 Lambda = 0.0001
i-propyl:deltaEDown=266.819  propene:ZPE=13303.9  
Iteration: 4 of Marquardt. ChiSquare = 11.6816, Lambda = 0.0001

Chi^2 = 11.4961 Lambda = 1e-05
i-propyl:deltaEDown=269.974  propene:ZPE=13308.5  
Iteration: 5 of Marquardt. ChiSquare = 11.4961, Lambda = 1e-05

Chi^2 = 11.4951 Lambda = 1e-06
i-propyl:deltaEDown=270.058  propene:ZPE=13308.4  
Iteration: 6 of Marquardt. ChiSquare = 11.4951, Lambda = 1e-06
Number of cells = 50000, Number of grains = 200
 -- Total time elapsed: 16 seconds.


    Temperature  Concentration    Exp. Coeff.    Cal. Coeff.

            720          3e+17           41.5        35.8355
            730       3.01e+17           51.1        49.7545
            740        1.8e+17           55.5        54.2966
            740        2.4e+17           70.1        61.8359
            740          3e+17           71.1        68.1125
            750        1.2e+17           55.3        60.1261
            750        1.8e+17           67.2        73.2449
            750       2.41e+17           86.4        83.8151
            750          3e+17            102        92.3604
            760       6.02e+16           51.9         55.321
            760       9.02e+16           65.7        68.9153
            760        1.2e+17           76.5        79.9505
            760       1.81e+17             95        98.0421
            760        2.4e+17            123        112.003
            760          3e+17            128        123.934
            770       6.01e+16           68.9        72.3017
            770          9e+16           89.2        90.3768
            770        1.2e+17             99        105.255
            770        1.8e+17            121        129.232
            770       2.41e+17            159        148.741
            770          3e+17            164         164.63
            780          3e+16           65.5        61.9232
            780       6.01e+16           89.1        93.6865
            780          9e+16            114        117.531
            780        1.2e+17            125        137.244
            780        1.8e+17            165        169.157
            780        2.4e+17            203        194.858
            780          3e+17            213        216.576
            790          3e+16             77        79.0488
            790       6.01e+16            119         120.29
            790          9e+16            154        151.443
            790        1.2e+17            170        177.307
            790        1.8e+17            219        219.369
            790        2.4e+17            258        253.399
            790          3e+17            288        282.259
            800          3e+16           96.1        100.035
            800       6.01e+16            147        153.092
            800          9e+16            199        193.417
            800       1.21e+17          223.5        228.068
            800        1.8e+17            302        281.948
            800        2.4e+17            341        326.578
            800          3e+17            350        364.559
            810          3e+16            124        125.535
            810          6e+16            185        193.001
            810          9e+16            248        244.924
            810       1.21e+17            274        289.559
            810       1.81e+17            379        360.322
            810        2.4e+17            402        417.259
            810          3e+17            492        466.782
            820          3e+16            160        156.268
            820       6.01e+16            239        241.816
            820       9.01e+16            320        307.807
            820       1.21e+17            363        364.604
            820        1.8e+17            447        453.995
            820        2.4e+17            554        528.687
            820          3e+17            549        592.683
            830          3e+16            189         193.02
            830          6e+16            287        299.996
            830          9e+16            375        383.285
            830        1.2e+17            447        453.294
            830        1.8e+17            570        569.122
            840       3.01e+16            252         237.16
            840          6e+16            349        369.737
            840          9e+16            471        473.948
            840        1.2e+17            559        561.877
            850          3e+16            314         288.03
            850          6e+16            444        452.377
            860       3.01e+16            378        348.945
            860       6.03e+16            535        551.364
            870       3.01e+16            436        418.995
            880          3e+16            535        498.735


Chi^2 = 11.4951

Best fit parameters:

i-propyl:deltaEDown = 270.058 +/- 17.1758
propene:ZPE = 13308.4 +/- 49.4493

Correlation coefficients:

propene:ZPE , i-propyl:deltaEDown = 0.976891

Goodness of Fit:

Number of degrees of Freedom = 69
Chi^2 probability = 1

System saved to out.xml
Total time elapsed: 16 seconds.
