
            /|      /|                        \   
           / |     / | ________________________\  
          /  |    /  |  _   _             _   _   
         /   |   /   | / \ / \ |\     /| / \ / \  
        /    |  /    | \_/ \_  | \   / | \_/ |_/  
       /     | /     | /     \ |  \ /  | /   | \  
    \_/      |/      | \_/ \_/ |   V   | \_/ |  \ 

     Mesmer: Master Equation Solver for Multi-Energy well Reactions
     Mesmer v5.1 compiled: -- Nov 18 2017 -- 17:09:47

     Copyright (C) 2009-2018 by
     Struan H. Robertson, Chris Morley, Chi-Hsiu Liang,
     David R. Glowacki, Michael J. Pilling and contributors

     Mesmer is free software: you can redistribute it and/or modify
     it under the terms of the GNU Public License as published by
     the Free Software Foundation, either version 2 of the License,
     or (at your option) any later version.

     But WITHOUT ANY WARRANTY; without even the implied warranty of
     MERCHANTABILITY or FITNESS FOR A PARTICULAR PURPOSE.  See the
     GNU Public License for more details.

    You should have received a copy of the GNU Public License
    along with Mesmer.  If not, see <http://www.gnu.org/licenses/>.

                     Platform:        Windows
                     Execution Date:  Sun Nov 26 12:11:25 2017
                     Number of ranks: 4

defaults.xml, librarymols.xml are in ../..

Parsing input xml file...
AcetylPrior.xml

--Parse data for simpleCalc
Energy convention "" written to <moleculeList>
In He: He copied from ../../librarymols.xml
In R1: Parsing reaction...Irreversible unimolecular reaction
In acetyl: --Parse data for Prior
In acetyl: Prior:ExcessEnergy was given a range with 4 steps 
In AceticAcid: gDensityOfStates initialization failed.
In acetyl: The default value of me:energyTransferModel was used.
In acetyl: --Parse data for ExponentialDown
In TSdecomp: The default value of the attribute spinMultiplicity was used.
In R1: --Parse data for RRKM
In R1: No tunneling method used for R1
In R2: Parsing reaction...Bimolecular sink reaction
In R2: --Parse data for SimpleBimolecularSink
In R2: Reading parameters for Reaction R2 which uses the SimpleBimolecularSink method
In R2: No tunneling method used for R2
In R2: Not a unimolecular reaction: look for excess reactant concentration.
80Torr, 298K at d precision with He
Write metadata 20171126_121125

File: "AcetylPrior.xml" successfully parsed.
Main Calculation begins
Now calculating...

--Execute calcMethod simpleCalc
Number of cells = 50000, Number of grains = 268
calculating cell flux for reaction R2 which is a SimpleBimolecularSink method
adding reaction terms to the collision matrix 
In FastLaplaceConvolution: 40 values in the FFT convolution routine were replaced by standard convolution
In FastLaplaceConvolution: 20 values in the FFT convolution routine were replaced by standard convolution
In FastLaplaceConvolution: 280 values in the FFT convolution routine were replaced by standard convolution
 -- Total time elapsed: 0 seconds.


    Temperature  Concentration    Exp. Coeff.    Cal. Coeff.


System saved to out.xml
Total time elapsed: 0 seconds.
