
            /|      /|                        \   
           / |     / | ________________________\  
          /  |    /  |  _   _             _   _   
         /   |   /   | / \ / \ |\     /| / \ / \  
        /    |  /    | \_/ \_  | \   / | \_/ |_/  
       /     | /     | /     \ |  \ /  | /   | \  
    \_/      |/      | \_/ \_/ |   V   | \_/ |  \ 

     Mesmer: Master Equation Solver for Multi-Energy well Reactions
     Mesmer v7.2 compiled: -- Apr  5 2025 -- 15:26:44

     Copyright (C) 2009-2025 by
     Struan H. Robertson, Chris Morley, Chi-Hsiu Liang,
     David R. Glowacki, Michael J. Pilling and contributors

     Mesmer is free software: you can redistribute it and/or modify
     it under the terms of the GNU Public License as published by
     the Free Software Foundation, either version 2 of the License,
     or (at your option) any later version.

     But WITHOUT ANY WARRANTY; without even the implied warranty of
     MERCHANTABILITY or FITNESS FOR A PARTICULAR PURPOSE.  See the
     GNU Public License for more details.

    You should have received a copy of the GNU Public License
    along with Mesmer.  If not, see <http://www.gnu.org/licenses/>.

                     Platform:        Windows64
                     Execution Date:  Sat Apr  5 15:31:27 2025
                     Number of ranks: 4

defaults.xml, librarymols.xml are in C:\Mesmer-7.0

Parsing input xml file...
OH_acetylene_association_test.xml

The default value of me:calcMethod was used.
--Parse data for simpleCalc
Energy convention "" written to <moleculeList>
In R1: Parsing reaction...Association reaction
In OH_acetylene_adduct: The default value of me:DistributionCalcMethod was used.
In OH_acetylene_adduct: --Parse data for Boltzmann
In OH_acetylene_adduct: --Parse data for ExponentialDown
In R1: --Parse data for MesmerILT
In R1: The default value of me:TInfinity was used.
In R1: No tunneling method used for R1
In R2: Parsing reaction...Irreversible unimolecular reaction
In R2: No imaginary vibrational frequency. Check if there is tunneling.
--Parse data for RRKM
In R2: No tunneling method used for R2
The default value of the attribute precision was used.
1000torr, 298K at d precision with N2
Excess Reactant Conc. for reaction R1 = 1e+17 particles per cc
The default value of the attribute Tstep was used.
The default value of the attribute Tmin was used.
The default value of the attribute Tmax was used.
The default value of me:ForceMacroDetailedBalance was used.
Write metadata 20250405_153127

File: "OH_acetylene_association_test.xml" successfully parsed.
Main Calculation begins
Now calculating...

--Execute calcMethod simpleCalc
Number of cells = 50000, Number of grains = 320
In FastLaplaceConvolution: 20 values in the FFT convolution routine were replaced by standard convolution
In FastLaplaceConvolution: 220 values in the FFT convolution routine were replaced by standard convolution
In OCHCH2: The default value of me:DOSCMethod was used.
In mesmer::CollisionOperator::timeEvolution: No population was assigned. Initialize the first source term to 1.0.
 -- Total time elapsed: 2 seconds.


    Temperature  Concentration    Exp. Coeff.    Cal. Coeff.


System saved to out.xml
Total time elapsed: 2 seconds.
