
            /|      /|                        \   
           / |     / | ________________________\  
          /  |    /  |  _   _             _   _   
         /   |   /   | / \ / \ |\     /| / \ / \  
        /    |  /    | \_/ \_  | \   / | \_/ |_/  
       /     | /     | /     \ |  \ /  | /   | \  
    \_/      |/      | \_/ \_/ |   V   | \_/ |  \ 

     Mesmer: Master Equation Solver for Multi-Energy well Reactions
     Mesmer v7.0 compiled: -- Nov  1 2022 -- 10:09:41

     Copyright (C) 2009-2022 by
     Struan H. Robertson, Chris Morley, Chi-Hsiu Liang,
     David R. Glowacki, Michael J. Pilling and contributors

     Mesmer is free software: you can redistribute it and/or modify
     it under the terms of the GNU Public License as published by
     the Free Software Foundation, either version 2 of the License,
     or (at your option) any later version.

     But WITHOUT ANY WARRANTY; without even the implied warranty of
     MERCHANTABILITY or FITNESS FOR A PARTICULAR PURPOSE.  See the
     GNU Public License for more details.

    You should have received a copy of the GNU Public License
    along with Mesmer.  If not, see <http://www.gnu.org/licenses/>.

                     Platform:        Linux
                     Execution Date:  Tue Nov  1 11:13:08 2022
                     Number of ranks: 12

defaults.xml, librarymols.xml are in ../..

Parsing input xml file...
Glyoxal_Exchange.xml

--Parse data for marquardt
The default value of me:MarquardtLambda was used.
The default value of me:MarquardtLambdaScale was used.
Energy convention "" written to <moleculeList>
In R1: Parsing reaction...Bimolecular exchange reaction
In Glyoxal: The default value of me:DOSCMethod was used.
In Glyoxal: The default value of the attribute spinMultiplicity was used.
In HC(O)CO: The default value of me:DistributionCalcMethod was used.
In HC(O)CO: --Parse data for Boltzmann
In HC(O)CO: The default value of me:energyTransferModel was used.
In HC(O)CO: --Parse data for ExponentialDown
In HC(O)CO: HC(O)CO:deltaEDown was given a range with 31 steps 
In R1: --Parse data for modPrior
In TS1: The default value of me:DOSCMethod was used.
In R1: --Parse data for Eckart
In R4: Parsing reaction...Irreversible unimolecular reaction
In TS2: WARNING: When calculating frequencies from a Hessian it is critical
     that the Hessian and species coordinates are expressed relative to
     the same Cartesian coordinate system.
In TS2: Vibrational frequencies (cm-1) were calculated from Hessian:
  35.8068 52.934 206.898 542.376 1170.12 1879.19 2030.89 2885.69 
In TS2: Hindered rotor b1
In R4: --Parse data for RRKM
In R4: No tunneling method used for R4
In R2: Parsing reaction...Pseudoisomerization reaction
In R2: The default value of me:FragmentDist was used.
In R2: --Parse data for Prior
In O2: The default value of me:DOSCMethod was used.
In R02: WARNING: When calculating frequencies from a Hessian it is critical
     that the Hessian and species coordinates are expressed relative to
     the same Cartesian coordinate system.
In R02: Vibrational frequencies (cm-1) were calculated from Hessian:
  -1.59361e-13 -7.18078e-14 5.12088e-06 1.52617e-05 2.15748e-05 3.48309e-05 3.81351e-05 139.149 256.541 475.047 
  668.07 1241.7 1851.8 2276.52 3246 
In R02: The default value of me:DOSCMethod was used.
In R02: Hindered rotor b1
In R02: Hindered rotor b2
In R02: The default value of me:DistributionCalcMethod was used.
In R02: --Parse data for Boltzmann
In R02: The default value of me:energyTransferModel was used.
In R02: --Parse data for ExponentialDown
In R2: --Parse data for MesmerILT
In R2: R2:activationEnergy was given a range with 101 steps 
In R2: R2:preExponential was given a range with 1000 steps 
In R2: The default value of me:TInfinity was used.
In R2: No tunneling method used for R2
In R2: No value of me:excessReactantConc was supplied and the default value NEEDS TO BE CHECKED**
In R6: Parsing reaction...Irreversible unimolecular reaction
In TS4: WARNING: When calculating frequencies from a Hessian it is critical
     that the Hessian and species coordinates are expressed relative to
     the same Cartesian coordinate system.
In TS4: Vibrational frequencies (cm-1) were calculated from Hessian:
  47.2897 164.506 302.975 492.787 520.938 630.682 655.536 797.905 1018.26 1039.45 
  1129.77 1911.18 2011.35 2061.7 
In TS4: The default value of me:DOSCMethod was used.
In TS4: Hindered rotor b1
In TS4: WARNING: The Fourier expansion for the internal rotor potential for bond b1 of 
In TS4: species TS4, differs at the minimum from the value entered by more than 20 cm-1.
In TS4: More terms in the Fourier expansion may be needed.
In R6: --Parse data for RRKM
In R6: No tunneling method used for R6
80Torr, 295K at dd precision with N2
Excess Reactant Conc. for reaction R1 = 1e+14 particles per cc
Excess Reactant Conc. for reaction R2 = 1.547e+17 particles per cc
80Torr, 295K at dd precision with N2
Excess Reactant Conc. for reaction R1 = 1e+14 particles per cc
Excess Reactant Conc. for reaction R2 = 3.265e+17 particles per cc
80Torr, 295K at dd precision with N2
Excess Reactant Conc. for reaction R1 = 1e+14 particles per cc
Excess Reactant Conc. for reaction R2 = 5.866e+17 particles per cc
80Torr, 295K at dd precision with N2
Excess Reactant Conc. for reaction R1 = 1e+14 particles per cc
Excess Reactant Conc. for reaction R2 = 9.24e+17 particles per cc
5Torr, 212K at qd precision with N2
Excess Reactant Conc. for reaction R1 = 1e+14 particles per cc
Excess Reactant Conc. for reaction R2 = 3.56e+15 particles per cc
5Torr, 212K at qd precision with N2
Excess Reactant Conc. for reaction R1 = 1e+14 particles per cc
Excess Reactant Conc. for reaction R2 = 1.56e+16 particles per cc
5Torr, 212K at qd precision with N2
Excess Reactant Conc. for reaction R1 = 1e+14 particles per cc
Excess Reactant Conc. for reaction R2 = 3.68e+16 particles per cc
5Torr, 212K at qd precision with N2
Excess Reactant Conc. for reaction R1 = 1e+14 particles per cc
Excess Reactant Conc. for reaction R2 = 1.01e+17 particles per cc
The default value of me:ForceMacroDetailedBalance was used.
Write metadata 20221101_111308

File: "Glyoxal_Exchange.xml" successfully parsed.
Main Calculation begins
Now calculating...

--Execute calcMethod marquardt
In FastLaplaceConvolution: 660 values in the FFT convolution routine were replaced by standard convolution
In FastLaplaceConvolution: 1660 values in the FFT convolution routine were replaced by standard convolution
The default value of me:DistributionCalcMethod was used.
--Parse data for Boltzmann
The default value of me:energyTransferModel was used.
--Parse data for ExponentialDown
No value of me:deltaEDown was supplied and the default value NEEDS TO BE CHECKED**
In FastLaplaceConvolution: 20 values in the FFT convolution routine were replaced by standard convolution
In FastLaplaceConvolution: 100 values in the FFT convolution routine were replaced by standard convolution
In FastLaplaceConvolution: 2740 values in the FFT convolution routine were replaced by standard convolution
No population was assigned. Initialize the first source term to 1.0.

Chi^2 = 429.89 Lambda = 1
HC(O)CO:deltaEDown=278.947  R2:activationEnergy=3.0715  R2:preExponential=1.50278e-12  

Chi^2 = 153.789 Lambda = 0.1
HC(O)CO:deltaEDown=359.211  R2:activationEnergy=3.91666  R2:preExponential=9.68396e-13  
Iteration: 1 of Marquardt. ChiSquare = 153.789, Lambda = 0.1

Chi^2 = 60.3514 Lambda = 0.01
HC(O)CO:deltaEDown=225.833  R2:activationEnergy=5.83534  R2:preExponential=7.71604e-13  
Iteration: 2 of Marquardt. ChiSquare = 60.3514, Lambda = 0.01
Number of cells = 50000, Number of grains = 245
 -- Total time elapsed: 453 seconds.


    Temperature  Concentration    Exp. Coeff.    Cal. Coeff.

            295    2.61871e+18         0.0508      0.0476888
            295    2.61871e+18          0.135        0.09466
            295    2.61871e+18        0.18893       0.156014
            295    2.61871e+18        0.21629       0.221956
            212    2.27747e+17          0.181       0.158239
            212    2.27747e+17          0.282        0.40635
            212    2.27747e+17          0.367       0.545394
            212    2.27747e+17          0.377       0.645502


Chi^2 = 60.3514

Best fit parameters:

HC(O)CO:deltaEDown = 225.833 +/- 552.69
R2:activationEnergy = 5.83534 +/- 6.03531
R2:preExponential = 7.71604e-13 +/- 4.11947e-12

Correlation coefficients:

R2:activationEnergy , HC(O)CO:deltaEDown = 0.976118
R2:preExponential , HC(O)CO:deltaEDown = 0.992078
R2:preExponential , R2:activationEnergy = 0.995309

Goodness of Fit:

Number of degrees of Freedom = 5
Chi^2 probability = 1.02829e-11

System saved to mesmer_out.xml
Total time elapsed: 453 seconds.
