
            /|      /|                        \   
           / |     / | ________________________\  
          /  |    /  |  _   _             _   _   
         /   |   /   | / \ / \ |\     /| / \ / \  
        /    |  /    | \_/ \_  | \   / | \_/ |_/  
       /     | /     | /     \ |  \ /  | /   | \  
    \_/      |/      | \_/ \_/ |   V   | \_/ |  \ 

     Mesmer: Master Equation Solver for Multi-Energy well Reactions
     Mesmer v5.0 compiled: -- May  2 2017 -- 19:09:13

     Copyright (C) 2009-2017 by
     Struan H. Robertson, Chris Morley, Chi-Hsiu Liang,
     David R. Glowacki, Michael J. Pilling and contributors

     Mesmer is free software: you can redistribute it and/or modify
     it under the terms of the GNU Public License as published by
     the Free Software Foundation, either version 2 of the License,
     or (at your option) any later version.

     But WITHOUT ANY WARRANTY; without even the implied warranty of
     MERCHANTABILITY or FITNESS FOR A PARTICULAR PURPOSE.  See the
     GNU Public License for more details.

    You should have received a copy of the GNU Public License
    along with Mesmer.  If not, see <http://www.gnu.org/licenses/>.

                     Platform:        Linux
                     Execution Date:  Tue May  2 19:10:31 2017
                     Number of ranks: 1

Using 1 processes
defaults.xml, librarymols.xml are in ../..

Parsing input xml file...
benzene_oxidation_test.xml

The default value of me:calcMethod was used.
--Parse data for simpleCalc
Energy convention "" written to <moleculeList>
In R_I1_I2c: Parsing reaction...Association reaction
In I2_c_ax: The default value of me:DistributionCalcMethod was used.
In I2_c_ax: --Parse data for Boltzmann
In I2_c_ax: --Parse data for ExponentialDown
In R_I1_I2c: --Parse data for SimpleRRKM
In R_I1_I2c: No tunneling method used for R_I1_I2c
In R_I1_I2c: Not a unimolecular reaction: look for excess reactant concentration.
In R_I1_I2t: Parsing reaction...Association reaction
In I2_t_eq: The default value of me:DistributionCalcMethod was used.
In I2_t_eq: --Parse data for Boltzmann
In I2_t_eq: --Parse data for ExponentialDown
In R_I1_I2t: --Parse data for SimpleRRKM
In R_I1_I2t: No tunneling method used for R_I1_I2t
In R_I1_I2t: Not a unimolecular reaction: look for excess reactant concentration.
In R1_HO2: Parsing reaction...Irreversible exchange reaction
In R1_HO2: --Parse data for SimpleRRKM
In R1_HO2: No tunneling method used for R1_HO2
In R1_HO2: Not a unimolecular reaction: look for excess reactant concentration.
In R3_HO2: Parsing reaction...Irreversible unimolecular reaction
In R3_HO2: --Parse data for SimpleRRKM
In R3_HO2: No tunneling method used for R3_HO2
In R_2_6t: Parsing reaction...Irreversible unimolecular reaction
In R_2_6t: --Parse data for SimpleRRKM
In R_2_6t: No tunneling method used for R_2_6t
In R_2_6c: Parsing reaction...Irreversible unimolecular reaction
In R_2_6c: --Parse data for SimpleRRKM
In R_2_6c: No tunneling method used for R_2_6c
The default value of the attribute precision was used.
760Torr, 298K at d precision with N2
Write metadata 20170502_191031

File: "benzene_oxidation_test.xml" successfully parsed.
Main Calculation begins
Now calculating...

--Execute calcMethod simpleCalc
The default value of me:DistributionCalcMethod was used.
--Parse data for Boltzmann
The default value of me:energyTransferModel was used.
--Parse data for ExponentialDown
No value of me:deltaEDown was supplied and the default value NEEDS TO BE CHECKED**
Number of cells = 11400, Number of grains = 228
In FastLaplaceConvolution: 100 values in the FFT convolution routine were replaced by standard convolution
 -- Total time elapsed: 1 seconds.


    Temperature  Concentration    Exp. Coeff.    Cal. Coeff.


System saved to out.xml
Total time elapsed: 1 seconds.
