
The number of Frequencies is 42

Test density of states: n-pentyl

    200         108573         109302         107018
    300   1.10467e+006   1.11471e+006   1.10416e+006
    400   9.47551e+006   9.57881e+006   9.52754e+006
    500   7.51875e+007    7.6118e+007   7.58565e+007
    600   5.66164e+008   5.73865e+008   5.72494e+008
    700   4.05869e+009    4.1181e+009   4.11086e+009
    800    2.7655e+010   2.80843e+010   2.80465e+010
    900   1.78827e+011   1.81741e+011   1.81547e+011
   1000   1.09676e+012   1.11537e+012    1.1144e+012
   1100   6.38153e+012   6.49356e+012   6.48894e+012
   1200   3.52578e+013   3.58953e+013   3.58738e+013
   1300   1.85209e+014   1.88644e+014   1.88548e+014
   1400   9.26437e+014    9.4398e+014   9.43565e+014
   1500   4.42035e+015   4.50465e+015   4.50293e+015
   1600   2.01539e+016   2.05217e+016   2.05148e+016
   1700   8.79654e+016   8.92464e+016   8.92198e+016
   1800   3.68218e+017   3.69803e+017   3.69705e+017
   1900   1.48086e+018    1.4546e+018   1.45425e+018
   2000   5.73182e+018   5.40616e+018   5.40499e+018
   2100   2.13881e+019   1.89038e+019   1.89001e+019
   2200    7.7065e+019   6.20102e+019   6.19991e+019
   2300   2.68545e+020   1.90616e+020   1.90585e+020
   2400   9.06342e+020   5.49415e+020   5.49333e+020
   2500   2.96684e+021   1.48774e+021   1.48754e+021
   2600   9.43191e+021   3.79551e+021   3.79502e+021
   2700   2.91581e+022   9.15332e+021   9.15224e+021
   2800   8.77591e+022   2.09415e+022   2.09392e+022
   2900   2.57449e+023   4.56166e+022   4.56119e+022
   3000   7.36922e+023    9.4941e+022   9.49319e+022

The number of Frequencies is 41

Test density of states: n-pentylTS

    200        58489.9        58693.6        57479.1
    300         336930         338597         335403
    400   1.92433e+006   1.93636e+006     1.926e+006
    500   1.13238e+007   1.14079e+007   1.13688e+007
    600   6.79189e+007   6.84941e+007   6.83304e+007
    700    4.0714e+008   4.10957e+008   4.10235e+008
    800   2.40002e+009   2.42442e+009   2.42116e+009
    900   1.37589e+010   1.39083e+010   1.38935e+010
   1000   7.61729e+010   7.70463e+010   7.69799e+010
   1100   4.05566e+011   4.10434e+011   4.10142e+011
   1200   2.07202e+012   2.09789e+012   2.09663e+012
   1300   1.01482e+013   1.02792e+013   1.02739e+013
   1400   4.76431e+013   4.82755e+013   4.82543e+013
   1500   2.14506e+014   2.17395e+014   2.17311e+014
   1600   9.27003e+014   9.39049e+014   9.38732e+014
   1700   3.84949e+015   3.88969e+015   3.88853e+015
   1800   1.53799e+016   1.54241e+016     1.542e+016
   1900   5.91987e+016   5.83592e+016   5.83452e+016
   2000   2.19828e+017   2.09768e+017   2.09723e+017
   2100   7.88627e+017   7.13172e+017   7.13033e+017
   2200     2.737e+018   2.28574e+018   2.28533e+018
   2300   9.20191e+018   6.89414e+018   6.89301e+018
   2400    3.0009e+019   1.95663e+019   1.95634e+019
   2500   9.50476e+019   5.23198e+019   5.23126e+019
   2600   2.92735e+020   1.32107e+020   1.32091e+020
   2700   8.77721e+020   3.15894e+020   3.15857e+020
   2800   2.56487e+021   7.17626e+020   7.17547e+020
   2900   7.31242e+021   1.55396e+021    1.5538e+021
   3000     2.036e+022   3.21804e+021   3.21773e+021

Test of microcanonical rate coefficients

    200   4.37672e-012
    300    0.000296956
    400         2.3563
    500        512.924
    600        18661.1
    700         244976
    800   1.70176e+006
    900    7.7322e+006
   1000   2.60876e+007
   1100   7.08466e+007
   1200   1.63421e+008
   1300   3.32298e+008
   1400    6.1131e+008
   1500   1.03534e+009
   1600   1.63108e+009
   1700     2.403e+009
   1800   3.32236e+009
   1900   4.33071e+009
   2000   5.35826e+009
   2100   6.34471e+009
   2200   7.25062e+009
   2300   8.05777e+009
   2400   8.76348e+009
   2500   9.37416e+009
   2600   9.90032e+009
   2700   1.03535e+010
   2800   1.07447e+010
   2900   1.10837e+010
   3000   1.13789e+010

Normalization constants

60.1069 -0.74647
160.74 -0.0689414
258.364 0.0887639
357.107 0.140551
456.201 0.168557
555.608 0.185337
655.111 0.196424
754.767 0.204558
854.472 0.210772
954.2 0.215996
1053.99 0.220298
1153.8 0.223932
1253.65 0.227058
1353.51 0.22978
1453.4 0.232172
1553.29 0.234292
1653.2 0.236217
1753.11 0.237953
1853.03 0.239544
1952.96 0.241006
2052.89 0.242355
2152.83 0.243601
2252.77 0.244756
2352.71 0.245832
2452.66 0.246832
2552.61 0.247767
2652.56 0.248643
2752.51 0.249465
2852.47 0.250238
2952.43 0.250968
3052.39 0.251659
3152.35 0.252314
3252.32 0.252935
3352.29 0.253527
3452.25 0.254091
3552.22 0.25463
3652.19 0.255144
3752.16 0.255637
3852.13 0.256109
3952.11 0.256561
4052.08 0.256996
4152.06 0.257413
4252.03 0.257815
4352.01 0.258202
4451.99 0.258575
4551.96 0.258935
4651.94 0.259282
4751.92 0.259618
4851.9 0.259943
4951.88 0.260257
5051.86 0.260561
5151.85 0.260856
5251.83 0.261142
5351.81 0.26142
5451.79 0.261689
5551.78 0.261951
5651.76 0.262205
5751.74 0.262453
5851.73 0.262693
5951.71 0.262927
6051.7 0.263156
6151.68 0.263378
6251.67 0.263594
6351.66 0.263805
6451.64 0.264011
6551.63 0.264212
6651.62 0.264409
6751.6 0.2646
6851.59 0.264787
6951.58 0.26497
7051.57 0.265149
7151.56 0.265324
7251.55 0.265495
7351.53 0.265662
7451.52 0.265826
7551.51 0.265987
7651.5 0.266144
7751.49 0.266298
7851.48 0.266449
7951.47 0.266596
8051.46 0.266741
8151.45 0.266883
8251.44 0.267023
8351.43 0.26716
8451.42 0.267294
8551.41 0.267426
8651.41 0.267555
8751.4 0.267682
8851.39 0.267807
8951.38 0.267929
9051.37 0.26805
9151.36 0.268168
9251.36 0.268285
9351.35 0.268399
9451.34 0.268512
9551.33 0.268622
9651.32 0.268731
9751.32 0.268838
9851.31 0.268944
9951.3 0.269047
10051.3 0.26915
10151.3 0.26925
10251.3 0.269349
10351.3 0.269447
10451.3 0.269543
10551.3 0.269637
10651.3 0.26973
10751.2 0.269822
10851.2 0.269913
10951.2 0.270002
11051.2 0.27009
11151.2 0.270177
11251.2 0.270262
11351.2 0.270346
11451.2 0.27043
11551.2 0.270512
11651.2 0.270593
11751.2 0.270672
11851.2 0.270751
11951.2 0.270829
12051.2 0.270906
12151.2 0.270982
12251.2 0.271056
12351.2 0.27113
12451.1 0.271203
12551.1 0.271275
12651.1 0.271346
12751.1 0.271417
12851.1 0.271486
12951.1 0.271555
13051.1 0.271622
13151.1 0.271689
13251.1 0.271755
13351.1 0.271821
13451.1 0.271885
13551.1 0.271949
13651.1 0.272012
13751.1 0.272075
13851.1 0.272136
13951.1 0.272197
14051.1 0.272258
14151.1 0.272317
14251.1 0.272377
14351.1 0.272435
14451.1 0.272493
14551 0.27255
14651 0.272606
14751 0.272662
14851 0.272718
14951 0.272772
15051 0.272826
15151 0.27288
15251 0.272933
15351 0.272986
15451 0.273038
15551 0.273089
15651 0.27314
15751 0.273191
15851 0.273241
15951 0.27329
16051 0.273339
16151 0.273388
16251 0.273436
16351 0.273483
16451 0.27353
16551 0.273577
16651 0.273623
16751 0.273669
16851 0.273715
16951 0.27376
17051 0.273804
17151 0.273848
17250.9 0.273892
17350.9 0.273935
17450.9 0.273978
17550.9 0.274021
17650.9 0.274063
17750.9 0.274105
17850.9 0.274147
17950.9 0.274188
18050.9 0.274229
18150.9 0.274269
18250.9 0.274309
18350.9 0.274349
18450.9 0.274388
18550.9 0.274427
18650.9 0.274466
18750.9 0.274504
18850.9 0.274543
18950.9 0.27458
19050.9 0.274618
19150.9 0.274655
19250.9 0.274692
19350.9 0.274729
19450.9 0.274765
19550.9 0.274801
19650.9 0.274837
19750.9 0.274872
19850.9 0.274907
19950.9 0.274942
20050.9 0.274977
20150.9 0.275011
20250.9 0.275045
20350.9 0.275079
20450.9 0.275112
20550.9 0.275146
20650.9 0.275179
20750.8 0.275211
20850.8 0.275244
20950.8 0.275276
21050.8 0.275308
21150.8 0.27534
21250.8 0.275372
21350.8 0.275403
21450.8 0.275434
21550.8 0.275465
21650.8 0.275496
21750.8 0.275526
21850.8 0.275557
21950.8 0.275587
22050.8 0.275617
22150.8 0.275646
22250.8 0.275676
22350.8 0.275705
22450.8 0.275734
22550.8 0.275763
22650.8 0.275791
22750.8 0.27582
22850.8 0.275848
22950.8 0.275876
23050.8 0.275904
23150.8 0.275931
23250.8 0.275959
23350.8 0.275986
23450.8 0.276013
23550.8 0.27604
23650.8 0.276067
23750.8 0.276093
23850.8 0.27612
23950.8 0.276146
24050.8 0.276172
24150.8 0.276198
24250.8 0.276224
24350.8 0.276249
24450.8 0.276274
24550.8 0.2763
24650.8 0.276325
24750.8 0.27635
24850.8 0.276374
24950.8 0.276399
25050.8 0.276423
25150.8 0.276448
25250.8 0.276472
25350.7 0.276496
25450.7 0.27652
25550.7 0.276543
25650.7 0.276567
25750.7 0.27659
25850.7 0.276614
25950.7 0.276637
26050.7 0.27666
26150.7 0.276682
26250.7 0.276705
26350.7 0.276728
26450.7 0.27675
26550.7 0.276773
26650.7 0.276795
26750.7 0.276817
26850.7 0.276839
26950.7 0.27686
27050.7 0.276882
27150.7 0.276904
27250.7 0.276925
27350.7 0.276946
27450.7 0.276968
27550.7 0.276989
27650.7 0.277009
27750.7 0.27703
27850.7 0.277051
27950.7 0.277072
28050.7 0.277092
28150.7 0.277112
28250.7 0.277133
28350.7 0.277153
28450.7 0.277173
28550.7 0.277193
28650.7 0.277212
28750.7 0.277232
28850.7 0.277252
28950.7 0.277271
29050.7 0.277291
29150.7 0.27731
29250.7 0.277329
29350.7 0.277348
29450.7 0.277367
29550.7 0.277386
29650.7 0.277405
29750.7 0.277423
29850.7 0.277442
29950.7 0.27746
30050.7 0.277479
30150.7 0.277497
30250.7 0.277515
30350.7 0.277533
30450.7 0.277551
30550.7 0.277569
30650.7 0.277587
30750.7 0.277605
30850.7 0.277622
30950.7 0.27764
31050.7 0.277657
31150.7 0.277675
31250.7 0.277692
31350.7 0.277709
31450.7 0.277726
31550.6 0.277743
31650.6 0.27776
31750.6 0.277777
31850.6 0.277794
31950.6 0.27781
32050.6 0.277827
32150.6 0.277843
32250.6 0.27786
32350.6 0.277876
32450.6 0.277892
32550.6 0.277909
32650.6 0.277925
32750.6 0.277941
32850.6 0.277957
32950.6 0.277973
33050.6 0.277988
33150.6 0.278004
33250.6 0.27802
33350.6 0.278035
33450.6 0.278051
33550.6 0.278066
33650.6 0.278082
33750.6 0.278097
33850.6 0.278112
33950.6 0.278127
34050.6 0.278143
34150.6 0.278158
34250.6 0.278173
34350.6 0.278187
34450.6 0.278202
34550.6 0.278217
34650.6 0.278232
34750.6 0.278246
34850.6 0.278261
34950.6 0.278275
35050.6 0.27829
35150.6 0.278304
35250.6 0.278318
35350.6 0.278332
35450.6 0.278347
35550.6 0.278361
35650.6 0.278375
35750.6 0.278389
35850.6 0.278403
35950.6 0.278416
36050.6 0.27843
36150.6 0.278444
36250.6 0.278458
36350.6 0.278471
36450.6 0.278485
36550.6 0.278498
36650.6 0.278512
36750.6 0.278525
36850.6 0.278538
36950.6 0.278552
37050.6 0.278565
37150.6 0.278578
37250.6 0.278591
37350.6 0.278604
37450.6 0.278617
37550.6 0.27863
37650.6 0.278643
37750.6 0.278656
37850.6 0.278668
37950.6 0.278681
38050.6 0.278694
38150.6 0.278706
38250.6 0.278719
38350.6 0.278731
38450.6 0.278744
38550.6 0.278756
38650.6 0.278769
38750.6 0.278781
38850.6 0.278793
38950.6 0.278805
39050.6 0.278817
39150.6 0.27883
39250.6 0.278842
39350.6 0.278854
39450.6 0.278866
39550.6 0.278877
39650.6 0.278889
39750.6 0.278901
39850.6 0.278913
39950.6 0.278925
40050.6 0.278936
40150.6 0.278948
40250.6 0.278959
40350.5 0.278971
40450.5 0.278982
40550.5 0.278994
40650.5 0.279005
40750.5 0.279017
40850.5 0.279028
40950.5 0.279039
41050.5 0.27905
41150.5 0.279062
41250.5 0.279073
41350.5 0.279084
41450.5 0.279095
41550.5 0.279106
41650.5 0.279117
41750.5 0.279128
41850.5 0.279139
41950.5 0.279149
42050.5 0.27916
42150.5 0.279171
42250.5 0.279182
42350.5 0.279192
42450.5 0.279203
42550.5 0.279214
42650.5 0.279224
42750.5 0.279235
42850.5 0.279245
42950.5 0.279256
43050.5 0.279266
43150.5 0.279276
43250.5 0.279287
43350.5 0.279297
43450.5 0.279307
43550.5 0.279317
43650.5 0.279327
43750.5 0.279338
43850.5 0.279348
43950.5 0.279358
44050.5 0.279368
44150.5 0.279378
44250.5 0.279388
44350.5 0.279398
44450.5 0.279407
44550.5 0.279417
44650.5 0.279427
44750.5 0.279437
44850.5 0.279447
44950.5 0.279456
45050.5 0.279466
45150.5 0.279476
45250.5 0.279485
45350.5 0.279495
45450.5 0.279504
45550.5 0.279514
45650.5 0.279523
45750.5 0.279533
45850.5 0.279542
45950.5 0.279552
46050.5 0.279561
46150.5 0.27957
46250.5 0.279579
46350.5 0.279589
46450.5 0.279598
46550.5 0.279607
46650.5 0.279616
46750.5 0.279625
46850.5 0.279634
46950.5 0.279643
47050.5 0.279652
47150.5 0.279661
47250.5 0.27967
47350.5 0.279679
47450.5 0.279688
47550.5 0.279697
47650.5 0.279706
47750.5 0.279715
47850.5 0.279723
47950.5 0.279732
48050.5 0.279741
48150.5 0.27975
48250.5 0.279758
48350.5 0.279767
48450.5 0.279776
48550.5 0.279784
48650.5 0.279793
48750.5 0.279801
48850.5 0.27981
48950.5 0.279818
49050.5 0.279827
49150.5 0.279837
49250.5 0.279852
49350.5 0.279883
49450.5 0.279974
49550.5 0.280282
49650.5 0.281383
49750.5 0.285368
49850.5 0.299856
49950.5 0.352593

Column Sums

5.95054e-016
-5.69624e-016
3.82942e-016
3.83131e-017
-1.50372e-016
1.51885e-017
-1.97209e-016
-3.50888e-017
4.70302e-017
3.58155e-017
-1.36188e-016
2.02166e-017
2.14501e-016
1.61066e-016
-4.0013e-017
9.35119e-017
-5.58008e-017
-7.47149e-017
-8.72296e-017
1.61626e-018
2.07621e-016
-5.07821e-017
1.1336e-016
1.4472e-016
-8.29058e-017
2.48569e-016
4.98023e-017
-6.18745e-017
-4.88377e-017
2.42784e-016
-1.96377e-018
1.91509e-016
1.66194e-016
2.1087e-016
-1.72699e-016
9.12466e-018
1.37018e-016
2.84857e-017
-2.33605e-016
4.12516e-017
9.55206e-017
-2.09059e-016
-1.32955e-016
-2.44076e-017
9.59074e-017
-1.68348e-016
-7.4625e-017
3.08352e-017
-1.81312e-016
3.40003e-016
-2.71164e-017
5.69577e-018
-8.10089e-017
7.75934e-017
5.37419e-017
1.74227e-016
-5.63554e-017
1.48144e-016
-3.80848e-017
1.27735e-017
-9.91473e-017
3.11715e-016
-1.96241e-017
4.98664e-017
-7.77499e-017
6.76748e-017
2.8966e-017
-3.78708e-017
2.17557e-016
-1.24061e-016
-1.49454e-017
1.38426e-016
-6.12818e-017
1.07752e-016
7.9978e-017
-8.80815e-017
7.70529e-017
2.71516e-017
1.66814e-016
-1.17739e-016
5.03781e-017
4.83309e-017
-5.48243e-017
2.70004e-018
8.21645e-017
2.53637e-017
4.07753e-017
1.666e-017
4.28425e-017
1.42357e-016
2.6664e-017
1.92212e-016
-1.68454e-017
1.57362e-016
-6.1937e-017
-2.73846e-017
1.35259e-016
-1.42825e-016
1.05692e-016
7.11959e-017
-3.43337e-018
2.10221e-016
-1.37795e-017
5.71248e-017
-1.112e-016
1.02925e-019
-4.45149e-017
1.43378e-016
1.33911e-017
2.03346e-017
6.63232e-017
-8.10319e-017
5.29592e-017
8.22891e-017
2.2466e-016
3.31055e-017
-5.12876e-017
-2.6863e-016
-1.09732e-016
-5.31409e-017
-6.15586e-017
1.24686e-016
1.9481e-016
-1.69491e-016
8.10931e-017
-2.56425e-017
8.36399e-017
-4.77686e-017
-1.49856e-016
-1.59728e-017
2.77239e-017
6.83488e-017
-2.26006e-017
1.08016e-016
-1.55373e-016
1.70304e-016
-1.0859e-016
9.33048e-017
-2.23227e-016
-6.40877e-017
4.69611e-017
3.03368e-017
5.35698e-017
-2.15729e-018
1.61523e-016
1.83013e-016
4.07663e-017
8.18653e-017
-1.31857e-018
1.2674e-016
5.49576e-017
-1.4663e-016
5.86472e-017
-1.59517e-017
2.01685e-016
-4.95099e-017
-9.78822e-017
-2.11868e-017
-7.31534e-017
-1.59424e-016
2.8779e-017
-3.72937e-017
-3.67966e-017
9.20329e-017
-7.90004e-017
1.99276e-016
-4.8574e-017
5.97455e-017
4.44213e-018
6.56169e-017
3.20658e-017
2.96859e-018
-1.33625e-016
5.04363e-017
-4.88711e-017
-2.39691e-018
6.79283e-017
8.59508e-017
3.22172e-017
2.73314e-017
3.97052e-017
1.22831e-016
-4.97269e-017
-2.19388e-016
-3.84942e-017
-1.33094e-016
9.62417e-017
-2.8336e-017
-3.34176e-017
-8.2045e-017
-6.37199e-017
-1.17513e-016
5.67852e-017
1.47544e-017
-7.76361e-017
-1.79282e-017
-1.7546e-016
7.72853e-017
1.73226e-016
-6.66599e-017
-8.86975e-017
1.98553e-016
-1.35074e-016
1.0141e-016
2.40922e-017
1.09629e-016
4.19398e-017
-1.17467e-016
-5.17408e-017
5.28246e-017
2.53205e-016
2.01437e-016
-1.11034e-017
5.75088e-017
-2.87912e-017
1.3291e-017
-9.54692e-017
-6.72487e-017
1.37472e-017
-8.60538e-017
-6.79579e-017
2.68244e-017
6.5927e-017
6.43911e-017
-4.58797e-017
-2.12782e-017
1.79582e-016
6.20466e-018
-8.14023e-017
-4.45781e-017
-6.27975e-017
3.67461e-018
-1.08556e-016
8.22137e-017
1.77242e-016
1.17249e-016
1.8044e-017
-2.12496e-017
-8.3733e-018
-5.1903e-017
-1.95792e-017
1.22789e-018
-1.44268e-016
-2.66811e-016
-5.38451e-017
-1.18005e-016
-1.58187e-016
1.27041e-016
1.19652e-016
-2.88552e-017
-3.78438e-017
-7.48148e-017
5.5387e-017
6.59738e-017
8.79927e-017
-6.53508e-017
-4.94669e-017
2.07483e-017
7.46453e-017
5.17834e-017
5.86676e-017
5.56347e-017
6.91864e-017
-1.14961e-018
1.12873e-017
7.61539e-017
1.2255e-017
1.69372e-016
1.11468e-016
1.05469e-016
1.15439e-016
-7.63665e-017
2.97258e-017
5.8363e-017
4.31681e-017
4.8002e-017
-1.6356e-016
1.78164e-016
-1.36079e-017
-1.94094e-016
-3.31219e-017
2.58073e-017
1.38813e-016
7.37117e-017
2.41525e-017
1.30924e-016
2.52603e-016
2.10123e-017
1.13653e-017
5.53257e-017
-1.78113e-017
3.72031e-017
1.05802e-016
-5.75125e-017
1.03558e-016
-1.05534e-016
2.73278e-016
1.37021e-016
4.36975e-017
1.11157e-016
1.62372e-016
1.63043e-017
-8.56688e-017
-2.07631e-017
1.37427e-016
1.51356e-016
1.88474e-016
1.77398e-016
-1.32757e-016
-2.01552e-016
-1.43954e-016
5.13394e-017
1.20337e-016
3.0973e-017
7.38373e-017
7.4446e-017
-1.57555e-016
-1.97417e-016
-6.54865e-017
-1.44844e-016
-1.80948e-018
-5.32569e-017
-3.84396e-018
2.67717e-017
-1.94569e-017
-9.55789e-017
-8.4913e-017
1.22042e-016
1.73466e-016
-9.62708e-017
-7.05467e-017
-2.08602e-016
-3.49146e-017
1.65329e-016
-6.98805e-017
4.07214e-017
-3.62098e-017
6.21834e-017
-1.31468e-016
5.78047e-017
1.91099e-017
-8.59074e-017
-4.75999e-017
-3.2273e-017
1.31301e-016
-1.70619e-016
2.22045e-016
9.34347e-017
3.30758e-017
-1.69681e-016
-1.67279e-016
-1.07387e-016
-1.3351e-017
-9.91575e-018
-9.09135e-018
3.63013e-017
-1.05544e-016
-2.78344e-016
-1.01358e-016
-3.35007e-017
-2.59047e-016
1.68017e-018
2.95224e-018
-1.85605e-016
1.49646e-016
-8.63702e-017
-3.21015e-018
1.61359e-017
-5.17249e-017
1.73988e-017
-6.09344e-017
9.3845e-017
-1.67486e-016
6.42238e-017
-1.25483e-016
2.86815e-017
2.46062e-017
1.3825e-017
2.37788e-016
-5.25831e-017
4.82034e-017
1.5579e-016
1.52547e-017
3.32564e-017
1.8182e-016
5.05074e-017
3.64407e-017
1.06732e-016
-6.28747e-017
-5.43138e-017
2.74223e-017
1.73521e-017
-8.87432e-017
1.30595e-016
-4.48999e-017
2.38449e-016
1.01921e-016
7.1161e-017
4.77281e-017
1.78169e-016
2.09702e-017
2.55119e-017
-2.7482e-017
1.38623e-016
-5.97251e-017
1.72596e-016
1.70875e-016
2.08762e-017
6.15463e-017
3.13987e-017
1.33716e-017
1.85903e-017
-5.14894e-017
2.89175e-018
1.53833e-016
6.78891e-018
4.15634e-017
9.23924e-017
3.91155e-017
-1.97101e-017
4.63219e-017
-9.1871e-017
-1.78812e-016
-1.10183e-017
-3.17387e-017
-1.05235e-017
3.32137e-017
-4.19556e-017
-1.5495e-017
6.24886e-017
9.01523e-017
3.48694e-017
1.41517e-016
1.06408e-016
4.27022e-017
1.67208e-017
1.46074e-017
-7.97942e-017
9.5644e-017
6.5768e-017
6.49201e-017
-1.77527e-016
7.64174e-017
-4.2662e-017
-8.91846e-017
-7.47378e-017
9.82344e-017
9.24255e-017
1.54175e-016
1.8269e-017
2.55069e-017
2.15921e-017
-1.34912e-016
1.64401e-016
-3.0582e-017
7.04601e-017
-1.13058e-016
3.76535e-017
-1.49027e-016
-4.40307e-017
6.34632e-017
-9.44398e-017
-1.06821e-016
-2.81764e-016
1.14016e-016
6.14179e-017
-1.66334e-016
-6.70703e-017
-8.02217e-017
1.16951e-016
1.56402e-016
-1.35938e-016
7.70941e-017
1.11299e-016
1.90396e-017
3.22131e-017
-1.01322e-016
-2.71634e-017
-1.74941e-016
-1.20329e-016
-6.41627e-017
-5.41289e-017
6.66959e-017
-9.18273e-017
-7.71065e-017
1.2517e-017
1.15264e-017
7.14117e-017
2.84772e-017
-5.72188e-017
-1.16552e-017
-6.70037e-017
6.37511e-017
1.27936e-016
-4.51028e-017
-1.16226e-016
-1.04083e-016
8.32667e-017
-2.77556e-017
0

-1.78891
-1.101
-1.00206
-0.976015
-0.961863
-0.953308
-0.947442
-0.943213
-0.939962
-0.93734
-0.935172
-0.933346
-0.931778
-0.930414
-0.929213
-0.928145
-0.927188
-0.926324
-0.925539
-0.924822
-0.924164
-0.923557
-0.922996
-0.922474
-0.921988
-0.921533
-0.921108
-0.920708
-0.920331
-0.919976
-0.91964
-0.919321
-0.919019
-0.918732
-0.918459
-0.918198
-0.91795
-0.917712
-0.917485
-0.917267
-0.917058
-0.916857
-0.916664
-0.916479
-0.9163
-0.916128
-0.915963
-0.915802
-0.915648
-0.915499
-0.915354
-0.915214
-0.915079
-0.914948
-0.914821
-0.914698
-0.914578
-0.914462
-0.914349
-0.91424
-0.914133
-0.914029
-0.913929
-0.91383
-0.913735
-0.913642
-0.913551
-0.913462
-0.913376
-0.913292
-0.91321
-0.913129
-0.913051
-0.912975
-0.9129
-0.912827
-0.912755
-0.912683
-0.912609
-0.912531
-0.91245
-0.912364
-0.912275
-0.912181
-0.912085
-0.911985
-0.911882
-0.911776
-0.911667
-0.911555
-0.91144
-0.911323
-0.911203
-0.91108
-0.910955
-0.910827
-0.910696
-0.910563
-0.910428
-0.91029
-0.910149
-0.910006
-0.909861
-0.909713
-0.909562
-0.909409
-0.909254
-0.909096
-0.908935
-0.908773
-0.908607
-0.90844
-0.908269
-0.908097
-0.907921
-0.907744
-0.907563
-0.907381
-0.907195
-0.907008
-0.906817
-0.906624
-0.906429
-0.906231
-0.90603
-0.905827
-0.905622
-0.905413
-0.905202
-0.904989
-0.904772
-0.904554
-0.904332
-0.904108
-0.903881
-0.903651
-0.903419
-0.903183
-0.902945
-0.902705
-0.902461
-0.902214
-0.901965
-0.901713
-0.901458
-0.9012
-0.900939
-0.900675
-0.900409
-0.900139
-0.899866
-0.89959
-0.899311
-0.899029
-0.898744
-0.898456
-0.898165
-0.89787
-0.897572
-0.897271
-0.896967
-0.89666
-0.896349
-0.896035
-0.895717
-0.895396
-0.895072
-0.894744
-0.894413
-0.894078
-0.89374
-0.893398
-0.893052
-0.892703
-0.89235
-0.891994
-0.891634
-0.89127
-0.890902
-0.89053
-0.890155
-0.889775
-0.889392
-0.889005
-0.888613
-0.888218
-0.887818
-0.887415
-0.887007
-0.886595
-0.886178
-0.885758
-0.885333
-0.884903
-0.88447
-0.884031
-0.883589
-0.883141
-0.882689
-0.882233
-0.881772
-0.881306
-0.880835
-0.880359
-0.879879
-0.879393
-0.878903
-0.878407
-0.877906
-0.8774
-0.876889
-0.876373
-0.875851
-0.875324
-0.874792
-0.874254
-0.87371
-0.873161
-0.872606
-0.872046
-0.871479
-0.870907
-0.870329
-0.869745
-0.869154
-0.868558
-0.867955
-0.867347
-0.866731
-0.86611
-0.865482
-0.864847
-0.864205
-0.863557
-0.862903
-0.862241
-0.861572
-0.860896
-0.860214
-0.859524
-0.858826
-0.858122
-0.857409
-0.85669
-0.855963
-0.855227
-0.854485
-0.853734
-0.852975
-0.852208
-0.851433
-0.85065
-0.849858
-0.849058
-0.848249
-0.847432
-0.846605
-0.84577
-0.844926
-0.844072
-0.84321
-0.842338
-0.841456
-0.840565
-0.839664
-0.838754
-0.837833
-0.836902
-0.835961
-0.83501
-0.834048
-0.833076
-0.832093
-0.831099
-0.830093
-0.829077
-0.82805
-0.827011
-0.82596
-0.824898
-0.823824
-0.822737
-0.821639
-0.820528
-0.819405
-0.818269
-0.81712
-0.815958
-0.814783
-0.813594
-0.812392
-0.811176
-0.809947
-0.808703
-0.807445
-0.806172
-0.804885
-0.803583
-0.802266
-0.800934
-0.799586
-0.798223
-0.796844
-0.795448
-0.794037
-0.792609
-0.791164
-0.789702
-0.788223
-0.786727
-0.785213
-0.783681
-0.782131
-0.780562
-0.778975
-0.777369
-0.775744
-0.7741
-0.772436
-0.770752
-0.769048
-0.767323
-0.765578
-0.763812
-0.762024
-0.760215
-0.758384
-0.756531
-0.754656
-0.752758
-0.750836
-0.748892
-0.746923
-0.744931
-0.742914
-0.740873
-0.738807
-0.736715
-0.734598
-0.732455
-0.730286
-0.72809
-0.725867
-0.723617
-0.721339
-0.719033
-0.716698
-0.714335
-0.711942
-0.70952
-0.707069
-0.704586
-0.702074
-0.69953
-0.696954
-0.694347
-0.691708
-0.689036
-0.686331
-0.683593
-0.680821
-0.678014
-0.675173
-0.672297
-0.669386
-0.666439
-0.663456
-0.660436
-0.657378
-0.654284
-0.651152
-0.647981
-0.644772
-0.641524
-0.638236
-0.634908
-0.63154
-0.628132
-0.624683
-0.621192
-0.61766
-0.614085
-0.610468
-0.606808
-0.603105
-0.599358
-0.595568
-0.591734
-0.587855
-0.583931
-0.579962
-0.575948
-0.571889
-0.567784
-0.563633
-0.559435
-0.555192
-0.550901
-0.546565
-0.542181
-0.537751
-0.533273
-0.528749
-0.524178
-0.519559
-0.514894
-0.510182
-0.505424
-0.500619
-0.495767
-0.49087
-0.485926
-0.480937
-0.475903
-0.470825
-0.465702
-0.460535
-0.455325
-0.450073
-0.444779
-0.439444
-0.434068
-0.428653
-0.4232
-0.417709
-0.412182
-0.406619
-0.401023
-0.395393
-0.389733
-0.384043
-0.378324
-0.372579
-0.366809
-0.361015
-0.355201
-0.349367
-0.343516
-0.337651
-0.331773
-0.325884
-0.319988
-0.314087
-0.308184
-0.302281
-0.296381
-0.290487
-0.284603
-0.278732
-0.272876
-0.26704
-0.261227
-0.25544
-0.249684
-0.243961
-0.238277
-0.232634
-0.227038
-0.221491
-0.215999
-0.210566
-0.205197
-0.199895
-0.194665
-0.189512
-0.184441
-0.179456
-0.174562
-0.169765
-0.165068
-0.160477
-0.155998
-0.151634
-0.147392
-0.143276
-0.139293
-0.135447
-0.131744
-0.12819
-0.124792
-0.121556
-0.118489
-0.1156
-0.112898
-0.110396
-0.108108
-0.106055
-0.104258
-0.102678
-0.101116
-0.0993644
-0.0973185
-0.0948863
-0.0919335
-0.0882492
-0.0834756
-0.0769432
-0.0671886
-0.0500135
-2.55916e-016

        60.1069     -0.0545818     -0.0234621
         160.74     -0.0878379     -0.0385562
        258.364      -0.120502     -0.0533317
        357.107      -0.149876     -0.0663523
        456.201      -0.176542     -0.0777544
        555.608      -0.198989     -0.0866584
        655.111      -0.216709     -0.0926755
        754.767      -0.229875     -0.0957681
        854.472      -0.238727     -0.0959648
          954.2      -0.243838     -0.0934943
        1053.99      -0.245491     -0.0884724
         1153.8      -0.244212     -0.0811714
        1253.65      -0.240487      -0.071873
        1353.51      -0.234757     -0.0608645
         1453.4      -0.227417     -0.0484317
        1553.29      -0.218826     -0.0348594
         1653.2      -0.209306     -0.0204251
        1753.11      -0.199102    -0.00538022
        1853.03      -0.188453      0.0100269
        1952.96      -0.177552      0.0255691
        2052.89      -0.166564      0.0410361
        2152.83      -0.155629      0.0562371
        2252.77      -0.144868       0.071001
        2352.71      -0.134376      0.0851785
        2452.66      -0.124231      0.0986413
        2552.61      -0.114494       0.111283
        2652.56      -0.105209       0.123018
        2752.51     -0.0964086       0.133779
        2852.47     -0.0881106       0.143519
        2952.43      -0.080325       0.152206
        3052.39     -0.0730527       0.159826
        3152.35     -0.0662876       0.166378
        3252.32     -0.0600181       0.171871
        3352.29     -0.0542284       0.176329
        3452.25     -0.0488995       0.179783
        3552.22     -0.0440096       0.182272
        3652.19     -0.0395358       0.183842
        3752.16     -0.0354538       0.184545
        3852.13      -0.031739       0.184436
        3952.11     -0.0283667       0.183574
        4052.08     -0.0253124       0.182018
        4152.06     -0.0225523        0.17983
        4252.03     -0.0200635       0.177072
        4352.01     -0.0178237       0.173804
        4451.99      -0.015812       0.170086
        4551.96     -0.0140085       0.165975
        4651.94     -0.0123945       0.161528
        4751.92     -0.0109526       0.156797
         4851.9    -0.00966659       0.151833
        4951.88    -0.00852139       0.146683
        5051.86    -0.00750316       0.141391
        5151.85    -0.00659916       0.135999
        5251.83    -0.00579771       0.130544
        5351.81    -0.00508815       0.125062
        5451.79    -0.00446079       0.119582
        5551.78    -0.00390682       0.114134
        5651.76    -0.00341827       0.108743
        5751.74    -0.00298793       0.103431
        5851.73    -0.00260931      0.0982167
        5951.71    -0.00227658      0.0931178
         6051.7    -0.00198449      0.0881484
        6151.68    -0.00172837      0.0833203
        6251.67    -0.00150401      0.0786434
        6351.66    -0.00130769      0.0741255
        6451.64    -0.00113606      0.0697727
        6551.63   -0.000986163      0.0655891
        6651.62   -0.000855375      0.0615776
         6751.6   -0.000741365      0.0577397
        6851.59   -0.000642068      0.0540757
        6951.58   -0.000555661      0.0505845
        7051.57   -0.000480536      0.0472646
        7151.56   -0.000415275      0.0441133
        7251.55   -0.000358628      0.0411273
        7351.53   -0.000309498      0.0383028
        7451.52    -0.00026692      0.0356353
        7551.51   -0.000230049      0.0331201
         7651.5   -0.000198145       0.030752
        7751.49   -0.000170557      0.0285257
        7851.48    -0.00014672      0.0264356
        7951.47   -0.000126138      0.0244761
        8051.46   -0.000108378      0.0226414
        8151.45  -9.30642e-005      0.0209258
        8251.44  -7.98683e-005      0.0193235
        8351.43  -6.85046e-005      0.0178287
        8451.42  -5.87251e-005       0.016436
        8551.41  -5.03141e-005      0.0151398
        8651.41  -4.30846e-005      0.0139347
         8751.4  -3.68744e-005      0.0128155
        8851.39  -3.15428e-005      0.0117773
        8951.38  -2.69683e-005       0.010815
        9051.37  -2.30456e-005     0.00992404
        9151.36  -1.96837e-005     0.00909991
        9251.36   -1.6804e-005     0.00833831
        9351.35  -1.43387e-005     0.00763513
        9451.34  -1.22293e-005     0.00698648
        9551.33  -1.04253e-005     0.00638864
        9651.32  -8.88335e-006     0.00583811
        9751.32  -7.56603e-006     0.00533157
        9851.31  -6.44118e-006     0.00486587
         9951.3  -5.48114e-006     0.00443807
        10051.3  -4.66217e-006     0.00404539
        10151.3  -3.96387e-006     0.00368522
        10251.3  -3.36874e-006     0.00335512
        10351.3  -2.86177e-006     0.00305279
        10451.3  -2.43009e-006      0.0027761
        10551.3   -2.0627e-006     0.00252306
        10651.3  -1.75015e-006      0.0022918
        10751.2  -1.48437e-006      0.0020806
        10851.2  -1.25847e-006     0.00188783
        10951.2  -1.06653e-006     0.00171201
        11051.2   -9.0353e-007     0.00155174
        11151.2  -7.65153e-007     0.00140575
        11251.2  -6.47729e-007     0.00127285
        11351.2  -5.48125e-007     0.00115193
        11451.2  -4.63671e-007     0.00104198
        11551.2   -3.9209e-007     0.00094206
        11651.2  -3.31443e-007    0.000851314
        11751.2   -2.8008e-007    0.000768944
        11851.2  -2.36595e-007    0.000694218
        11951.2  -1.99794e-007    0.000626463
        12051.2   -1.6866e-007    0.000565064
        12151.2  -1.42331e-007    0.000509452
        12251.2  -1.20073e-007     0.00045911
        12351.2  -1.01263e-007    0.000413561
        12451.1  -8.53728e-008     0.00037237
        12551.1  -7.19531e-008    0.000335138
        12651.1  -6.06239e-008    0.000301501
        12751.1  -5.10627e-008    0.000271128
        12851.1  -4.29964e-008    0.000243714
        12951.1  -3.61934e-008    0.000218983
        13051.1  -3.04577e-008    0.000196683
        13151.1  -2.56233e-008    0.000176584
        13251.1  -2.15501e-008    0.000158476
        13351.1  -1.81191e-008    0.000142171
        13451.1    -1.523e-008    0.000127494
        13551.1  -1.27979e-008    0.000114289
        13651.1  -1.07512e-008    0.000102414
        13751.1  -9.02936e-009   9.17387e-005
        13851.1  -7.58118e-009   8.21462e-005
        13951.1  -6.36355e-009   7.35303e-005
        14051.1  -5.34005e-009   6.57946e-005
        14151.1  -4.47998e-009    5.8852e-005
        14251.1  -3.75744e-009   5.26236e-005
        14351.1  -3.15062e-009   4.70382e-005
        14451.1  -2.64112e-009   4.20313e-005
          14551  -2.21344e-009   3.75447e-005
          14651  -1.85455e-009   3.35258e-005
          14751  -1.55347e-009   2.99273e-005
          14851  -1.30094e-009   2.67063e-005
          14951   -1.0892e-009   2.38242e-005
          15051  -9.11695e-010   2.12465e-005
          15151  -7.62936e-010   1.89416e-005
          15251  -6.38299e-010   1.68815e-005
          15351  -5.33896e-010   1.50408e-005
          15451  -4.46466e-010   1.33967e-005
          15551  -3.73267e-010   1.19287e-005
          15651  -3.11997e-010   1.06183e-005
          15751  -2.60725e-010   9.44915e-006
          15851   -2.1783e-010   8.40622e-006
          15951  -1.81951e-010   7.47622e-006
          16051  -1.51948e-010    6.6472e-006
          16151  -1.26865e-010   5.90841e-006
          16251  -1.05899e-010   5.25025e-006
          16351  -8.83791e-011    4.6641e-006
          16451  -7.37419e-011   4.14224e-006
          16551  -6.15158e-011   3.67776e-006
          16651  -5.13062e-011   3.26447e-006
          16751   -4.2782e-011   2.89685e-006
          16851   -3.5667e-011   2.56994e-006
          16951  -2.97292e-011   2.27931e-006
          17051   -2.4775e-011   2.02103e-006
          17151  -2.06423e-011   1.79154e-006
        17250.9  -1.71956e-011   1.58771e-006
        17350.9  -1.43214e-011   1.40671e-006
        17450.9  -1.19254e-011   1.24602e-006
        17550.9  -9.92821e-012   1.10342e-006
        17650.9  -8.26387e-012   9.76892e-007
        17750.9  -6.87712e-012   8.64661e-007
        17850.9  -5.72202e-012   7.65137e-007
        17950.9  -4.75973e-012   6.76905e-007
        18050.9  -3.95881e-012   5.98704e-007
        18150.9  -3.29181e-012   5.29411e-007
        18250.9  -2.73661e-012   4.68028e-007
        18350.9  -2.27498e-012   4.13665e-007
        18450.9   -1.8907e-012   3.65532e-007
        18550.9  -1.57157e-012   3.22926e-007
        18650.9  -1.30563e-012   2.85221e-007
        18750.9  -1.08471e-012   2.51861e-007
        18850.9  -9.01085e-013   2.22353e-007
        18950.9  -7.48693e-013   1.96259e-007
        19050.9  -6.21638e-013   1.73189e-007
        19150.9  -5.16034e-013   1.52798e-007
        19250.9  -4.28394e-013   1.34778e-007
        19350.9  -3.55393e-013   1.18857e-007
        19450.9  -2.94763e-013   1.04795e-007
        19550.9  -2.44484e-013   9.23774e-008
        19650.9  -2.02619e-013   8.14139e-008
        19750.9  -1.67934e-013   7.17366e-008
        19850.9  -1.39222e-013   6.31965e-008
        19950.9  -1.15257e-013   5.56617e-008
        20050.9  -9.55436e-014   4.90153e-008
        20150.9  -7.92881e-014   4.31538e-008
        20250.9  -6.57184e-014   3.79857e-008
        20350.9  -5.45698e-014   3.34298e-008
        20450.9  -4.53174e-014   2.94146e-008
        20550.9  -3.76619e-014   2.58765e-008
        20650.9   -3.1147e-014   2.27597e-008
        20750.8  -2.57654e-014   2.00143e-008
        20850.8   -2.1377e-014   1.75968e-008
        20950.8  -1.74137e-014   1.54683e-008
        21050.8  -1.44548e-014   1.35948e-008
        21150.8  -1.17779e-014   1.19459e-008
        21250.8  -9.77124e-015   1.04951e-008
        21350.8  -8.16962e-015   9.21873e-009
        21450.8  -6.83363e-015   8.09613e-009
        21550.8  -5.59385e-015   7.10895e-009
        21650.8   -4.6303e-015   6.24101e-009
        21750.8  -4.17004e-015   5.47805e-009
        21850.8  -3.35385e-015   4.80751e-009
        21950.8  -2.88988e-015   4.21831e-009
        22050.8  -2.20865e-015   3.70066e-009
        22150.8   -1.6959e-015   3.24598e-009
        22250.8  -1.41937e-015   2.84666e-009
        22350.8  -1.10527e-015   2.49604e-009
        22450.8  -1.03695e-015   2.18824e-009
        22550.8  -9.61273e-016   1.91806e-009
        22650.8   -9.7325e-016   1.68096e-009
        22750.8  -1.02915e-015   1.47293e-009
        22850.8  -1.04357e-015   1.29042e-009
        22950.8  -9.98276e-016   1.13035e-009
        23050.8  -9.62278e-016   9.89964e-010
        23150.8  -8.05687e-016   8.66877e-010
        23250.8  -4.89567e-016    7.5897e-010
        23350.8  -1.79312e-016   6.64389e-010
        23450.8  -1.07654e-016   5.81502e-010
        23550.8   4.41165e-017   5.08875e-010
        23650.8   7.35472e-018   4.45249e-010
        23750.8   1.72668e-016   3.89517e-010
        23850.8    1.8825e-016   3.40708e-010
        23950.8  -3.61284e-017    2.9797e-010
        24050.8  -2.58744e-016   2.60552e-010
        24150.8  -2.59662e-016   2.27799e-010
        24250.8  -3.34542e-016   1.99133e-010
        24350.8  -3.00674e-016   1.74048e-010
        24450.8  -2.45356e-016     1.521e-010
        24550.8  -2.42703e-016     1.329e-010
        24650.8    -8.976e-018   1.16107e-010
        24750.8  -1.20918e-016   1.01421e-010
        24850.8  -4.49421e-017   8.85796e-011
        24950.8  -2.56626e-016   7.73529e-011
        25050.8  -2.65439e-016   6.75394e-011
        25150.8  -2.92754e-016   5.89624e-011
        25250.8  -2.37122e-016   5.14671e-011
        25350.7  -1.09471e-016   4.49184e-011
        25450.7  -8.62284e-017   3.91974e-011
        25550.7    8.0417e-017   3.42002e-011
        25650.7   2.35244e-016    2.9836e-011
        25750.7   4.51682e-016   2.60252e-011
        25850.7   3.39586e-016   2.26983e-011
        25950.7   2.98237e-016   1.97938e-011
        26050.7   2.49961e-016   1.72587e-011
        26150.7   -4.2376e-017   1.50462e-011
        26250.7  -5.08679e-017   1.31156e-011
        26350.7  -1.32205e-016   1.14308e-011
        26450.7  -1.02581e-016   9.96118e-012
        26550.7  -5.35236e-017   8.67957e-012
        26650.7   1.00743e-016   7.56177e-012
        26750.7   1.90905e-016   6.58724e-012
        26850.7    3.0286e-016   5.73738e-012
        26950.7   9.94383e-017   4.99662e-012
        27050.7  -4.46372e-017   4.35111e-012
        27150.7  -1.77739e-016   3.78862e-012
        27250.7  -1.34078e-016   3.29837e-012
        27350.7  -3.87273e-016   2.87084e-012
        27450.7   -5.9154e-016   2.49856e-012
        27550.7  -3.41736e-016   2.17444e-012
        27650.7   -9.6281e-017   1.89192e-012
        27750.7   6.79192e-017   1.64588e-012
        27850.7   1.37271e-016   1.43183e-012
        27950.7    3.1317e-016   1.24555e-012
        28050.7   1.81449e-016    1.0831e-012
        28150.7  -5.49055e-017   9.41848e-013
        28250.7  -2.22434e-016   8.19005e-013
        28350.7  -2.90382e-016   7.11871e-013
        28450.7  -4.39977e-016   6.18716e-013
        28550.7   -1.5749e-016   5.37527e-013
        28650.7   1.58845e-016   4.67045e-013
        28750.7   4.05127e-017   4.05821e-013
        28850.7   2.67711e-016   3.52406e-013
        28950.7   1.95329e-016   3.06159e-013
        29050.7   5.48142e-017   2.66012e-013
        29150.7   -7.7597e-017   2.31044e-013
        29250.7  -3.19221e-017   2.00781e-013
        29350.7   -6.8027e-017   1.74529e-013
        29450.7  -1.64039e-016    1.5136e-013
        29550.7  -1.59147e-017   1.31475e-013
        29650.7  -1.34964e-016   1.14118e-013
        29750.7   -2.9379e-016   9.87837e-014
        29850.7  -2.87963e-016   8.56498e-014
        29950.7  -2.74914e-016   7.43095e-014
        30050.7  -4.28691e-016   6.45591e-014
        30150.7  -8.64054e-017   5.60146e-014
        30250.7  -7.35811e-017   4.85734e-014
        30350.7  -7.74441e-017   4.20171e-014
        30450.7   8.13396e-017   3.63617e-014
        30550.7  -8.26685e-017   3.15352e-014
        30650.7  -1.30745e-016   2.72144e-014
        30750.7  -1.87412e-016   2.37858e-014
        30850.7  -1.95737e-016   2.05976e-014
        30950.7  -2.95654e-016   1.80839e-014
        31050.7  -2.94911e-016    1.5509e-014
        31150.7  -9.84327e-017   1.34214e-014
        31250.7  -2.74572e-017   1.17283e-014
        31350.7   1.10495e-016   1.01216e-014
        31450.7   1.85489e-016   8.56553e-015
        31550.6   4.44201e-017   7.49884e-015
        31650.6  -7.04394e-017   6.44592e-015
        31750.6  -2.94906e-016   5.61959e-015
        31850.6  -2.32537e-016   4.79645e-015
        31950.6  -9.29792e-017   4.38682e-015
        32050.6   3.81227e-017   3.83402e-015
        32150.6   4.82811e-018   3.35018e-015
        32250.6   2.46205e-016    2.9149e-015
        32350.6   6.25182e-017   2.74447e-015
        32450.6   6.14915e-017   2.47792e-015
        32550.6  -7.46756e-017   2.21068e-015
        32650.6  -9.43554e-017   1.98369e-015
        32750.6   2.46334e-017   1.62636e-015
        32850.6  -2.15336e-016   1.62328e-015
        32950.6  -2.44588e-016    1.1978e-015
        33050.6   -1.9846e-016    1.0538e-015
        33150.6  -7.76397e-018   7.42514e-016
        33250.6   2.10398e-017   7.20076e-016
        33350.6  -9.18917e-018   7.18081e-016
        33450.6  -1.03924e-016   7.69674e-016
        33550.6   1.53476e-017   4.81878e-016
        33650.6   1.06492e-016    3.3039e-016
        33750.6   1.13143e-016   1.20185e-016
        33850.6   2.96625e-016   1.38248e-016
        33950.6   1.94886e-016   4.78561e-017
        34050.6   1.34876e-016   5.49271e-017
        34150.6   4.36331e-017   3.05203e-016
        34250.6  -5.56455e-018   3.77968e-016
        34350.6  -2.43879e-016   2.73462e-016
        34450.6   -1.5669e-016   4.37154e-016
        34550.6  -1.17449e-016   3.40959e-016
        34650.6  -1.40779e-016   3.88524e-016
        34750.6  -3.71303e-017   2.67854e-016
        34850.6   9.18813e-017   2.23341e-016
        34950.6   1.42012e-018   4.33101e-016
        35050.6   1.13072e-016   3.98184e-016
        35150.6  -1.82316e-017   1.47118e-016
        35250.6    1.3632e-017   3.63184e-016
        35350.6  -1.47509e-016   2.02138e-016
        35450.6  -1.25185e-016   1.37986e-016
        35550.6  -9.47731e-018   1.71894e-016
        35650.6   6.67055e-017   2.19122e-016
        35750.6   2.68896e-016  -3.45879e-019
        35850.6   1.45778e-016    2.8383e-016
        35950.6  -1.11709e-015    1.2769e-016
        36050.6   6.20856e-016  -8.10863e-017
        36150.6  -1.16821e-016  -8.80794e-017
        36250.6  -1.10628e-016  -3.54775e-016
        36350.6   9.18675e-017  -2.05301e-016
        36450.6   3.06914e-016   7.45765e-017
        36550.6   2.53293e-016   1.67175e-016
        36650.6   1.12351e-016   1.73066e-016
        36750.6   8.27184e-017  -4.63199e-017
        36850.6   2.92905e-016  -3.46802e-017
        36950.6   3.78666e-017  -7.76844e-017
        37050.6   7.63926e-017   2.03139e-016
        37150.6  -8.82783e-017   1.57059e-016
        37250.6  -2.13998e-016   1.64214e-016
        37350.6   5.50087e-018   2.50703e-016
        37450.6  -2.45031e-016   6.88808e-017
        37550.6  -1.57965e-016   1.28645e-016
        37650.6  -1.49719e-018  -8.05964e-017
        37750.6   2.52486e-017   1.44157e-016
        37850.6   5.54087e-017   8.23138e-017
        37950.6   1.05386e-016   3.82735e-018
        38050.6  -8.25767e-017  -8.83052e-017
        38150.6  -1.82292e-016   6.64313e-017
        38250.6   4.29965e-018   9.16873e-017
        38350.6  -1.74234e-017   6.49046e-017
        38450.6  -2.16755e-016   2.30973e-016
        38550.6   -1.7079e-017   9.98333e-017
        38650.6   2.97507e-016  -1.16722e-016
        38750.6   2.02003e-016  -2.41475e-016
        38850.6   1.53303e-016  -2.55769e-016
        38950.6   2.10384e-016   1.35214e-016
        39050.6  -5.16723e-018   2.93786e-017
        39150.6  -2.86079e-016   6.66594e-018
        39250.6  -6.59107e-017  -9.54723e-017
        39350.6  -9.81489e-017    -1.114e-016
        39450.6   -1.2095e-016  -3.95449e-017
        39550.6   2.61213e-016    1.1006e-016
        39650.6   5.41313e-018   1.41239e-016
        39750.6    -2.193e-018    1.4689e-016
        39850.6   2.97549e-016    1.6808e-016
        39950.6   3.93961e-016   1.91735e-016
        40050.6   1.69322e-016   4.48655e-017
        40150.6   4.74892e-017   9.92942e-017
        40250.6   1.17265e-017   7.85063e-017
        40350.5  -2.55957e-017   5.55079e-017
        40450.5    3.4121e-016  -2.47769e-018
        40550.5  -1.67936e-016   1.99139e-016
        40650.5  -2.43935e-016   9.75109e-017
        40750.5  -3.26216e-016   8.89547e-017
        40850.5   4.85917e-017  -1.15909e-016
        40950.5   2.87233e-016   1.19785e-016
        41050.5  -2.45591e-016   1.02174e-016
        41150.5  -2.94566e-016   7.56572e-017
        41250.5   2.59877e-016  -5.71834e-017
        41350.5   1.37423e-016  -4.20611e-017
        41450.5  -1.07077e-016   1.24124e-017
        41550.5   -5.2395e-017    7.0401e-017
        41650.5  -1.67965e-016   2.60558e-016
        41750.5   1.19151e-016     9.165e-017
        41850.5   2.42244e-017   1.51922e-016
        41950.5  -1.64148e-016    1.1548e-016
        42050.5   2.13971e-017    4.9345e-017
        42150.5  -6.67626e-017   3.21206e-017
        42250.5   2.91036e-016  -1.81624e-016
        42350.5   1.36307e-016  -3.82809e-016
        42450.5  -1.44747e-016  -1.89997e-016
        42550.5   9.87857e-017   7.40335e-017
        42650.5  -1.59045e-016   2.08923e-016
        42750.5   -2.8166e-016   2.01482e-016
        42850.5  -1.72156e-016   6.13083e-017
        42950.5   1.74366e-016   6.44909e-017
        43050.5  -3.21565e-016   3.42357e-016
        43150.5  -9.05373e-018  -2.02029e-016
        43250.5  -2.12753e-016   2.52398e-017
        43350.5  -1.70281e-016   2.05239e-016
        43450.5  -4.76943e-016   2.10735e-016
        43550.5    1.0396e-016   1.77246e-016
        43650.5  -1.41507e-016   2.16937e-016
        43750.5  -2.05157e-016   3.72103e-016
        43850.5  -6.91074e-017   2.49012e-016
        43950.5  -1.49427e-016   1.97829e-016
        44050.5  -3.81676e-017   2.73495e-016
        44150.5  -3.44919e-016   2.47414e-016
        44250.5   1.31433e-016  -3.30408e-017
        44350.5  -1.74701e-016   1.74337e-016
        44450.5    -3.308e-016   4.66357e-017
        44550.5   1.13478e-016  -4.51808e-017
        44650.5  -4.75225e-017  -5.01693e-018
        44750.5     1.016e-016   3.56003e-016
        44850.5   2.22797e-016   1.73529e-016
        44950.5   6.39043e-017   7.21268e-017
        45050.5   6.25119e-017   1.33639e-016
        45150.5   -1.5154e-016  -2.29992e-016
        45250.5   5.88985e-017   5.66278e-017
        45350.5   6.42997e-017  -1.12759e-016
        45450.5  -1.61828e-016   8.13527e-017
        45550.5  -3.89478e-017   -7.7549e-017
        45650.5  -5.51356e-018  -2.47891e-016
        45750.5  -7.54867e-017  -3.47333e-017
        45850.5  -3.36882e-016   4.94548e-018
        45950.5  -4.16173e-017  -1.62172e-017
        46050.5  -1.81604e-016  -8.38388e-017
        46150.5   9.97823e-019  -1.67298e-016
        46250.5  -3.90905e-017   5.86345e-017
        46350.5  -1.38564e-016   1.48732e-016
        46450.5   6.12849e-017   9.58156e-017
        46550.5   3.33562e-017  -1.73993e-016
        46650.5   -1.8289e-017   9.93483e-017
        46750.5   6.92361e-017  -1.32326e-016
        46850.5  -8.88396e-017   1.56482e-016
        46950.5   2.29142e-016   3.54947e-016
        47050.5   1.14739e-016   4.21723e-016
        47150.5   1.46306e-016   8.42753e-017
        47250.5   2.18136e-016   2.42004e-016
        47350.5   1.04612e-016   2.49477e-016
        47450.5   8.16548e-017   3.16603e-016
        47550.5   1.05515e-016   2.03168e-016
        47650.5  -2.42567e-017   3.88396e-016
        47750.5  -3.51596e-017   1.78409e-016
        47850.5   1.33345e-016   1.97802e-016
        47950.5   6.26101e-017    2.0804e-016
        48050.5   9.02196e-017   1.46861e-016
        48150.5   1.93915e-016   1.45323e-016
        48250.5  -9.51533e-018   1.29153e-016
        48350.5   2.59284e-017   1.32247e-016
        48450.5   1.58573e-016   2.31814e-016
        48550.5   9.29663e-017   3.45699e-016
        48650.5   1.46793e-016   1.82585e-016
        48750.5   8.27986e-018   8.54176e-018
        48850.5  -2.23399e-017   -6.1208e-017
        48950.5   1.63403e-016  -1.61382e-017
        49050.5    1.7592e-016  -2.00267e-016
        49150.5   1.26594e-016   1.51617e-016
        49250.5   1.43996e-016   -5.6833e-017
        49350.5   1.43331e-016   1.42129e-016
        49450.5   1.11741e-016  -9.25962e-017
        49550.5   2.49435e-016  -8.29151e-017
        49650.5   8.80273e-017   4.46948e-017
        49750.5   1.60805e-016  -5.69267e-017
        49850.5   5.99225e-017   5.57614e-017
        49950.5   2.53807e-017  -3.01171e-017

    0.000300667