Mesmer v0.1 compiled: -- May 21 2008 -- 11:04:32

Parsing input xml file... 

pentyl_isomerization_test.xml at 20080521_135940
The description element or attribute was missing or empty.
Cannot find argument me:eletronicExcitation for n-pentyl
Cannot find argument me:frequenciesScaleFactor
No method for the calculation of DOS in n-pentyl is provided. Default method <Classical rotors> is used.
No method for the calculation of distribution fraction in n-pentyl is provided. Default method <Boltzmann> is used.
The description element or attribute was missing or empty.
Cannot find argument me:eletronicExcitation for 2-pentyl
Cannot find argument me:frequenciesScaleFactor
No method for the calculation of DOS in 2-pentyl is provided. Default method <Classical rotors> is used.
No method for the calculation of distribution fraction in 2-pentyl is provided. Default method <Boltzmann> is used.
The description element or attribute was missing or empty.
Cannot find argument me:eletronicExcitation for n-pentyl=TS=2-pentyl
Cannot find argument me:frequenciesScaleFactor
No method for the calculation of DOS in n-pentyl=TS=2-pentyl is provided. Default method <Classical rotors> is used.
No imaginary vibrational frequency for n-pentyl=TS=2-pentyl
The me:tunneling element or attribute was missing or empty.
The description element or attribute was missing or empty.

File: "pentyl_isomerization_test.xml" successfully parsed.
Calculate EGME at 20080521_135940

Now calculating...

Write XML attribute at 20080521_135940
Precision: Double

Grid 
0

Build Collison Operator at 20080521_135940
Cell number = 
50800
, Grain number = 
508

m_scaleFactor was not defined but requested in n-pentyl=TS=2-pentyl. Default value 1 is given.
m_scaleFactor was not defined but requested in n-pentyl. Default value 1 is given.
m_scaleFactor was not defined but requested in 2-pentyl. Default value 1 is given.
Diagonlize Collision Operator at 20080521_135948 -- Time elapsed: 0 seconds.

Finish Calculation at 20080521_140053 -- Time elapsed: 8 seconds.
In total, 1 temperature/concentration-pressure points calculated.

Time stamps:
20080521_125940 -- Build Collison Operator
20080521_125948 -- Diagonlize Collision Operator
20080521_130053 -- Finish Calculation
 *Info in main
Save XML document to a new file at 20080521_140053 -- Total time elapsed: 73 seconds.

System saved to pentyl_isomerization_test.20080521_140053.xml
m_Mass is provided but not used in n-pentyl=TS=2-pentyl
