
Test density of states for ModelledMolecule: 2-pentyl

      T           qtot           sumc           sumg
    200         453970         457699         448141
    300   4.50294e+006   4.54484e+006   4.50186e+006
    400   3.74435e+007    3.7816e+007   3.76136e+007
    500   2.88352e+008   2.91346e+008   2.90346e+008
    600   2.11411e+009   2.13674e+009   2.13164e+009
    700   1.48102e+010   1.49723e+010    1.4946e+010
    800   9.89502e+010   1.00053e+011   9.99181e+010
    900   6.29271e+011   6.36382e+011   6.35705e+011
   1000    3.8051e+012   3.84859e+012   3.84528e+012
   1100   2.18744e+013   2.21268e+013    2.2111e+013
   1200   1.19611e+014   1.21002e+014    1.2093e+014
   1300   6.22729e+014   6.30022e+014   6.29701e+014
   1400   3.09092e+015   3.12727e+015   3.12589e+015
   1500   1.46484e+016    1.4819e+016   1.48133e+016
   1600   6.63909e+016   6.71115e+016   6.70889e+016
   1700   2.88256e+017   2.90516e+017   2.90429e+017
   1800     1.201e+018   1.20035e+018   1.20003e+018
   1900   4.80992e+018   4.71842e+018   4.71729e+018
   2000   1.85477e+019   1.75681e+019   1.75643e+019
   2100   6.89766e+019   6.16878e+019   6.16758e+019
   2200   2.47774e+020   2.03619e+020   2.03583e+020
   2300   8.61004e+020    6.3082e+020   6.30717e+020
   2400   2.89852e+021    1.8345e+021   1.83423e+021
   2500   9.46597e+021   5.01555e+021   5.01486e+021
   2600    3.0029e+022   1.29238e+022   1.29222e+022
   2700   9.26493e+022   3.14834e+022   3.14797e+022
   2800   2.78344e+023    7.2756e+022    7.2748e+022
   2900   8.15165e+023   1.60054e+023   1.60038e+023
   3000   2.32966e+024   3.36334e+023   3.36301e+023

Collision operator column Sums

7.59108e-016
1.27251e-016
7.83033e-017
1.61459e-016
1.26648e-016
-8.23964e-017
-3.38672e-017
-1.8532e-016
2.64968e-016
-6.08929e-017
-7.26118e-017
-1.33674e-016
3.09671e-017
-2.20435e-017
-1.35189e-016
7.01072e-017
-1.70208e-017
1.45921e-016
-1.34697e-016
-3.662e-017
9.50625e-017
1.75007e-016
3.15837e-016
1.24485e-016
1.96268e-016
-1.79207e-016
-7.63989e-017
9.09072e-017
-3.37481e-017
6.13023e-017
5.20282e-017
7.32007e-017
2.14983e-016
-5.31703e-019
5.94044e-017
-1.13127e-017
2.37782e-016
8.25747e-017
8.86068e-017
2.45297e-016
1.56825e-016
-9.07793e-018
1.28438e-016
-3.79754e-017
2.1818e-016
-1.20173e-016
2.29411e-016
-1.72144e-016
-6.07358e-017
2.65266e-016
-5.23069e-017
8.44011e-017
-9.64791e-018
6.88022e-017
2.57347e-016
-6.14833e-018
-7.88759e-017
1.1061e-016
-2.78262e-016
1.0214e-016
1.46251e-016
-1.12494e-016
3.77931e-018
1.7311e-016
1.25332e-016
1.08556e-017
2.37724e-017
-1.0351e-016
-2.35563e-017
-1.64724e-016
4.12676e-017
1.32529e-017
3.51628e-018
4.41251e-017
4.45997e-017
7.68439e-017
3.15858e-017
-7.24933e-017
-1.05315e-016
1.44016e-016
4.61487e-017
5.79451e-017
7.86837e-017
-5.41239e-018
-5.75918e-017
1.46919e-016
9.69698e-017
-3.23959e-017
-6.41358e-017
-3.77504e-017
2.85074e-017
4.26618e-017
-9.44941e-017
8.46463e-017
1.51282e-016
-3.91426e-017
-2.16151e-017
5.95168e-017
1.50717e-016
-1.08316e-016
-4.29645e-017
3.21432e-017
1.56025e-018
-8.60968e-017
3.18874e-017
2.44827e-016
1.00575e-016
4.29535e-017
-4.12866e-017
-2.31853e-017
-8.01585e-017
2.50421e-017
-1.93493e-016
1.19046e-016
1.56035e-016
-5.3841e-017
6.96056e-017
1.19855e-016
1.44498e-016
-5.01144e-017
-3.25771e-017
1.76074e-016
-1.50067e-017
-1.31074e-016
5.01075e-017
1.42746e-016
3.93646e-017
7.1238e-017
1.38983e-017
-1.32135e-017
7.26263e-017
-7.09887e-017
-4.77069e-017
2.02966e-016
3.91127e-017
3.61033e-016
4.48412e-017
-3.36585e-017
2.46049e-017
6.85912e-017
1.28863e-016
3.73037e-017
9.77783e-018
8.29255e-017
-1.30348e-016
1.60291e-016
2.86471e-017
1.1157e-016
-5.2844e-017
-1.5214e-019
1.62146e-016
-9.99797e-017
2.20867e-017
-1.25512e-017
-1.20025e-016
-1.16529e-016
-7.66478e-018
1.53293e-016
-1.51438e-016
-9.89142e-017
1.13646e-017
9.44026e-017
1.04597e-016
6.58743e-017
1.03072e-017
-5.7537e-017
-2.49456e-017
5.61141e-017
-5.65026e-017
-2.28794e-016
-9.75396e-017
-5.63197e-018
-1.46758e-016
-1.67265e-017
5.71336e-017
-2.39388e-017
3.52745e-017
7.78814e-017
-3.39453e-017
1.32604e-016
3.77734e-017
2.11579e-016
-1.13002e-016
-1.31344e-016
8.25034e-017
-9.14734e-017
2.06159e-017
-1.16738e-016
6.29935e-017
3.83887e-017
-4.0385e-017
-4.25031e-017
9.468e-018
-2.18895e-017
7.94772e-018
9.44791e-017
1.3216e-016
-1.19542e-016
-1.43749e-017
2.01413e-016
1.42147e-016
-1.95332e-017
8.38511e-017
6.61589e-017
-7.39436e-017
1.56086e-016
-6.89544e-017
7.76651e-017
-8.44263e-017
3.21731e-017
-2.73675e-017
-5.94039e-017
-3.64059e-017
-3.98403e-017
-3.19377e-017
7.38721e-017
1.05867e-016
-5.04098e-017
1.17644e-016
-7.29321e-017
-1.08169e-016
-1.16131e-016
4.25242e-018
2.45536e-017
-5.78845e-017
-5.75e-018
9.27279e-017
6.89954e-018
-1.35727e-016
3.30444e-017
-1.26735e-016
1.04759e-016
6.04625e-017
-2.77555e-017
-9.66123e-017
1.28939e-017
-4.83363e-017
8.55761e-017
2.6857e-017
-1.90359e-016
-1.95683e-017
-1.35082e-016
8.17363e-018
1.61383e-016
-3.59076e-017
-4.35073e-017
7.94276e-017
-4.04418e-017
4.99245e-017
1.45458e-016
1.04173e-016
-2.60153e-017
-1.29895e-017
-6.67284e-017
-1.43731e-016
1.64226e-016
4.76125e-017
-1.57062e-016
3.13727e-017
-8.85304e-017
1.50839e-017
1.13795e-016
1.29767e-016
-4.33777e-017
2.12703e-017
-6.11118e-017
-1.02086e-016
-8.29309e-017
6.67318e-018
1.66039e-016
7.26057e-018
-3.20179e-017
5.77098e-017
5.16223e-017
4.5989e-017
3.70949e-017
4.46487e-017
1.03563e-017
6.881e-017
7.63754e-018
-1.6066e-016
5.2333e-017
5.49184e-017
-4.60436e-017
6.53779e-017
-8.65116e-017
-6.27882e-018
-1.59459e-016
4.26792e-017
2.17126e-017
-2.21156e-017
2.34885e-017
-8.13774e-017
5.37876e-017
5.4786e-017
-2.07864e-017
1.28138e-016
2.13826e-016
3.00738e-017
-1.21818e-016
5.38057e-017
1.5519e-016
1.7778e-016
9.54631e-017
7.79185e-017
-3.79166e-017
3.67295e-017
2.11667e-016
1.5433e-017
5.38065e-017
3.94085e-017
-3.87813e-018
1.00071e-016
7.80947e-017
-1.75607e-016
8.31262e-017
-1.02389e-016
1.16565e-016
2.04546e-016
2.37178e-016
1.44578e-016
-2.72399e-017
1.85746e-017
-1.66472e-016
1.0343e-016
-1.11636e-016
-1.74578e-017
-4.63346e-017
-5.1228e-017
5.23219e-017
-1.66348e-018
-9.56684e-017
-2.24705e-016
1.12224e-016
-1.08189e-016
-1.2615e-016
1.39873e-016
-1.35948e-016
2.52202e-017
9.73318e-017
1.14492e-016
7.11742e-017
-1.0156e-016
2.45059e-017
-3.8799e-017
3.36163e-017
-3.29606e-017
-1.25032e-018
4.6632e-017
-6.91151e-017
-1.42701e-017
-1.69666e-016
8.81476e-017
2.6309e-017
-4.03822e-017
1.34444e-017
-4.75887e-017
-1.43685e-016
2.30875e-016
8.13291e-017
-1.88623e-016
-2.56763e-017
7.03888e-017
-1.90021e-016
-1.56377e-016
-1.48842e-017
7.37841e-017
-1.5591e-016
4.89359e-017
-5.5926e-017
7.22606e-017
-6.46381e-017
1.72621e-016
-1.1365e-016
2.30059e-016
-1.00176e-016
-9.37634e-018
6.24892e-017
-5.09252e-017
-8.09952e-018
-1.48998e-017
-1.02022e-016
1.96094e-016
-9.47908e-017
-5.0668e-017
-2.01017e-016
5.22893e-017
-9.43624e-018
1.12872e-016
1.31264e-016
-7.74264e-017
1.20957e-016
-6.28735e-017
-2.7371e-017
7.99375e-017
-1.97523e-017
8.71645e-017
-2.4313e-017
-1.51816e-017
2.24075e-016
4.72606e-017
1.76637e-017
1.02668e-016
-6.15449e-017
5.95828e-017
6.66951e-018
-1.20554e-016
2.73773e-017
4.32547e-017
4.96425e-017
1.71483e-016
6.8766e-017
-4.49163e-017
-6.0887e-017
-1.07263e-016
1.35919e-016
-5.73074e-017
6.95244e-017
-1.51126e-017
-2.35275e-016
-1.0197e-016
-5.12792e-017
-5.73587e-017
-1.83823e-016
-1.62042e-016
8.30985e-017
1.18922e-016
-5.33636e-017
3.59148e-017
-2.07827e-017
8.13631e-017
1.7156e-016
-1.12712e-016
9.19911e-017
4.17579e-017
6.83581e-017
6.91951e-018
1.43636e-016
1.6958e-017
1.35413e-016
-1.71309e-016
3.04096e-017
5.01963e-017
5.29061e-017
3.4153e-017
7.19566e-017
-6.97563e-017
-8.53e-017
1.82464e-017
-2.14885e-017
8.14051e-017
-1.69107e-016
-1.48123e-017
2.89953e-017
2.88924e-017
6.54395e-017
-5.7149e-017
1.28379e-017
1.54405e-016
3.01167e-016
-4.17372e-017
1.37315e-016
2.27094e-017
1.59767e-017
-4.66835e-017
2.34824e-016
-5.9917e-017
9.89266e-017
-3.93896e-017
5.22948e-017
4.50501e-017
-1.60412e-017
4.23149e-017
-5.70395e-017
-2.20203e-017
6.15594e-017
5.647e-019
4.53393e-017
1.40254e-016
-9.71018e-018
7.20454e-017
1.89468e-016
1.12412e-017
-2.76204e-017
1.52406e-016
1.59416e-016
-1.73324e-016
-4.29418e-018
-6.31545e-017
1.87402e-016
3.97971e-017
6.3098e-017
-6.39747e-017
-5.6298e-018
-3.70001e-017
1.80808e-017
-2.92633e-017
5.0578e-017
1.77267e-017
5.94685e-017
-2.92843e-016
-4.46691e-017
-2.86229e-017
1.73472e-017
2.498e-016
-5.55112e-017
2.77556e-017
1.11022e-016

Test density of states for ModelledMolecule: n-pentyl

      T           qtot           sumc           sumg
    200         108578         109151         106870
    300   1.10474e+006   1.11151e+006   1.10099e+006
    400   9.47627e+006   9.53842e+006   9.48736e+006
    500   7.51948e+007   7.57077e+007   7.54477e+007
    600   5.66229e+008    5.7019e+008   5.68828e+008
    700   4.05921e+009   4.08812e+009   4.08094e+009
    800   2.76589e+010   2.78585e+010    2.7821e+010
    900   1.78855e+011   1.80158e+011   1.79967e+011
   1000   1.09695e+012     1.105e+012   1.10405e+012
   1100   6.38269e+012   6.42983e+012   6.42526e+012
   1200   3.52646e+013   3.55264e+013   3.55051e+013
   1300   1.85246e+014   1.86627e+014   1.86532e+014
   1400   9.26633e+014   9.33541e+014    9.3313e+014
   1500   4.42132e+015    4.4536e+015   4.45189e+015
   1600   2.01585e+016   2.02884e+016   2.02815e+016
   1700   8.79861e+016   8.82784e+016    8.8252e+016
   1800   3.68307e+017   3.66373e+017   3.66275e+017
   1900   1.48122e+018   1.44561e+018   1.44527e+018
   2000   5.73328e+018    5.3994e+018   5.39823e+018
   2100   2.13937e+019   1.90079e+019   1.90042e+019
   2200   7.70854e+019   6.28712e+019     6.286e+019
   2300   2.68617e+020     1.951e+020   1.95068e+020
   2400   9.06591e+020   5.68124e+020   5.68039e+020
   2500   2.96766e+021    1.5549e+021   1.55469e+021
   2600   9.43457e+021   4.01002e+021   4.00951e+021
   2700   2.91664e+022   9.77551e+021   9.77435e+021
   2800   8.77845e+022   2.26034e+022   2.26009e+022
   2900   2.57524e+023   4.97483e+022   4.97432e+022
   3000   7.37141e+023   1.04581e+023   1.04571e+023

Collision operator column Sums

4.02508e-016
1.66151e-016
-3.57097e-017
1.0606e-016
3.47233e-016
-1.37879e-016
6.43221e-018
1.09653e-016
7.82483e-017
-1.55618e-017
-2.35622e-017
8.97361e-017
1.47886e-016
8.03469e-017
-3.17181e-017
1.87712e-016
7.67166e-017
5.15974e-017
6.80884e-017
3.66198e-017
-2.20933e-016
1.69196e-016
-1.57255e-016
7.88371e-017
-9.48207e-017
1.79399e-016
1.0925e-016
-5.98441e-017
9.5692e-017
1.05395e-016
5.14095e-017
2.64518e-016
-4.23801e-017
-1.70516e-016
7.55337e-017
-5.45523e-017
4.3579e-017
-9.81497e-017
-9.94946e-017
1.98069e-016
-1.41974e-016
-3.42062e-018
-5.6121e-017
-7.90292e-017
-1.839e-016
5.08354e-017
-6.08155e-017
-1.48987e-016
-2.2509e-016
1.70497e-016
1.30008e-016
7.23086e-017
1.8092e-016
4.80527e-017
1.93345e-016
-1.45732e-016
-1.60136e-016
1.33996e-016
-1.30395e-016
-5.75228e-017
-6.38513e-017
4.7191e-017
1.32735e-016
1.58589e-016
7.82539e-017
-1.24161e-016
-5.76757e-017
-1.43621e-016
-9.34191e-017
-7.66054e-019
1.56544e-016
1.28625e-016
1.29571e-016
1.51406e-016
5.80555e-018
-5.82702e-017
1.80303e-016
-2.77478e-018
1.96412e-016
1.61237e-016
-1.55856e-016
-1.57106e-017
1.33564e-016
-9.95599e-017
1.0692e-016
9.12577e-017
-1.97993e-016
1.35003e-016
6.90629e-017
5.13232e-017
4.80978e-017
2.09784e-016
-1.20583e-016
2.0426e-017
-9.62382e-017
-6.7269e-017
6.85402e-017
-1.47674e-016
5.97323e-017
5.72483e-017
-5.2227e-017
1.05632e-016
-3.21789e-017
-4.88873e-017
1.13919e-016
1.67786e-016
-1.65501e-016
-9.8933e-017
1.06503e-016
1.93849e-016
-7.1628e-017
7.84506e-017
-8.88579e-017
7.29722e-017
-2.70083e-016
-3.96056e-017
-2.36435e-016
-4.18628e-017
-5.88459e-017
1.85691e-016
5.88662e-017
9.44477e-017
1.12325e-016
-1.38086e-016
-1.33035e-017
8.45913e-017
1.20071e-016
1.7421e-016
-1.68979e-016
-2.80704e-017
6.25935e-017
9.29556e-017
1.19145e-016
-2.76219e-016
-9.31107e-017
1.75807e-016
7.17483e-017
2.75002e-017
-1.23502e-016
1.14817e-016
-1.44318e-017
5.74167e-017
-5.65713e-017
-2.75225e-017
1.38834e-016
7.02796e-017
-6.77881e-017
1.41145e-016
1.60939e-017
-9.57579e-017
7.53065e-017
3.89839e-017
1.00742e-016
5.55292e-017
4.00962e-018
5.05827e-018
2.63511e-017
-2.80363e-018
7.90689e-017
2.80095e-016
-7.69158e-017
1.4021e-016
-4.70819e-019
5.51753e-017
1.22324e-016
1.25278e-016
-2.20467e-017
-2.80517e-017
-5.77494e-017
-3.54577e-017
-2.02038e-016
-6.19873e-018
-4.30845e-017
-5.08836e-017
2.39163e-017
-2.55248e-017
-6.82555e-017
1.12506e-016
4.80788e-017
3.10219e-017
3.5621e-017
1.30904e-016
-1.37926e-016
-9.97673e-017
7.81957e-017
1.01852e-016
1.28436e-017
1.21195e-016
1.29749e-016
-3.1042e-017
-5.02068e-017
-1.29984e-016
-2.33659e-016
1.60666e-017
-1.28156e-016
-1.67802e-016
3.70006e-017
-7.34292e-017
5.94898e-017
2.32379e-016
-1.32606e-016
4.52133e-017
2.44121e-016
1.81525e-016
-1.54755e-016
7.35183e-017
-2.33951e-016
-1.21825e-016
-4.89502e-017
2.459e-017
-7.89725e-019
-1.54008e-016
9.73167e-017
-2.52255e-016
1.5863e-016
7.85761e-017
1.93913e-016
-3.4239e-017
5.49254e-017
-2.07126e-016
-3.9737e-017
2.1939e-016
6.90157e-017
7.18778e-017
6.25335e-017
-8.02237e-017
-1.85429e-017
-1.67588e-017
-1.89976e-017
5.59864e-017
1.97485e-016
-1.84108e-017
2.47663e-017
-6.73872e-017
1.48236e-016
-4.86355e-017
-1.07966e-016
8.00763e-018
-3.7246e-018
-8.58142e-017
-1.21919e-016
-1.30102e-016
-1.39302e-016
-1.01926e-016
-1.05882e-016
-8.18312e-017
-5.97475e-017
1.32325e-016
4.04355e-017
7.68744e-017
5.40032e-017
-1.6122e-016
5.41843e-017
-1.91689e-016
2.73359e-017
-8.50245e-017
5.94995e-017
2.73218e-017
5.93351e-017
1.31253e-016
-1.20252e-016
-1.38125e-016
9.94253e-017
-2.98257e-017
1.56286e-016
-1.71404e-016
-1.2077e-016
4.59191e-017
-2.99321e-017
-1.13579e-017
-8.80844e-017
2.5143e-017
-5.42594e-017
1.41316e-016
-5.95271e-017
-1.46143e-017
-1.27985e-017
1.25248e-016
-9.51561e-019
1.33169e-016
6.05138e-017
1.47687e-016
4.37482e-017
2.52123e-016
2.20952e-016
-8.71624e-017
-1.70282e-016
-3.39259e-017
1.01699e-016
5.12559e-017
-6.97067e-017
-1.35261e-016
1.66312e-016
1.58754e-016
7.82876e-017
3.98411e-017
2.24906e-016
5.08216e-017
-8.11074e-017
1.25684e-016
6.44174e-017
-3.55787e-017
9.34442e-017
1.16633e-016
-2.49244e-017
4.96712e-018
-9.0302e-017
9.78061e-017
3.68088e-017
-4.53568e-017
-1.17536e-016
3.61932e-017
-7.77546e-018
-3.57036e-017
-1.67685e-017
9.29976e-017
-7.24874e-018
2.47624e-017
1.8363e-016
-2.64403e-016
-1.65223e-016
6.57454e-017
7.6636e-017
-8.93598e-017
2.36774e-017
2.26808e-017
4.0045e-017
1.02519e-016
1.08304e-016
-1.30188e-016
-8.63129e-017
2.06768e-018
-1.99683e-017
2.6036e-017
-2.05722e-016
3.79499e-017
-2.13256e-016
9.21962e-017
-8.81368e-017
-2.76316e-016
9.65261e-017
-1.81039e-017
7.4038e-017
-1.26336e-016
-1.54037e-016
-8.10213e-017
-4.18831e-017
-7.68075e-017
5.83165e-017
-2.47809e-016
-5.20415e-017
9.82033e-017
2.98072e-017
-8.52025e-017
3.66855e-017
-1.1203e-016
-3.6621e-018
2.82955e-017
-6.0766e-017
8.06267e-017
7.15097e-017
1.16751e-016
-1.41049e-016
-4.9934e-017
1.53351e-016
-1.66184e-016
-1.5438e-016
6.92854e-017
-2.54222e-016
-6.24831e-017
-9.18314e-017
7.51444e-018
9.1299e-017
5.99228e-017
-1.42282e-016
9.35909e-017
1.88983e-017
1.29853e-016
9.32909e-017
-9.95135e-017
1.25965e-016
-2.35908e-017
-1.87647e-017
1.00585e-016
3.12138e-016
-1.58079e-016
-7.88191e-017
1.51784e-016
1.6357e-016
-4.68279e-017
2.95066e-017
7.64867e-017
4.34493e-017
-2.47755e-016
-5.3571e-017
6.658e-017
-9.89657e-018
4.88338e-017
-5.05428e-017
-1.30045e-016
-1.4664e-016
1.57147e-016
9.29243e-017
3.85673e-017
-4.77993e-017
6.78294e-017
-9.65116e-018
1.48259e-017
-6.47905e-018
-1.37519e-016
1.55758e-019
1.00231e-016
4.17428e-017
-7.43867e-017
-1.66292e-016
8.37672e-017
5.80688e-017
-1.03723e-016
1.73391e-017
-1.40815e-016
-1.35308e-016
-1.57255e-016
-9.21336e-017
-1.8361e-016
-7.93654e-019
-1.52485e-016
-3.91672e-017
1.90332e-017
2.32983e-016
2.01896e-016
1.5145e-016
-4.80786e-017
-1.37696e-016
8.27361e-017
-7.87081e-017
-1.26791e-017
3.58148e-017
1.13478e-016
1.90002e-017
-1.84739e-016
1.21096e-016
-2.45738e-017
-1.14264e-016
1.80654e-016
1.40469e-016
6.00866e-017
-3.9804e-017
7.73505e-017
-1.24062e-016
-4.36056e-018
2.02804e-016
3.91142e-017
5.25052e-017
1.7006e-016
-4.31906e-017
2.37057e-016
7.36218e-017
-2.46157e-017
-2.26344e-017
1.00009e-016
4.70279e-017
-5.85349e-017
1.16779e-016
1.40014e-016
-6.97289e-017
8.06921e-017
7.01688e-017
-1.93254e-017
-1.6461e-016
-3.34387e-017
6.56969e-017
1.15877e-016
1.62614e-016
-4.02258e-018
-8.41566e-017
6.0835e-017
2.55547e-016
-1.27933e-016
3.01535e-017
-1.9076e-016
-2.72134e-018
-5.62068e-017
4.21285e-017
-1.74666e-017
3.34136e-017
7.42243e-017
1.21721e-016
1.16043e-016
-2.06921e-018
1.09468e-016
1.01273e-017
-1.55436e-017
-1.22289e-016
4.80179e-017
1.53528e-016
8.26196e-018
-2.32155e-017
3.40304e-017
3.25803e-017
-1.11131e-017
-5.49691e-017
1.84748e-016
5.20417e-017
-1.9082e-017
-1.42247e-016
-4.16334e-017
5.55112e-017
0

Test density of states for ModelledMolecule: n-pentyl=TS=2-pentyl

      T           qtot           sumc           sumg
    200        58491.9        58430.3        57221.2
    300         336947         336536         333362
    400   1.92445e+006   1.92184e+006   1.91156e+006
    500   1.13247e+007   1.13081e+007   1.12693e+007
    600   6.79259e+007   6.78198e+007   6.76578e+007
    700   4.07188e+008   4.06525e+008   4.05811e+008
    800   2.40034e+009   2.39631e+009   2.39309e+009
    900   1.37609e+010   1.37373e+010   1.37227e+010
   1000   7.61851e+010   7.60526e+010   7.59871e+010
   1100   4.05636e+011   4.04924e+011   4.04635e+011
   1200    2.0724e+012   2.06875e+012   2.06751e+012
   1300   1.01501e+013   1.01322e+013    1.0127e+013
   1400   4.76528e+013   4.75678e+013   4.75469e+013
   1500   2.14552e+014   2.14146e+014   2.14064e+014
   1600   9.27207e+014   9.24917e+014   9.24605e+014
   1700   3.85037e+015   3.83243e+015   3.83128e+015
   1800   1.53835e+016   1.52151e+016    1.5211e+016
   1900   5.92129e+016   5.77125e+016   5.76987e+016
   2000   2.19882e+017   2.08307e+017   2.08262e+017
   2100   7.88825e+017   7.12379e+017   7.12239e+017
   2200    2.7377e+018   2.30024e+018   2.29983e+018
   2300   9.20432e+018   6.99831e+018   6.99717e+018
   2400    3.0017e+019   2.00526e+019   2.00496e+019
   2500   9.50734e+019   5.41636e+019   5.41561e+019
   2600   2.92816e+020   1.38185e+020   1.38168e+020
   2700   8.77966e+020   3.33878e+020   3.33838e+020
   2800    2.5656e+021   7.66319e+020   7.66235e+020
   2900   7.31451e+021   1.67619e+021   1.67601e+021
   3000   2.03659e+022   3.50529e+021   3.50495e+021

     -0.0919467
     -0.0883197
     -0.0836105
     -0.0771763
     -0.0712666
      -0.067471
     -0.0504027
     -0.0501247
  -2.68598e-009
  -1.50698e-016

