
            /|      /|                        \   
           / |     / | ________________________\  
          /  |    /  |  _   _             _   _   
         /   |   /   | / \ / \ |\     /| / \ / \  
        /    |  /    | \_/ \_  | \   / | \_/ |_/  
       /     | /     | /     \ |  \ /  | /   | \  
    \_/      |/      | \_/ \_/ |   V   | \_/ |  \ 

     Mesmer: Master Equation Solver for Multi-Energy well Reactions
     Mesmer v5.0 compiled: -- Nov 15 2015 -- 14:38:58

     Copyright (C) 2009-2015 by
     Struan H. Robertson, David R. Glowacki, Chi-Hsiu Liang,
     Chris Morley, Michael J. Pilling and contributors

     Mesmer is free software: you can redistribute it and/or modify
     it under the terms of the GNU Public License as published by
     the Free Software Foundation, either version 2 of the License,
     or (at your option) any later version.

     But WITHOUT ANY WARRANTY; without even the implied warranty of
     MERCHANTABILITY or FITNESS FOR A PARTICULAR PURPOSE.  See the
     GNU Public License for more details.

    You should have received a copy of the GNU Public License
    along with Mesmer.  If not, see <http://www.gnu.org/licenses/>.

defaults.xml, librarymols.xml are in ../..

Parsing input xml file...
HSO2.xml

The default value of me:calcMethod was used.
--Parse data for simpleCalc
Energy convention "" written to <moleculeList>
In He: He copied from ../../librarymols.xml
In R1: Parsing reaction...Association reaction
In H: The default value of me:DOSCMethod was used.
In SO2: The default value of the attribute spinMultiplicity was used.
In HSO2: The default value of me:DistributionCalcMethod was used.
In HSO2: --Parse data for Boltzmann
In HSO2: --Parse data for ExponentialDown
In TS1: No imaginary vibrational frequency. Check if there is tunneling.
The default value of me:DOSCMethod was used.
In R1: --Parse data for SimpleRRKM
In R1: No tunneling method used for R1
In R1: No crossing method used for R1
In R1: Not a unimolecular reaction: look for excess reactant concentration.
In R2: Parsing reaction...Association reaction
In HOSO: The default value of me:DistributionCalcMethod was used.
In HOSO: --Parse data for Boltzmann
In HOSO: --Parse data for ExponentialDown
In TS2: No imaginary vibrational frequency. Check if there is tunneling.
The default value of me:DOSCMethod was used.
In R2: --Parse data for SimpleRRKM
In R2: No tunneling method used for R2
In R2: No crossing method used for R2
In R2: Not a unimolecular reaction: look for excess reactant concentration.
In R4: Parsing reaction...Isomerization reaction
In TS4: No imaginary vibrational frequency. Check if there is tunneling.
The default value of me:DOSCMethod was used.
In R4: --Parse data for SimpleRRKM
In R4: No tunneling method used for R4
In R4: No crossing method used for R4
In R6: Parsing reaction...Irreversible unimolecular reaction
In R6: --Parse data for MesmerILT
In R6: The default value of me:TInfinity was used.
In OH: The default value of me:DOSCMethod was used.
In SO: The default value of me:DOSCMethod was used.
In R6: No tunneling method used for R6
In R6: No crossing method used for R6
3.37e+18PPCC, 295K at dd precision with He
--Parse data for ThermodynamicTable
Write metadata 20151115_171055

File: "HSO2.xml" successfully parsed.
Main Calculation begins

--Execute calcMethod simpleCalc
PT Grid 0
Number of cells = 25200, Number of grains = 252
Number of grains produced is not equal to that requested
Number of grains requested: 252
Number of grains produced : 1
In FastLaplaceConvolution: 20 values in the FFT convolution routine were replaced by standard convolution
In FastLaplaceConvolution: 40 values in the FFT convolution routine were replaced by standard convolution
Build Collison Operator
Diagonalize the Reaction Operator -- Time elapsed: 7 seconds.

    Temperature  Concentration    Exp. Coeff.    Cal. Coeff.

            295       3.37e+18
Finish Calculation of P-T case
1 temperature/concentration-pressure points calculated.

--Execute calcMethod ThermodynamicTable
In He: The default value of the attribute spinMultiplicity was used.
In He: The default value of me:DOSCMethod was used.
gDensityOfStates initialization failed.
 -- Total time elapsed: 8 seconds.

System saved to mesmer_out.xml
Total time elapsed: 8 seconds.
