
            /|      /|                        \   
           / |     / | ________________________\  
          /  |    /  |  _   _             _   _   
         /   |   /   | / \ / \ |\     /| / \ / \  
        /    |  /    | \_/ \_  | \   / | \_/ |_/  
       /     | /     | /     \ |  \ /  | /   | \  
    \_/      |/      | \_/ \_/ |   V   | \_/ |  \ 

     Mesmer: Master Equation Solver for Multi-Energy well Reactions
     Mesmer v7.1 compiled: -- May  1 2023 -- 14:31:23

     Copyright (C) 2009-2022 by
     Struan H. Robertson, Chris Morley, Chi-Hsiu Liang,
     David R. Glowacki, Michael J. Pilling and contributors

     Mesmer is free software: you can redistribute it and/or modify
     it under the terms of the GNU Public License as published by
     the Free Software Foundation, either version 2 of the License,
     or (at your option) any later version.

     But WITHOUT ANY WARRANTY; without even the implied warranty of
     MERCHANTABILITY or FITNESS FOR A PARTICULAR PURPOSE.  See the
     GNU Public License for more details.

    You should have received a copy of the GNU Public License
    along with Mesmer.  If not, see <http://www.gnu.org/licenses/>.

                     Platform:        Windows64
                     Execution Date:  Mon May  1 15:44:06 2023
                     Number of ranks: 4

defaults.xml, librarymols.xml are in ../..

Parsing input xml file...
ThermodynamicTable.xml

--Parse data for ThermodynamicTable
In HNO2: The default value of me:DOSCMethod was used.
In HNO2: The default value of the attribute spinMultiplicity was used.
In HNO2: The default attribute(s) were added to the the property me:Hf0
In HNO2: The energy convention is thermodynamic, derived from me:Hf0
In HNO2: New me:ZPE element written with data from me:Hf0
In OH: energy converted from thermodynamic298K to thermodynamic
In OH: New me:ZPE element written with data from me:Hf298
In NO: The default value of me:DOSCMethod was used.
In NO: energy converted from thermodynamic298K to thermodynamic
In NO: New me:ZPE element written with data from me:Hf298
In He: The default value of me:DOSCMethod was used.
In He: The default value of the attribute spinMultiplicity was used.
In He: gDensityOfStates initialization failed.
In O3P: gDensityOfStates initialization failed.
In ThermodynamicTable. Own default: Cell size 1 cm-1
In ThermodynamicTable. Own default: Number of cells 100000
In ThermodynamicTable. Own default: The default value of me:grainSize was used.
Energy convention "thermodynamic" written to <moleculeList>
No conditions specified
Write metadata 20230501_154406

File: "ThermodynamicTable.xml" successfully parsed.
Main Calculation begins
Now calculating...
In HNO2: enthalpy of formation at 298K:energy converted from thermodynamic to thermodynamic298K
Restricted thermo output for He because it has no non-arbitrary energy data.
In NO: enthalpy of formation at 298K:energy converted from thermodynamic to thermodynamic298K
Restricted thermo output for O3P because it has no non-arbitrary energy data.
In OH: enthalpy of formation at 298K:Number of grains produced is not equal to that requested for: OH
In OH: Number of grains requested: 1000
In OH: Number of grains produced : 576
In OH: energy converted from thermodynamic to thermodynamic298K
Number of grains produced is not equal to that requested for: OH
Number of grains requested: 1000
Number of grains produced : 576
 -- Total time elapsed: 0 seconds.

System saved to out.xml
Total time elapsed: 0 seconds.
