
            /|      /|                        \   
           / |     / | ________________________\  
          /  |    /  |  _   _             _   _   
         /   |   /   | / \ / \ |\     /| / \ / \  
        /    |  /    | \_/ \_  | \   / | \_/ |_/  
       /     | /     | /     \ |  \ /  | /   | \  
    \_/      |/      | \_/ \_/ |   V   | \_/ |  \ 

     Mesmer: Master Equation Solver for Multi-Energy well Reactions
     Mesmer v1.0 compiled: -- Feb  4 2012 -- 11:10:20

     Copyright (C) 2009-2012 by
     Struan H. Robertson, David R. Glowacki, Chi-Hsiu Liang,
     Chris Morley, Michael J. Pilling and contributors

     Mesmer is free software: you can redistribute it and/or modify
     it under the terms of the GNU Lesser Public License as published by
     the Free Software Foundation, either version 3 of the License, or
     (at your option) any later version.

     But WITHOUT ANY WARRANTY; without even the implied warranty of
     MERCHANTABILITY or FITNESS FOR A PARTICULAR PURPOSE.  See the
     GNU Lesser Public License for more details.

    You should have received a copy of the GNU Lesser Public License
    along with Mesmer.  If not, see <http://www.gnu.org/licenses/>.


Parsing input xml file...
benzene_oxidation_test.xml

In R_I1_I2c: Parsing reaction...
In I2_c_ax: The default value of me:DistributionCalcMethod was used.
In I2_c_ax: The default value of me:energyTransferModel was used.
In I2_c_ax: The default value of me:deltaEDownTExponent was used.
In R_I1_I2c: No tunneling method was found for R_I1_I2c
In R_I1_I2c: No crossing method was found for R_I1_I2c
In R_I1_I2c: Not a unimolecular reaction: look for excess reactant concentration.
In R_I1_I2t: Parsing reaction...
In I2_t_eq: The default value of me:DistributionCalcMethod was used.
In I2_t_eq: The default value of me:energyTransferModel was used.
In I2_t_eq: The default value of me:deltaEDownTExponent was used.
In R_I1_I2t: No tunneling method was found for R_I1_I2t
In R_I1_I2t: No crossing method was found for R_I1_I2t
In R_I1_I2t: Not a unimolecular reaction: look for excess reactant concentration.
In R1_HO2: Parsing reaction...
In R1_HO2: No tunneling method was found for R1_HO2
In R1_HO2: No crossing method was found for R1_HO2
In R1_HO2: Not a unimolecular reaction: look for excess reactant concentration.
In R3_HO2: Parsing reaction...
In R3_HO2: No tunneling method was found for R3_HO2
In R3_HO2: No crossing method was found for R3_HO2
In R_2_6t: Parsing reaction...
In R_2_6t: No tunneling method was found for R_2_6t
In R_2_6t: No crossing method was found for R_2_6t
In R_2_6c: Parsing reaction...
In R_2_6c: No tunneling method was found for R_2_6c
In R_2_6c: No crossing method was found for R_2_6c
All molecules are on the same energy basis: arbitary
The default value of me:precision was used.
760Torr, 298K at double precision
The default value of me:calcMethod was used.
Write metadata 20120204_111723

File: "benzene_oxidation_test.xml" successfully parsed.
Calculate EGME

100 values in the FFT convolution routine were replaced by standard convolution

100 values in the FFT convolution routine were replaced by standard convolution

100 values in the FFT convolution routine were replaced by standard convolution

100 values in the FFT convolution routine were replaced by standard convolution

100 values in the FFT convolution routine were replaced by standard convolution

100 values in the FFT convolution routine were replaced by standard convolution

100 values in the FFT convolution routine were replaced by standard convolution

100 values in the FFT convolution routine were replaced by standard convolution

100 values in the FFT convolution routine were replaced by standard convolution

100 values in the FFT convolution routine were replaced by standard convolution

Finish Calculation -- Time elapsed: 0 seconds.
 -- Total time elapsed: 2 seconds.

System saved to out.xml
