
Parsing input xml file...
HSO2_test.xml

In R1: Parsing reaction...
In H: The default value of me:DOSCMethod was used.
In H: Cannot find argument me:vibFreqs. Assumes that it is an atom or atomic ion.
In H: No rotational constants from <me:rotConsts> or structure.Assuming to be an atom or atomic ion.
In H: The default value of me:symmetryNumber was used.
In H: The default value of me:frequenciesScaleFactor was used.
In H: The default value of spinMultiplicity was used.
In H: Rotational constants were not defined but requested.
In SO2: The default value of me:frequenciesScaleFactor was used.
In SO2: The default value of spinMultiplicity was used.
In HSO2: The default value of me:symmetryNumber was used.
In HSO2: The default value of me:frequenciesScaleFactor was used.
In HSO2: The default value of spinMultiplicity was used.
In HSO2: The default value of me:DistributionCalcMethod was used.
In HSO2: The default value of me:energyTransferModel was used.
In TS1: The default value of me:symmetryNumber was used.
In TS1: The default value of me:frequenciesScaleFactor was used.
In TS1: The default value of spinMultiplicity was used.
In R1: No imaginary vibrational frequency. Check if there is tunneling.
No tunneling method was found for R1
In R1: No crossing method was found for R1
In R1: Not a unimolecular reaction: look for excess reactant concentration.
All molecules are on the same energy basis: arbitary
The default value of me:precision was used.
1e+08Torr, 500K at double precision
The default value of me:calcMethod was used.
Write metadata

File: "HSO2_test.xml" successfully parsed.
Calculate EGME
PT Grid 0
Cell number = 13400, Grain number = 134
Number of grains produced is not equal to that requested
Number of grains requested: 134
Number of grains produced : 0
Build Collison Operator -- Time elapsed: 0 seconds.
Diagonalize the Reaction Operator -- Time elapsed: 0 seconds.

    Temperature  Concentration    Exp. Coeff.    Cal. Coeff.

            500    1.9313e+024

1 temperature/concentration-pressure points calculated.
Finish Calculation -- Time elapsed: 1 seconds.
 -- Total time elapsed: 1 seconds.

System saved to out.xml
