
            /|      /|                        \   
           / |     / | ________________________\  
          /  |    /  |  _   _             _   _   
         /   |   /   | / \ / \ |\     /| / \ / \  
        /    |  /    | \_/ \_  | \   / | \_/ |_/  
       /     | /     | /     \ |  \ /  | /   | \  
    \_/      |/      | \_/ \_/ |   V   | \_/ |  \ 

     Mesmer: Master Equation Solver for Multi-Energy well Reactions
     Mesmer v5.0 compiled: -- May  2 2017 -- 19:09:13

     Copyright (C) 2009-2017 by
     Struan H. Robertson, Chris Morley, Chi-Hsiu Liang,
     David R. Glowacki, Michael J. Pilling and contributors

     Mesmer is free software: you can redistribute it and/or modify
     it under the terms of the GNU Public License as published by
     the Free Software Foundation, either version 2 of the License,
     or (at your option) any later version.

     But WITHOUT ANY WARRANTY; without even the implied warranty of
     MERCHANTABILITY or FITNESS FOR A PARTICULAR PURPOSE.  See the
     GNU Public License for more details.

    You should have received a copy of the GNU Public License
    along with Mesmer.  If not, see <http://www.gnu.org/licenses/>.

                     Platform:        Linux
                     Execution Date:  Wed May  3 18:02:48 2017
                     Number of ranks: 1

Using 1 processes
defaults.xml, librarymols.xml are in ../..

Parsing input xml file...
pentyl_isomerization_test.xml

The default value of me:calcMethod was used.
--Parse data for simpleCalc
Energy convention "" written to <moleculeList>
In R1: Parsing reaction...Isomerization reaction
In 1-pentyl: The default value of me:DOSCMethod was used.
In 1-pentyl: The default value of me:DistributionCalcMethod was used.
In 1-pentyl: --Parse data for Boltzmann
In 1-pentyl: --Parse data for ExponentialDown
In 2-pentyl: The default value of me:DOSCMethod was used.
In 2-pentyl: The default value of me:DistributionCalcMethod was used.
In 2-pentyl: --Parse data for Boltzmann
In 2-pentyl: --Parse data for ExponentialDown
In 1-pentyl=TS=2-pentyl: No imaginary vibrational frequency. Check if there is tunneling.
The default value of me:DOSCMethod was used.
In R1: --Parse data for SimpleRRKM
In R1: No tunneling method used for R1
The default value of the attribute precision was used.
1e+08PPCC, 500K at d precision with Ar
Write metadata 20170503_180248

File: "pentyl_isomerization_test.xml" successfully parsed.
Main Calculation begins
Now calculating...

--Execute calcMethod simpleCalc
Number of cells = 50000, Number of grains = 107
In timeEvolution: No population was assigned, and there is no source term.
In timeEvolution: Initial poupulation set to 1.0  in the first isomer.
 -- Total time elapsed: 1 seconds.


    Temperature  Concentration    Exp. Coeff.    Cal. Coeff.


System saved to out.xml
Total time elapsed: 1 seconds.
