
            /|      /|                        \   
           / |     / | ________________________\  
          /  |    /  |  _   _             _   _   
         /   |   /   | / \ / \ |\     /| / \ / \  
        /    |  /    | \_/ \_  | \   / | \_/ |_/  
       /     | /     | /     \ |  \ /  | /   | \  
    \_/      |/      | \_/ \_/ |   V   | \_/ |  \ 

     Mesmer: Master Equation Solver for Multi-Energy well Reactions
     Mesmer v3.0 compiled: -- Dec 28 2013 -- 13:49:57

     Copyright (C) 2009-2013 by
     Struan H. Robertson, David R. Glowacki, Chi-Hsiu Liang,
     Chris Morley, Michael J. Pilling and contributors

     Mesmer is free software: you can redistribute it and/or modify
     it under the terms of the GNU Public License as published by
     the Free Software Foundation, either version 2 of the License,
     or (at your option) any later version.

     But WITHOUT ANY WARRANTY; without even the implied warranty of
     MERCHANTABILITY or FITNESS FOR A PARTICULAR PURPOSE.  See the
     GNU Public License for more details.

    You should have received a copy of the GNU Public License
    along with Mesmer.  If not, see <http://www.gnu.org/licenses/>.


Parsing input xml file...
Chebyshev.xml

In R1: Parsing reaction...
In CH3OCH2: The default value of me:DOSCMethod was used.
In IM1: Hindered rotor b5
Hindered rotor b4
Hindered rotor b5
Hindered rotor b4
Hindered rotor b8
The default value of me:DistributionCalcMethod was used.
In IM1: The default value of me:energyTransferModel was used.
In R1: The default value of me:TInfinity was used.
In R1: No tunneling method used for R1
In R1: No crossing method used for R1
In R1: Not a unimolecular reaction: look for excess reactant concentration.
In R2: Parsing reaction...
In IM2: Hindered rotor b1
Hindered rotor b2
Hindered rotor b3
Hindered rotor b4
The default value of me:DistributionCalcMethod was used.
In IM2: The default value of me:energyTransferModel was used.
In R2: No crossing method used for R2
In R3: Parsing reaction...
In CH2O: Could not find CH2O in ../../librarymols.xml
In TS5: The default value of me:frequenciesScaleFactor was used.
In TS5: The default value of me:DOSCMethod was used.
In R3: Hindered rotor b1
Hindered rotor b2
Hindered rotor b3
No tunneling method used for R3
In R3: No crossing method used for R3
In R4: Parsing reaction...
In R4: No tunneling method used for R4
In R4: No crossing method used for R4
In R5: Parsing reaction...
In cycCH2OCH2O: Could not find cycCH2OCH2O in ../../librarymols.xml
In R5: No tunneling method used for R5
In R5: No crossing method used for R5
All molecules are on the same energy basis: arbitary
No pressure and temperature specified.
Write metadata 20131228_174608

File: "Chebyshev.xml" successfully parsed.
Main Calculation begins
In FastLaplaceConvolution: 840 values in the FFT convolution routine were replaced by standard convolution
In FastLaplaceConvolution: 860 values in the FFT convolution routine were replaced by standard convolution
Association ILT calculation completed
In FastLaplaceConvolution: 4220 values in the FFT convolution routine were replaced by standard convolution

chebyshev_reaction('CH3OCH2 + O2 => IM1',
                   Tmin=   200, Tmax=  1000,
                   Pmin=( 1e+17, 'PPCC'), Pmax=( 1e+20, 'PPCC'), 
                   coeffs=[[       3.74386,       -1.7068,      -1.00935,     -0.602739],
                           [        0.1505,      -1.04881,      -1.38785,      -1.07864],
                           [      -1.24453,      -1.75084,      -1.28077,     -0.941072],
                           [     -0.551468,      -1.35457,       -1.2067,     -0.853178],
                           [     -0.623304,      -1.04815,     -0.893517,     -0.663094],
                           [     -0.384363,     -0.785462,     -0.656335,     -0.472194]])

chebyshev_reaction('CH3OCH2 + O2 => IM2',
                   Tmin=   200, Tmax=  1000,
                   Pmin=( 1e+17, 'PPCC'), Pmax=( 1e+20, 'PPCC'), 
                   coeffs=[[       2.24995,       -1.4728,      -1.17714,     -0.526491],
                           [     -0.276402,      -1.30192,       -1.5676,      -1.05687],
                           [      -1.26387,      -1.89996,      -1.39746,     -0.990808],
                           [     -0.489282,      -1.25392,      -1.18935,     -0.885688],
                           [     -0.662297,      -1.08612,     -0.874893,     -0.654878],
                           [     -0.367446,     -0.779055,     -0.668876,     -0.452593]])

chebyshev_reaction('CH3OCH2 + O2 => OH-1 + CH2O + CH2O',
                   Tmin=   200, Tmax=  1000,
                   Pmin=( 1e+17, 'PPCC'), Pmax=( 1e+20, 'PPCC'), 
                   coeffs=[[       3.32186,      0.237023,     -0.997706,     -0.537758],
                           [     -0.955416,     -0.838715,      -1.56728,      -1.06895],
                           [     -0.982121,      -1.73984,       -1.2712,     -0.967534],
                           [     -0.600365,      -1.35854,       -1.1735,     -0.837352],
                           [     -0.619964,      -1.06746,     -0.920701,      -0.67272],
                           [     -0.379673,     -0.763859,     -0.640629,     -0.465026]])

chebyshev_reaction('CH3OCH2 + O2 => OH-2 + CH2O + CH2O',
                   Tmin=   200, Tmax=  1000,
                   Pmin=( 1e+17, 'PPCC'), Pmax=( 1e+20, 'PPCC'), 
                   coeffs=[[      -1.83322,     0.0278661,      -0.95551,     -0.526837],
                           [       -2.1228,     -0.880349,      -1.58612,      -1.05781],
                           [     -0.861576,      -1.66658,      -1.27855,     -0.974839],
                           [     -0.646595,      -1.38327,      -1.16427,     -0.834765],
                           [     -0.596687,      -1.06441,     -0.925928,     -0.672323],
                           [     -0.389968,     -0.762323,     -0.638588,     -0.466157]])

chebyshev_reaction('CH3OCH2 + O2 => OH-3 + cycCH2OCH2O',
                   Tmin=   200, Tmax=  1000,
                   Pmin=( 1e+17, 'PPCC'), Pmax=( 1e+20, 'PPCC'), 
                   coeffs=[[      -2.51136,   -0.00824229,     -0.955726,     -0.525699],
                           [      -2.26018,     -0.911133,      -1.58963,      -1.05683],
                           [     -0.871006,      -1.66295,      -1.27967,     -0.975398],
                           [      -0.64878,      -1.38329,       -1.1634,     -0.834619],
                           [     -0.595875,      -1.06473,     -0.926233,     -0.672179],
                           [     -0.390138,     -0.762056,     -0.638567,     -0.466272]])

chebyshev_reaction('IM1 => CH3OCH2 + O2',
                   Tmin=   200, Tmax=  1000,
                   Pmin=( 1e+17, 'PPCC'), Pmax=( 1e+20, 'PPCC'), 
                   coeffs=[[      -8.16725,     -0.837261,     -0.269674,    -0.0653351],
                           [      -14.1298,      0.646659,     0.0544004,     -0.030776],
                           [     -0.508445,     -0.183986,     0.0520748,     0.0272962],
                           [      0.192989,    0.00509385,     -0.050099,    -0.0128593],
                           [    -0.0611656,     0.0361437,     0.0288397,    0.00703693],
                           [     0.0141773,    -0.0309062,    -0.0144709,   -0.00585237]])

chebyshev_reaction('IM1 => IM2',
                   Tmin=   200, Tmax=  1000,
                   Pmin=( 1e+17, 'PPCC'), Pmax=( 1e+20, 'PPCC'), 
                   coeffs=[[    -0.0617025,     -0.374517,    -0.0998479,   -0.00436213],
                           [      -5.49093,      0.545328,      0.116585,     -0.011083],
                           [   -0.00234438,     -0.242096,    -0.0130626,     0.0250926],
                           [     0.0955188,     0.0512157,    -0.0351295,    -0.0212084],
                           [    -0.0466434,     0.0208485,     0.0365595,    0.00516679],
                           [    0.00925775,    -0.0296315,    -0.0190299,     0.0108736]])

chebyshev_reaction('IM1 => OH-1 + CH2O + CH2O',
                   Tmin=   200, Tmax=  1000,
                   Pmin=( 1e+17, 'PPCC'), Pmax=( 1e+20, 'PPCC'), 
                   coeffs=[[      -5.02281,      0.283145,     -0.239342,   0.000451941],
                           [      -11.3162,      0.726681,    -0.0427733,    -0.0179927],
                           [     -0.373585,     -0.225166,     0.0396833,   -0.00203809],
                           [      0.208967,     0.0260682,    -0.0206401,   -0.00327934],
                           [    -0.0751191,    0.00940897,   -0.00052936,  -0.000517488],
                           [     0.0214443,    0.00505398,     0.0165415,     0.0098269]])

chebyshev_reaction('IM1 => OH-2 + CH2O + CH2O',
                   Tmin=   200, Tmax=  1000,
                   Pmin=( 1e+17, 'PPCC'), Pmax=( 1e+20, 'PPCC'), 
                   coeffs=[[      -13.2571,      -1.03671,     -0.382553,    -0.0240826],
                           [       -14.363,      0.621044,    -0.0597747,    -0.0168622],
                           [      -0.54081,     -0.271888,     0.0999698,     0.0186606],
                           [      0.248688,     -0.143681,    -0.0348436,    -0.0569046],
                           [     -0.019933,    -0.0433028,     0.0550067,    -0.0157201],
                           [     0.0334507,    -0.0803247,      0.029837,    -0.0172032]])

chebyshev_reaction('IM1 => OH-3 + cycCH2OCH2O',
                   Tmin=   200, Tmax=  1000,
                   Pmin=( 1e+17, 'PPCC'), Pmax=( 1e+20, 'PPCC'), 
                   coeffs=[[      -14.1499,      -1.21562,     -0.411791,    -0.0190691],
                           [      -14.6101,      0.506031,    -0.0863196,   -0.00818205],
                           [     -0.535192,     -0.311335,      0.112335,     0.0468256],
                           [      0.253032,     -0.220866,    -0.0470663,    -0.0567923],
                           [   -0.00276421,    -0.0772511,     0.0730056,    -0.0100559],
                           [     0.0340042,     -0.126288,     0.0308416,    -0.0259972]])

chebyshev_reaction('IM2 => CH3OCH2 + O2',
                   Tmin=   200, Tmax=  1000,
                   Pmin=( 1e+17, 'PPCC'), Pmax=( 1e+20, 'PPCC'), 
                   coeffs=[[      -3.58729,     -0.603263,     -0.437471,     0.0109128],
                           [      -9.92558,       0.39355,     -0.125341,   -0.00901105],
                           [     -0.640103,     -0.333112,    -0.0646165,    -0.0224399],
                           [      0.289216,      0.105745,    -0.0327486,      -0.04537],
                           [     -0.109247,   -0.00182426,     0.0474636,     0.0152534],
                           [     0.0326865,    -0.0244991,     -0.027012,     0.0137483]])

chebyshev_reaction('IM2 => IM1',
                   Tmin=   200, Tmax=  1000,
                   Pmin=( 1e+17, 'PPCC'), Pmax=( 1e+20, 'PPCC'), 
                   coeffs=[[       6.01216,     -0.374517,    -0.0998479,   -0.00436213],
                           [     -0.859841,      0.545328,      0.116585,     -0.011083],
                           [     -0.114658,     -0.242096,    -0.0130626,     0.0250926],
                           [       0.12956,     0.0512157,    -0.0351295,    -0.0212084],
                           [    -0.0557305,     0.0208485,     0.0365595,    0.00516679],
                           [     0.0108504,    -0.0296315,    -0.0190299,     0.0108736]])

chebyshev_reaction('IM2 => OH-1 + CH2O + CH2O',
                   Tmin=   200, Tmax=  1000,
                   Pmin=( 1e+17, 'PPCC'), Pmax=( 1e+20, 'PPCC'), 
                   coeffs=[[      0.838061,      -1.07256,     -0.159653,      0.077907],
                           [      -6.87196,     -0.208368,     -0.295751,     0.0181688],
                           [     -0.342624,    -0.0411558,    -0.0596276,     -0.113175],
                           [      0.279048,       0.18139,      0.121765,     0.0388778],
                           [     -0.134597,    -0.0895663,    -0.0182486,     0.0284165],
                           [    0.00551213,     -0.050423,      -0.07478,    -0.0446269]])

chebyshev_reaction('IM2 => OH-2 + CH2O + CH2O',
                   Tmin=   200, Tmax=  1000,
                   Pmin=( 1e+17, 'PPCC'), Pmax=( 1e+20, 'PPCC'), 
                   coeffs=[[         -7.73,      -2.03926,     -0.141805,     0.0181094],
                           [      -10.1312,     -0.139716,    -0.0621539,      0.142569],
                           [     -0.579569,    -0.0447917,     -0.177683,     -0.080705],
                           [      0.301153,      0.162953,      0.118153,   -0.00909696],
                           [     -0.136187,    -0.0938225,    0.00725218,     0.0414291],
                           [    0.00581801,    -0.0533003,     -0.104301,    -0.0464222]])

chebyshev_reaction('IM2 => OH-3 + cycCH2OCH2O',
                   Tmin=   200, Tmax=  1000,
                   Pmin=( 1e+17, 'PPCC'), Pmax=( 1e+20, 'PPCC'), 
                   coeffs=[[      -8.64945,      -2.15051,     -0.140371,    0.00562372],
                           [      -10.3809,     -0.136568,     -0.017686,      0.149983],
                           [      -0.60477,    -0.0563787,     -0.193404,    -0.0837332],
                           [      0.290567,      0.138189,     0.0938443,     -0.026405],
                           [      -0.13876,    -0.0999376,    0.00434473,     0.0389606],
                           [    0.00362015,    -0.0561614,      -0.10726,    -0.0486827]])

 -- Total time elapsed: 119 seconds.

System saved to mesmer_out.xml
