
            /|      /|                        \   
           / |     / | ________________________\  
          /  |    /  |  _   _             _   _   
         /   |   /   | / \ / \ |\     /| / \ / \  
        /    |  /    | \_/ \_  | \   / | \_/ |_/  
       /     | /     | /     \ |  \ /  | /   | \  
    \_/      |/      | \_/ \_/ |   V   | \_/ |  \ 

     Mesmer: Master Equation Solver for Multi-Energy well Reactions
     Mesmer v4.0 compiled: -- Apr 29 2014 -- 18:35:13

     Copyright (C) 2009-2015 by
     Struan H. Robertson, David R. Glowacki, Chi-Hsiu Liang,
     Chris Morley, Michael J. Pilling and contributors

     Mesmer is free software: you can redistribute it and/or modify
     it under the terms of the GNU Public License as published by
     the Free Software Foundation, either version 2 of the License,
     or (at your option) any later version.

     But WITHOUT ANY WARRANTY; without even the implied warranty of
     MERCHANTABILITY or FITNESS FOR A PARTICULAR PURPOSE.  See the
     GNU Public License for more details.

    You should have received a copy of the GNU Public License
    along with Mesmer.  If not, see <http://www.gnu.org/licenses/>.

defaults.xml, librarymols.xml are in ../..

Parsing input xml file...
ChebyshevCK.xml

In R1: Parsing reaction...
In CH3OCH2: The default value of me:DOSCMethod was used.
In CH3OCH2: Hindered rotor b5
In CH3OCH2: Hindered rotor b4
In IM1: Hindered rotor b5
In IM1: Hindered rotor b4
In IM1: Hindered rotor b8
In IM1: The default value of me:DistributionCalcMethod was used.
In R1: The default value of me:TInfinity was used.
In R1: No tunneling method used for R1
In R1: No crossing method used for R1
In R1: Not a unimolecular reaction: look for excess reactant concentration.
In R2: Parsing reaction...
In IM2: Hindered rotor b1
In IM2: Hindered rotor b2
In IM2: Hindered rotor b3
In IM2: Hindered rotor b4
In IM2: The default value of me:DistributionCalcMethod was used.
In R2: No crossing method used for R2
In R3: Parsing reaction...
In TS5: The default value of me:frequenciesScaleFactor was used.
In TS5: The default value of me:DOSCMethod was used.
In TS5: Hindered rotor b1
In TS5: Hindered rotor b2
In TS5: Hindered rotor b3
In R3: No tunneling method used for R3
In R3: No crossing method used for R3
In R4: Parsing reaction...
In R4: No tunneling method used for R4
In R4: No crossing method used for R4
In R5: Parsing reaction...
In R5: No tunneling method used for R5
In R5: No crossing method used for R5
All molecules are on the same energy basis: arbitary
No pressure and temperature specified.
Write metadata 20140429_231247

File: "ChebyshevCK.xml" successfully parsed.
Main Calculation begins
Execute calcMethod analyticalRepresentation
In FastLaplaceConvolution: 720 values in the FFT convolution routine were replaced by standard convolution
Association ILT calculation completed
In FastLaplaceConvolution: 3900 values in the FFT convolution routine were replaced by standard convolution

REACTIONS MOLES

CH3OCH2 + O2 => IM1 (+M)  1.00  0.0  0.0
! Data generated by MESMER 4.0 on Apr 29 2014.
    TCHEB/            200          1000/
    PCHEB/          0.001            10/
    CHEB/     6     4/
    CHEB/       11.2153       1.88539     -0.634998      0.104425/
    CHEB/       1.43817     -0.931116     -0.134185      0.226542/
    CHEB/     -0.389331    -0.0576184      0.293741     -0.105011/
    CHEB/      0.112265      0.126887    -0.0606526    -0.0902646/
    CHEB/     -0.050783    -0.0202322     -0.100347      0.174327/
    CHEB/    -0.0386942     0.0989752     0.0116313    -0.0710539/

CH3OCH2 + O2 => IM2 (+M)  1.00  0.0  0.0
! Data generated by MESMER 4.0 on Apr 29 2014.
    TCHEB/            200          1000/
    PCHEB/          0.001            10/
    CHEB/     6     4/
    CHEB/       9.95755       1.37387     -0.747169    -0.0368175/
    CHEB/      0.791339     -0.565724      -0.47779      0.189928/
    CHEB/     -0.551696      0.341244    0.00196733     0.0322862/
    CHEB/      0.298262     -0.148649    -0.0209766     0.0312987/
    CHEB/    -0.0637941    -0.0822917      0.103868    -0.0417424/
    CHEB/     0.0358276     0.0159057   -0.00898704    -0.0328074/

CH3OCH2 + O2 => OH-1 (+M)  1.00  0.0  0.0
! Data generated by MESMER 4.0 on Apr 29 2014.
    TCHEB/            200          1000/
    PCHEB/          0.001            10/
    CHEB/     6     4/
    CHEB/       11.6497      -1.19059     -0.407805     -0.019072/
    CHEB/     -0.167043      -1.08874     -0.278459      0.040455/
    CHEB/     -0.184108      0.120914     0.0996283      0.024435/
    CHEB/      0.120409     0.0320366   -0.00842891    -0.0133972/
    CHEB/    -0.0483846    -0.0249784   -0.00746753    0.00359717/
    CHEB/     0.0152201    0.00981802    0.00524969   -0.00041376/

CH3OCH2 + O2 => OH-2 (+M)  1.00  0.0  0.0
! Data generated by MESMER 4.0 on Apr 29 2014.
    TCHEB/            200          1000/
    PCHEB/          0.001            10/
    CHEB/     6     4/
    CHEB/       6.33318     -0.990601     -0.332373    -0.0306228/
    CHEB/      -1.32142      -1.00806     -0.275824    0.00727339/
    CHEB/    -0.0534344     0.0434194     0.0690776     0.0263933/
    CHEB/     0.0687309     0.0494107    0.00650046   -0.00900046/
    CHEB/    -0.0239396    -0.0233154    -0.0112117   0.000289257/
    CHEB/    0.00499817    0.00645944    0.00523779    0.00174463/

CH3OCH2 + O2 => OH-3 (+M)  1.00  0.0  0.0
! Data generated by MESMER 4.0 on Apr 29 2014.
    TCHEB/            200          1000/
    PCHEB/          0.001            10/
    CHEB/     6     4/
    CHEB/       5.64694     -0.947514     -0.329568    -0.0337857/
    CHEB/      -1.46593     -0.966237     -0.278018    0.00304823/
    CHEB/    -0.0621945     0.0413443     0.0654699      0.026484/
    CHEB/     0.0667077     0.0482078    0.00740524   -0.00854134/
    CHEB/     -0.023179    -0.0227759    -0.0112065 -1.50761e-005/
    CHEB/    0.00484434    0.00617194    0.00508157    0.00187166/

IM1 => CH3OCH2 + O2 (+M)  1.00  0.0  0.0
! Data generated by MESMER 4.0 on Apr 29 2014.
    TCHEB/            200          1000/
    PCHEB/          0.001            10/
    CHEB/     6     4/
    CHEB/      -9.02497       1.88539     -0.634998      0.104425/
    CHEB/      -13.8535     -0.931116     -0.134185      0.226542/
    CHEB/     -0.434158    -0.0576184      0.293741     -0.105011/
    CHEB/      0.140008      0.126887    -0.0606526    -0.0902646/
    CHEB/    -0.0616929    -0.0202322     -0.100347      0.174327/
    CHEB/    -0.0354583     0.0989752     0.0116313    -0.0710539/

IM1 => IM2 (+M)  1.00  0.0  0.0
! Data generated by MESMER 4.0 on Apr 29 2014.
    TCHEB/            200          1000/
    PCHEB/          0.001            10/
    CHEB/     6     4/
    CHEB/     -0.433467      0.616353     -0.146184    0.00209779/
    CHEB/      -5.53849     -0.853347      0.136745     0.0322473/
    CHEB/     -0.108164      0.327852     0.0215304    -0.0400239/
    CHEB/      0.120973    -0.0358508    -0.0648995     0.0211639/
    CHEB/    -0.0453755    -0.0456552     0.0404684    0.00285091/
    CHEB/     0.0104987      0.031293   -0.00194737     -0.022067/

IM1 => OH-1 (+M)  1.00  0.0  0.0
! Data generated by MESMER 4.0 on Apr 29 2014.
    TCHEB/            200          1000/
    PCHEB/          0.001            10/
    CHEB/     6     4/
    CHEB/       -5.2894     -0.168953     -0.341771    -0.0254858/
    CHEB/      -11.3753      -1.18485    -0.0844231     0.0433428/
    CHEB/     -0.460646      0.306181     0.0667032     0.0193802/
    CHEB/      0.250645     -0.007605    -0.0213764    -0.0192937/
    CHEB/    -0.0898315    -0.0254278   -0.00456333    0.00568313/
    CHEB/     0.0321611   -0.00958362     0.0126327    0.00695146/

IM1 => OH-2 (+M)  1.00  0.0  0.0
! Data generated by MESMER 4.0 on Apr 29 2014.
    TCHEB/            200          1000/
    PCHEB/          0.001            10/
    CHEB/     6     4/
    CHEB/      -14.1907       1.86977     -0.559158     -0.026179/
    CHEB/      -14.1851     -0.961031     -0.249655      0.213712/
    CHEB/     -0.253073     -0.419459      0.659914     -0.111723/
    CHEB/      0.191411      0.286463     0.0400345    -0.0308126/
    CHEB/      0.122549     -0.204859      0.174586      0.129767/
    CHEB/    -0.0127343      0.166194      0.059001    0.00319802/

IM1 => OH-3 (+M)  1.00  0.0  0.0
! Data generated by MESMER 4.0 on Apr 29 2014.
    TCHEB/            200          1000/
    PCHEB/          0.001            10/
    CHEB/     6     4/
    CHEB/      -15.1188       1.98012     -0.503257    -0.0949515/
    CHEB/       -14.471     -0.917152     -0.291504      0.247114/
    CHEB/     -0.234286     -0.560632      0.719685     -0.103646/
    CHEB/      0.205331      0.179701      0.157537     -0.120508/
    CHEB/      0.131076     -0.257567      0.181067      0.189678/
    CHEB/    -0.0762987      0.233633     0.0424674     0.0132022/

IM2 => CH3OCH2 + O2 (+M)  1.00  0.0  0.0
! Data generated by MESMER 4.0 on Apr 29 2014.
    TCHEB/            200          1000/
    PCHEB/          0.001            10/
    CHEB/     6     4/
    CHEB/        -4.243       1.37387     -0.747169    -0.0368175/
    CHEB/      -9.80108     -0.565724      -0.47779      0.189928/
    CHEB/      -0.73167      0.341244    0.00196733     0.0322862/
    CHEB/      0.354535     -0.148649    -0.0209766     0.0312987/
    CHEB/    -0.0795101    -0.0822917      0.103868    -0.0417424/
    CHEB/     0.0397378     0.0159057   -0.00898704    -0.0328074/

IM2 => IM1 (+M)  1.00  0.0  0.0
! Data generated by MESMER 4.0 on Apr 29 2014.
    TCHEB/            200          1000/
    PCHEB/          0.001            10/
    CHEB/     6     4/
    CHEB/       5.60621      0.616353     -0.146184    0.00209779/
    CHEB/     -0.839203     -0.853347      0.136745     0.0322473/
    CHEB/     -0.243311      0.327852     0.0215304    -0.0400239/
    CHEB/      0.149502    -0.0358508    -0.0648995     0.0211639/
    CHEB/    -0.0501816    -0.0456552     0.0404684    0.00285091/
    CHEB/      0.011173      0.031293   -0.00194737     -0.022067/

IM2 => OH-1 (+M)  1.00  0.0  0.0
! Data generated by MESMER 4.0 on Apr 29 2014.
    TCHEB/            200          1000/
    PCHEB/          0.001            10/
    CHEB/     6     4/
    CHEB/      0.585414       1.25516     -0.156252    -0.0829431/
    CHEB/      -6.76837    0.00596672     -0.233211     -0.115689/
    CHEB/     -0.479409      0.174112     -0.125346     0.0727588/
    CHEB/      0.343748     -0.223454      0.114115     0.0551471/
    CHEB/     -0.130525     0.0520445     0.0265185    -0.0668066/
    CHEB/    -0.0153504     0.0853147    -0.0749237    -0.0139032/

IM2 => OH-2 (+M)  1.00  0.0  0.0
! Data generated by MESMER 4.0 on Apr 29 2014.
    TCHEB/            200          1000/
    PCHEB/          0.001            10/
    CHEB/     6     4/
    CHEB/      -8.65448       2.97709     -0.303383     -0.122994/
    CHEB/      -9.77501      0.085512     -0.358618      0.148693/
    CHEB/     -0.715498     0.0665637     -0.138589    -0.0168924/
    CHEB/      0.272628    -0.0486232    -0.0233664      0.168088/
    CHEB/      -0.06792    -0.0084728     0.0857821     -0.107292/
    CHEB/     0.0311179    -0.0452093     0.0291386    -0.0793946/

IM2 => OH-3 (+M)  1.00  0.0  0.0
! Data generated by MESMER 4.0 on Apr 29 2014.
    TCHEB/            200          1000/
    PCHEB/          0.001            10/
    CHEB/     6     4/
    CHEB/      -9.61357       3.12987      -0.29695       -0.1305/
    CHEB/      -10.1472      0.349021     -0.524469      0.265894/
    CHEB/     -0.829802      0.245012      -0.30033      0.106636/
    CHEB/      0.186665     0.0987572     -0.123667      0.220503/
    CHEB/    -0.0868109     0.0429573     0.0231328    -0.0471886/
    CHEB/     0.0261659    -0.0338108     0.0104881    -0.0581781/

 -- Total time elapsed: 948 seconds.

System saved to mesmer_out.xml
