
            /|      /|                        \   
           / |     / | ________________________\  
          /  |    /  |  _   _             _   _   
         /   |   /   | / \ / \ |\     /| / \ / \  
        /    |  /    | \_/ \_  | \   / | \_/ |_/  
       /     | /     | /     \ |  \ /  | /   | \  
    \_/      |/      | \_/ \_/ |   V   | \_/ |  \ 

     Mesmer: Master Equation Solver for Multi-Energy well Reactions
     Mesmer v4.1 compiled: -- Feb  8 2016 -- 18:05:50

     Copyright (C) 2009-2016 by
     Struan H. Robertson, David R. Glowacki, Chi-Hsiu Liang,
     Chris Morley, Michael J. Pilling and contributors

     Mesmer is free software: you can redistribute it and/or modify
     it under the terms of the GNU Public License as published by
     the Free Software Foundation, either version 2 of the License,
     or (at your option) any later version.

     But WITHOUT ANY WARRANTY; without even the implied warranty of
     MERCHANTABILITY or FITNESS FOR A PARTICULAR PURPOSE.  See the
     GNU Public License for more details.

    You should have received a copy of the GNU Public License
    along with Mesmer.  If not, see <http://www.gnu.org/licenses/>.

defaults.xml, librarymols.xml are in ../..

Parsing input xml file...
OH_acetylene_association_test.xml

The default value of me:calcMethod was used.
--Parse data for simpleCalc
Energy convention "" written to <moleculeList>
In R1: Parsing reaction...Association reaction
In OH_acetylene_adduct: The default value of me:DistributionCalcMethod was used.
In OH_acetylene_adduct: --Parse data for Boltzmann
In OH_acetylene_adduct: --Parse data for ExponentialDown
In R1: --Parse data for MesmerILT
In R1: The default value of me:TInfinity was used.
In R1: No tunneling method used for R1
In R1: Not a unimolecular reaction: look for excess reactant concentration.
In R2: Parsing reaction...Irreversible unimolecular reaction
In R2: No imaginary vibrational frequency. Check if there is tunneling.
--Parse data for SimpleRRKM
In R2: No tunneling method used for R2
The default value of the attribute precision was used.
1000torr, 298K at d precision with N2
Write metadata 20160208_181106

File: "OH_acetylene_association_test.xml" successfully parsed.
Main Calculation begins

--Execute calcMethod simpleCalc
PT Grid 0
Number of cells = 16000, Number of grains = 320
In FastLaplaceConvolution: 20 values in the FFT convolution routine were replaced by standard convolution
Association ILT calculation completed
In OCHCH2: The default value of me:DOSCMethod was used.
Build Collison Operator
Diagonalize the Reaction Operator
In timeEvolution: No population was assigned. Initialize the first source term to 1.0.

    Temperature  Concentration    Exp. Coeff.    Cal. Coeff.

            298    3.24043e+19

Finish Calculation of P-T case
1 temperature/concentration-pressure points calculated.
 -- Total time elapsed: 0 seconds.

System saved to out.xml
Total time elapsed: 0 seconds.
