
            /|      /|                        \   
           / |     / | ________________________\  
          /  |    /  |  _   _             _   _   
         /   |   /   | / \ / \ |\     /| / \ / \  
        /    |  /    | \_/ \_  | \   / | \_/ |_/  
       /     | /     | /     \ |  \ /  | /   | \  
    \_/      |/      | \_/ \_/ |   V   | \_/ |  \ 

     Mesmer: Master Equation Solver for Multi-Energy well Reactions
     Mesmer v5.2 compiled: -- Dec  4 2018 -- 16:50:21

     Copyright (C) 2009-2018 by
     Struan H. Robertson, Chris Morley, Chi-Hsiu Liang,
     David R. Glowacki, Michael J. Pilling and contributors

     Mesmer is free software: you can redistribute it and/or modify
     it under the terms of the GNU Public License as published by
     the Free Software Foundation, either version 2 of the License,
     or (at your option) any later version.

     But WITHOUT ANY WARRANTY; without even the implied warranty of
     MERCHANTABILITY or FITNESS FOR A PARTICULAR PURPOSE.  See the
     GNU Public License for more details.

    You should have received a copy of the GNU Public License
    along with Mesmer.  If not, see <http://www.gnu.org/licenses/>.

                     Platform:        Linux
                     Execution Date:  Tue Dec  4 16:52:49 2018
                     Number of ranks: 1

defaults.xml, librarymols.xml are in ../..

Parsing input xml file...
OH_acetylene_pseudo_isomerization.xml

The default value of me:calcMethod was used.
--Parse data for simpleCalc
Energy convention "" written to <moleculeList>
In R1: Parsing reaction...Pseudoisomerization reaction
In OH: The default value of me:DistributionCalcMethod was used.
In OH: --Parse data for Boltzmann
In OH: --Parse data for ExponentialDown
In OH_acetylene_adduct: The default value of me:DistributionCalcMethod was used.
In OH_acetylene_adduct: --Parse data for Boltzmann
In OH_acetylene_adduct: --Parse data for ExponentialDown
In R1: --Parse data for MesmerILT
In R1: The default value of me:TInfinity was used.
In R1: No tunneling method used for R1
In R1: Not a unimolecular reaction: look for excess reactant concentration.
In R2: Parsing reaction...Irreversible unimolecular reaction
In R2: No imaginary vibrational frequency. Check if there is tunneling.
--Parse data for RRKM
In R2: No tunneling method used for R2
1000torr, 298K at double precision with N2
The default value of me:ForceMacroDetailedBalance was used.
Write metadata 20181204_165249

File: "OH_acetylene_pseudo_isomerization.xml" successfully parsed.
Main Calculation begins
Now calculating...

--Execute calcMethod simpleCalc
Number of cells = 50000, Number of grains = 320
In FastLaplaceConvolution: 20 values in the FFT convolution routine were replaced by standard convolution
In FastLaplaceConvolution: 240 values in the FFT convolution routine were replaced by standard convolution
Association ILT calculation completed
In OCHCH2: The default value of me:DOSCMethod was used.
In FastLaplaceConvolution: 40 values in the FFT convolution routine were replaced by standard convolution
In FastLaplaceConvolution: 280 values in the FFT convolution routine were replaced by standard convolution
In timeEvolution: No population was assigned, and there is no source term.
In timeEvolution: Initial poupulation set to 1.0  in the first isomer.
 -- Total time elapsed: 6 seconds.


    Temperature  Concentration    Exp. Coeff.    Cal. Coeff.


System saved to mesmer_out.xml
Total time elapsed: 6 seconds.
