
            /|      /|                        \   
           / |     / | ________________________\  
          /  |    /  |  _   _             _   _   
         /   |   /   | / \ / \ |\     /| / \ / \  
        /    |  /    | \_/ \_  | \   / | \_/ |_/  
       /     | /     | /     \ |  \ /  | /   | \  
    \_/      |/      | \_/ \_/ |   V   | \_/ |  \ 

     Mesmer: Master Equation Solver for Multi-Energy well Reactions
     Mesmer v5.0 compiled: -- Aug 26 2015 -- 10:49:37

     Copyright (C) 2009-2015 by
     Struan H. Robertson, David R. Glowacki, Chi-Hsiu Liang,
     Chris Morley, Michael J. Pilling and contributors

     Mesmer is free software: you can redistribute it and/or modify
     it under the terms of the GNU Public License as published by
     the Free Software Foundation, either version 2 of the License,
     or (at your option) any later version.

     But WITHOUT ANY WARRANTY; without even the implied warranty of
     MERCHANTABILITY or FITNESS FOR A PARTICULAR PURPOSE.  See the
     GNU Public License for more details.

    You should have received a copy of the GNU Public License
    along with Mesmer.  If not, see <http://www.gnu.org/licenses/>.

defaults.xml, librarymols.xml are in ../..

Parsing input xml file...
benzene_oxidation_test.xml

The default value of me:calcMethod was used.
--Parse data for simpleCalc
In R_I1_I2c: Parsing reaction...Association reaction
In I2_c_ax: The default value of me:DistributionCalcMethod was used.
In I2_c_ax: --Parse data for Boltzmann
In I2_c_ax: --Parse data for ExponentialDown
In R_I1_I2c: --Parse data for SimpleRRKM
In R_I1_I2c: No tunneling method used for R_I1_I2c
In R_I1_I2c: No crossing method used for R_I1_I2c
In R_I1_I2c: Not a unimolecular reaction: look for excess reactant concentration.
In R_I1_I2t: Parsing reaction...Association reaction
In I2_t_eq: The default value of me:DistributionCalcMethod was used.
In I2_t_eq: --Parse data for Boltzmann
In I2_t_eq: --Parse data for ExponentialDown
In R_I1_I2t: --Parse data for SimpleRRKM
In R_I1_I2t: No tunneling method used for R_I1_I2t
In R_I1_I2t: No crossing method used for R_I1_I2t
In R_I1_I2t: Not a unimolecular reaction: look for excess reactant concentration.
In R1_HO2: Parsing reaction...Irreversible exchange reaction
In R1_HO2: --Parse data for SimpleRRKM
In R1_HO2: No tunneling method used for R1_HO2
In R1_HO2: No crossing method used for R1_HO2
In R1_HO2: Not a unimolecular reaction: look for excess reactant concentration.
In R3_HO2: Parsing reaction...Irreversible unimolecular reaction
In R3_HO2: --Parse data for SimpleRRKM
In R3_HO2: No tunneling method used for R3_HO2
In R3_HO2: No crossing method used for R3_HO2
In R_2_6t: Parsing reaction...Irreversible unimolecular reaction
In R_2_6t: --Parse data for SimpleRRKM
In R_2_6t: No tunneling method used for R_2_6t
In R_2_6t: No crossing method used for R_2_6t
In R_2_6c: Parsing reaction...Irreversible unimolecular reaction
In R_2_6c: --Parse data for SimpleRRKM
In R_2_6c: No tunneling method used for R_2_6c
In R_2_6c: No crossing method used for R_2_6c
The default value of the attribute precision was used.
760Torr, 298K at d precision with N2
Write metadata 20150829_165434

File: "benzene_oxidation_test.xml" successfully parsed.
Main Calculation begins

--Execute calcMethod simpleCalc
PT Grid 0
The default value of me:DistributionCalcMethod was used.
--Parse data for Boltzmann
The default value of me:energyTransferModel was used.
--Parse data for ExponentialDown
No value of me:deltaEDown was supplied and the default value NEEDS TO BE CHECKED**
Number of cells = 11400, Number of grains = 228
In FastLaplaceConvolution: 100 values in the FFT convolution routine were replaced by standard convolution
Build Collison Operator
Diagonalize the Reaction Operator

    Temperature  Concentration    Exp. Coeff.    Cal. Coeff.

            298    2.46273e+19
Finish Calculation of P-T case
1 temperature/concentration-pressure points calculated.
Energy convention "arbitrary" written to <moleculeList>
 -- Total time elapsed: 0 seconds.

System saved to out.xml
Total time elapsed: 0 seconds.
