
            /|      /|                        \   
           / |     / | ________________________\  
          /  |    /  |  _   _             _   _   
         /   |   /   | / \ / \ |\     /| / \ / \  
        /    |  /    | \_/ \_  | \   / | \_/ |_/  
       /     | /     | /     \ |  \ /  | /   | \  
    \_/      |/      | \_/ \_/ |   V   | \_/ |  \ 

     Mesmer: Master Equation Solver for Multi-Energy well Reactions
     Mesmer v4.0 compiled: -- Apr 10 2015 -- 17:01:44

     Copyright (C) 2009-2015 by
     Struan H. Robertson, David R. Glowacki, Chi-Hsiu Liang,
     Chris Morley, Michael J. Pilling and contributors

     Mesmer is free software: you can redistribute it and/or modify
     it under the terms of the GNU Public License as published by
     the Free Software Foundation, either version 2 of the License,
     or (at your option) any later version.

     But WITHOUT ANY WARRANTY; without even the implied warranty of
     MERCHANTABILITY or FITNESS FOR A PARTICULAR PURPOSE.  See the
     GNU Public License for more details.

    You should have received a copy of the GNU Public License
    along with Mesmer.  If not, see <http://www.gnu.org/licenses/>.

defaults.xml, librarymols.xml are in ../..

Parsing input xml file...
ipropyl_SA.xml

In R1: Parsing reaction...Irreversible unimolecular reaction
In i-propyl: Hindered rotor b1
In i-propyl: Hindered rotor b2
In i-propyl: i-propyl:deltaEDown was given a range with 3 steps 
In i-propyl: i-propyl:deltaEDownTExponent was given a range with 401 steps 
In propene: Hindered rotor b1
In propene: propene:ZPE was given a range with 401 steps 
In R1: No tunneling method used for R1
In R1: No crossing method used for R1
3e+017PPCC, 720K at d precision with He
3e+016PPCC, 880K at d precision with He
Write metadata 20150410_200623

File: "ipropyl_SA.xml" successfully parsed.
Main Calculation begins
Execute calcMethod SensitivityAnalysis
Number of grains produced is not equal to that requested
Number of grains requested: 239
Number of grains produced : 1
In FastLaplaceConvolution: 340 values in the FFT convolution routine were replaced by standard convolution
Number of grains requested: 229
In i-propyl: Delta E down is smaller than grain size: the solution may not converge.
Number of grains requested: 244
In FastLaplaceConvolution: 460 values in the FFT convolution routine were replaced by standard convolution
Number of grains requested: 234
Number of grains requested: 241
Number of grains requested: 231
Number of grains requested: 236
Number of grains requested: 246
In FastLaplaceConvolution: 480 values in the FFT convolution routine were replaced by standard convolution
Number of grains requested: 235
Number of grains requested: 245
Number of grains requested: 240
Number of grains requested: 230
Number of grains requested: 247
Number of grains requested: 237
Number of grains requested: 232
Number of grains requested: 242
Number of grains requested: 238
Number of grains requested: 248
In FastLaplaceConvolution: 440 values in the FFT convolution routine were replaced by standard convolution
Number of grains requested: 243
Number of grains requested: 233
Number of grains requested: 249
Number of grains requested: 261
In FastLaplaceConvolution: 640 values in the FFT convolution routine were replaced by standard convolution
Number of grains requested: 267
In FastLaplaceConvolution: 760 values in the FFT convolution routine were replaced by standard convolution
Number of grains requested: 257
Number of grains requested: 252
Number of grains requested: 262
Number of grains requested: 269
In FastLaplaceConvolution: 680 values in the FFT convolution routine were replaced by standard convolution
Number of grains requested: 259
Number of grains requested: 254
Number of grains requested: 264
Number of grains requested: 256
Number of grains requested: 266
Number of grains requested: 251
Number of grains requested: 265
Number of grains requested: 255
Number of grains requested: 260
Number of grains requested: 270
In FastLaplaceConvolution: 720 values in the FFT convolution routine were replaced by standard convolution
Number of grains requested: 268
Number of grains requested: 258
Number of grains requested: 253
Number of grains requested: 263
Number of grains requested: 271
Energy convention "arbitrary" written to <moleculeList>
 -- Total time elapsed: 122 seconds.

System saved to mesmer_out.xml
