
            /|      /|                        \   
           / |     / | ________________________\  
          /  |    /  |  _   _             _   _   
         /   |   /   | / \ / \ |\     /| / \ / \  
        /    |  /    | \_/ \_  | \   / | \_/ |_/  
       /     | /     | /     \ |  \ /  | /   | \  
    \_/      |/      | \_/ \_/ |   V   | \_/ |  \ 

     Mesmer: Master Equation Solver for Multi-Energy well Reactions
     Mesmer v7.1 compiled: -- May  1 2023 -- 14:31:23

     Copyright (C) 2009-2022 by
     Struan H. Robertson, Chris Morley, Chi-Hsiu Liang,
     David R. Glowacki, Michael J. Pilling and contributors

     Mesmer is free software: you can redistribute it and/or modify
     it under the terms of the GNU Public License as published by
     the Free Software Foundation, either version 2 of the License,
     or (at your option) any later version.

     But WITHOUT ANY WARRANTY; without even the implied warranty of
     MERCHANTABILITY or FITNESS FOR A PARTICULAR PURPOSE.  See the
     GNU Public License for more details.

    You should have received a copy of the GNU Public License
    along with Mesmer.  If not, see <http://www.gnu.org/licenses/>.

                     Platform:        Windows64
                     Execution Date:  Mon May  1 15:42:16 2023
                     Number of ranks: 4

defaults.xml, librarymols.xml are in ../..

Parsing input xml file...
benzene_oxidation_test.xml

The default value of me:calcMethod was used.
--Parse data for simpleCalc
Energy convention "" written to <moleculeList>
In R_I1_I2c: Parsing reaction...Association reaction
In I2_c_ax: The default value of me:DistributionCalcMethod was used.
In I2_c_ax: --Parse data for Boltzmann
In I2_c_ax: --Parse data for ExponentialDown
In R_I1_I2c: --Parse data for RRKM
In R_I1_I2c: No tunneling method used for R_I1_I2c
In R_I1_I2t: Parsing reaction...Association reaction
In I2_t_eq: The default value of me:DistributionCalcMethod was used.
In I2_t_eq: --Parse data for Boltzmann
In I2_t_eq: --Parse data for ExponentialDown
In R_I1_I2t: --Parse data for RRKM
In R_I1_I2t: No tunneling method used for R_I1_I2t
In R1_HO2: Parsing reaction...Irreversible exchange reaction
In R1_HO2: --Parse data for RRKM
In R1_HO2: No tunneling method used for R1_HO2
In R3_HO2: Parsing reaction...Irreversible unimolecular reaction
In R3_HO2: --Parse data for RRKM
In R3_HO2: No tunneling method used for R3_HO2
In R_2_6t: Parsing reaction...Irreversible unimolecular reaction
In R_2_6t: --Parse data for RRKM
In R_2_6t: No tunneling method used for R_2_6t
In R_2_6c: Parsing reaction...Irreversible unimolecular reaction
In R_2_6c: --Parse data for RRKM
In R_2_6c: No tunneling method used for R_2_6c
760Torr, 298K at d precision with N2
Excess Reactant Conc. for reaction R_I1_I2c = 5e+18 particles per cc
Excess Reactant Conc. for reaction R_I1_I2t = 5e+18 particles per cc
Excess Reactant Conc. for reaction R1_HO2 = 5e+18 particles per cc
The default value of the attribute Tstep was used.
The default value of the attribute Tmin was used.
The default value of the attribute Tmax was used.
Write metadata 20230501_154216

File: "benzene_oxidation_test.xml" successfully parsed.
Main Calculation begins
Now calculating...

--Execute calcMethod simpleCalc
The default value of me:DistributionCalcMethod was used.
--Parse data for Boltzmann
The default value of me:energyTransferModel was used.
--Parse data for ExponentialDown
No value of me:deltaEDown was supplied and the default value NEEDS TO BE CHECKED**
Number of cells = 50000, Number of grains = 228
In FastLaplaceConvolution: 16020 values in the FFT convolution routine were replaced by standard convolution
 -- Total time elapsed: 25 seconds.


    Temperature  Concentration    Exp. Coeff.    Cal. Coeff.


System saved to out.xml
Total time elapsed: 25 seconds.
