
            /|      /|                        \   
           / |     / | ________________________\  
          /  |    /  |  _   _             _   _   
         /   |   /   | / \ / \ |\     /| / \ / \  
        /    |  /    | \_/ \_  | \   / | \_/ |_/  
       /     | /     | /     \ |  \ /  | /   | \  
    \_/      |/      | \_/ \_/ |   V   | \_/ |  \ 

     Mesmer: Master Equation Solver for Multi-Energy well Reactions
     Mesmer v4.1 compiled: -- Dec 18 2017 -- 12:19:07

     Copyright (C) 2009-2016 by
     Struan H. Robertson, David R. Glowacki, Chi-Hsiu Liang,
     Chris Morley, Michael J. Pilling and contributors

     Mesmer is free software: you can redistribute it and/or modify
     it under the terms of the GNU Public License as published by
     the Free Software Foundation, either version 2 of the License,
     or (at your option) any later version.

     But WITHOUT ANY WARRANTY; without even the implied warranty of
     MERCHANTABILITY or FITNESS FOR A PARTICULAR PURPOSE.  See the
     GNU Public License for more details.

    You should have received a copy of the GNU Public License
    along with Mesmer.  If not, see <http://www.gnu.org/licenses/>.

defaults.xml, librarymols.xml are in ../..

Parsing input xml file...
Stoch1.xml

The default value of me:calcMethod was used.
--Parse data for simpleCalc
Energy convention "" written to <moleculeList>
In R1: Parsing reaction...Isomerization reaction
In trans-But-2-ene: The default value of the attribute name was used.
In trans-But-2-ene: The default value of me:DistributionCalcMethod was used.
In trans-But-2-ene: --Parse data for Boltzmann
In trans-But-2-ene: --Parse data for ExponentialDown
In cis-But-2-ene: The default value of the attribute name was used.
In cis-But-2-ene: --Parse data for Boltzmann
In cis-But-2-ene: --Parse data for ExponentialDown
In TS-cistrans: No imaginary vibrational frequency. Check if there is tunneling.
The default value of the attribute name was used.
In R1: --Parse data for SimpleRRKM
In R1: No tunneling method used for R1
In R2: Parsing reaction...Irreversible unimolecular reaction
In TS-decomp: No imaginary vibrational frequency. Check if there is tunneling.
The default value of the attribute name was used.
In R2: --Parse data for SimpleRRKM
In R2: No tunneling method used for R2
0.004mbar, 1000K at dd precision with He
Write metadata 20171218_122137

File: "Stoch1.xml" successfully parsed.
Main Calculation begins

--Execute calcMethod simpleCalc
PT Grid 0
Number of cells = 40500, Number of grains = 405
Build Collison Operator
Finish Calculation of P-T case -- Time elapsed: 100787 seconds.
1 temperature/concentration-pressure points calculated.
 -- Total time elapsed: 100788 seconds.

System saved to mesmer_out.xml
Total time elapsed: 100788 seconds.
